/work2/09808/mp46753/frontera/ML_Project/VQGraph/vq.py:283: FutureWarning: `torch.cuda.amp.autocast(args...)` is deprecated. Please use `torch.amp.autocast('cuda', args...)` instead.
  @autocast(enabled=False)
/work2/09808/mp46753/frontera/ML_Project/VQGraph/vq.py:418: FutureWarning: `torch.cuda.amp.autocast(args...)` is deprecated. Please use `torch.amp.autocast('cuda', args...)` instead.
  @autocast(enabled=False)
/work2/09808/mp46753/frontera/ML_Project/miniconda3/envs/txgnn_env/lib/python3.8/site-packages/dgl/dataloading/dataloader.py:1144: DGLWarning: Dataloader CPU affinity opt is not enabled, consider switching it on (see enable_cpu_affinity() or CPU best practices for DGL [https://docs.dgl.ai/tutorials/cpu/cpu_best_practises.html])
  dgl_warning(
/work2/09808/mp46753/frontera/ML_Project/miniconda3/envs/txgnn_env/lib/python3.8/site-packages/dgl/heterograph.py:92: DGLWarning: Recommend creating graphs by `dgl.graph(data)` instead of `dgl.DGLGraph(data)`.
  dgl_warning(
Saved sparsity snapshot to outputs_eager/tran/citeseer/SAGE/seed_2/sparsity_before.csv
                     layer_name  num_elements    sparsity
0  encoder.graph_layer_1.weight      13712209   49.998815
1    encoder.graph_layer_1.bias          3703  100.000000
2  encoder.graph_layer_2.weight        473984   50.087556
3    encoder.graph_layer_2.bias           128  100.000000
4      encoder.decoder_1.weight      13712209   49.989539
5        encoder.decoder_1.bias          3703   50.391574
6      encoder.decoder_2.weight      13712209   50.005422
7        encoder.decoder_2.bias          3703   49.635431
8         encoder.linear.weight           768   48.307292
9           encoder.linear.bias             6   50.000000
Saved sparsity snapshot to outputs_eager/tran/citeseer/SAGE/seed_2/sparsity_after.csv
                     layer_name  num_elements   sparsity
0  encoder.graph_layer_1.weight      13712209  89.914120
1    encoder.graph_layer_1.bias          3703  91.655415
2  encoder.graph_layer_2.weight        473984  50.462885
3    encoder.graph_layer_2.bias           128  48.437500
4      encoder.decoder_1.weight      13712209  87.558175
5        encoder.decoder_1.bias          3703  51.363759
6      encoder.decoder_2.weight      13712209  97.234056
7        encoder.decoder_2.bias          3703  77.882798
8         encoder.linear.weight           768  43.098958
9           encoder.linear.bias             6  33.333333
Saved forward timing report to outputs_eager/tran/citeseer/SAGE/seed_2/forward_times.csv
               layer_name  avg_forward_time_ms  num_calls
0         encoder.dropout             0.000163       3005
1   encoder.graph_layer_1             0.000304       3005
2   encoder.graph_layer_2             0.000311       3005
3       encoder.decoder_1             0.000232       3005
4       encoder.decoder_2             0.000195       3005
5          encoder.linear             0.000204       3005
6   encoder.vq.project_in             0.000169       3005
7  encoder.vq.project_out             0.000253       3005
8    encoder.vq._codebook             0.000281       3005
CPU Memory Usage: 1220.49 MB
Max GPU Memory Used: 1468.73 MB
