/work2/09808/mp46753/frontera/ML_Project/VQGraph/vq.py:283: FutureWarning: `torch.cuda.amp.autocast(args...)` is deprecated. Please use `torch.amp.autocast('cuda', args...)` instead.
  @autocast(enabled=False)
/work2/09808/mp46753/frontera/ML_Project/VQGraph/vq.py:418: FutureWarning: `torch.cuda.amp.autocast(args...)` is deprecated. Please use `torch.amp.autocast('cuda', args...)` instead.
  @autocast(enabled=False)
/work2/09808/mp46753/frontera/ML_Project/miniconda3/envs/txgnn_env/lib/python3.8/site-packages/dgl/dataloading/dataloader.py:1144: DGLWarning: Dataloader CPU affinity opt is not enabled, consider switching it on (see enable_cpu_affinity() or CPU best practices for DGL [https://docs.dgl.ai/tutorials/cpu/cpu_best_practises.html])
  dgl_warning(
/work2/09808/mp46753/frontera/ML_Project/miniconda3/envs/txgnn_env/lib/python3.8/site-packages/dgl/heterograph.py:92: DGLWarning: Recommend creating graphs by `dgl.graph(data)` instead of `dgl.DGLGraph(data)`.
  dgl_warning(
Saved sparsity snapshot to outputs_eager/tran/citeseer/SAGE/seed_1/sparsity_before.csv
                     layer_name  num_elements    sparsity
0  encoder.graph_layer_1.weight      13712209   50.018097
1    encoder.graph_layer_1.bias          3703  100.000000
2  encoder.graph_layer_2.weight        473984   49.946201
3    encoder.graph_layer_2.bias           128  100.000000
4      encoder.decoder_1.weight      13712209   49.992222
5        encoder.decoder_1.bias          3703   50.796651
6      encoder.decoder_2.weight      13712209   50.003315
7        encoder.decoder_2.bias          3703   50.094518
8         encoder.linear.weight           768   46.744792
9           encoder.linear.bias             6   33.333333
Saved sparsity snapshot to outputs_eager/tran/citeseer/SAGE/seed_1/sparsity_after.csv
                     layer_name  num_elements   sparsity
0  encoder.graph_layer_1.weight      13712209  53.925804
1    encoder.graph_layer_1.bias          3703  82.176614
2  encoder.graph_layer_2.weight        473984  50.245578
3    encoder.graph_layer_2.bias           128  55.468750
4      encoder.decoder_1.weight      13712209  50.112283
5        encoder.decoder_1.bias          3703  49.365379
6      encoder.decoder_2.weight      13712209  45.039534
7        encoder.decoder_2.bias          3703  21.766136
8         encoder.linear.weight           768  48.828125
9           encoder.linear.bias             6  33.333333
Saved forward timing report to outputs_eager/tran/citeseer/SAGE/seed_1/forward_times.csv
               layer_name  avg_forward_time_ms  num_calls
0         encoder.dropout             0.000147       3005
1   encoder.graph_layer_1             0.000286       3005
2   encoder.graph_layer_2             0.000280       3005
3       encoder.decoder_1             0.000218       3005
4       encoder.decoder_2             0.000183       3005
5          encoder.linear             0.000190       3005
6   encoder.vq.project_in             0.000160       3005
7  encoder.vq.project_out             0.000217       3005
8    encoder.vq._codebook             0.000256       3005
CPU Memory Usage: 1219.77 MB
Max GPU Memory Used: 1473.67 MB
