/work2/09808/mp46753/frontera/ML_Project/VQGraph/vq.py:283: FutureWarning: `torch.cuda.amp.autocast(args...)` is deprecated. Please use `torch.amp.autocast('cuda', args...)` instead.
  @autocast(enabled=False)
/work2/09808/mp46753/frontera/ML_Project/VQGraph/vq.py:418: FutureWarning: `torch.cuda.amp.autocast(args...)` is deprecated. Please use `torch.amp.autocast('cuda', args...)` instead.
  @autocast(enabled=False)
Saved sparsity snapshot to outputs_eager/tran/citeseer/GCN/seed_1/sparsity_before.csv
                     layer_name  num_elements    sparsity
0  encoder.graph_layer_1.weight      13712209   50.018097
1    encoder.graph_layer_1.bias          3703  100.000000
2  encoder.graph_layer_2.weight        473984   49.946201
3    encoder.graph_layer_2.bias           128  100.000000
4      encoder.decoder_1.weight      13712209   49.992222
5        encoder.decoder_1.bias          3703   50.796651
6      encoder.decoder_2.weight      13712209   50.003315
7        encoder.decoder_2.bias          3703   50.094518
8         encoder.linear.weight           768   46.744792
9           encoder.linear.bias             6   33.333333
Saved sparsity snapshot to outputs_eager/tran/citeseer/GCN/seed_1/sparsity_after.csv
                     layer_name  num_elements   sparsity
0  encoder.graph_layer_1.weight      13712209  49.693226
1    encoder.graph_layer_1.bias          3703   0.297056
2  encoder.graph_layer_2.weight        473984  49.952530
3    encoder.graph_layer_2.bias           128  16.406250
4      encoder.decoder_1.weight      13712209  49.869901
5        encoder.decoder_1.bias          3703  50.580610
6      encoder.decoder_2.weight      13712209  49.798162
7        encoder.decoder_2.bias          3703  43.235215
8         encoder.linear.weight           768  46.875000
9           encoder.linear.bias             6  33.333333
Saved forward timing report to outputs_eager/tran/citeseer/GCN/seed_1/forward_times.csv
               layer_name  avg_forward_time_ms  num_calls
0         encoder.dropout             0.000201       1001
1   encoder.graph_layer_1             0.000247       1001
2   encoder.graph_layer_2             0.000237       1001
3       encoder.decoder_1             0.000238       1001
4       encoder.decoder_2             0.000216       1001
5          encoder.linear             0.000225       1001
6   encoder.vq.project_in             0.000173       1001
7  encoder.vq.project_out             0.000247       1001
8    encoder.vq._codebook             0.000251       1001
CPU Memory Usage: 1258.21 MB
Max GPU Memory Used: 1691.82 MB
