/work2/09808/mp46753/frontera/ML_Project/VQGraph/vq.py:283: FutureWarning: `torch.cuda.amp.autocast(args...)` is deprecated. Please use `torch.amp.autocast('cuda', args...)` instead.
  @autocast(enabled=False)
/work2/09808/mp46753/frontera/ML_Project/VQGraph/vq.py:418: FutureWarning: `torch.cuda.amp.autocast(args...)` is deprecated. Please use `torch.amp.autocast('cuda', args...)` instead.
  @autocast(enabled=False)
/work2/09808/mp46753/frontera/ML_Project/miniconda3/envs/txgnn_env/lib/python3.8/site-packages/dgl/dataloading/dataloader.py:1144: DGLWarning: Dataloader CPU affinity opt is not enabled, consider switching it on (see enable_cpu_affinity() or CPU best practices for DGL [https://docs.dgl.ai/tutorials/cpu/cpu_best_practises.html])
  dgl_warning(
/work2/09808/mp46753/frontera/ML_Project/miniconda3/envs/txgnn_env/lib/python3.8/site-packages/dgl/heterograph.py:92: DGLWarning: Recommend creating graphs by `dgl.graph(data)` instead of `dgl.DGLGraph(data)`.
  dgl_warning(
/work2/09808/mp46753/frontera/ML_Project/miniconda3/envs/txgnn_env/lib/python3.8/site-packages/torch/_dynamo/variables/functions.py:663: UserWarning: Graph break due to unsupported builtin torch._C._to_dlpack. This function is either a Python builtin (e.g. _warnings.warn) or a third-party C/C++ Python extension (perhaps created with pybind). If it is a Python builtin, please file an issue on GitHub so the PyTorch team can add support for it and see the next case for a workaround. If it is a third-party C/C++ Python extension, please either wrap it into a PyTorch-understood custom operator (see https://pytorch.org/tutorials/advanced/custom_ops_landing_page.html for more details) or, if it is traceable, use torch.compiler.allow_in_graph.
  torch._dynamo.utils.warn_once(msg)
V0419 14:19:30.086667 47978020455680 torch/_dynamo/guards.py:2611] [4/1] [__recompiles] Recompiling function create_unitgraph_from_coo in /work2/09808/mp46753/frontera/ML_Project/miniconda3/envs/txgnn_env/lib/python3.8/site-packages/dgl/heterograph_index.py:1254
V0419 14:19:30.086667 47978020455680 torch/_dynamo/guards.py:2611] [4/1] [__recompiles]     triggered by the following guard failure(s):
V0419 14:19:30.086667 47978020455680 torch/_dynamo/guards.py:2611] [4/1] [__recompiles]     - tensor 'L['row']' dispatch key set mismatch. expected DispatchKeySet(CPU, BackendSelect, ADInplaceOrView, AutogradCPU), actual DispatchKeySet(CUDA, BackendSelect, ADInplaceOrView, AutogradCUDA)
V0419 14:19:30.103524 47978020455680 torch/_dynamo/guards.py:2611] [5/1] [__recompiles] Recompiling function to_dgl_nd in /work2/09808/mp46753/frontera/ML_Project/miniconda3/envs/txgnn_env/lib/python3.8/site-packages/dgl/backend/__init__.py:141
V0419 14:19:30.103524 47978020455680 torch/_dynamo/guards.py:2611] [5/1] [__recompiles]     triggered by the following guard failure(s):
V0419 14:19:30.103524 47978020455680 torch/_dynamo/guards.py:2611] [5/1] [__recompiles]     - tensor 'L['data']' dispatch key set mismatch. expected DispatchKeySet(CPU, BackendSelect, ADInplaceOrView, AutogradCPU), actual DispatchKeySet(CUDA, BackendSelect, ADInplaceOrView, AutogradCUDA)
V0419 14:19:30.112225 47978020455680 torch/_dynamo/guards.py:2611] [6/1] [__recompiles] Recompiling function zerocopy_to_dgl_ndarray in /work2/09808/mp46753/frontera/ML_Project/miniconda3/envs/txgnn_env/lib/python3.8/site-packages/dgl/backend/pytorch/tensor.py:432
V0419 14:19:30.112225 47978020455680 torch/_dynamo/guards.py:2611] [6/1] [__recompiles]     triggered by the following guard failure(s):
V0419 14:19:30.112225 47978020455680 torch/_dynamo/guards.py:2611] [6/1] [__recompiles]     - tensor 'L['data']' dispatch key set mismatch. expected DispatchKeySet(CPU, BackendSelect, ADInplaceOrView, AutogradCPU), actual DispatchKeySet(CUDA, BackendSelect, ADInplaceOrView, AutogradCUDA)
V0419 14:19:30.140269 47978020455680 torch/_dynamo/guards.py:2611] [8/1] [__recompiles] Recompiling function torch_dynamo_resume_in_create_unitgraph_from_coo_at_1296 in /work2/09808/mp46753/frontera/ML_Project/miniconda3/envs/txgnn_env/lib/python3.8/site-packages/dgl/heterograph_index.py:1296
V0419 14:19:30.140269 47978020455680 torch/_dynamo/guards.py:2611] [8/1] [__recompiles]     triggered by the following guard failure(s):
V0419 14:19:30.140269 47978020455680 torch/_dynamo/guards.py:2611] [8/1] [__recompiles]     - tensor 'L['col']' dispatch key set mismatch. expected DispatchKeySet(CPU, BackendSelect, ADInplaceOrView, AutogradCPU), actual DispatchKeySet(CUDA, BackendSelect, ADInplaceOrView, AutogradCUDA)
W0419 14:19:39.940833 47978020455680 torch/_dynamo/variables/tensor.py:715] [30/0] Graph break from `Tensor.item()`, consider setting:
W0419 14:19:39.940833 47978020455680 torch/_dynamo/variables/tensor.py:715] [30/0]     torch._dynamo.config.capture_scalar_outputs = True
W0419 14:19:39.940833 47978020455680 torch/_dynamo/variables/tensor.py:715] [30/0] or:
W0419 14:19:39.940833 47978020455680 torch/_dynamo/variables/tensor.py:715] [30/0]     env TORCHDYNAMO_CAPTURE_SCALAR_OUTPUTS=1
W0419 14:19:39.940833 47978020455680 torch/_dynamo/variables/tensor.py:715] [30/0] to include these operations in the captured graph.
W0419 14:19:39.940833 47978020455680 torch/_dynamo/variables/tensor.py:715] [30/0] 
V0419 14:19:43.039097 47978020455680 torch/_dynamo/guards.py:2611] [4/2] [__recompiles] Recompiling function create_unitgraph_from_coo in /work2/09808/mp46753/frontera/ML_Project/miniconda3/envs/txgnn_env/lib/python3.8/site-packages/dgl/heterograph_index.py:1254
V0419 14:19:43.039097 47978020455680 torch/_dynamo/guards.py:2611] [4/2] [__recompiles]     triggered by the following guard failure(s):
V0419 14:19:43.039097 47978020455680 torch/_dynamo/guards.py:2611] [4/2] [__recompiles]     - tensor 'L['row']' size mismatch at index 0. expected 0, actual 1519
V0419 14:19:43.039097 47978020455680 torch/_dynamo/guards.py:2611] [4/2] [__recompiles]     - tensor 'L['row']' dispatch key set mismatch. expected DispatchKeySet(CPU, BackendSelect, ADInplaceOrView, AutogradCPU), actual DispatchKeySet(CUDA, BackendSelect, ADInplaceOrView, AutogradCUDA)
V0419 14:19:43.068935 47978020455680 torch/_dynamo/guards.py:2611] [5/2] [__recompiles] Recompiling function to_dgl_nd in /work2/09808/mp46753/frontera/ML_Project/miniconda3/envs/txgnn_env/lib/python3.8/site-packages/dgl/backend/__init__.py:141
V0419 14:19:43.068935 47978020455680 torch/_dynamo/guards.py:2611] [5/2] [__recompiles]     triggered by the following guard failure(s):
V0419 14:19:43.068935 47978020455680 torch/_dynamo/guards.py:2611] [5/2] [__recompiles]     - tensor 'L['data']' size mismatch at index 0. expected 0, actual 1519
V0419 14:19:43.068935 47978020455680 torch/_dynamo/guards.py:2611] [5/2] [__recompiles]     - tensor 'L['data']' dispatch key set mismatch. expected DispatchKeySet(CPU, BackendSelect, ADInplaceOrView, AutogradCPU), actual DispatchKeySet(CUDA, BackendSelect, ADInplaceOrView, AutogradCUDA)
V0419 14:19:43.080770 47978020455680 torch/_dynamo/guards.py:2611] [6/2] [__recompiles] Recompiling function zerocopy_to_dgl_ndarray in /work2/09808/mp46753/frontera/ML_Project/miniconda3/envs/txgnn_env/lib/python3.8/site-packages/dgl/backend/pytorch/tensor.py:432
V0419 14:19:43.080770 47978020455680 torch/_dynamo/guards.py:2611] [6/2] [__recompiles]     triggered by the following guard failure(s):
V0419 14:19:43.080770 47978020455680 torch/_dynamo/guards.py:2611] [6/2] [__recompiles]     - tensor 'L['data']' size mismatch at index 0. expected 0, actual 1519
V0419 14:19:43.080770 47978020455680 torch/_dynamo/guards.py:2611] [6/2] [__recompiles]     - tensor 'L['data']' dispatch key set mismatch. expected DispatchKeySet(CPU, BackendSelect, ADInplaceOrView, AutogradCPU), actual DispatchKeySet(CUDA, BackendSelect, ADInplaceOrView, AutogradCUDA)
V0419 14:19:43.118598 47978020455680 torch/_dynamo/guards.py:2611] [8/2] [__recompiles] Recompiling function torch_dynamo_resume_in_create_unitgraph_from_coo_at_1296 in /work2/09808/mp46753/frontera/ML_Project/miniconda3/envs/txgnn_env/lib/python3.8/site-packages/dgl/heterograph_index.py:1296
V0419 14:19:43.118598 47978020455680 torch/_dynamo/guards.py:2611] [8/2] [__recompiles]     triggered by the following guard failure(s):
V0419 14:19:43.118598 47978020455680 torch/_dynamo/guards.py:2611] [8/2] [__recompiles]     - tensor 'L['col']' size mismatch at index 0. expected 0, actual 1519
V0419 14:19:43.118598 47978020455680 torch/_dynamo/guards.py:2611] [8/2] [__recompiles]     - tensor 'L['col']' dispatch key set mismatch. expected DispatchKeySet(CPU, BackendSelect, ADInplaceOrView, AutogradCPU), actual DispatchKeySet(CUDA, BackendSelect, ADInplaceOrView, AutogradCUDA)
V0419 14:19:43.135691 47978020455680 torch/_dynamo/guards.py:2611] [32/1] [__recompiles] Recompiling function torch_dynamo_resume_in_add_edges_at_574 in /work2/09808/mp46753/frontera/ML_Project/miniconda3/envs/txgnn_env/lib/python3.8/site-packages/dgl/heterograph.py:574
V0419 14:19:43.135691 47978020455680 torch/_dynamo/guards.py:2611] [32/1] [__recompiles]     triggered by the following guard failure(s):
V0419 14:19:43.135691 47978020455680 torch/_dynamo/guards.py:2611] [32/1] [__recompiles]     - L['___stack0'] == 777                                       
V0419 14:19:43.354962 47978020455680 torch/_dynamo/guards.py:2611] [34/1] [__recompiles] Recompiling function cat in /work2/09808/mp46753/frontera/ML_Project/miniconda3/envs/txgnn_env/lib/python3.8/site-packages/dgl/backend/pytorch/tensor.py:222
V0419 14:19:43.354962 47978020455680 torch/_dynamo/guards.py:2611] [34/1] [__recompiles]     triggered by the following guard failure(s):
V0419 14:19:43.354962 47978020455680 torch/_dynamo/guards.py:2611] [34/1] [__recompiles]     - tensor 'L['seq'][0]' size mismatch at index 0. expected 0, actual 1519
V0419 14:19:44.082225 47978020455680 torch/_dynamo/guards.py:2611] [20/1] [__recompiles] Recompiling function add_edges in /work2/09808/mp46753/frontera/ML_Project/miniconda3/envs/txgnn_env/lib/python3.8/site-packages/dgl/heterograph.py:435
V0419 14:19:44.082225 47978020455680 torch/_dynamo/guards.py:2611] [20/1] [__recompiles]     triggered by the following guard failure(s):
V0419 14:19:44.082225 47978020455680 torch/_dynamo/guards.py:2611] [20/1] [__recompiles]     - tensor 'L['u']' size mismatch at index 0. expected 1519, actual 412
V0419 14:19:44.103165 47978020455680 torch/_dynamo/guards.py:2611] [26/1] [__recompiles] Recompiling function torch_dynamo_resume_in_add_edges_at_541 in /work2/09808/mp46753/frontera/ML_Project/miniconda3/envs/txgnn_env/lib/python3.8/site-packages/dgl/heterograph.py:541
V0419 14:19:44.103165 47978020455680 torch/_dynamo/guards.py:2611] [26/1] [__recompiles]     triggered by the following guard failure(s):
V0419 14:19:44.103165 47978020455680 torch/_dynamo/guards.py:2611] [26/1] [__recompiles]     - tensor 'L['v']' size mismatch at index 0. expected 1519, actual 412
V0419 14:19:44.131130 47978020455680 torch/_dynamo/guards.py:2611] [27/1] [__recompiles] Recompiling function torch_dynamo_resume_in_add_edges_at_542 in /work2/09808/mp46753/frontera/ML_Project/miniconda3/envs/txgnn_env/lib/python3.8/site-packages/dgl/heterograph.py:542
V0419 14:19:44.131130 47978020455680 torch/_dynamo/guards.py:2611] [27/1] [__recompiles]     triggered by the following guard failure(s):
V0419 14:19:44.131130 47978020455680 torch/_dynamo/guards.py:2611] [27/1] [__recompiles]     - tensor 'L['___stack0']' size mismatch at index 0. expected 1519, actual 412
V0419 14:19:44.147359 47978020455680 torch/_dynamo/guards.py:2611] [28/1] [__recompiles] Recompiling function torch_dynamo_resume_in_add_edges_at_545 in /work2/09808/mp46753/frontera/ML_Project/miniconda3/envs/txgnn_env/lib/python3.8/site-packages/dgl/heterograph.py:545
V0419 14:19:44.147359 47978020455680 torch/_dynamo/guards.py:2611] [28/1] [__recompiles]     triggered by the following guard failure(s):
V0419 14:19:44.147359 47978020455680 torch/_dynamo/guards.py:2611] [28/1] [__recompiles]     - tensor 'L['u']' size mismatch at index 0. expected 1519, actual 412
V0419 14:19:44.211954 47978020455680 torch/_dynamo/guards.py:2611] [30/1] [__recompiles] Recompiling function torch_dynamo_resume_in_add_edges_at_573 in /work2/09808/mp46753/frontera/ML_Project/miniconda3/envs/txgnn_env/lib/python3.8/site-packages/dgl/heterograph.py:573
V0419 14:19:44.211954 47978020455680 torch/_dynamo/guards.py:2611] [30/1] [__recompiles]     triggered by the following guard failure(s):
V0419 14:19:44.211954 47978020455680 torch/_dynamo/guards.py:2611] [30/1] [__recompiles]     - tensor 'L['u']' size mismatch at index 0. expected 1519, actual 412
V0419 14:19:44.671287 47978020455680 torch/_dynamo/guards.py:2611] [32/2] [__recompiles] Recompiling function torch_dynamo_resume_in_add_edges_at_574 in /work2/09808/mp46753/frontera/ML_Project/miniconda3/envs/txgnn_env/lib/python3.8/site-packages/dgl/heterograph.py:574
V0419 14:19:44.671287 47978020455680 torch/_dynamo/guards.py:2611] [32/2] [__recompiles]     triggered by the following guard failure(s):
V0419 14:19:44.671287 47978020455680 torch/_dynamo/guards.py:2611] [32/2] [__recompiles]     - tensor 'L['v']' size mismatch at index 0. expected 1519, actual 412
V0419 14:19:44.671287 47978020455680 torch/_dynamo/guards.py:2611] [32/2] [__recompiles]     - L['___stack0'] == 777                                       
V0419 14:19:44.916485 47978020455680 torch/_dynamo/guards.py:2611] [34/2] [__recompiles] Recompiling function cat in /work2/09808/mp46753/frontera/ML_Project/miniconda3/envs/txgnn_env/lib/python3.8/site-packages/dgl/backend/pytorch/tensor.py:222
V0419 14:19:44.916485 47978020455680 torch/_dynamo/guards.py:2611] [34/2] [__recompiles]     triggered by the following guard failure(s):
V0419 14:19:44.916485 47978020455680 torch/_dynamo/guards.py:2611] [34/2] [__recompiles]     - tensor 'L['seq'][1]' size mismatch at index 0. expected 1519, actual 412
V0419 14:19:44.916485 47978020455680 torch/_dynamo/guards.py:2611] [34/2] [__recompiles]     - tensor 'L['seq'][0]' size mismatch at index 0. expected 0, actual 3038
/work2/09808/mp46753/frontera/ML_Project/miniconda3/envs/txgnn_env/lib/python3.8/site-packages/torch/_dynamo/variables/functions.py:663: UserWarning: Graph break due to unsupported builtin posix.stat. This function is either a Python builtin (e.g. _warnings.warn) or a third-party C/C++ Python extension (perhaps created with pybind). If it is a Python builtin, please file an issue on GitHub so the PyTorch team can add support for it and see the next case for a workaround. If it is a third-party C/C++ Python extension, please either wrap it into a PyTorch-understood custom operator (see https://pytorch.org/tutorials/advanced/custom_ops_landing_page.html for more details) or, if it is traceable, use torch.compiler.allow_in_graph.
  torch._dynamo.utils.warn_once(msg)
V0419 14:19:50.237152 47978020455680 torch/_dynamo/guards.py:2611] [6/3] [__recompiles] Recompiling function zerocopy_to_dgl_ndarray in /work2/09808/mp46753/frontera/ML_Project/miniconda3/envs/txgnn_env/lib/python3.8/site-packages/dgl/backend/pytorch/tensor.py:432
V0419 14:19:50.237152 47978020455680 torch/_dynamo/guards.py:2611] [6/3] [__recompiles]     triggered by the following guard failure(s):
V0419 14:19:50.237152 47978020455680 torch/_dynamo/guards.py:2611] [6/3] [__recompiles]     - GLOBAL_STATE changed: grad_mode 
V0419 14:19:50.237152 47978020455680 torch/_dynamo/guards.py:2611] [6/3] [__recompiles]     - GLOBAL_STATE changed: grad_mode 
V0419 14:19:50.237152 47978020455680 torch/_dynamo/guards.py:2611] [6/3] [__recompiles]     - GLOBAL_STATE changed: grad_mode 
V0419 14:19:50.285064 47978020455680 torch/_dynamo/guards.py:2611] [7/1] [__recompiles] Recompiling function torch_dynamo_resume_in_zerocopy_to_dgl_ndarray_at_435 in /work2/09808/mp46753/frontera/ML_Project/miniconda3/envs/txgnn_env/lib/python3.8/site-packages/dgl/backend/pytorch/tensor.py:435
V0419 14:19:50.285064 47978020455680 torch/_dynamo/guards.py:2611] [7/1] [__recompiles]     triggered by the following guard failure(s):
V0419 14:19:50.285064 47978020455680 torch/_dynamo/guards.py:2611] [7/1] [__recompiles]     - GLOBAL_STATE changed: grad_mode 
/work2/09808/mp46753/frontera/ML_Project/miniconda3/envs/txgnn_env/lib/python3.8/site-packages/torch/_dynamo/variables/functions.py:663: UserWarning: Graph break due to unsupported builtin time.perf_counter. This function is either a Python builtin (e.g. _warnings.warn) or a third-party C/C++ Python extension (perhaps created with pybind). If it is a Python builtin, please file an issue on GitHub so the PyTorch team can add support for it and see the next case for a workaround. If it is a third-party C/C++ Python extension, please either wrap it into a PyTorch-understood custom operator (see https://pytorch.org/tutorials/advanced/custom_ops_landing_page.html for more details) or, if it is traceable, use torch.compiler.allow_in_graph.
  torch._dynamo.utils.warn_once(msg)
V0419 14:19:50.494963 47978020455680 torch/_dynamo/guards.py:2611] [86/1] [__recompiles] Recompiling function torch_dynamo_resume_in_hook_at_10 in /work2/09808/mp46753/frontera/ML_Project/VQGraph/benchmark_utils.py:10
V0419 14:19:50.494963 47978020455680 torch/_dynamo/guards.py:2611] [86/1] [__recompiles]     triggered by the following guard failure(s):
V0419 14:19:50.494963 47978020455680 torch/_dynamo/guards.py:2611] [86/1] [__recompiles]     - L['___stack0'] == 199894.569088961                          
V0419 14:19:50.588084 47978020455680 torch/_dynamo/guards.py:2611] [86/2] [__recompiles] Recompiling function torch_dynamo_resume_in_hook_at_10 in /work2/09808/mp46753/frontera/ML_Project/VQGraph/benchmark_utils.py:10
V0419 14:19:50.588084 47978020455680 torch/_dynamo/guards.py:2611] [86/2] [__recompiles]     triggered by the following guard failure(s):
V0419 14:19:50.588084 47978020455680 torch/_dynamo/guards.py:2611] [86/2] [__recompiles]     - L['___stack0'] == 199894.581614113                          
V0419 14:19:50.588084 47978020455680 torch/_dynamo/guards.py:2611] [86/2] [__recompiles]     - L['___stack0'] == 199894.569088961                          
V0419 14:19:53.985919 47978020455680 torch/_dynamo/guards.py:2611] [86/3] [__recompiles] Recompiling function torch_dynamo_resume_in_hook_at_10 in /work2/09808/mp46753/frontera/ML_Project/VQGraph/benchmark_utils.py:10
V0419 14:19:53.985919 47978020455680 torch/_dynamo/guards.py:2611] [86/3] [__recompiles]     triggered by the following guard failure(s):
V0419 14:19:53.985919 47978020455680 torch/_dynamo/guards.py:2611] [86/3] [__recompiles]     - L['___stack0'] == 199894.674733156                          
V0419 14:19:53.985919 47978020455680 torch/_dynamo/guards.py:2611] [86/3] [__recompiles]     - L['___stack0'] == 199894.581614113                          
V0419 14:19:53.985919 47978020455680 torch/_dynamo/guards.py:2611] [86/3] [__recompiles]     - L['___stack0'] == 199894.569088961                          
V0419 14:19:55.704772 47978020455680 torch/_dynamo/guards.py:2611] [86/4] [__recompiles] Recompiling function torch_dynamo_resume_in_hook_at_10 in /work2/09808/mp46753/frontera/ML_Project/VQGraph/benchmark_utils.py:10
V0419 14:19:55.704772 47978020455680 torch/_dynamo/guards.py:2611] [86/4] [__recompiles]     triggered by the following guard failure(s):
V0419 14:19:55.704772 47978020455680 torch/_dynamo/guards.py:2611] [86/4] [__recompiles]     - L['___stack0'] == 199898.072438812                          
V0419 14:19:55.704772 47978020455680 torch/_dynamo/guards.py:2611] [86/4] [__recompiles]     - L['___stack0'] == 199894.674733156                          
V0419 14:19:55.704772 47978020455680 torch/_dynamo/guards.py:2611] [86/4] [__recompiles]     - L['___stack0'] == 199894.581614113                          
V0419 14:19:55.704772 47978020455680 torch/_dynamo/guards.py:2611] [86/4] [__recompiles]     - L['___stack0'] == 199894.569088961                          
V0419 14:19:55.774178 47978020455680 torch/_dynamo/guards.py:2611] [86/5] [__recompiles] Recompiling function torch_dynamo_resume_in_hook_at_10 in /work2/09808/mp46753/frontera/ML_Project/VQGraph/benchmark_utils.py:10
V0419 14:19:55.774178 47978020455680 torch/_dynamo/guards.py:2611] [86/5] [__recompiles]     triggered by the following guard failure(s):
V0419 14:19:55.774178 47978020455680 torch/_dynamo/guards.py:2611] [86/5] [__recompiles]     - L['___stack0'] == 199899.791272481                          
V0419 14:19:55.774178 47978020455680 torch/_dynamo/guards.py:2611] [86/5] [__recompiles]     - L['___stack0'] == 199898.072438812                          
V0419 14:19:55.774178 47978020455680 torch/_dynamo/guards.py:2611] [86/5] [__recompiles]     - L['___stack0'] == 199894.674733156                          
V0419 14:19:55.774178 47978020455680 torch/_dynamo/guards.py:2611] [86/5] [__recompiles]     - L['___stack0'] == 199894.581614113                          
V0419 14:19:55.774178 47978020455680 torch/_dynamo/guards.py:2611] [86/5] [__recompiles]     - L['___stack0'] == 199894.569088961                          
V0419 14:19:55.780320 47978020455680 torch/_dynamo/guards.py:2611] [86/6] [__recompiles] Recompiling function torch_dynamo_resume_in_hook_at_10 in /work2/09808/mp46753/frontera/ML_Project/VQGraph/benchmark_utils.py:10
V0419 14:19:55.780320 47978020455680 torch/_dynamo/guards.py:2611] [86/6] [__recompiles]     triggered by the following guard failure(s):
V0419 14:19:55.780320 47978020455680 torch/_dynamo/guards.py:2611] [86/6] [__recompiles]     - L['___stack0'] == 199899.860760677                          
V0419 14:19:55.780320 47978020455680 torch/_dynamo/guards.py:2611] [86/6] [__recompiles]     - L['___stack0'] == 199899.791272481                          
V0419 14:19:55.780320 47978020455680 torch/_dynamo/guards.py:2611] [86/6] [__recompiles]     - L['___stack0'] == 199898.072438812                          
V0419 14:19:55.780320 47978020455680 torch/_dynamo/guards.py:2611] [86/6] [__recompiles]     - L['___stack0'] == 199894.674733156                          
V0419 14:19:55.780320 47978020455680 torch/_dynamo/guards.py:2611] [86/6] [__recompiles]     - L['___stack0'] == 199894.581614113                          
V0419 14:19:55.780320 47978020455680 torch/_dynamo/guards.py:2611] [86/6] [__recompiles]     - L['___stack0'] == 199894.569088961                          
V0419 14:19:55.844151 47978020455680 torch/_dynamo/guards.py:2611] [57/1] [__recompiles] Recompiling function __setitem__ in /work2/09808/mp46753/frontera/ML_Project/miniconda3/envs/txgnn_env/lib/python3.8/site-packages/dgl/view.py:82
V0419 14:19:55.844151 47978020455680 torch/_dynamo/guards.py:2611] [57/1] [__recompiles]     triggered by the following guard failure(s):
V0419 14:19:55.844151 47978020455680 torch/_dynamo/guards.py:2611] [57/1] [__recompiles]     - tensor 'L['val']' requires_grad mismatch. expected requires_grad=0
V0419 14:19:55.866885 47978020455680 torch/_dynamo/guards.py:2611] [61/1] [__recompiles] Recompiling function __setitem__ in /work2/09808/mp46753/frontera/ML_Project/miniconda3/envs/txgnn_env/lib/python3.8/site-packages/dgl/frame.py:690
V0419 14:19:55.866885 47978020455680 torch/_dynamo/guards.py:2611] [61/1] [__recompiles]     triggered by the following guard failure(s):
V0419 14:19:55.866885 47978020455680 torch/_dynamo/guards.py:2611] [61/1] [__recompiles]     - tensor 'L['data']' requires_grad mismatch. expected requires_grad=0
V0419 14:19:55.886163 47978020455680 torch/_dynamo/guards.py:2611] [62/1] [__recompiles] Recompiling function update_column in /work2/09808/mp46753/frontera/ML_Project/miniconda3/envs/txgnn_env/lib/python3.8/site-packages/dgl/frame.py:772
V0419 14:19:55.886163 47978020455680 torch/_dynamo/guards.py:2611] [62/1] [__recompiles]     triggered by the following guard failure(s):
V0419 14:19:55.886163 47978020455680 torch/_dynamo/guards.py:2611] [62/1] [__recompiles]     - tensor 'L['data']' requires_grad mismatch. expected requires_grad=0
V0419 14:19:55.905652 47978020455680 torch/_dynamo/guards.py:2611] [63/1] [__recompiles] Recompiling function create in /work2/09808/mp46753/frontera/ML_Project/miniconda3/envs/txgnn_env/lib/python3.8/site-packages/dgl/frame.py:472
V0419 14:19:55.905652 47978020455680 torch/_dynamo/guards.py:2611] [63/1] [__recompiles]     triggered by the following guard failure(s):
V0419 14:19:55.905652 47978020455680 torch/_dynamo/guards.py:2611] [63/1] [__recompiles]     - tensor 'L['data']' requires_grad mismatch. expected requires_grad=0
V0419 14:19:55.923019 47978020455680 torch/_dynamo/guards.py:2611] [64/1] [__recompiles] Recompiling function __init__ in /work2/09808/mp46753/frontera/ML_Project/miniconda3/envs/txgnn_env/lib/python3.8/site-packages/dgl/frame.py:210
V0419 14:19:55.923019 47978020455680 torch/_dynamo/guards.py:2611] [64/1] [__recompiles]     triggered by the following guard failure(s):
V0419 14:19:55.923019 47978020455680 torch/_dynamo/guards.py:2611] [64/1] [__recompiles]     - tensor 'L['storage']' requires_grad mismatch. expected requires_grad=0
V0419 14:19:55.942395 47978020455680 torch/_dynamo/guards.py:2611] [65/1] [__recompiles] Recompiling function infer_scheme in /work2/09808/mp46753/frontera/ML_Project/miniconda3/envs/txgnn_env/lib/python3.8/site-packages/dgl/frame.py:151
V0419 14:19:55.942395 47978020455680 torch/_dynamo/guards.py:2611] [65/1] [__recompiles]     triggered by the following guard failure(s):
V0419 14:19:55.942395 47978020455680 torch/_dynamo/guards.py:2611] [65/1] [__recompiles]     - tensor 'L['tensor']' requires_grad mismatch. expected requires_grad=0
V0419 14:19:55.988810 47978020455680 torch/_dynamo/guards.py:2611] [68/1] [__recompiles] Recompiling function func in /work2/09808/mp46753/frontera/ML_Project/miniconda3/envs/txgnn_env/lib/python3.8/site-packages/dgl/ops/spmm.py:213
V0419 14:19:55.988810 47978020455680 torch/_dynamo/guards.py:2611] [68/1] [__recompiles]     triggered by the following guard failure(s):
V0419 14:19:55.988810 47978020455680 torch/_dynamo/guards.py:2611] [68/1] [__recompiles]     - tensor 'L['x']' requires_grad mismatch. expected requires_grad=0
V0419 14:19:56.002250 47978020455680 torch/_dynamo/guards.py:2611] [70/1] [__recompiles] Recompiling function torch_dynamo_resume_in_gspmm_at_75 in /work2/09808/mp46753/frontera/ML_Project/miniconda3/envs/txgnn_env/lib/python3.8/site-packages/dgl/ops/spmm.py:75
V0419 14:19:56.002250 47978020455680 torch/_dynamo/guards.py:2611] [70/1] [__recompiles]     triggered by the following guard failure(s):
V0419 14:19:56.002250 47978020455680 torch/_dynamo/guards.py:2611] [70/1] [__recompiles]     - tensor 'L['lhs_data']' requires_grad mismatch. expected requires_grad=0
V0419 14:19:56.019881 47978020455680 torch/_dynamo/guards.py:2611] [74/1] [__recompiles] Recompiling function forward in /work2/09808/mp46753/frontera/ML_Project/miniconda3/envs/txgnn_env/lib/python3.8/site-packages/dgl/backend/pytorch/sparse.py:163
V0419 14:19:56.019881 47978020455680 torch/_dynamo/guards.py:2611] [74/1] [__recompiles]     triggered by the following guard failure(s):
V0419 14:19:56.019881 47978020455680 torch/_dynamo/guards.py:2611] [74/1] [__recompiles]     - tensor 'L['X']' requires_grad mismatch. expected requires_grad=0
V0419 14:19:56.035867 47978020455680 torch/_dynamo/guards.py:2611] [77/1] [__recompiles] Recompiling function zeros in /work2/09808/mp46753/frontera/ML_Project/miniconda3/envs/txgnn_env/lib/python3.8/site-packages/dgl/backend/pytorch/tensor.py:287
V0419 14:19:56.035867 47978020455680 torch/_dynamo/guards.py:2611] [77/1] [__recompiles]     triggered by the following guard failure(s):
V0419 14:19:56.035867 47978020455680 torch/_dynamo/guards.py:2611] [77/1] [__recompiles]     - L['shape'][1] == 3703                                       
V0419 14:19:56.452860 47978020455680 torch/_dynamo/guards.py:2611] [6/4] [__recompiles] Recompiling function zerocopy_to_dgl_ndarray in /work2/09808/mp46753/frontera/ML_Project/miniconda3/envs/txgnn_env/lib/python3.8/site-packages/dgl/backend/pytorch/tensor.py:432
V0419 14:19:56.452860 47978020455680 torch/_dynamo/guards.py:2611] [6/4] [__recompiles]     triggered by the following guard failure(s):
V0419 14:19:56.452860 47978020455680 torch/_dynamo/guards.py:2611] [6/4] [__recompiles]     - GLOBAL_STATE changed: grad_mode 
V0419 14:19:56.452860 47978020455680 torch/_dynamo/guards.py:2611] [6/4] [__recompiles]     - tensor 'L['data']' requires_grad mismatch. expected requires_grad=0
V0419 14:19:56.452860 47978020455680 torch/_dynamo/guards.py:2611] [6/4] [__recompiles]     - GLOBAL_STATE changed: grad_mode 
V0419 14:19:56.452860 47978020455680 torch/_dynamo/guards.py:2611] [6/4] [__recompiles]     - GLOBAL_STATE changed: grad_mode 
V0419 14:19:56.510756 47978020455680 torch/_dynamo/guards.py:2611] [79/1] [__recompiles] Recompiling function zerocopy_to_dgl_ndarray_for_write in /work2/09808/mp46753/frontera/ML_Project/miniconda3/envs/txgnn_env/lib/python3.8/site-packages/dgl/backend/pytorch/tensor.py:454
V0419 14:19:56.510756 47978020455680 torch/_dynamo/guards.py:2611] [79/1] [__recompiles]     triggered by the following guard failure(s):
V0419 14:19:56.510756 47978020455680 torch/_dynamo/guards.py:2611] [79/1] [__recompiles]     - tensor 'L['input']' stride mismatch at index 0. expected 3703, actual 128
V0419 14:19:56.550086 47978020455680 torch/_dynamo/guards.py:2611] [80/1] [__recompiles] Recompiling function check_is_view in /work2/09808/mp46753/frontera/ML_Project/miniconda3/envs/txgnn_env/lib/python3.8/site-packages/dgl/backend/pytorch/tensor.py:441
V0419 14:19:56.550086 47978020455680 torch/_dynamo/guards.py:2611] [80/1] [__recompiles]     triggered by the following guard failure(s):
V0419 14:19:56.550086 47978020455680 torch/_dynamo/guards.py:2611] [80/1] [__recompiles]     - tensor 'L['input']' stride mismatch at index 0. expected 3703, actual 128
V0419 14:19:56.560635 47978020455680 torch/_dynamo/guards.py:2611] [81/1] [__recompiles] Recompiling function torch_dynamo_resume_in_check_is_view_at_443 in /work2/09808/mp46753/frontera/ML_Project/miniconda3/envs/txgnn_env/lib/python3.8/site-packages/dgl/backend/pytorch/tensor.py:443
V0419 14:19:56.560635 47978020455680 torch/_dynamo/guards.py:2611] [81/1] [__recompiles]     triggered by the following guard failure(s):
V0419 14:19:56.560635 47978020455680 torch/_dynamo/guards.py:2611] [81/1] [__recompiles]     - tensor 'L['input']' stride mismatch at index 0. expected 3703, actual 128
V0419 14:19:56.572622 47978020455680 torch/_dynamo/guards.py:2611] [82/1] [__recompiles] Recompiling function torch_dynamo_resume_in_zerocopy_to_dgl_ndarray_for_write_at_461 in /work2/09808/mp46753/frontera/ML_Project/miniconda3/envs/txgnn_env/lib/python3.8/site-packages/dgl/backend/pytorch/tensor.py:461
V0419 14:19:56.572622 47978020455680 torch/_dynamo/guards.py:2611] [82/1] [__recompiles]     triggered by the following guard failure(s):
V0419 14:19:56.572622 47978020455680 torch/_dynamo/guards.py:2611] [82/1] [__recompiles]     - tensor 'L['input']' stride mismatch at index 0. expected 3703, actual 128
V0419 14:19:56.586730 47978020455680 torch/_dynamo/guards.py:2611] [83/1] [__recompiles] Recompiling function torch_dynamo_resume_in_forward_at_165 in /work2/09808/mp46753/frontera/ML_Project/miniconda3/envs/txgnn_env/lib/python3.8/site-packages/dgl/backend/pytorch/sparse.py:165
V0419 14:19:56.586730 47978020455680 torch/_dynamo/guards.py:2611] [83/1] [__recompiles]     triggered by the following guard failure(s):
V0419 14:19:56.586730 47978020455680 torch/_dynamo/guards.py:2611] [83/1] [__recompiles]     - tensor 'L['X']' requires_grad mismatch. expected requires_grad=0
V0419 14:19:56.628280 47978020455680 torch/_dynamo/guards.py:2611] [86/7] [__recompiles] Recompiling function torch_dynamo_resume_in_hook_at_10 in /work2/09808/mp46753/frontera/ML_Project/VQGraph/benchmark_utils.py:10
V0419 14:19:56.628280 47978020455680 torch/_dynamo/guards.py:2611] [86/7] [__recompiles]     triggered by the following guard failure(s):
V0419 14:19:56.628280 47978020455680 torch/_dynamo/guards.py:2611] [86/7] [__recompiles]     - L['___stack0'] == 199899.866911506                          
V0419 14:19:56.628280 47978020455680 torch/_dynamo/guards.py:2611] [86/7] [__recompiles]     - L['___stack0'] == 199899.860760677                          
V0419 14:19:56.628280 47978020455680 torch/_dynamo/guards.py:2611] [86/7] [__recompiles]     - L['___stack0'] == 199899.791272481                          
V0419 14:19:56.628280 47978020455680 torch/_dynamo/guards.py:2611] [86/7] [__recompiles]     - L['___stack0'] == 199898.072438812                          
V0419 14:19:56.628280 47978020455680 torch/_dynamo/guards.py:2611] [86/7] [__recompiles]     - L['___stack0'] == 199894.674733156                          
V0419 14:19:56.628280 47978020455680 torch/_dynamo/guards.py:2611] [86/7] [__recompiles]     - L['___stack0'] == 199894.581614113                          
V0419 14:19:56.628280 47978020455680 torch/_dynamo/guards.py:2611] [86/7] [__recompiles]     - L['___stack0'] == 199894.569088961                          
V0419 14:19:56.635290 47978020455680 torch/_dynamo/guards.py:2611] [86/8] [__recompiles] Recompiling function torch_dynamo_resume_in_hook_at_10 in /work2/09808/mp46753/frontera/ML_Project/VQGraph/benchmark_utils.py:10
V0419 14:19:56.635290 47978020455680 torch/_dynamo/guards.py:2611] [86/8] [__recompiles]     triggered by the following guard failure(s):
V0419 14:19:56.635290 47978020455680 torch/_dynamo/guards.py:2611] [86/8] [__recompiles]     - L['___stack0'] == 199900.714735059                          
V0419 14:19:56.635290 47978020455680 torch/_dynamo/guards.py:2611] [86/8] [__recompiles]     - L['___stack0'] == 199899.866911506                          
V0419 14:19:56.635290 47978020455680 torch/_dynamo/guards.py:2611] [86/8] [__recompiles]     - L['___stack0'] == 199899.860760677                          
V0419 14:19:56.635290 47978020455680 torch/_dynamo/guards.py:2611] [86/8] [__recompiles]     - L['___stack0'] == 199899.791272481                          
V0419 14:19:56.635290 47978020455680 torch/_dynamo/guards.py:2611] [86/8] [__recompiles]     - L['___stack0'] == 199898.072438812                          
V0419 14:19:56.635290 47978020455680 torch/_dynamo/guards.py:2611] [86/8] [__recompiles]     - L['___stack0'] == 199894.674733156                          
V0419 14:19:56.635290 47978020455680 torch/_dynamo/guards.py:2611] [86/8] [__recompiles]     - L['___stack0'] == 199894.581614113                          
V0419 14:19:56.635290 47978020455680 torch/_dynamo/guards.py:2611] [86/8] [__recompiles]     - L['___stack0'] == 199894.569088961                          
W0419 14:19:56.635436 47978020455680 torch/_dynamo/convert_frame.py:762] [86/8] torch._dynamo hit config.cache_size_limit (8)
W0419 14:19:56.635436 47978020455680 torch/_dynamo/convert_frame.py:762] [86/8]    function: 'torch_dynamo_resume_in_hook_at_10' (/work2/09808/mp46753/frontera/ML_Project/VQGraph/benchmark_utils.py:10)
W0419 14:19:56.635436 47978020455680 torch/_dynamo/convert_frame.py:762] [86/8]    last reason: L['___stack0'] == 199894.569088961                          
W0419 14:19:56.635436 47978020455680 torch/_dynamo/convert_frame.py:762] [86/8] To log all recompilation reasons, use TORCH_LOGS="recompiles".
W0419 14:19:56.635436 47978020455680 torch/_dynamo/convert_frame.py:762] [86/8] To diagnose recompilation issues, see https://pytorch.org/docs/main/torch.compiler_troubleshooting.html.
/work2/09808/mp46753/frontera/ML_Project/miniconda3/envs/txgnn_env/lib/python3.8/site-packages/dgl/dataloading/dataloader.py:1144: DGLWarning: Dataloader CPU affinity opt is not enabled, consider switching it on (see enable_cpu_affinity() or CPU best practices for DGL [https://docs.dgl.ai/tutorials/cpu/cpu_best_practises.html])
  dgl_warning(
/work2/09808/mp46753/frontera/ML_Project/miniconda3/envs/txgnn_env/lib/python3.8/site-packages/dgl/heterograph.py:92: DGLWarning: Recommend creating graphs by `dgl.graph(data)` instead of `dgl.DGLGraph(data)`.
  dgl_warning(
V0419 14:19:57.652873 47978020455680 torch/_dynamo/guards.py:2611] [0/1] [__recompiles] Recompiling function forward in /work2/09808/mp46753/frontera/ML_Project/VQGraph/models.py:449
V0419 14:19:57.652873 47978020455680 torch/_dynamo/guards.py:2611] [0/1] [__recompiles]     triggered by the following guard failure(s):
V0419 14:19:57.652873 47978020455680 torch/_dynamo/guards.py:2611] [0/1] [__recompiles]     - tensor 'L['feats']' size mismatch at index 0. expected 778, actual 796
V0419 14:19:57.679187 47978020455680 torch/_dynamo/guards.py:2611] [1/1] [__recompiles] Recompiling function forward in /work2/09808/mp46753/frontera/ML_Project/VQGraph/models.py:154
V0419 14:19:57.679187 47978020455680 torch/_dynamo/guards.py:2611] [1/1] [__recompiles]     triggered by the following guard failure(s):
V0419 14:19:57.679187 47978020455680 torch/_dynamo/guards.py:2611] [1/1] [__recompiles]     - tensor 'L['feats']' size mismatch at index 0. expected 778, actual 796
/work2/09808/mp46753/frontera/ML_Project/miniconda3/envs/txgnn_env/lib/python3.8/site-packages/dgl/heterograph.py:92: DGLWarning: Recommend creating graphs by `dgl.graph(data)` instead of `dgl.DGLGraph(data)`.
  dgl_warning(
V0419 14:19:57.694852 47978020455680 torch/_dynamo/guards.py:2611] [9/1] [__recompiles] Recompiling function torch_dynamo_resume_in_forward_at_157 in /work2/09808/mp46753/frontera/ML_Project/VQGraph/models.py:157
V0419 14:19:57.694852 47978020455680 torch/_dynamo/guards.py:2611] [9/1] [__recompiles]     triggered by the following guard failure(s):
V0419 14:19:57.694852 47978020455680 torch/_dynamo/guards.py:2611] [9/1] [__recompiles]     - tensor 'L['h']' size mismatch at index 0. expected 778, actual 796
V0419 14:19:57.709616 47978020455680 torch/_dynamo/guards.py:2611] [13/1] [__recompiles] Recompiling function torch_dynamo_resume_in_forward_at_157 in /work2/09808/mp46753/frontera/ML_Project/VQGraph/models.py:157
V0419 14:19:57.709616 47978020455680 torch/_dynamo/guards.py:2611] [13/1] [__recompiles]     triggered by the following guard failure(s):
V0419 14:19:57.709616 47978020455680 torch/_dynamo/guards.py:2611] [13/1] [__recompiles]     - tensor 'L['h']' size mismatch at index 0. expected 778, actual 796
V0419 14:19:57.751247 47978020455680 torch/_dynamo/guards.py:2611] [4/3] [__recompiles] Recompiling function create_unitgraph_from_coo in /work2/09808/mp46753/frontera/ML_Project/miniconda3/envs/txgnn_env/lib/python3.8/site-packages/dgl/heterograph_index.py:1254
V0419 14:19:57.751247 47978020455680 torch/_dynamo/guards.py:2611] [4/3] [__recompiles]     triggered by the following guard failure(s):
V0419 14:19:57.751247 47978020455680 torch/_dynamo/guards.py:2611] [4/3] [__recompiles]     - tensor 'L['row']' dispatch key set mismatch. expected DispatchKeySet(CPU, BackendSelect, ADInplaceOrView, AutogradCPU), actual DispatchKeySet(CUDA, BackendSelect, ADInplaceOrView, AutogradCUDA)
V0419 14:19:57.751247 47978020455680 torch/_dynamo/guards.py:2611] [4/3] [__recompiles]     - L['num_dst'] == 778                                         
V0419 14:19:57.751247 47978020455680 torch/_dynamo/guards.py:2611] [4/3] [__recompiles]     - L['num_dst'] == 778                                         
V0419 14:19:57.782897 47978020455680 torch/_dynamo/guards.py:2611] [8/3] [__recompiles] Recompiling function torch_dynamo_resume_in_create_unitgraph_from_coo_at_1296 in /work2/09808/mp46753/frontera/ML_Project/miniconda3/envs/txgnn_env/lib/python3.8/site-packages/dgl/heterograph_index.py:1296
V0419 14:19:57.782897 47978020455680 torch/_dynamo/guards.py:2611] [8/3] [__recompiles]     triggered by the following guard failure(s):
V0419 14:19:57.782897 47978020455680 torch/_dynamo/guards.py:2611] [8/3] [__recompiles]     - tensor 'L['col']' dispatch key set mismatch. expected DispatchKeySet(CPU, BackendSelect, ADInplaceOrView, AutogradCPU), actual DispatchKeySet(CUDA, BackendSelect, ADInplaceOrView, AutogradCUDA)
V0419 14:19:57.782897 47978020455680 torch/_dynamo/guards.py:2611] [8/3] [__recompiles]     - L['___stack2'] == 778                                       
V0419 14:19:57.782897 47978020455680 torch/_dynamo/guards.py:2611] [8/3] [__recompiles]     - L['___stack2'] == 778                                       
V0419 14:19:57.796527 47978020455680 torch/_dynamo/guards.py:2611] [15/1] [__recompiles] Recompiling function _dispatch in /work2/09808/mp46753/frontera/ML_Project/miniconda3/envs/txgnn_env/lib/python3.8/site-packages/dgl/utils/internal.py:65
V0419 14:19:57.796527 47978020455680 torch/_dynamo/guards.py:2611] [15/1] [__recompiles]     triggered by the following guard failure(s):
V0419 14:19:57.796527 47978020455680 torch/_dynamo/guards.py:2611] [15/1] [__recompiles]     - L['data'][0] == 778                                         
V0419 14:20:02.795034 47978020455680 torch/_dynamo/guards.py:2611] [29/1] [__recompiles] Recompiling function torch_dynamo_resume_in_add_edges_at_572 in /work2/09808/mp46753/frontera/ML_Project/miniconda3/envs/txgnn_env/lib/python3.8/site-packages/dgl/heterograph.py:572
V0419 14:20:02.795034 47978020455680 torch/_dynamo/guards.py:2611] [29/1] [__recompiles]     triggered by the following guard failure(s):
V0419 14:20:02.795034 47978020455680 torch/_dynamo/guards.py:2611] [29/1] [__recompiles]     - L['___stack0'] == 778                                       
V0419 14:20:02.816931 47978020455680 torch/_dynamo/guards.py:2611] [30/2] [__recompiles] Recompiling function torch_dynamo_resume_in_add_edges_at_573 in /work2/09808/mp46753/frontera/ML_Project/miniconda3/envs/txgnn_env/lib/python3.8/site-packages/dgl/heterograph.py:573
V0419 14:20:02.816931 47978020455680 torch/_dynamo/guards.py:2611] [30/2] [__recompiles]     triggered by the following guard failure(s):
V0419 14:20:02.816931 47978020455680 torch/_dynamo/guards.py:2611] [30/2] [__recompiles]     - L['___stack0'] == 778                                       
V0419 14:20:02.816931 47978020455680 torch/_dynamo/guards.py:2611] [30/2] [__recompiles]     - tensor 'L['u']' size mismatch at index 0. expected 1519, actual 1526
V0419 14:20:03.308802 47978020455680 torch/_dynamo/guards.py:2611] [34/3] [__recompiles] Recompiling function cat in /work2/09808/mp46753/frontera/ML_Project/miniconda3/envs/txgnn_env/lib/python3.8/site-packages/dgl/backend/pytorch/tensor.py:222
V0419 14:20:03.308802 47978020455680 torch/_dynamo/guards.py:2611] [34/3] [__recompiles]     triggered by the following guard failure(s):
V0419 14:20:03.308802 47978020455680 torch/_dynamo/guards.py:2611] [34/3] [__recompiles]     - 2 <= L['seq'][0].size()[0] <= 2147483645                      # _dynamo/output_graph.py:452 in init_ambient_guards
V0419 14:20:03.308802 47978020455680 torch/_dynamo/guards.py:2611] [34/3] [__recompiles]     - tensor 'L['seq'][1]' size mismatch at index 0. expected 1519, actual 1526
V0419 14:20:03.308802 47978020455680 torch/_dynamo/guards.py:2611] [34/3] [__recompiles]     - tensor 'L['seq'][1]' size mismatch at index 0. expected 1519, actual 1526
V0419 14:20:03.967974 47978020455680 torch/_dynamo/guards.py:2611] [4/4] [__recompiles] Recompiling function create_unitgraph_from_coo in /work2/09808/mp46753/frontera/ML_Project/miniconda3/envs/txgnn_env/lib/python3.8/site-packages/dgl/heterograph_index.py:1254
V0419 14:20:03.967974 47978020455680 torch/_dynamo/guards.py:2611] [4/4] [__recompiles]     triggered by the following guard failure(s):
V0419 14:20:03.967974 47978020455680 torch/_dynamo/guards.py:2611] [4/4] [__recompiles]     - tensor 'L['row']' size mismatch at index 0. expected 0, actual 1526
V0419 14:20:03.967974 47978020455680 torch/_dynamo/guards.py:2611] [4/4] [__recompiles]     - tensor 'L['row']' dispatch key set mismatch. expected DispatchKeySet(CPU, BackendSelect, ADInplaceOrView, AutogradCPU), actual DispatchKeySet(CUDA, BackendSelect, ADInplaceOrView, AutogradCUDA)
V0419 14:20:03.967974 47978020455680 torch/_dynamo/guards.py:2611] [4/4] [__recompiles]     - L['num_dst'] == 778                                         
V0419 14:20:03.967974 47978020455680 torch/_dynamo/guards.py:2611] [4/4] [__recompiles]     - tensor 'L['row']' size mismatch at index 0. expected 0, actual 1526
V0419 14:20:04.008959 47978020455680 torch/_dynamo/guards.py:2611] [8/4] [__recompiles] Recompiling function torch_dynamo_resume_in_create_unitgraph_from_coo_at_1296 in /work2/09808/mp46753/frontera/ML_Project/miniconda3/envs/txgnn_env/lib/python3.8/site-packages/dgl/heterograph_index.py:1296
V0419 14:20:04.008959 47978020455680 torch/_dynamo/guards.py:2611] [8/4] [__recompiles]     triggered by the following guard failure(s):
V0419 14:20:04.008959 47978020455680 torch/_dynamo/guards.py:2611] [8/4] [__recompiles]     - tensor 'L['col']' size mismatch at index 0. expected 0, actual 1526
V0419 14:20:04.008959 47978020455680 torch/_dynamo/guards.py:2611] [8/4] [__recompiles]     - tensor 'L['col']' dispatch key set mismatch. expected DispatchKeySet(CPU, BackendSelect, ADInplaceOrView, AutogradCPU), actual DispatchKeySet(CUDA, BackendSelect, ADInplaceOrView, AutogradCUDA)
V0419 14:20:04.008959 47978020455680 torch/_dynamo/guards.py:2611] [8/4] [__recompiles]     - L['___stack2'] == 778                                       
V0419 14:20:04.008959 47978020455680 torch/_dynamo/guards.py:2611] [8/4] [__recompiles]     - tensor 'L['col']' size mismatch at index 0. expected 0, actual 1526
V0419 14:20:04.029302 47978020455680 torch/_dynamo/guards.py:2611] [41/1] [__recompiles] Recompiling function spmatrix in /work2/09808/mp46753/frontera/ML_Project/miniconda3/envs/txgnn_env/lib/python3.8/site-packages/dgl/sparse/sparse_matrix.py:763
V0419 14:20:04.029302 47978020455680 torch/_dynamo/guards.py:2611] [41/1] [__recompiles]     triggered by the following guard failure(s):
V0419 14:20:04.029302 47978020455680 torch/_dynamo/guards.py:2611] [41/1] [__recompiles]     - tensor 'L['indices']' stride mismatch at index 0. expected 3862, actual 3876
V0419 14:20:04.703732 47978020455680 torch/_dynamo/guards.py:2611] [47/1] [__recompiles] Recompiling function arange in /work2/09808/mp46753/frontera/ML_Project/miniconda3/envs/txgnn_env/lib/python3.8/site-packages/dgl/backend/pytorch/tensor.py:406
V0419 14:20:04.703732 47978020455680 torch/_dynamo/guards.py:2611] [47/1] [__recompiles]     triggered by the following guard failure(s):
V0419 14:20:04.703732 47978020455680 torch/_dynamo/guards.py:2611] [47/1] [__recompiles]     - L['stop'] == 778                                            
V0419 14:20:05.339518 47978020455680 torch/_dynamo/guards.py:2611] [48/1] [__recompiles] Recompiling function in_degrees in /work2/09808/mp46753/frontera/ML_Project/miniconda3/envs/txgnn_env/lib/python3.8/site-packages/dgl/heterograph_index.py:702
V0419 14:20:05.339518 47978020455680 torch/_dynamo/guards.py:2611] [48/1] [__recompiles]     triggered by the following guard failure(s):
V0419 14:20:05.339518 47978020455680 torch/_dynamo/guards.py:2611] [48/1] [__recompiles]     - tensor 'L['v']' size mismatch at index 0. expected 778, actual 796
V0419 14:20:05.357331 47978020455680 torch/_dynamo/guards.py:2611] [50/1] [__recompiles] Recompiling function has_nodes in /work2/09808/mp46753/frontera/ML_Project/miniconda3/envs/txgnn_env/lib/python3.8/site-packages/dgl/heterograph.py:2878
V0419 14:20:05.357331 47978020455680 torch/_dynamo/guards.py:2611] [50/1] [__recompiles]     triggered by the following guard failure(s):
V0419 14:20:05.357331 47978020455680 torch/_dynamo/guards.py:2611] [50/1] [__recompiles]     - tensor 'L['vid']' size mismatch at index 0. expected 778, actual 796
V0419 14:20:05.373312 47978020455680 torch/_dynamo/guards.py:2611] [51/1] [__recompiles] Recompiling function torch_dynamo_resume_in_has_nodes_at_2925 in /work2/09808/mp46753/frontera/ML_Project/miniconda3/envs/txgnn_env/lib/python3.8/site-packages/dgl/heterograph.py:2925
V0419 14:20:05.373312 47978020455680 torch/_dynamo/guards.py:2611] [51/1] [__recompiles]     triggered by the following guard failure(s):
V0419 14:20:05.373312 47978020455680 torch/_dynamo/guards.py:2611] [51/1] [__recompiles]     - tensor 'L['___stack0']' size mismatch at index 0. expected 778, actual 796
V0419 14:20:05.851039 47978020455680 torch/_dynamo/guards.py:2611] [52/1] [__recompiles] Recompiling function torch_dynamo_resume_in_has_nodes_at_2926 in /work2/09808/mp46753/frontera/ML_Project/miniconda3/envs/txgnn_env/lib/python3.8/site-packages/dgl/heterograph.py:2926
V0419 14:20:05.851039 47978020455680 torch/_dynamo/guards.py:2611] [52/1] [__recompiles]     triggered by the following guard failure(s):
V0419 14:20:05.851039 47978020455680 torch/_dynamo/guards.py:2611] [52/1] [__recompiles]     - tensor 'L['vid_tensor']' size mismatch at index 0. expected 778, actual 796
V0419 14:20:05.874019 47978020455680 torch/_dynamo/guards.py:2611] [53/1] [__recompiles] Recompiling function has_nodes in /work2/09808/mp46753/frontera/ML_Project/miniconda3/envs/txgnn_env/lib/python3.8/site-packages/dgl/heterograph_index.py:444
V0419 14:20:05.874019 47978020455680 torch/_dynamo/guards.py:2611] [53/1] [__recompiles]     triggered by the following guard failure(s):
V0419 14:20:05.874019 47978020455680 torch/_dynamo/guards.py:2611] [53/1] [__recompiles]     - tensor 'L['vids']' size mismatch at index 0. expected 778, actual 796
V0419 14:20:05.890470 47978020455680 torch/_dynamo/guards.py:2611] [54/1] [__recompiles] Recompiling function torch_dynamo_resume_in_has_nodes_at_2930 in /work2/09808/mp46753/frontera/ML_Project/miniconda3/envs/txgnn_env/lib/python3.8/site-packages/dgl/heterograph.py:2930
V0419 14:20:05.890470 47978020455680 torch/_dynamo/guards.py:2611] [54/1] [__recompiles]     triggered by the following guard failure(s):
V0419 14:20:05.890470 47978020455680 torch/_dynamo/guards.py:2611] [54/1] [__recompiles]     - tensor 'L['___stack0']' size mismatch at index 0. expected 778, actual 796
V0419 14:20:06.534204 47978020455680 torch/_dynamo/guards.py:2611] [55/1] [__recompiles] Recompiling function sum in /work2/09808/mp46753/frontera/ML_Project/miniconda3/envs/txgnn_env/lib/python3.8/site-packages/dgl/backend/pytorch/tensor.py:152
V0419 14:20:06.534204 47978020455680 torch/_dynamo/guards.py:2611] [55/1] [__recompiles]     triggered by the following guard failure(s):
V0419 14:20:06.534204 47978020455680 torch/_dynamo/guards.py:2611] [55/1] [__recompiles]     - tensor 'L['input']' size mismatch at index 0. expected 778, actual 796
V0419 14:20:06.817421 47978020455680 torch/_dynamo/guards.py:2611] [57/2] [__recompiles] Recompiling function __setitem__ in /work2/09808/mp46753/frontera/ML_Project/miniconda3/envs/txgnn_env/lib/python3.8/site-packages/dgl/view.py:82
V0419 14:20:06.817421 47978020455680 torch/_dynamo/guards.py:2611] [57/2] [__recompiles]     triggered by the following guard failure(s):
V0419 14:20:06.817421 47978020455680 torch/_dynamo/guards.py:2611] [57/2] [__recompiles]     - tensor 'L['val']' requires_grad mismatch. expected requires_grad=1
V0419 14:20:06.817421 47978020455680 torch/_dynamo/guards.py:2611] [57/2] [__recompiles]     - tensor 'L['val']' size mismatch at index 0. expected 778, actual 796
V0419 14:20:06.835645 47978020455680 torch/_dynamo/guards.py:2611] [61/2] [__recompiles] Recompiling function __setitem__ in /work2/09808/mp46753/frontera/ML_Project/miniconda3/envs/txgnn_env/lib/python3.8/site-packages/dgl/frame.py:690
V0419 14:20:06.835645 47978020455680 torch/_dynamo/guards.py:2611] [61/2] [__recompiles]     triggered by the following guard failure(s):
V0419 14:20:06.835645 47978020455680 torch/_dynamo/guards.py:2611] [61/2] [__recompiles]     - tensor 'L['data']' requires_grad mismatch. expected requires_grad=1
V0419 14:20:06.835645 47978020455680 torch/_dynamo/guards.py:2611] [61/2] [__recompiles]     - tensor 'L['data']' size mismatch at index 0. expected 778, actual 796
V0419 14:20:06.853823 47978020455680 torch/_dynamo/guards.py:2611] [62/2] [__recompiles] Recompiling function update_column in /work2/09808/mp46753/frontera/ML_Project/miniconda3/envs/txgnn_env/lib/python3.8/site-packages/dgl/frame.py:772
V0419 14:20:06.853823 47978020455680 torch/_dynamo/guards.py:2611] [62/2] [__recompiles]     triggered by the following guard failure(s):
V0419 14:20:06.853823 47978020455680 torch/_dynamo/guards.py:2611] [62/2] [__recompiles]     - tensor 'L['data']' requires_grad mismatch. expected requires_grad=1
V0419 14:20:06.853823 47978020455680 torch/_dynamo/guards.py:2611] [62/2] [__recompiles]     - tensor 'L['data']' size mismatch at index 0. expected 778, actual 796
V0419 14:20:06.872413 47978020455680 torch/_dynamo/guards.py:2611] [63/2] [__recompiles] Recompiling function create in /work2/09808/mp46753/frontera/ML_Project/miniconda3/envs/txgnn_env/lib/python3.8/site-packages/dgl/frame.py:472
V0419 14:20:06.872413 47978020455680 torch/_dynamo/guards.py:2611] [63/2] [__recompiles]     triggered by the following guard failure(s):
V0419 14:20:06.872413 47978020455680 torch/_dynamo/guards.py:2611] [63/2] [__recompiles]     - tensor 'L['data']' requires_grad mismatch. expected requires_grad=1
V0419 14:20:06.872413 47978020455680 torch/_dynamo/guards.py:2611] [63/2] [__recompiles]     - tensor 'L['data']' size mismatch at index 0. expected 778, actual 796
V0419 14:20:06.888776 47978020455680 torch/_dynamo/guards.py:2611] [64/2] [__recompiles] Recompiling function __init__ in /work2/09808/mp46753/frontera/ML_Project/miniconda3/envs/txgnn_env/lib/python3.8/site-packages/dgl/frame.py:210
V0419 14:20:06.888776 47978020455680 torch/_dynamo/guards.py:2611] [64/2] [__recompiles]     triggered by the following guard failure(s):
V0419 14:20:06.888776 47978020455680 torch/_dynamo/guards.py:2611] [64/2] [__recompiles]     - tensor 'L['storage']' requires_grad mismatch. expected requires_grad=1
V0419 14:20:06.888776 47978020455680 torch/_dynamo/guards.py:2611] [64/2] [__recompiles]     - tensor 'L['storage']' size mismatch at index 0. expected 778, actual 796
V0419 14:20:06.907184 47978020455680 torch/_dynamo/guards.py:2611] [65/2] [__recompiles] Recompiling function infer_scheme in /work2/09808/mp46753/frontera/ML_Project/miniconda3/envs/txgnn_env/lib/python3.8/site-packages/dgl/frame.py:151
V0419 14:20:06.907184 47978020455680 torch/_dynamo/guards.py:2611] [65/2] [__recompiles]     triggered by the following guard failure(s):
V0419 14:20:06.907184 47978020455680 torch/_dynamo/guards.py:2611] [65/2] [__recompiles]     - tensor 'L['tensor']' requires_grad mismatch. expected requires_grad=1
V0419 14:20:06.907184 47978020455680 torch/_dynamo/guards.py:2611] [65/2] [__recompiles]     - tensor 'L['tensor']' size mismatch at index 0. expected 778, actual 796
V0419 14:20:06.951082 47978020455680 torch/_dynamo/guards.py:2611] [68/2] [__recompiles] Recompiling function func in /work2/09808/mp46753/frontera/ML_Project/miniconda3/envs/txgnn_env/lib/python3.8/site-packages/dgl/ops/spmm.py:213
V0419 14:20:06.951082 47978020455680 torch/_dynamo/guards.py:2611] [68/2] [__recompiles]     triggered by the following guard failure(s):
V0419 14:20:06.951082 47978020455680 torch/_dynamo/guards.py:2611] [68/2] [__recompiles]     - tensor 'L['x']' requires_grad mismatch. expected requires_grad=1
V0419 14:20:06.951082 47978020455680 torch/_dynamo/guards.py:2611] [68/2] [__recompiles]     - tensor 'L['x']' size mismatch at index 0. expected 778, actual 796
V0419 14:20:07.264512 47978020455680 torch/_dynamo/guards.py:2611] [70/2] [__recompiles] Recompiling function torch_dynamo_resume_in_gspmm_at_75 in /work2/09808/mp46753/frontera/ML_Project/miniconda3/envs/txgnn_env/lib/python3.8/site-packages/dgl/ops/spmm.py:75
V0419 14:20:07.264512 47978020455680 torch/_dynamo/guards.py:2611] [70/2] [__recompiles]     triggered by the following guard failure(s):
V0419 14:20:07.264512 47978020455680 torch/_dynamo/guards.py:2611] [70/2] [__recompiles]     - tensor 'L['lhs_data']' requires_grad mismatch. expected requires_grad=1
V0419 14:20:07.264512 47978020455680 torch/_dynamo/guards.py:2611] [70/2] [__recompiles]     - tensor 'L['lhs_data']' size mismatch at index 0. expected 778, actual 796
V0419 14:20:07.282104 47978020455680 torch/_dynamo/guards.py:2611] [74/2] [__recompiles] Recompiling function forward in /work2/09808/mp46753/frontera/ML_Project/miniconda3/envs/txgnn_env/lib/python3.8/site-packages/dgl/backend/pytorch/sparse.py:163
V0419 14:20:07.282104 47978020455680 torch/_dynamo/guards.py:2611] [74/2] [__recompiles]     triggered by the following guard failure(s):
V0419 14:20:07.282104 47978020455680 torch/_dynamo/guards.py:2611] [74/2] [__recompiles]     - tensor 'L['X']' requires_grad mismatch. expected requires_grad=1
V0419 14:20:07.282104 47978020455680 torch/_dynamo/guards.py:2611] [74/2] [__recompiles]     - tensor 'L['X']' size mismatch at index 0. expected 778, actual 796
V0419 14:20:07.297958 47978020455680 torch/_dynamo/guards.py:2611] [77/2] [__recompiles] Recompiling function zeros in /work2/09808/mp46753/frontera/ML_Project/miniconda3/envs/txgnn_env/lib/python3.8/site-packages/dgl/backend/pytorch/tensor.py:287
V0419 14:20:07.297958 47978020455680 torch/_dynamo/guards.py:2611] [77/2] [__recompiles]     triggered by the following guard failure(s):
V0419 14:20:07.297958 47978020455680 torch/_dynamo/guards.py:2611] [77/2] [__recompiles]     - L['shape'][0] == 778                                        
V0419 14:20:07.297958 47978020455680 torch/_dynamo/guards.py:2611] [77/2] [__recompiles]     - L['shape'][0] == 778                                        
V0419 14:20:07.554714 47978020455680 torch/_dynamo/guards.py:2611] [79/2] [__recompiles] Recompiling function zerocopy_to_dgl_ndarray_for_write in /work2/09808/mp46753/frontera/ML_Project/miniconda3/envs/txgnn_env/lib/python3.8/site-packages/dgl/backend/pytorch/tensor.py:454
V0419 14:20:07.554714 47978020455680 torch/_dynamo/guards.py:2611] [79/2] [__recompiles]     triggered by the following guard failure(s):
V0419 14:20:07.554714 47978020455680 torch/_dynamo/guards.py:2611] [79/2] [__recompiles]     - tensor 'L['input']' size mismatch at index 0. expected 778, actual 796
V0419 14:20:07.554714 47978020455680 torch/_dynamo/guards.py:2611] [79/2] [__recompiles]     - tensor 'L['input']' size mismatch at index 0. expected 778, actual 796
V0419 14:20:07.595530 47978020455680 torch/_dynamo/guards.py:2611] [80/2] [__recompiles] Recompiling function check_is_view in /work2/09808/mp46753/frontera/ML_Project/miniconda3/envs/txgnn_env/lib/python3.8/site-packages/dgl/backend/pytorch/tensor.py:441
V0419 14:20:07.595530 47978020455680 torch/_dynamo/guards.py:2611] [80/2] [__recompiles]     triggered by the following guard failure(s):
V0419 14:20:07.595530 47978020455680 torch/_dynamo/guards.py:2611] [80/2] [__recompiles]     - tensor 'L['input']' size mismatch at index 0. expected 778, actual 796
V0419 14:20:07.595530 47978020455680 torch/_dynamo/guards.py:2611] [80/2] [__recompiles]     - tensor 'L['input']' size mismatch at index 0. expected 778, actual 796
V0419 14:20:07.606930 47978020455680 torch/_dynamo/guards.py:2611] [81/2] [__recompiles] Recompiling function torch_dynamo_resume_in_check_is_view_at_443 in /work2/09808/mp46753/frontera/ML_Project/miniconda3/envs/txgnn_env/lib/python3.8/site-packages/dgl/backend/pytorch/tensor.py:443
V0419 14:20:07.606930 47978020455680 torch/_dynamo/guards.py:2611] [81/2] [__recompiles]     triggered by the following guard failure(s):
V0419 14:20:07.606930 47978020455680 torch/_dynamo/guards.py:2611] [81/2] [__recompiles]     - tensor 'L['input']' size mismatch at index 0. expected 778, actual 796
V0419 14:20:07.606930 47978020455680 torch/_dynamo/guards.py:2611] [81/2] [__recompiles]     - tensor 'L['input']' size mismatch at index 0. expected 778, actual 796
V0419 14:20:07.619475 47978020455680 torch/_dynamo/guards.py:2611] [82/2] [__recompiles] Recompiling function torch_dynamo_resume_in_zerocopy_to_dgl_ndarray_for_write_at_461 in /work2/09808/mp46753/frontera/ML_Project/miniconda3/envs/txgnn_env/lib/python3.8/site-packages/dgl/backend/pytorch/tensor.py:461
V0419 14:20:07.619475 47978020455680 torch/_dynamo/guards.py:2611] [82/2] [__recompiles]     triggered by the following guard failure(s):
V0419 14:20:07.619475 47978020455680 torch/_dynamo/guards.py:2611] [82/2] [__recompiles]     - tensor 'L['input']' size mismatch at index 0. expected 778, actual 796
V0419 14:20:07.619475 47978020455680 torch/_dynamo/guards.py:2611] [82/2] [__recompiles]     - tensor 'L['input']' size mismatch at index 0. expected 778, actual 796
V0419 14:20:07.635765 47978020455680 torch/_dynamo/guards.py:2611] [88/1] [__recompiles] Recompiling function forward in /work2/09808/mp46753/frontera/ML_Project/VQGraph/vq.py:569
V0419 14:20:07.635765 47978020455680 torch/_dynamo/guards.py:2611] [88/1] [__recompiles]     triggered by the following guard failure(s):
V0419 14:20:07.635765 47978020455680 torch/_dynamo/guards.py:2611] [88/1] [__recompiles]     - tensor 'L['x']' size mismatch at index 0. expected 778, actual 796
V0419 14:20:07.726813 47978020455680 torch/_dynamo/guards.py:2611] [89/1] [__recompiles] Recompiling function torch_dynamo_resume_in_forward_at_590 in /work2/09808/mp46753/frontera/ML_Project/VQGraph/vq.py:590
V0419 14:20:07.726813 47978020455680 torch/_dynamo/guards.py:2611] [89/1] [__recompiles]     triggered by the following guard failure(s):
V0419 14:20:07.726813 47978020455680 torch/_dynamo/guards.py:2611] [89/1] [__recompiles]     - tensor 'L['___stack0']' size mismatch at index 0. expected 778, actual 796
V0419 14:20:07.787594 47978020455680 torch/_dynamo/guards.py:2611] [90/1] [__recompiles] Recompiling function forward in /work2/09808/mp46753/frontera/ML_Project/VQGraph/vq.py:418
V0419 14:20:07.787594 47978020455680 torch/_dynamo/guards.py:2611] [90/1] [__recompiles]     triggered by the following guard failure(s):
V0419 14:20:07.787594 47978020455680 torch/_dynamo/guards.py:2611] [90/1] [__recompiles]     - tensor 'L['x']' size mismatch at index 0. expected 778, actual 796
V0419 14:20:08.868312 47978020455680 torch/_dynamo/guards.py:2611] [93/1] [__recompiles] Recompiling function torch_dynamo_resume_in_forward_at_432 in /work2/09808/mp46753/frontera/ML_Project/VQGraph/vq.py:432
V0419 14:20:08.868312 47978020455680 torch/_dynamo/guards.py:2611] [93/1] [__recompiles]     triggered by the following guard failure(s):
V0419 14:20:08.868312 47978020455680 torch/_dynamo/guards.py:2611] [93/1] [__recompiles]     - L['shape'][1] == 778                                        
V0419 14:20:11.580014 47978020455680 torch/_dynamo/guards.py:2611] [94/1] [__recompiles] Recompiling function torch_dynamo_resume_in_forward_at_595 in /work2/09808/mp46753/frontera/ML_Project/VQGraph/vq.py:595
V0419 14:20:11.580014 47978020455680 torch/_dynamo/guards.py:2611] [94/1] [__recompiles]     triggered by the following guard failure(s):
V0419 14:20:11.580014 47978020455680 torch/_dynamo/guards.py:2611] [94/1] [__recompiles]     - tensor 'L['x']' size mismatch at index 0. expected 778, actual 796
V0419 14:20:12.246979 47978020455680 torch/_dynamo/guards.py:2611] [95/1] [__recompiles] Recompiling function torch_dynamo_resume_in_forward_at_604 in /work2/09808/mp46753/frontera/ML_Project/VQGraph/vq.py:604
V0419 14:20:12.246979 47978020455680 torch/_dynamo/guards.py:2611] [95/1] [__recompiles]     triggered by the following guard failure(s):
V0419 14:20:12.246979 47978020455680 torch/_dynamo/guards.py:2611] [95/1] [__recompiles]     - tensor 'L['x']' size mismatch at index 0. expected 778, actual 796
V0419 14:20:14.625573 47978020455680 torch/_dynamo/guards.py:2611] [96/1] [__recompiles] Recompiling function torch_dynamo_resume_in_forward_at_648 in /work2/09808/mp46753/frontera/ML_Project/VQGraph/vq.py:648
V0419 14:20:14.625573 47978020455680 torch/_dynamo/guards.py:2611] [96/1] [__recompiles]     triggered by the following guard failure(s):
V0419 14:20:14.625573 47978020455680 torch/_dynamo/guards.py:2611] [96/1] [__recompiles]     - tensor 'L['___stack0']' size mismatch at index 0. expected 778, actual 796
V0419 14:20:14.737677 47978020455680 torch/_dynamo/guards.py:2611] [57/3] [__recompiles] Recompiling function __setitem__ in /work2/09808/mp46753/frontera/ML_Project/miniconda3/envs/txgnn_env/lib/python3.8/site-packages/dgl/view.py:82
V0419 14:20:14.737677 47978020455680 torch/_dynamo/guards.py:2611] [57/3] [__recompiles]     triggered by the following guard failure(s):
V0419 14:20:14.737677 47978020455680 torch/_dynamo/guards.py:2611] [57/3] [__recompiles]     - tensor 'L['val']' requires_grad mismatch. expected requires_grad=0
V0419 14:20:14.737677 47978020455680 torch/_dynamo/guards.py:2611] [57/3] [__recompiles]     - tensor 'L['val']' size mismatch at index 0. expected 778, actual 796
V0419 14:20:14.737677 47978020455680 torch/_dynamo/guards.py:2611] [57/3] [__recompiles]     - tensor 'L['val']' requires_grad mismatch. expected requires_grad=0
V0419 14:20:14.759670 47978020455680 torch/_dynamo/guards.py:2611] [61/3] [__recompiles] Recompiling function __setitem__ in /work2/09808/mp46753/frontera/ML_Project/miniconda3/envs/txgnn_env/lib/python3.8/site-packages/dgl/frame.py:690
V0419 14:20:14.759670 47978020455680 torch/_dynamo/guards.py:2611] [61/3] [__recompiles]     triggered by the following guard failure(s):
V0419 14:20:14.759670 47978020455680 torch/_dynamo/guards.py:2611] [61/3] [__recompiles]     - tensor 'L['data']' requires_grad mismatch. expected requires_grad=0
V0419 14:20:14.759670 47978020455680 torch/_dynamo/guards.py:2611] [61/3] [__recompiles]     - tensor 'L['data']' size mismatch at index 0. expected 778, actual 796
V0419 14:20:14.759670 47978020455680 torch/_dynamo/guards.py:2611] [61/3] [__recompiles]     - tensor 'L['data']' requires_grad mismatch. expected requires_grad=0
V0419 14:20:14.780373 47978020455680 torch/_dynamo/guards.py:2611] [62/3] [__recompiles] Recompiling function update_column in /work2/09808/mp46753/frontera/ML_Project/miniconda3/envs/txgnn_env/lib/python3.8/site-packages/dgl/frame.py:772
V0419 14:20:14.780373 47978020455680 torch/_dynamo/guards.py:2611] [62/3] [__recompiles]     triggered by the following guard failure(s):
V0419 14:20:14.780373 47978020455680 torch/_dynamo/guards.py:2611] [62/3] [__recompiles]     - tensor 'L['data']' requires_grad mismatch. expected requires_grad=0
V0419 14:20:14.780373 47978020455680 torch/_dynamo/guards.py:2611] [62/3] [__recompiles]     - tensor 'L['data']' size mismatch at index 0. expected 778, actual 796
V0419 14:20:14.780373 47978020455680 torch/_dynamo/guards.py:2611] [62/3] [__recompiles]     - tensor 'L['data']' requires_grad mismatch. expected requires_grad=0
V0419 14:20:14.801136 47978020455680 torch/_dynamo/guards.py:2611] [63/3] [__recompiles] Recompiling function create in /work2/09808/mp46753/frontera/ML_Project/miniconda3/envs/txgnn_env/lib/python3.8/site-packages/dgl/frame.py:472
V0419 14:20:14.801136 47978020455680 torch/_dynamo/guards.py:2611] [63/3] [__recompiles]     triggered by the following guard failure(s):
V0419 14:20:14.801136 47978020455680 torch/_dynamo/guards.py:2611] [63/3] [__recompiles]     - tensor 'L['data']' requires_grad mismatch. expected requires_grad=0
V0419 14:20:14.801136 47978020455680 torch/_dynamo/guards.py:2611] [63/3] [__recompiles]     - tensor 'L['data']' size mismatch at index 0. expected 778, actual 796
V0419 14:20:14.801136 47978020455680 torch/_dynamo/guards.py:2611] [63/3] [__recompiles]     - tensor 'L['data']' requires_grad mismatch. expected requires_grad=0
V0419 14:20:14.819904 47978020455680 torch/_dynamo/guards.py:2611] [64/3] [__recompiles] Recompiling function __init__ in /work2/09808/mp46753/frontera/ML_Project/miniconda3/envs/txgnn_env/lib/python3.8/site-packages/dgl/frame.py:210
V0419 14:20:14.819904 47978020455680 torch/_dynamo/guards.py:2611] [64/3] [__recompiles]     triggered by the following guard failure(s):
V0419 14:20:14.819904 47978020455680 torch/_dynamo/guards.py:2611] [64/3] [__recompiles]     - tensor 'L['storage']' requires_grad mismatch. expected requires_grad=0
V0419 14:20:14.819904 47978020455680 torch/_dynamo/guards.py:2611] [64/3] [__recompiles]     - tensor 'L['storage']' size mismatch at index 0. expected 778, actual 796
V0419 14:20:14.819904 47978020455680 torch/_dynamo/guards.py:2611] [64/3] [__recompiles]     - tensor 'L['storage']' requires_grad mismatch. expected requires_grad=0
V0419 14:20:14.840761 47978020455680 torch/_dynamo/guards.py:2611] [65/3] [__recompiles] Recompiling function infer_scheme in /work2/09808/mp46753/frontera/ML_Project/miniconda3/envs/txgnn_env/lib/python3.8/site-packages/dgl/frame.py:151
V0419 14:20:14.840761 47978020455680 torch/_dynamo/guards.py:2611] [65/3] [__recompiles]     triggered by the following guard failure(s):
V0419 14:20:14.840761 47978020455680 torch/_dynamo/guards.py:2611] [65/3] [__recompiles]     - tensor 'L['tensor']' requires_grad mismatch. expected requires_grad=0
V0419 14:20:14.840761 47978020455680 torch/_dynamo/guards.py:2611] [65/3] [__recompiles]     - tensor 'L['tensor']' size mismatch at index 0. expected 778, actual 796
V0419 14:20:14.840761 47978020455680 torch/_dynamo/guards.py:2611] [65/3] [__recompiles]     - tensor 'L['tensor']' requires_grad mismatch. expected requires_grad=0
V0419 14:20:14.888508 47978020455680 torch/_dynamo/guards.py:2611] [68/3] [__recompiles] Recompiling function func in /work2/09808/mp46753/frontera/ML_Project/miniconda3/envs/txgnn_env/lib/python3.8/site-packages/dgl/ops/spmm.py:213
V0419 14:20:14.888508 47978020455680 torch/_dynamo/guards.py:2611] [68/3] [__recompiles]     triggered by the following guard failure(s):
V0419 14:20:14.888508 47978020455680 torch/_dynamo/guards.py:2611] [68/3] [__recompiles]     - tensor 'L['x']' requires_grad mismatch. expected requires_grad=0
V0419 14:20:14.888508 47978020455680 torch/_dynamo/guards.py:2611] [68/3] [__recompiles]     - tensor 'L['x']' size mismatch at index 0. expected 778, actual 796
V0419 14:20:14.888508 47978020455680 torch/_dynamo/guards.py:2611] [68/3] [__recompiles]     - tensor 'L['x']' requires_grad mismatch. expected requires_grad=0
V0419 14:20:14.903059 47978020455680 torch/_dynamo/guards.py:2611] [70/3] [__recompiles] Recompiling function torch_dynamo_resume_in_gspmm_at_75 in /work2/09808/mp46753/frontera/ML_Project/miniconda3/envs/txgnn_env/lib/python3.8/site-packages/dgl/ops/spmm.py:75
V0419 14:20:14.903059 47978020455680 torch/_dynamo/guards.py:2611] [70/3] [__recompiles]     triggered by the following guard failure(s):
V0419 14:20:14.903059 47978020455680 torch/_dynamo/guards.py:2611] [70/3] [__recompiles]     - tensor 'L['lhs_data']' requires_grad mismatch. expected requires_grad=0
V0419 14:20:14.903059 47978020455680 torch/_dynamo/guards.py:2611] [70/3] [__recompiles]     - tensor 'L['lhs_data']' size mismatch at index 0. expected 778, actual 796
V0419 14:20:14.903059 47978020455680 torch/_dynamo/guards.py:2611] [70/3] [__recompiles]     - tensor 'L['lhs_data']' requires_grad mismatch. expected requires_grad=0
V0419 14:20:14.922317 47978020455680 torch/_dynamo/guards.py:2611] [74/3] [__recompiles] Recompiling function forward in /work2/09808/mp46753/frontera/ML_Project/miniconda3/envs/txgnn_env/lib/python3.8/site-packages/dgl/backend/pytorch/sparse.py:163
V0419 14:20:14.922317 47978020455680 torch/_dynamo/guards.py:2611] [74/3] [__recompiles]     triggered by the following guard failure(s):
V0419 14:20:14.922317 47978020455680 torch/_dynamo/guards.py:2611] [74/3] [__recompiles]     - tensor 'L['X']' requires_grad mismatch. expected requires_grad=0
V0419 14:20:14.922317 47978020455680 torch/_dynamo/guards.py:2611] [74/3] [__recompiles]     - tensor 'L['X']' size mismatch at index 0. expected 778, actual 796
V0419 14:20:14.922317 47978020455680 torch/_dynamo/guards.py:2611] [74/3] [__recompiles]     - tensor 'L['X']' requires_grad mismatch. expected requires_grad=0
/work2/09808/mp46753/frontera/ML_Project/miniconda3/envs/txgnn_env/lib/python3.8/site-packages/dgl/dataloading/dataloader.py:1144: DGLWarning: Dataloader CPU affinity opt is not enabled, consider switching it on (see enable_cpu_affinity() or CPU best practices for DGL [https://docs.dgl.ai/tutorials/cpu/cpu_best_practises.html])
  dgl_warning(
/work2/09808/mp46753/frontera/ML_Project/miniconda3/envs/txgnn_env/lib/python3.8/site-packages/dgl/heterograph.py:92: DGLWarning: Recommend creating graphs by `dgl.graph(data)` instead of `dgl.DGLGraph(data)`.
  dgl_warning(
V0419 14:20:15.190080 47978020455680 torch/_dynamo/guards.py:2611] [15/2] [__recompiles] Recompiling function _dispatch in /work2/09808/mp46753/frontera/ML_Project/miniconda3/envs/txgnn_env/lib/python3.8/site-packages/dgl/utils/internal.py:65
V0419 14:20:15.190080 47978020455680 torch/_dynamo/guards.py:2611] [15/2] [__recompiles]     triggered by the following guard failure(s):
V0419 14:20:15.190080 47978020455680 torch/_dynamo/guards.py:2611] [15/2] [__recompiles]     - L['data'][0] == 796                                           # _dynamo/output_graph.py:452 in init_ambient_guards
V0419 14:20:15.190080 47978020455680 torch/_dynamo/guards.py:2611] [15/2] [__recompiles]     - L['data'][0] == 778                                         
/work2/09808/mp46753/frontera/ML_Project/miniconda3/envs/txgnn_env/lib/python3.8/site-packages/dgl/dataloading/dataloader.py:1144: DGLWarning: Dataloader CPU affinity opt is not enabled, consider switching it on (see enable_cpu_affinity() or CPU best practices for DGL [https://docs.dgl.ai/tutorials/cpu/cpu_best_practises.html])
  dgl_warning(
/work2/09808/mp46753/frontera/ML_Project/miniconda3/envs/txgnn_env/lib/python3.8/site-packages/dgl/heterograph.py:92: DGLWarning: Recommend creating graphs by `dgl.graph(data)` instead of `dgl.DGLGraph(data)`.
  dgl_warning(
V0419 14:20:20.883283 47978020455680 torch/_dynamo/guards.py:2611] [15/3] [__recompiles] Recompiling function _dispatch in /work2/09808/mp46753/frontera/ML_Project/miniconda3/envs/txgnn_env/lib/python3.8/site-packages/dgl/utils/internal.py:65
V0419 14:20:20.883283 47978020455680 torch/_dynamo/guards.py:2611] [15/3] [__recompiles]     triggered by the following guard failure(s):
V0419 14:20:20.883283 47978020455680 torch/_dynamo/guards.py:2611] [15/3] [__recompiles]     - L['data'][0] == 785                                           # _dynamo/output_graph.py:452 in init_ambient_guards
V0419 14:20:20.883283 47978020455680 torch/_dynamo/guards.py:2611] [15/3] [__recompiles]     - L['data'][0] == 796                                           # _dynamo/output_graph.py:452 in init_ambient_guards
V0419 14:20:20.883283 47978020455680 torch/_dynamo/guards.py:2611] [15/3] [__recompiles]     - L['data'][0] == 778                                         
/work2/09808/mp46753/frontera/ML_Project/miniconda3/envs/txgnn_env/lib/python3.8/site-packages/dgl/dataloading/dataloader.py:1144: DGLWarning: Dataloader CPU affinity opt is not enabled, consider switching it on (see enable_cpu_affinity() or CPU best practices for DGL [https://docs.dgl.ai/tutorials/cpu/cpu_best_practises.html])
  dgl_warning(
/work2/09808/mp46753/frontera/ML_Project/miniconda3/envs/txgnn_env/lib/python3.8/site-packages/dgl/heterograph.py:92: DGLWarning: Recommend creating graphs by `dgl.graph(data)` instead of `dgl.DGLGraph(data)`.
  dgl_warning(
V0419 14:20:26.830380 47978020455680 torch/_dynamo/guards.py:2611] [15/4] [__recompiles] Recompiling function _dispatch in /work2/09808/mp46753/frontera/ML_Project/miniconda3/envs/txgnn_env/lib/python3.8/site-packages/dgl/utils/internal.py:65
V0419 14:20:26.830380 47978020455680 torch/_dynamo/guards.py:2611] [15/4] [__recompiles]     triggered by the following guard failure(s):
V0419 14:20:26.830380 47978020455680 torch/_dynamo/guards.py:2611] [15/4] [__recompiles]     - L['data'][0] == 750                                           # _dynamo/output_graph.py:452 in init_ambient_guards
V0419 14:20:26.830380 47978020455680 torch/_dynamo/guards.py:2611] [15/4] [__recompiles]     - L['data'][0] == 785                                           # _dynamo/output_graph.py:452 in init_ambient_guards
V0419 14:20:26.830380 47978020455680 torch/_dynamo/guards.py:2611] [15/4] [__recompiles]     - L['data'][0] == 796                                           # _dynamo/output_graph.py:452 in init_ambient_guards
V0419 14:20:26.830380 47978020455680 torch/_dynamo/guards.py:2611] [15/4] [__recompiles]     - L['data'][0] == 778                                         
/work2/09808/mp46753/frontera/ML_Project/miniconda3/envs/txgnn_env/lib/python3.8/site-packages/dgl/dataloading/dataloader.py:1144: DGLWarning: Dataloader CPU affinity opt is not enabled, consider switching it on (see enable_cpu_affinity() or CPU best practices for DGL [https://docs.dgl.ai/tutorials/cpu/cpu_best_practises.html])
  dgl_warning(
/work2/09808/mp46753/frontera/ML_Project/miniconda3/envs/txgnn_env/lib/python3.8/site-packages/dgl/heterograph.py:92: DGLWarning: Recommend creating graphs by `dgl.graph(data)` instead of `dgl.DGLGraph(data)`.
  dgl_warning(
V0419 14:20:32.068950 47978020455680 torch/_dynamo/guards.py:2611] [15/5] [__recompiles] Recompiling function _dispatch in /work2/09808/mp46753/frontera/ML_Project/miniconda3/envs/txgnn_env/lib/python3.8/site-packages/dgl/utils/internal.py:65
V0419 14:20:32.068950 47978020455680 torch/_dynamo/guards.py:2611] [15/5] [__recompiles]     triggered by the following guard failure(s):
V0419 14:20:32.068950 47978020455680 torch/_dynamo/guards.py:2611] [15/5] [__recompiles]     - L['data'][0] == 777                                           # _dynamo/output_graph.py:452 in init_ambient_guards
V0419 14:20:32.068950 47978020455680 torch/_dynamo/guards.py:2611] [15/5] [__recompiles]     - L['data'][0] == 750                                           # _dynamo/output_graph.py:452 in init_ambient_guards
V0419 14:20:32.068950 47978020455680 torch/_dynamo/guards.py:2611] [15/5] [__recompiles]     - L['data'][0] == 785                                           # _dynamo/output_graph.py:452 in init_ambient_guards
V0419 14:20:32.068950 47978020455680 torch/_dynamo/guards.py:2611] [15/5] [__recompiles]     - L['data'][0] == 796                                           # _dynamo/output_graph.py:452 in init_ambient_guards
V0419 14:20:32.068950 47978020455680 torch/_dynamo/guards.py:2611] [15/5] [__recompiles]     - L['data'][0] == 778                                         
/work2/09808/mp46753/frontera/ML_Project/miniconda3/envs/txgnn_env/lib/python3.8/site-packages/dgl/dataloading/dataloader.py:1144: DGLWarning: Dataloader CPU affinity opt is not enabled, consider switching it on (see enable_cpu_affinity() or CPU best practices for DGL [https://docs.dgl.ai/tutorials/cpu/cpu_best_practises.html])
  dgl_warning(
/work2/09808/mp46753/frontera/ML_Project/miniconda3/envs/txgnn_env/lib/python3.8/site-packages/dgl/heterograph.py:92: DGLWarning: Recommend creating graphs by `dgl.graph(data)` instead of `dgl.DGLGraph(data)`.
  dgl_warning(
V0419 14:20:37.272577 47978020455680 torch/_dynamo/guards.py:2611] [15/6] [__recompiles] Recompiling function _dispatch in /work2/09808/mp46753/frontera/ML_Project/miniconda3/envs/txgnn_env/lib/python3.8/site-packages/dgl/utils/internal.py:65
V0419 14:20:37.272577 47978020455680 torch/_dynamo/guards.py:2611] [15/6] [__recompiles]     triggered by the following guard failure(s):
V0419 14:20:37.272577 47978020455680 torch/_dynamo/guards.py:2611] [15/6] [__recompiles]     - L['data'][0] == 782                                           # _dynamo/output_graph.py:452 in init_ambient_guards
V0419 14:20:37.272577 47978020455680 torch/_dynamo/guards.py:2611] [15/6] [__recompiles]     - L['data'][0] == 777                                           # _dynamo/output_graph.py:452 in init_ambient_guards
V0419 14:20:37.272577 47978020455680 torch/_dynamo/guards.py:2611] [15/6] [__recompiles]     - L['data'][0] == 750                                           # _dynamo/output_graph.py:452 in init_ambient_guards
V0419 14:20:37.272577 47978020455680 torch/_dynamo/guards.py:2611] [15/6] [__recompiles]     - L['data'][0] == 785                                           # _dynamo/output_graph.py:452 in init_ambient_guards
V0419 14:20:37.272577 47978020455680 torch/_dynamo/guards.py:2611] [15/6] [__recompiles]     - L['data'][0] == 796                                           # _dynamo/output_graph.py:452 in init_ambient_guards
V0419 14:20:37.272577 47978020455680 torch/_dynamo/guards.py:2611] [15/6] [__recompiles]     - L['data'][0] == 778                                         
/work2/09808/mp46753/frontera/ML_Project/miniconda3/envs/txgnn_env/lib/python3.8/site-packages/dgl/dataloading/dataloader.py:1144: DGLWarning: Dataloader CPU affinity opt is not enabled, consider switching it on (see enable_cpu_affinity() or CPU best practices for DGL [https://docs.dgl.ai/tutorials/cpu/cpu_best_practises.html])
  dgl_warning(
/work2/09808/mp46753/frontera/ML_Project/miniconda3/envs/txgnn_env/lib/python3.8/site-packages/dgl/heterograph.py:92: DGLWarning: Recommend creating graphs by `dgl.graph(data)` instead of `dgl.DGLGraph(data)`.
  dgl_warning(
V0419 14:20:42.801645 47978020455680 torch/_dynamo/guards.py:2611] [15/7] [__recompiles] Recompiling function _dispatch in /work2/09808/mp46753/frontera/ML_Project/miniconda3/envs/txgnn_env/lib/python3.8/site-packages/dgl/utils/internal.py:65
V0419 14:20:42.801645 47978020455680 torch/_dynamo/guards.py:2611] [15/7] [__recompiles]     triggered by the following guard failure(s):
V0419 14:20:42.801645 47978020455680 torch/_dynamo/guards.py:2611] [15/7] [__recompiles]     - L['data'][0] == 792                                           # _dynamo/output_graph.py:452 in init_ambient_guards
V0419 14:20:42.801645 47978020455680 torch/_dynamo/guards.py:2611] [15/7] [__recompiles]     - L['data'][0] == 782                                           # _dynamo/output_graph.py:452 in init_ambient_guards
V0419 14:20:42.801645 47978020455680 torch/_dynamo/guards.py:2611] [15/7] [__recompiles]     - L['data'][0] == 777                                           # _dynamo/output_graph.py:452 in init_ambient_guards
V0419 14:20:42.801645 47978020455680 torch/_dynamo/guards.py:2611] [15/7] [__recompiles]     - L['data'][0] == 750                                           # _dynamo/output_graph.py:452 in init_ambient_guards
V0419 14:20:42.801645 47978020455680 torch/_dynamo/guards.py:2611] [15/7] [__recompiles]     - L['data'][0] == 785                                           # _dynamo/output_graph.py:452 in init_ambient_guards
V0419 14:20:42.801645 47978020455680 torch/_dynamo/guards.py:2611] [15/7] [__recompiles]     - L['data'][0] == 796                                           # _dynamo/output_graph.py:452 in init_ambient_guards
V0419 14:20:42.801645 47978020455680 torch/_dynamo/guards.py:2611] [15/7] [__recompiles]     - L['data'][0] == 778                                         
/work2/09808/mp46753/frontera/ML_Project/miniconda3/envs/txgnn_env/lib/python3.8/site-packages/dgl/dataloading/dataloader.py:1144: DGLWarning: Dataloader CPU affinity opt is not enabled, consider switching it on (see enable_cpu_affinity() or CPU best practices for DGL [https://docs.dgl.ai/tutorials/cpu/cpu_best_practises.html])
  dgl_warning(
/work2/09808/mp46753/frontera/ML_Project/miniconda3/envs/txgnn_env/lib/python3.8/site-packages/dgl/heterograph.py:92: DGLWarning: Recommend creating graphs by `dgl.graph(data)` instead of `dgl.DGLGraph(data)`.
  dgl_warning(
V0419 14:20:48.209129 47978020455680 torch/_dynamo/guards.py:2611] [15/8] [__recompiles] Recompiling function _dispatch in /work2/09808/mp46753/frontera/ML_Project/miniconda3/envs/txgnn_env/lib/python3.8/site-packages/dgl/utils/internal.py:65
V0419 14:20:48.209129 47978020455680 torch/_dynamo/guards.py:2611] [15/8] [__recompiles]     triggered by the following guard failure(s):
V0419 14:20:48.209129 47978020455680 torch/_dynamo/guards.py:2611] [15/8] [__recompiles]     - L['data'][0] == 777                                           # _dynamo/output_graph.py:452 in init_ambient_guards
V0419 14:20:48.209129 47978020455680 torch/_dynamo/guards.py:2611] [15/8] [__recompiles]     - L['data'][0] == 775                                           # _dynamo/output_graph.py:452 in init_ambient_guards
V0419 14:20:48.209129 47978020455680 torch/_dynamo/guards.py:2611] [15/8] [__recompiles]     - L['data'][0] == 792                                           # _dynamo/output_graph.py:452 in init_ambient_guards
V0419 14:20:48.209129 47978020455680 torch/_dynamo/guards.py:2611] [15/8] [__recompiles]     - L['data'][0] == 782                                           # _dynamo/output_graph.py:452 in init_ambient_guards
V0419 14:20:48.209129 47978020455680 torch/_dynamo/guards.py:2611] [15/8] [__recompiles]     - L['data'][0] == 750                                           # _dynamo/output_graph.py:452 in init_ambient_guards
V0419 14:20:48.209129 47978020455680 torch/_dynamo/guards.py:2611] [15/8] [__recompiles]     - L['data'][0] == 785                                           # _dynamo/output_graph.py:452 in init_ambient_guards
V0419 14:20:48.209129 47978020455680 torch/_dynamo/guards.py:2611] [15/8] [__recompiles]     - L['data'][0] == 796                                           # _dynamo/output_graph.py:452 in init_ambient_guards
V0419 14:20:48.209129 47978020455680 torch/_dynamo/guards.py:2611] [15/8] [__recompiles]     - L['data'][0] == 778                                         
W0419 14:20:48.209332 47978020455680 torch/_dynamo/convert_frame.py:762] [15/8] torch._dynamo hit config.cache_size_limit (8)
W0419 14:20:48.209332 47978020455680 torch/_dynamo/convert_frame.py:762] [15/8]    function: '_dispatch' (/work2/09808/mp46753/frontera/ML_Project/miniconda3/envs/txgnn_env/lib/python3.8/site-packages/dgl/utils/internal.py:65)
W0419 14:20:48.209332 47978020455680 torch/_dynamo/convert_frame.py:762] [15/8]    last reason: L['data'][0] == 778                                         
W0419 14:20:48.209332 47978020455680 torch/_dynamo/convert_frame.py:762] [15/8] To log all recompilation reasons, use TORCH_LOGS="recompiles".
W0419 14:20:48.209332 47978020455680 torch/_dynamo/convert_frame.py:762] [15/8] To diagnose recompilation issues, see https://pytorch.org/docs/main/torch.compiler_troubleshooting.html.
/work2/09808/mp46753/frontera/ML_Project/miniconda3/envs/txgnn_env/lib/python3.8/site-packages/dgl/dataloading/dataloader.py:1144: DGLWarning: Dataloader CPU affinity opt is not enabled, consider switching it on (see enable_cpu_affinity() or CPU best practices for DGL [https://docs.dgl.ai/tutorials/cpu/cpu_best_practises.html])
  dgl_warning(
/work2/09808/mp46753/frontera/ML_Project/miniconda3/envs/txgnn_env/lib/python3.8/site-packages/dgl/heterograph.py:92: DGLWarning: Recommend creating graphs by `dgl.graph(data)` instead of `dgl.DGLGraph(data)`.
  dgl_warning(
Compiling model with torch.compile()...
Saved sparsity snapshot to outputs_compiled/tran/citeseer/SAGE/seed_0/sparsity_before.csv
                               layer_name  num_elements    sparsity
0  _orig_mod.encoder.graph_layer_1.weight      13712209   49.980452
1    _orig_mod.encoder.graph_layer_1.bias          3703  100.000000
2  _orig_mod.encoder.graph_layer_2.weight        473984   50.075952
3    _orig_mod.encoder.graph_layer_2.bias           128  100.000000
4      _orig_mod.encoder.decoder_1.weight      13712209   49.997057
5        _orig_mod.encoder.decoder_1.bias          3703   50.418580
6      _orig_mod.encoder.decoder_2.weight      13712209   49.985301
7        _orig_mod.encoder.decoder_2.bias          3703   50.634621
8         _orig_mod.encoder.linear.weight           768   52.473958
9           _orig_mod.encoder.linear.bias             6   50.000000
Saved sparsity snapshot to outputs_compiled/tran/citeseer/SAGE/seed_0/sparsity_after.csv
                               layer_name  num_elements   sparsity
0  _orig_mod.encoder.graph_layer_1.weight      13712209  63.577801
1    _orig_mod.encoder.graph_layer_1.bias          3703  82.662706
2  _orig_mod.encoder.graph_layer_2.weight        473984  50.256760
3    _orig_mod.encoder.graph_layer_2.bias           128  74.218750
4      _orig_mod.encoder.decoder_1.weight      13712209  49.893901
5        _orig_mod.encoder.decoder_1.bias          3703  49.554415
6      _orig_mod.encoder.decoder_2.weight      13712209  49.980838
7        _orig_mod.encoder.decoder_2.bias          3703  48.960302
8         _orig_mod.encoder.linear.weight           768  47.786458
9           _orig_mod.encoder.linear.bias             6  50.000000
Saved forward timing report to outputs_compiled/tran/citeseer/SAGE/seed_0/forward_times.csv
                         layer_name  avg_forward_time_ms  num_calls
0         _orig_mod.encoder.dropout             0.002190       3005
1   _orig_mod.encoder.graph_layer_1             0.002899       3005
2   _orig_mod.encoder.graph_layer_2             0.002488       3005
3       _orig_mod.encoder.decoder_1             0.002295       3005
4       _orig_mod.encoder.decoder_2             0.002325       3005
5          _orig_mod.encoder.linear             0.000623       3005
6   _orig_mod.encoder.vq.project_in             0.002179       3005
7  _orig_mod.encoder.vq.project_out             0.002574       3005
8    _orig_mod.encoder.vq._codebook             0.003429       3005
CPU Memory Usage: 1256.17 MB
Max GPU Memory Used: 1496.14 MB
