/work2/09808/mp46753/frontera/ML_Project/VQGraph/vq.py:283: FutureWarning: `torch.cuda.amp.autocast(args...)` is deprecated. Please use `torch.amp.autocast('cuda', args...)` instead.
  @autocast(enabled=False)
/work2/09808/mp46753/frontera/ML_Project/VQGraph/vq.py:418: FutureWarning: `torch.cuda.amp.autocast(args...)` is deprecated. Please use `torch.amp.autocast('cuda', args...)` instead.
  @autocast(enabled=False)
/work2/09808/mp46753/frontera/ML_Project/miniconda3/envs/txgnn_env/lib/python3.8/site-packages/torch/_dynamo/variables/functions.py:663: UserWarning: Graph break due to unsupported builtin torch._C._to_dlpack. This function is either a Python builtin (e.g. _warnings.warn) or a third-party C/C++ Python extension (perhaps created with pybind). If it is a Python builtin, please file an issue on GitHub so the PyTorch team can add support for it and see the next case for a workaround. If it is a third-party C/C++ Python extension, please either wrap it into a PyTorch-understood custom operator (see https://pytorch.org/tutorials/advanced/custom_ops_landing_page.html for more details) or, if it is traceable, use torch.compiler.allow_in_graph.
  torch._dynamo.utils.warn_once(msg)
W0419 14:16:27.896672 47565318530304 torch/_dynamo/variables/tensor.py:715] [27/0] Graph break from `Tensor.item()`, consider setting:
W0419 14:16:27.896672 47565318530304 torch/_dynamo/variables/tensor.py:715] [27/0]     torch._dynamo.config.capture_scalar_outputs = True
W0419 14:16:27.896672 47565318530304 torch/_dynamo/variables/tensor.py:715] [27/0] or:
W0419 14:16:27.896672 47565318530304 torch/_dynamo/variables/tensor.py:715] [27/0]     env TORCHDYNAMO_CAPTURE_SCALAR_OUTPUTS=1
W0419 14:16:27.896672 47565318530304 torch/_dynamo/variables/tensor.py:715] [27/0] to include these operations in the captured graph.
W0419 14:16:27.896672 47565318530304 torch/_dynamo/variables/tensor.py:715] [27/0] 
V0419 14:16:29.085928 47565318530304 torch/_dynamo/guards.py:2611] [23/1] [__recompiles] Recompiling function zerocopy_to_dgl_ndarray in /work2/09808/mp46753/frontera/ML_Project/miniconda3/envs/txgnn_env/lib/python3.8/site-packages/dgl/backend/pytorch/tensor.py:432
V0419 14:16:29.085928 47565318530304 torch/_dynamo/guards.py:2611] [23/1] [__recompiles]     triggered by the following guard failure(s):
V0419 14:16:29.085928 47565318530304 torch/_dynamo/guards.py:2611] [23/1] [__recompiles]     - GLOBAL_STATE changed: grad_mode 
V0419 14:16:29.145220 47565318530304 torch/_dynamo/guards.py:2611] [24/1] [__recompiles] Recompiling function torch_dynamo_resume_in_zerocopy_to_dgl_ndarray_at_435 in /work2/09808/mp46753/frontera/ML_Project/miniconda3/envs/txgnn_env/lib/python3.8/site-packages/dgl/backend/pytorch/tensor.py:435
V0419 14:16:29.145220 47565318530304 torch/_dynamo/guards.py:2611] [24/1] [__recompiles]     triggered by the following guard failure(s):
V0419 14:16:29.145220 47565318530304 torch/_dynamo/guards.py:2611] [24/1] [__recompiles]     - GLOBAL_STATE changed: grad_mode 
/work2/09808/mp46753/frontera/ML_Project/miniconda3/envs/txgnn_env/lib/python3.8/site-packages/torch/_dynamo/variables/functions.py:663: UserWarning: Graph break due to unsupported builtin time.perf_counter. This function is either a Python builtin (e.g. _warnings.warn) or a third-party C/C++ Python extension (perhaps created with pybind). If it is a Python builtin, please file an issue on GitHub so the PyTorch team can add support for it and see the next case for a workaround. If it is a third-party C/C++ Python extension, please either wrap it into a PyTorch-understood custom operator (see https://pytorch.org/tutorials/advanced/custom_ops_landing_page.html for more details) or, if it is traceable, use torch.compiler.allow_in_graph.
  torch._dynamo.utils.warn_once(msg)
V0419 14:16:30.334170 47565318530304 torch/_dynamo/guards.py:2611] [60/1] [__recompiles] Recompiling function torch_dynamo_resume_in_hook_at_10 in /work2/09808/mp46753/frontera/ML_Project/VQGraph/benchmark_utils.py:10
V0419 14:16:30.334170 47565318530304 torch/_dynamo/guards.py:2611] [60/1] [__recompiles]     triggered by the following guard failure(s):
V0419 14:16:30.334170 47565318530304 torch/_dynamo/guards.py:2611] [60/1] [__recompiles]     - L['___stack0'] == 199694.101758596                          
V0419 14:16:30.473720 47565318530304 torch/_dynamo/guards.py:2611] [60/2] [__recompiles] Recompiling function torch_dynamo_resume_in_hook_at_10 in /work2/09808/mp46753/frontera/ML_Project/VQGraph/benchmark_utils.py:10
V0419 14:16:30.473720 47565318530304 torch/_dynamo/guards.py:2611] [60/2] [__recompiles]     triggered by the following guard failure(s):
V0419 14:16:30.473720 47565318530304 torch/_dynamo/guards.py:2611] [60/2] [__recompiles]     - L['___stack0'] == 199694.42077445                           
V0419 14:16:30.473720 47565318530304 torch/_dynamo/guards.py:2611] [60/2] [__recompiles]     - L['___stack0'] == 199694.101758596                          
V0419 14:16:32.091870 47565318530304 torch/_dynamo/guards.py:2611] [60/3] [__recompiles] Recompiling function torch_dynamo_resume_in_hook_at_10 in /work2/09808/mp46753/frontera/ML_Project/VQGraph/benchmark_utils.py:10
V0419 14:16:32.091870 47565318530304 torch/_dynamo/guards.py:2611] [60/3] [__recompiles]     triggered by the following guard failure(s):
V0419 14:16:32.091870 47565318530304 torch/_dynamo/guards.py:2611] [60/3] [__recompiles]     - L['___stack0'] == 199694.560341846                          
V0419 14:16:32.091870 47565318530304 torch/_dynamo/guards.py:2611] [60/3] [__recompiles]     - L['___stack0'] == 199694.42077445                           
V0419 14:16:32.091870 47565318530304 torch/_dynamo/guards.py:2611] [60/3] [__recompiles]     - L['___stack0'] == 199694.101758596                          
V0419 14:16:32.865848 47565318530304 torch/_dynamo/guards.py:2611] [60/4] [__recompiles] Recompiling function torch_dynamo_resume_in_hook_at_10 in /work2/09808/mp46753/frontera/ML_Project/VQGraph/benchmark_utils.py:10
V0419 14:16:32.865848 47565318530304 torch/_dynamo/guards.py:2611] [60/4] [__recompiles]     triggered by the following guard failure(s):
V0419 14:16:32.865848 47565318530304 torch/_dynamo/guards.py:2611] [60/4] [__recompiles]     - L['___stack0'] == 199696.178247717                          
V0419 14:16:32.865848 47565318530304 torch/_dynamo/guards.py:2611] [60/4] [__recompiles]     - L['___stack0'] == 199694.560341846                          
V0419 14:16:32.865848 47565318530304 torch/_dynamo/guards.py:2611] [60/4] [__recompiles]     - L['___stack0'] == 199694.42077445                           
V0419 14:16:32.865848 47565318530304 torch/_dynamo/guards.py:2611] [60/4] [__recompiles]     - L['___stack0'] == 199694.101758596                          
V0419 14:16:32.999200 47565318530304 torch/_dynamo/guards.py:2611] [60/5] [__recompiles] Recompiling function torch_dynamo_resume_in_hook_at_10 in /work2/09808/mp46753/frontera/ML_Project/VQGraph/benchmark_utils.py:10
V0419 14:16:32.999200 47565318530304 torch/_dynamo/guards.py:2611] [60/5] [__recompiles]     triggered by the following guard failure(s):
V0419 14:16:32.999200 47565318530304 torch/_dynamo/guards.py:2611] [60/5] [__recompiles]     - L['___stack0'] == 199696.952263562                          
V0419 14:16:32.999200 47565318530304 torch/_dynamo/guards.py:2611] [60/5] [__recompiles]     - L['___stack0'] == 199696.178247717                          
V0419 14:16:32.999200 47565318530304 torch/_dynamo/guards.py:2611] [60/5] [__recompiles]     - L['___stack0'] == 199694.560341846                          
V0419 14:16:32.999200 47565318530304 torch/_dynamo/guards.py:2611] [60/5] [__recompiles]     - L['___stack0'] == 199694.42077445                           
V0419 14:16:32.999200 47565318530304 torch/_dynamo/guards.py:2611] [60/5] [__recompiles]     - L['___stack0'] == 199694.101758596                          
V0419 14:16:33.040263 47565318530304 torch/_dynamo/guards.py:2611] [60/6] [__recompiles] Recompiling function torch_dynamo_resume_in_hook_at_10 in /work2/09808/mp46753/frontera/ML_Project/VQGraph/benchmark_utils.py:10
V0419 14:16:33.040263 47565318530304 torch/_dynamo/guards.py:2611] [60/6] [__recompiles]     triggered by the following guard failure(s):
V0419 14:16:33.040263 47565318530304 torch/_dynamo/guards.py:2611] [60/6] [__recompiles]     - L['___stack0'] == 199697.08578417                           
V0419 14:16:33.040263 47565318530304 torch/_dynamo/guards.py:2611] [60/6] [__recompiles]     - L['___stack0'] == 199696.952263562                          
V0419 14:16:33.040263 47565318530304 torch/_dynamo/guards.py:2611] [60/6] [__recompiles]     - L['___stack0'] == 199696.178247717                          
V0419 14:16:33.040263 47565318530304 torch/_dynamo/guards.py:2611] [60/6] [__recompiles]     - L['___stack0'] == 199694.560341846                          
V0419 14:16:33.040263 47565318530304 torch/_dynamo/guards.py:2611] [60/6] [__recompiles]     - L['___stack0'] == 199694.42077445                           
V0419 14:16:33.040263 47565318530304 torch/_dynamo/guards.py:2611] [60/6] [__recompiles]     - L['___stack0'] == 199694.101758596                          
V0419 14:16:33.916518 47565318530304 torch/_dynamo/guards.py:2611] [34/1] [__recompiles] Recompiling function __setitem__ in /work2/09808/mp46753/frontera/ML_Project/miniconda3/envs/txgnn_env/lib/python3.8/site-packages/dgl/view.py:82
V0419 14:16:33.916518 47565318530304 torch/_dynamo/guards.py:2611] [34/1] [__recompiles]     triggered by the following guard failure(s):
V0419 14:16:33.916518 47565318530304 torch/_dynamo/guards.py:2611] [34/1] [__recompiles]     - tensor 'L['val']' requires_grad mismatch. expected requires_grad=0
V0419 14:16:33.938765 47565318530304 torch/_dynamo/guards.py:2611] [37/1] [__recompiles] Recompiling function __setitem__ in /work2/09808/mp46753/frontera/ML_Project/miniconda3/envs/txgnn_env/lib/python3.8/site-packages/dgl/frame.py:690
V0419 14:16:33.938765 47565318530304 torch/_dynamo/guards.py:2611] [37/1] [__recompiles]     triggered by the following guard failure(s):
V0419 14:16:33.938765 47565318530304 torch/_dynamo/guards.py:2611] [37/1] [__recompiles]     - tensor 'L['data']' requires_grad mismatch. expected requires_grad=0
V0419 14:16:33.958071 47565318530304 torch/_dynamo/guards.py:2611] [38/1] [__recompiles] Recompiling function update_column in /work2/09808/mp46753/frontera/ML_Project/miniconda3/envs/txgnn_env/lib/python3.8/site-packages/dgl/frame.py:772
V0419 14:16:33.958071 47565318530304 torch/_dynamo/guards.py:2611] [38/1] [__recompiles]     triggered by the following guard failure(s):
V0419 14:16:33.958071 47565318530304 torch/_dynamo/guards.py:2611] [38/1] [__recompiles]     - tensor 'L['data']' requires_grad mismatch. expected requires_grad=0
V0419 14:16:33.977557 47565318530304 torch/_dynamo/guards.py:2611] [39/1] [__recompiles] Recompiling function infer_scheme in /work2/09808/mp46753/frontera/ML_Project/miniconda3/envs/txgnn_env/lib/python3.8/site-packages/dgl/frame.py:151
V0419 14:16:33.977557 47565318530304 torch/_dynamo/guards.py:2611] [39/1] [__recompiles]     triggered by the following guard failure(s):
V0419 14:16:33.977557 47565318530304 torch/_dynamo/guards.py:2611] [39/1] [__recompiles]     - tensor 'L['tensor']' requires_grad mismatch. expected requires_grad=0
V0419 14:16:34.024855 47565318530304 torch/_dynamo/guards.py:2611] [42/1] [__recompiles] Recompiling function func in /work2/09808/mp46753/frontera/ML_Project/miniconda3/envs/txgnn_env/lib/python3.8/site-packages/dgl/ops/spmm.py:213
V0419 14:16:34.024855 47565318530304 torch/_dynamo/guards.py:2611] [42/1] [__recompiles]     triggered by the following guard failure(s):
V0419 14:16:34.024855 47565318530304 torch/_dynamo/guards.py:2611] [42/1] [__recompiles]     - tensor 'L['x']' requires_grad mismatch. expected requires_grad=0
V0419 14:16:34.038388 47565318530304 torch/_dynamo/guards.py:2611] [44/1] [__recompiles] Recompiling function torch_dynamo_resume_in_gspmm_at_75 in /work2/09808/mp46753/frontera/ML_Project/miniconda3/envs/txgnn_env/lib/python3.8/site-packages/dgl/ops/spmm.py:75
V0419 14:16:34.038388 47565318530304 torch/_dynamo/guards.py:2611] [44/1] [__recompiles]     triggered by the following guard failure(s):
V0419 14:16:34.038388 47565318530304 torch/_dynamo/guards.py:2611] [44/1] [__recompiles]     - tensor 'L['lhs_data']' requires_grad mismatch. expected requires_grad=0
V0419 14:16:34.056807 47565318530304 torch/_dynamo/guards.py:2611] [48/1] [__recompiles] Recompiling function forward in /work2/09808/mp46753/frontera/ML_Project/miniconda3/envs/txgnn_env/lib/python3.8/site-packages/dgl/backend/pytorch/sparse.py:163
V0419 14:16:34.056807 47565318530304 torch/_dynamo/guards.py:2611] [48/1] [__recompiles]     triggered by the following guard failure(s):
V0419 14:16:34.056807 47565318530304 torch/_dynamo/guards.py:2611] [48/1] [__recompiles]     - tensor 'L['X']' requires_grad mismatch. expected requires_grad=0
V0419 14:16:34.073611 47565318530304 torch/_dynamo/guards.py:2611] [51/1] [__recompiles] Recompiling function zeros in /work2/09808/mp46753/frontera/ML_Project/miniconda3/envs/txgnn_env/lib/python3.8/site-packages/dgl/backend/pytorch/tensor.py:287
V0419 14:16:34.073611 47565318530304 torch/_dynamo/guards.py:2611] [51/1] [__recompiles]     triggered by the following guard failure(s):
V0419 14:16:34.073611 47565318530304 torch/_dynamo/guards.py:2611] [51/1] [__recompiles]     - L['shape'][1] == 3703                                       
V0419 14:16:34.350299 47565318530304 torch/_dynamo/guards.py:2611] [23/2] [__recompiles] Recompiling function zerocopy_to_dgl_ndarray in /work2/09808/mp46753/frontera/ML_Project/miniconda3/envs/txgnn_env/lib/python3.8/site-packages/dgl/backend/pytorch/tensor.py:432
V0419 14:16:34.350299 47565318530304 torch/_dynamo/guards.py:2611] [23/2] [__recompiles]     triggered by the following guard failure(s):
V0419 14:16:34.350299 47565318530304 torch/_dynamo/guards.py:2611] [23/2] [__recompiles]     - GLOBAL_STATE changed: grad_mode 
V0419 14:16:34.350299 47565318530304 torch/_dynamo/guards.py:2611] [23/2] [__recompiles]     - tensor 'L['data']' requires_grad mismatch. expected requires_grad=0
V0419 14:16:34.403873 47565318530304 torch/_dynamo/guards.py:2611] [53/1] [__recompiles] Recompiling function zerocopy_to_dgl_ndarray_for_write in /work2/09808/mp46753/frontera/ML_Project/miniconda3/envs/txgnn_env/lib/python3.8/site-packages/dgl/backend/pytorch/tensor.py:454
V0419 14:16:34.403873 47565318530304 torch/_dynamo/guards.py:2611] [53/1] [__recompiles]     triggered by the following guard failure(s):
V0419 14:16:34.403873 47565318530304 torch/_dynamo/guards.py:2611] [53/1] [__recompiles]     - tensor 'L['input']' stride mismatch at index 0. expected 3703, actual 128
V0419 14:16:34.441669 47565318530304 torch/_dynamo/guards.py:2611] [54/1] [__recompiles] Recompiling function check_is_view in /work2/09808/mp46753/frontera/ML_Project/miniconda3/envs/txgnn_env/lib/python3.8/site-packages/dgl/backend/pytorch/tensor.py:441
V0419 14:16:34.441669 47565318530304 torch/_dynamo/guards.py:2611] [54/1] [__recompiles]     triggered by the following guard failure(s):
V0419 14:16:34.441669 47565318530304 torch/_dynamo/guards.py:2611] [54/1] [__recompiles]     - tensor 'L['input']' stride mismatch at index 0. expected 3703, actual 128
V0419 14:16:34.451619 47565318530304 torch/_dynamo/guards.py:2611] [55/1] [__recompiles] Recompiling function torch_dynamo_resume_in_check_is_view_at_443 in /work2/09808/mp46753/frontera/ML_Project/miniconda3/envs/txgnn_env/lib/python3.8/site-packages/dgl/backend/pytorch/tensor.py:443
V0419 14:16:34.451619 47565318530304 torch/_dynamo/guards.py:2611] [55/1] [__recompiles]     triggered by the following guard failure(s):
V0419 14:16:34.451619 47565318530304 torch/_dynamo/guards.py:2611] [55/1] [__recompiles]     - tensor 'L['input']' stride mismatch at index 0. expected 3703, actual 128
V0419 14:16:34.462882 47565318530304 torch/_dynamo/guards.py:2611] [56/1] [__recompiles] Recompiling function torch_dynamo_resume_in_zerocopy_to_dgl_ndarray_for_write_at_461 in /work2/09808/mp46753/frontera/ML_Project/miniconda3/envs/txgnn_env/lib/python3.8/site-packages/dgl/backend/pytorch/tensor.py:461
V0419 14:16:34.462882 47565318530304 torch/_dynamo/guards.py:2611] [56/1] [__recompiles]     triggered by the following guard failure(s):
V0419 14:16:34.462882 47565318530304 torch/_dynamo/guards.py:2611] [56/1] [__recompiles]     - tensor 'L['input']' stride mismatch at index 0. expected 3703, actual 128
V0419 14:16:34.476392 47565318530304 torch/_dynamo/guards.py:2611] [57/1] [__recompiles] Recompiling function torch_dynamo_resume_in_forward_at_165 in /work2/09808/mp46753/frontera/ML_Project/miniconda3/envs/txgnn_env/lib/python3.8/site-packages/dgl/backend/pytorch/sparse.py:165
V0419 14:16:34.476392 47565318530304 torch/_dynamo/guards.py:2611] [57/1] [__recompiles]     triggered by the following guard failure(s):
V0419 14:16:34.476392 47565318530304 torch/_dynamo/guards.py:2611] [57/1] [__recompiles]     - tensor 'L['X']' requires_grad mismatch. expected requires_grad=0
V0419 14:16:34.519741 47565318530304 torch/_dynamo/guards.py:2611] [60/7] [__recompiles] Recompiling function torch_dynamo_resume_in_hook_at_10 in /work2/09808/mp46753/frontera/ML_Project/VQGraph/benchmark_utils.py:10
V0419 14:16:34.519741 47565318530304 torch/_dynamo/guards.py:2611] [60/7] [__recompiles]     triggered by the following guard failure(s):
V0419 14:16:34.519741 47565318530304 torch/_dynamo/guards.py:2611] [60/7] [__recompiles]     - L['___stack0'] == 199697.126845962                          
V0419 14:16:34.519741 47565318530304 torch/_dynamo/guards.py:2611] [60/7] [__recompiles]     - L['___stack0'] == 199697.08578417                           
V0419 14:16:34.519741 47565318530304 torch/_dynamo/guards.py:2611] [60/7] [__recompiles]     - L['___stack0'] == 199696.952263562                          
V0419 14:16:34.519741 47565318530304 torch/_dynamo/guards.py:2611] [60/7] [__recompiles]     - L['___stack0'] == 199696.178247717                          
V0419 14:16:34.519741 47565318530304 torch/_dynamo/guards.py:2611] [60/7] [__recompiles]     - L['___stack0'] == 199694.560341846                          
V0419 14:16:34.519741 47565318530304 torch/_dynamo/guards.py:2611] [60/7] [__recompiles]     - L['___stack0'] == 199694.42077445                           
V0419 14:16:34.519741 47565318530304 torch/_dynamo/guards.py:2611] [60/7] [__recompiles]     - L['___stack0'] == 199694.101758596                          
V0419 14:16:34.565067 47565318530304 torch/_dynamo/guards.py:2611] [60/8] [__recompiles] Recompiling function torch_dynamo_resume_in_hook_at_10 in /work2/09808/mp46753/frontera/ML_Project/VQGraph/benchmark_utils.py:10
V0419 14:16:34.565067 47565318530304 torch/_dynamo/guards.py:2611] [60/8] [__recompiles]     triggered by the following guard failure(s):
V0419 14:16:34.565067 47565318530304 torch/_dynamo/guards.py:2611] [60/8] [__recompiles]     - L['___stack0'] == 199698.606287474                          
V0419 14:16:34.565067 47565318530304 torch/_dynamo/guards.py:2611] [60/8] [__recompiles]     - L['___stack0'] == 199697.126845962                          
V0419 14:16:34.565067 47565318530304 torch/_dynamo/guards.py:2611] [60/8] [__recompiles]     - L['___stack0'] == 199697.08578417                           
V0419 14:16:34.565067 47565318530304 torch/_dynamo/guards.py:2611] [60/8] [__recompiles]     - L['___stack0'] == 199696.952263562                          
V0419 14:16:34.565067 47565318530304 torch/_dynamo/guards.py:2611] [60/8] [__recompiles]     - L['___stack0'] == 199696.178247717                          
V0419 14:16:34.565067 47565318530304 torch/_dynamo/guards.py:2611] [60/8] [__recompiles]     - L['___stack0'] == 199694.560341846                          
V0419 14:16:34.565067 47565318530304 torch/_dynamo/guards.py:2611] [60/8] [__recompiles]     - L['___stack0'] == 199694.42077445                           
V0419 14:16:34.565067 47565318530304 torch/_dynamo/guards.py:2611] [60/8] [__recompiles]     - L['___stack0'] == 199694.101758596                          
W0419 14:16:34.565214 47565318530304 torch/_dynamo/convert_frame.py:762] [60/8] torch._dynamo hit config.cache_size_limit (8)
W0419 14:16:34.565214 47565318530304 torch/_dynamo/convert_frame.py:762] [60/8]    function: 'torch_dynamo_resume_in_hook_at_10' (/work2/09808/mp46753/frontera/ML_Project/VQGraph/benchmark_utils.py:10)
W0419 14:16:34.565214 47565318530304 torch/_dynamo/convert_frame.py:762] [60/8]    last reason: L['___stack0'] == 199694.101758596                          
W0419 14:16:34.565214 47565318530304 torch/_dynamo/convert_frame.py:762] [60/8] To log all recompilation reasons, use TORCH_LOGS="recompiles".
W0419 14:16:34.565214 47565318530304 torch/_dynamo/convert_frame.py:762] [60/8] To diagnose recompilation issues, see https://pytorch.org/docs/main/torch.compiler_troubleshooting.html.
Compiling model with torch.compile()...
Saved sparsity snapshot to outputs_compiled/tran/citeseer/GCN/seed_2/sparsity_before.csv
                               layer_name  num_elements    sparsity
0  _orig_mod.encoder.graph_layer_1.weight      13712209   49.998815
1    _orig_mod.encoder.graph_layer_1.bias          3703  100.000000
2  _orig_mod.encoder.graph_layer_2.weight        473984   50.087556
3    _orig_mod.encoder.graph_layer_2.bias           128  100.000000
4      _orig_mod.encoder.decoder_1.weight      13712209   49.989539
5        _orig_mod.encoder.decoder_1.bias          3703   50.391574
6      _orig_mod.encoder.decoder_2.weight      13712209   50.005422
7        _orig_mod.encoder.decoder_2.bias          3703   49.635431
8         _orig_mod.encoder.linear.weight           768   48.307292
9           _orig_mod.encoder.linear.bias             6   50.000000
Saved sparsity snapshot to outputs_compiled/tran/citeseer/GCN/seed_2/sparsity_after.csv
                               layer_name  num_elements   sparsity
0  _orig_mod.encoder.graph_layer_1.weight      13712209  49.782358
1    _orig_mod.encoder.graph_layer_1.bias          3703   0.081015
2  _orig_mod.encoder.graph_layer_2.weight        473984  50.087978
3    _orig_mod.encoder.graph_layer_2.bias           128  25.781250
4      _orig_mod.encoder.decoder_1.weight      13712209  50.074798
5        _orig_mod.encoder.decoder_1.bias          3703  50.661626
6      _orig_mod.encoder.decoder_2.weight      13712209  48.867888
7        _orig_mod.encoder.decoder_2.bias          3703  34.809614
8         _orig_mod.encoder.linear.weight           768  49.088542
9           _orig_mod.encoder.linear.bias             6  50.000000
Saved forward timing report to outputs_compiled/tran/citeseer/GCN/seed_2/forward_times.csv
                         layer_name  avg_forward_time_ms  num_calls
0         _orig_mod.encoder.dropout             0.007094       1001
1   _orig_mod.encoder.graph_layer_1             0.008209       1001
2   _orig_mod.encoder.graph_layer_2             0.006442       1001
3       _orig_mod.encoder.decoder_1             0.006372       1001
4       _orig_mod.encoder.decoder_2             0.006961       1001
5          _orig_mod.encoder.linear             0.001382       1001
6   _orig_mod.encoder.vq.project_in             0.006973       1001
7  _orig_mod.encoder.vq.project_out             0.007411       1001
8    _orig_mod.encoder.vq._codebook             0.008228       1001
CPU Memory Usage: 1298.07 MB
Max GPU Memory Used: 1512.33 MB
