/work2/09808/mp46753/frontera/ML_Project/VQGraph/vq.py:283: FutureWarning: `torch.cuda.amp.autocast(args...)` is deprecated. Please use `torch.amp.autocast('cuda', args...)` instead.
  @autocast(enabled=False)
/work2/09808/mp46753/frontera/ML_Project/VQGraph/vq.py:418: FutureWarning: `torch.cuda.amp.autocast(args...)` is deprecated. Please use `torch.amp.autocast('cuda', args...)` instead.
  @autocast(enabled=False)
/work2/09808/mp46753/frontera/ML_Project/miniconda3/envs/txgnn_env/lib/python3.8/site-packages/torch/_dynamo/variables/functions.py:663: UserWarning: Graph break due to unsupported builtin torch._C._to_dlpack. This function is either a Python builtin (e.g. _warnings.warn) or a third-party C/C++ Python extension (perhaps created with pybind). If it is a Python builtin, please file an issue on GitHub so the PyTorch team can add support for it and see the next case for a workaround. If it is a third-party C/C++ Python extension, please either wrap it into a PyTorch-understood custom operator (see https://pytorch.org/tutorials/advanced/custom_ops_landing_page.html for more details) or, if it is traceable, use torch.compiler.allow_in_graph.
  torch._dynamo.utils.warn_once(msg)
W0419 14:13:33.522322 47608433648896 torch/_dynamo/variables/tensor.py:715] [27/0] Graph break from `Tensor.item()`, consider setting:
W0419 14:13:33.522322 47608433648896 torch/_dynamo/variables/tensor.py:715] [27/0]     torch._dynamo.config.capture_scalar_outputs = True
W0419 14:13:33.522322 47608433648896 torch/_dynamo/variables/tensor.py:715] [27/0] or:
W0419 14:13:33.522322 47608433648896 torch/_dynamo/variables/tensor.py:715] [27/0]     env TORCHDYNAMO_CAPTURE_SCALAR_OUTPUTS=1
W0419 14:13:33.522322 47608433648896 torch/_dynamo/variables/tensor.py:715] [27/0] to include these operations in the captured graph.
W0419 14:13:33.522322 47608433648896 torch/_dynamo/variables/tensor.py:715] [27/0] 
V0419 14:13:34.717627 47608433648896 torch/_dynamo/guards.py:2611] [23/1] [__recompiles] Recompiling function zerocopy_to_dgl_ndarray in /work2/09808/mp46753/frontera/ML_Project/miniconda3/envs/txgnn_env/lib/python3.8/site-packages/dgl/backend/pytorch/tensor.py:432
V0419 14:13:34.717627 47608433648896 torch/_dynamo/guards.py:2611] [23/1] [__recompiles]     triggered by the following guard failure(s):
V0419 14:13:34.717627 47608433648896 torch/_dynamo/guards.py:2611] [23/1] [__recompiles]     - GLOBAL_STATE changed: grad_mode 
V0419 14:13:34.777070 47608433648896 torch/_dynamo/guards.py:2611] [24/1] [__recompiles] Recompiling function torch_dynamo_resume_in_zerocopy_to_dgl_ndarray_at_435 in /work2/09808/mp46753/frontera/ML_Project/miniconda3/envs/txgnn_env/lib/python3.8/site-packages/dgl/backend/pytorch/tensor.py:435
V0419 14:13:34.777070 47608433648896 torch/_dynamo/guards.py:2611] [24/1] [__recompiles]     triggered by the following guard failure(s):
V0419 14:13:34.777070 47608433648896 torch/_dynamo/guards.py:2611] [24/1] [__recompiles]     - GLOBAL_STATE changed: grad_mode 
/work2/09808/mp46753/frontera/ML_Project/miniconda3/envs/txgnn_env/lib/python3.8/site-packages/torch/_dynamo/variables/functions.py:663: UserWarning: Graph break due to unsupported builtin time.perf_counter. This function is either a Python builtin (e.g. _warnings.warn) or a third-party C/C++ Python extension (perhaps created with pybind). If it is a Python builtin, please file an issue on GitHub so the PyTorch team can add support for it and see the next case for a workaround. If it is a third-party C/C++ Python extension, please either wrap it into a PyTorch-understood custom operator (see https://pytorch.org/tutorials/advanced/custom_ops_landing_page.html for more details) or, if it is traceable, use torch.compiler.allow_in_graph.
  torch._dynamo.utils.warn_once(msg)
V0419 14:13:35.649403 47608433648896 torch/_dynamo/guards.py:2611] [60/1] [__recompiles] Recompiling function torch_dynamo_resume_in_hook_at_10 in /work2/09808/mp46753/frontera/ML_Project/VQGraph/benchmark_utils.py:10
V0419 14:13:35.649403 47608433648896 torch/_dynamo/guards.py:2611] [60/1] [__recompiles]     triggered by the following guard failure(s):
V0419 14:13:35.649403 47608433648896 torch/_dynamo/guards.py:2611] [60/1] [__recompiles]     - L['___stack0'] == 199519.388098661                          
V0419 14:13:35.783852 47608433648896 torch/_dynamo/guards.py:2611] [60/2] [__recompiles] Recompiling function torch_dynamo_resume_in_hook_at_10 in /work2/09808/mp46753/frontera/ML_Project/VQGraph/benchmark_utils.py:10
V0419 14:13:35.783852 47608433648896 torch/_dynamo/guards.py:2611] [60/2] [__recompiles]     triggered by the following guard failure(s):
V0419 14:13:35.783852 47608433648896 torch/_dynamo/guards.py:2611] [60/2] [__recompiles]     - L['___stack0'] == 199519.735980103                          
V0419 14:13:35.783852 47608433648896 torch/_dynamo/guards.py:2611] [60/2] [__recompiles]     - L['___stack0'] == 199519.388098661                          
V0419 14:13:37.367658 47608433648896 torch/_dynamo/guards.py:2611] [60/3] [__recompiles] Recompiling function torch_dynamo_resume_in_hook_at_10 in /work2/09808/mp46753/frontera/ML_Project/VQGraph/benchmark_utils.py:10
V0419 14:13:37.367658 47608433648896 torch/_dynamo/guards.py:2611] [60/3] [__recompiles]     triggered by the following guard failure(s):
V0419 14:13:37.367658 47608433648896 torch/_dynamo/guards.py:2611] [60/3] [__recompiles]     - L['___stack0'] == 199519.87049095                           
V0419 14:13:37.367658 47608433648896 torch/_dynamo/guards.py:2611] [60/3] [__recompiles]     - L['___stack0'] == 199519.735980103                          
V0419 14:13:37.367658 47608433648896 torch/_dynamo/guards.py:2611] [60/3] [__recompiles]     - L['___stack0'] == 199519.388098661                          
V0419 14:13:38.128496 47608433648896 torch/_dynamo/guards.py:2611] [60/4] [__recompiles] Recompiling function torch_dynamo_resume_in_hook_at_10 in /work2/09808/mp46753/frontera/ML_Project/VQGraph/benchmark_utils.py:10
V0419 14:13:38.128496 47608433648896 torch/_dynamo/guards.py:2611] [60/4] [__recompiles]     triggered by the following guard failure(s):
V0419 14:13:38.128496 47608433648896 torch/_dynamo/guards.py:2611] [60/4] [__recompiles]     - L['___stack0'] == 199521.454169635                          
V0419 14:13:38.128496 47608433648896 torch/_dynamo/guards.py:2611] [60/4] [__recompiles]     - L['___stack0'] == 199519.87049095                           
V0419 14:13:38.128496 47608433648896 torch/_dynamo/guards.py:2611] [60/4] [__recompiles]     - L['___stack0'] == 199519.735980103                          
V0419 14:13:38.128496 47608433648896 torch/_dynamo/guards.py:2611] [60/4] [__recompiles]     - L['___stack0'] == 199519.388098661                          
V0419 14:13:38.256212 47608433648896 torch/_dynamo/guards.py:2611] [60/5] [__recompiles] Recompiling function torch_dynamo_resume_in_hook_at_10 in /work2/09808/mp46753/frontera/ML_Project/VQGraph/benchmark_utils.py:10
V0419 14:13:38.256212 47608433648896 torch/_dynamo/guards.py:2611] [60/5] [__recompiles]     triggered by the following guard failure(s):
V0419 14:13:38.256212 47608433648896 torch/_dynamo/guards.py:2611] [60/5] [__recompiles]     - L['___stack0'] == 199522.215025327                          
V0419 14:13:38.256212 47608433648896 torch/_dynamo/guards.py:2611] [60/5] [__recompiles]     - L['___stack0'] == 199521.454169635                          
V0419 14:13:38.256212 47608433648896 torch/_dynamo/guards.py:2611] [60/5] [__recompiles]     - L['___stack0'] == 199519.87049095                           
V0419 14:13:38.256212 47608433648896 torch/_dynamo/guards.py:2611] [60/5] [__recompiles]     - L['___stack0'] == 199519.735980103                          
V0419 14:13:38.256212 47608433648896 torch/_dynamo/guards.py:2611] [60/5] [__recompiles]     - L['___stack0'] == 199519.388098661                          
V0419 14:13:38.296931 47608433648896 torch/_dynamo/guards.py:2611] [60/6] [__recompiles] Recompiling function torch_dynamo_resume_in_hook_at_10 in /work2/09808/mp46753/frontera/ML_Project/VQGraph/benchmark_utils.py:10
V0419 14:13:38.296931 47608433648896 torch/_dynamo/guards.py:2611] [60/6] [__recompiles]     triggered by the following guard failure(s):
V0419 14:13:38.296931 47608433648896 torch/_dynamo/guards.py:2611] [60/6] [__recompiles]     - L['___stack0'] == 199522.342802678                          
V0419 14:13:38.296931 47608433648896 torch/_dynamo/guards.py:2611] [60/6] [__recompiles]     - L['___stack0'] == 199522.215025327                          
V0419 14:13:38.296931 47608433648896 torch/_dynamo/guards.py:2611] [60/6] [__recompiles]     - L['___stack0'] == 199521.454169635                          
V0419 14:13:38.296931 47608433648896 torch/_dynamo/guards.py:2611] [60/6] [__recompiles]     - L['___stack0'] == 199519.87049095                           
V0419 14:13:38.296931 47608433648896 torch/_dynamo/guards.py:2611] [60/6] [__recompiles]     - L['___stack0'] == 199519.735980103                          
V0419 14:13:38.296931 47608433648896 torch/_dynamo/guards.py:2611] [60/6] [__recompiles]     - L['___stack0'] == 199519.388098661                          
V0419 14:13:39.141831 47608433648896 torch/_dynamo/guards.py:2611] [34/1] [__recompiles] Recompiling function __setitem__ in /work2/09808/mp46753/frontera/ML_Project/miniconda3/envs/txgnn_env/lib/python3.8/site-packages/dgl/view.py:82
V0419 14:13:39.141831 47608433648896 torch/_dynamo/guards.py:2611] [34/1] [__recompiles]     triggered by the following guard failure(s):
V0419 14:13:39.141831 47608433648896 torch/_dynamo/guards.py:2611] [34/1] [__recompiles]     - tensor 'L['val']' requires_grad mismatch. expected requires_grad=0
V0419 14:13:39.162104 47608433648896 torch/_dynamo/guards.py:2611] [37/1] [__recompiles] Recompiling function __setitem__ in /work2/09808/mp46753/frontera/ML_Project/miniconda3/envs/txgnn_env/lib/python3.8/site-packages/dgl/frame.py:690
V0419 14:13:39.162104 47608433648896 torch/_dynamo/guards.py:2611] [37/1] [__recompiles]     triggered by the following guard failure(s):
V0419 14:13:39.162104 47608433648896 torch/_dynamo/guards.py:2611] [37/1] [__recompiles]     - tensor 'L['data']' requires_grad mismatch. expected requires_grad=0
V0419 14:13:39.181096 47608433648896 torch/_dynamo/guards.py:2611] [38/1] [__recompiles] Recompiling function update_column in /work2/09808/mp46753/frontera/ML_Project/miniconda3/envs/txgnn_env/lib/python3.8/site-packages/dgl/frame.py:772
V0419 14:13:39.181096 47608433648896 torch/_dynamo/guards.py:2611] [38/1] [__recompiles]     triggered by the following guard failure(s):
V0419 14:13:39.181096 47608433648896 torch/_dynamo/guards.py:2611] [38/1] [__recompiles]     - tensor 'L['data']' requires_grad mismatch. expected requires_grad=0
V0419 14:13:39.200406 47608433648896 torch/_dynamo/guards.py:2611] [39/1] [__recompiles] Recompiling function infer_scheme in /work2/09808/mp46753/frontera/ML_Project/miniconda3/envs/txgnn_env/lib/python3.8/site-packages/dgl/frame.py:151
V0419 14:13:39.200406 47608433648896 torch/_dynamo/guards.py:2611] [39/1] [__recompiles]     triggered by the following guard failure(s):
V0419 14:13:39.200406 47608433648896 torch/_dynamo/guards.py:2611] [39/1] [__recompiles]     - tensor 'L['tensor']' requires_grad mismatch. expected requires_grad=0
V0419 14:13:39.245747 47608433648896 torch/_dynamo/guards.py:2611] [42/1] [__recompiles] Recompiling function func in /work2/09808/mp46753/frontera/ML_Project/miniconda3/envs/txgnn_env/lib/python3.8/site-packages/dgl/ops/spmm.py:213
V0419 14:13:39.245747 47608433648896 torch/_dynamo/guards.py:2611] [42/1] [__recompiles]     triggered by the following guard failure(s):
V0419 14:13:39.245747 47608433648896 torch/_dynamo/guards.py:2611] [42/1] [__recompiles]     - tensor 'L['x']' requires_grad mismatch. expected requires_grad=0
V0419 14:13:39.259089 47608433648896 torch/_dynamo/guards.py:2611] [44/1] [__recompiles] Recompiling function torch_dynamo_resume_in_gspmm_at_75 in /work2/09808/mp46753/frontera/ML_Project/miniconda3/envs/txgnn_env/lib/python3.8/site-packages/dgl/ops/spmm.py:75
V0419 14:13:39.259089 47608433648896 torch/_dynamo/guards.py:2611] [44/1] [__recompiles]     triggered by the following guard failure(s):
V0419 14:13:39.259089 47608433648896 torch/_dynamo/guards.py:2611] [44/1] [__recompiles]     - tensor 'L['lhs_data']' requires_grad mismatch. expected requires_grad=0
V0419 14:13:39.277334 47608433648896 torch/_dynamo/guards.py:2611] [48/1] [__recompiles] Recompiling function forward in /work2/09808/mp46753/frontera/ML_Project/miniconda3/envs/txgnn_env/lib/python3.8/site-packages/dgl/backend/pytorch/sparse.py:163
V0419 14:13:39.277334 47608433648896 torch/_dynamo/guards.py:2611] [48/1] [__recompiles]     triggered by the following guard failure(s):
V0419 14:13:39.277334 47608433648896 torch/_dynamo/guards.py:2611] [48/1] [__recompiles]     - tensor 'L['X']' requires_grad mismatch. expected requires_grad=0
V0419 14:13:39.293823 47608433648896 torch/_dynamo/guards.py:2611] [51/1] [__recompiles] Recompiling function zeros in /work2/09808/mp46753/frontera/ML_Project/miniconda3/envs/txgnn_env/lib/python3.8/site-packages/dgl/backend/pytorch/tensor.py:287
V0419 14:13:39.293823 47608433648896 torch/_dynamo/guards.py:2611] [51/1] [__recompiles]     triggered by the following guard failure(s):
V0419 14:13:39.293823 47608433648896 torch/_dynamo/guards.py:2611] [51/1] [__recompiles]     - L['shape'][1] == 3703                                       
V0419 14:13:39.561655 47608433648896 torch/_dynamo/guards.py:2611] [23/2] [__recompiles] Recompiling function zerocopy_to_dgl_ndarray in /work2/09808/mp46753/frontera/ML_Project/miniconda3/envs/txgnn_env/lib/python3.8/site-packages/dgl/backend/pytorch/tensor.py:432
V0419 14:13:39.561655 47608433648896 torch/_dynamo/guards.py:2611] [23/2] [__recompiles]     triggered by the following guard failure(s):
V0419 14:13:39.561655 47608433648896 torch/_dynamo/guards.py:2611] [23/2] [__recompiles]     - GLOBAL_STATE changed: grad_mode 
V0419 14:13:39.561655 47608433648896 torch/_dynamo/guards.py:2611] [23/2] [__recompiles]     - tensor 'L['data']' requires_grad mismatch. expected requires_grad=0
V0419 14:13:39.612150 47608433648896 torch/_dynamo/guards.py:2611] [53/1] [__recompiles] Recompiling function zerocopy_to_dgl_ndarray_for_write in /work2/09808/mp46753/frontera/ML_Project/miniconda3/envs/txgnn_env/lib/python3.8/site-packages/dgl/backend/pytorch/tensor.py:454
V0419 14:13:39.612150 47608433648896 torch/_dynamo/guards.py:2611] [53/1] [__recompiles]     triggered by the following guard failure(s):
V0419 14:13:39.612150 47608433648896 torch/_dynamo/guards.py:2611] [53/1] [__recompiles]     - tensor 'L['input']' stride mismatch at index 0. expected 3703, actual 128
V0419 14:13:39.648916 47608433648896 torch/_dynamo/guards.py:2611] [54/1] [__recompiles] Recompiling function check_is_view in /work2/09808/mp46753/frontera/ML_Project/miniconda3/envs/txgnn_env/lib/python3.8/site-packages/dgl/backend/pytorch/tensor.py:441
V0419 14:13:39.648916 47608433648896 torch/_dynamo/guards.py:2611] [54/1] [__recompiles]     triggered by the following guard failure(s):
V0419 14:13:39.648916 47608433648896 torch/_dynamo/guards.py:2611] [54/1] [__recompiles]     - tensor 'L['input']' stride mismatch at index 0. expected 3703, actual 128
V0419 14:13:39.658717 47608433648896 torch/_dynamo/guards.py:2611] [55/1] [__recompiles] Recompiling function torch_dynamo_resume_in_check_is_view_at_443 in /work2/09808/mp46753/frontera/ML_Project/miniconda3/envs/txgnn_env/lib/python3.8/site-packages/dgl/backend/pytorch/tensor.py:443
V0419 14:13:39.658717 47608433648896 torch/_dynamo/guards.py:2611] [55/1] [__recompiles]     triggered by the following guard failure(s):
V0419 14:13:39.658717 47608433648896 torch/_dynamo/guards.py:2611] [55/1] [__recompiles]     - tensor 'L['input']' stride mismatch at index 0. expected 3703, actual 128
V0419 14:13:39.669825 47608433648896 torch/_dynamo/guards.py:2611] [56/1] [__recompiles] Recompiling function torch_dynamo_resume_in_zerocopy_to_dgl_ndarray_for_write_at_461 in /work2/09808/mp46753/frontera/ML_Project/miniconda3/envs/txgnn_env/lib/python3.8/site-packages/dgl/backend/pytorch/tensor.py:461
V0419 14:13:39.669825 47608433648896 torch/_dynamo/guards.py:2611] [56/1] [__recompiles]     triggered by the following guard failure(s):
V0419 14:13:39.669825 47608433648896 torch/_dynamo/guards.py:2611] [56/1] [__recompiles]     - tensor 'L['input']' stride mismatch at index 0. expected 3703, actual 128
V0419 14:13:39.682986 47608433648896 torch/_dynamo/guards.py:2611] [57/1] [__recompiles] Recompiling function torch_dynamo_resume_in_forward_at_165 in /work2/09808/mp46753/frontera/ML_Project/miniconda3/envs/txgnn_env/lib/python3.8/site-packages/dgl/backend/pytorch/sparse.py:165
V0419 14:13:39.682986 47608433648896 torch/_dynamo/guards.py:2611] [57/1] [__recompiles]     triggered by the following guard failure(s):
V0419 14:13:39.682986 47608433648896 torch/_dynamo/guards.py:2611] [57/1] [__recompiles]     - tensor 'L['X']' requires_grad mismatch. expected requires_grad=0
V0419 14:13:39.725672 47608433648896 torch/_dynamo/guards.py:2611] [60/7] [__recompiles] Recompiling function torch_dynamo_resume_in_hook_at_10 in /work2/09808/mp46753/frontera/ML_Project/VQGraph/benchmark_utils.py:10
V0419 14:13:39.725672 47608433648896 torch/_dynamo/guards.py:2611] [60/7] [__recompiles]     triggered by the following guard failure(s):
V0419 14:13:39.725672 47608433648896 torch/_dynamo/guards.py:2611] [60/7] [__recompiles]     - L['___stack0'] == 199522.383522579                          
V0419 14:13:39.725672 47608433648896 torch/_dynamo/guards.py:2611] [60/7] [__recompiles]     - L['___stack0'] == 199522.342802678                          
V0419 14:13:39.725672 47608433648896 torch/_dynamo/guards.py:2611] [60/7] [__recompiles]     - L['___stack0'] == 199522.215025327                          
V0419 14:13:39.725672 47608433648896 torch/_dynamo/guards.py:2611] [60/7] [__recompiles]     - L['___stack0'] == 199521.454169635                          
V0419 14:13:39.725672 47608433648896 torch/_dynamo/guards.py:2611] [60/7] [__recompiles]     - L['___stack0'] == 199519.87049095                           
V0419 14:13:39.725672 47608433648896 torch/_dynamo/guards.py:2611] [60/7] [__recompiles]     - L['___stack0'] == 199519.735980103                          
V0419 14:13:39.725672 47608433648896 torch/_dynamo/guards.py:2611] [60/7] [__recompiles]     - L['___stack0'] == 199519.388098661                          
V0419 14:13:39.770392 47608433648896 torch/_dynamo/guards.py:2611] [60/8] [__recompiles] Recompiling function torch_dynamo_resume_in_hook_at_10 in /work2/09808/mp46753/frontera/ML_Project/VQGraph/benchmark_utils.py:10
V0419 14:13:39.770392 47608433648896 torch/_dynamo/guards.py:2611] [60/8] [__recompiles]     triggered by the following guard failure(s):
V0419 14:13:39.770392 47608433648896 torch/_dynamo/guards.py:2611] [60/8] [__recompiles]     - L['___stack0'] == 199523.812224674                          
V0419 14:13:39.770392 47608433648896 torch/_dynamo/guards.py:2611] [60/8] [__recompiles]     - L['___stack0'] == 199522.383522579                          
V0419 14:13:39.770392 47608433648896 torch/_dynamo/guards.py:2611] [60/8] [__recompiles]     - L['___stack0'] == 199522.342802678                          
V0419 14:13:39.770392 47608433648896 torch/_dynamo/guards.py:2611] [60/8] [__recompiles]     - L['___stack0'] == 199522.215025327                          
V0419 14:13:39.770392 47608433648896 torch/_dynamo/guards.py:2611] [60/8] [__recompiles]     - L['___stack0'] == 199521.454169635                          
V0419 14:13:39.770392 47608433648896 torch/_dynamo/guards.py:2611] [60/8] [__recompiles]     - L['___stack0'] == 199519.87049095                           
V0419 14:13:39.770392 47608433648896 torch/_dynamo/guards.py:2611] [60/8] [__recompiles]     - L['___stack0'] == 199519.735980103                          
V0419 14:13:39.770392 47608433648896 torch/_dynamo/guards.py:2611] [60/8] [__recompiles]     - L['___stack0'] == 199519.388098661                          
W0419 14:13:39.770528 47608433648896 torch/_dynamo/convert_frame.py:762] [60/8] torch._dynamo hit config.cache_size_limit (8)
W0419 14:13:39.770528 47608433648896 torch/_dynamo/convert_frame.py:762] [60/8]    function: 'torch_dynamo_resume_in_hook_at_10' (/work2/09808/mp46753/frontera/ML_Project/VQGraph/benchmark_utils.py:10)
W0419 14:13:39.770528 47608433648896 torch/_dynamo/convert_frame.py:762] [60/8]    last reason: L['___stack0'] == 199519.388098661                          
W0419 14:13:39.770528 47608433648896 torch/_dynamo/convert_frame.py:762] [60/8] To log all recompilation reasons, use TORCH_LOGS="recompiles".
W0419 14:13:39.770528 47608433648896 torch/_dynamo/convert_frame.py:762] [60/8] To diagnose recompilation issues, see https://pytorch.org/docs/main/torch.compiler_troubleshooting.html.
Compiling model with torch.compile()...
Saved sparsity snapshot to outputs_compiled/tran/citeseer/GCN/seed_1/sparsity_before.csv
                               layer_name  num_elements    sparsity
0  _orig_mod.encoder.graph_layer_1.weight      13712209   50.018097
1    _orig_mod.encoder.graph_layer_1.bias          3703  100.000000
2  _orig_mod.encoder.graph_layer_2.weight        473984   49.946201
3    _orig_mod.encoder.graph_layer_2.bias           128  100.000000
4      _orig_mod.encoder.decoder_1.weight      13712209   49.992222
5        _orig_mod.encoder.decoder_1.bias          3703   50.796651
6      _orig_mod.encoder.decoder_2.weight      13712209   50.003315
7        _orig_mod.encoder.decoder_2.bias          3703   50.094518
8         _orig_mod.encoder.linear.weight           768   46.744792
9           _orig_mod.encoder.linear.bias             6   33.333333
Saved sparsity snapshot to outputs_compiled/tran/citeseer/GCN/seed_1/sparsity_after.csv
                               layer_name  num_elements   sparsity
0  _orig_mod.encoder.graph_layer_1.weight      13712209  49.714171
1    _orig_mod.encoder.graph_layer_1.bias          3703   0.432082
2  _orig_mod.encoder.graph_layer_2.weight        473984  49.944724
3    _orig_mod.encoder.graph_layer_2.bias           128  17.187500
4      _orig_mod.encoder.decoder_1.weight      13712209  49.880351
5        _orig_mod.encoder.decoder_1.bias          3703  50.742641
6      _orig_mod.encoder.decoder_2.weight      13712209  49.840686
7        _orig_mod.encoder.decoder_2.bias          3703  43.937348
8         _orig_mod.encoder.linear.weight           768  47.005208
9           _orig_mod.encoder.linear.bias             6  33.333333
Saved forward timing report to outputs_compiled/tran/citeseer/GCN/seed_1/forward_times.csv
                         layer_name  avg_forward_time_ms  num_calls
0         _orig_mod.encoder.dropout             0.007386       1001
1   _orig_mod.encoder.graph_layer_1             0.008029       1001
2   _orig_mod.encoder.graph_layer_2             0.006411       1001
3       _orig_mod.encoder.decoder_1             0.006310       1001
4       _orig_mod.encoder.decoder_2             0.006809       1001
5          _orig_mod.encoder.linear             0.001289       1001
6   _orig_mod.encoder.vq.project_in             0.006922       1001
7  _orig_mod.encoder.vq.project_out             0.006974       1001
8    _orig_mod.encoder.vq._codebook             0.007367       1001
CPU Memory Usage: 1347.09 MB
Max GPU Memory Used: 1512.33 MB
