/work2/09808/mp46753/frontera/ML_Project/VQGraph/vq.py:283: FutureWarning: `torch.cuda.amp.autocast(args...)` is deprecated. Please use `torch.amp.autocast('cuda', args...)` instead.
  @autocast(enabled=False)
/work2/09808/mp46753/frontera/ML_Project/VQGraph/vq.py:418: FutureWarning: `torch.cuda.amp.autocast(args...)` is deprecated. Please use `torch.amp.autocast('cuda', args...)` instead.
  @autocast(enabled=False)
Saved sparsity snapshot to outputs_eager/tran/pubmed/GCN/seed_0/sparsity_before.csv
                     layer_name  num_elements  sparsity
0  encoder.graph_layer_1.weight        250000       0.0
1    encoder.graph_layer_1.bias           500     100.0
2  encoder.graph_layer_2.weight         64000       0.0
3    encoder.graph_layer_2.bias           128     100.0
4      encoder.decoder_1.weight        250000       0.0
5        encoder.decoder_1.bias           500       0.0
6      encoder.decoder_2.weight        250000       0.0
7        encoder.decoder_2.bias           500       0.0
8         encoder.linear.weight           384       0.0
9           encoder.linear.bias             3       0.0
Saved sparsity snapshot to outputs_eager/tran/pubmed/GCN/seed_0/sparsity_after.csv
                     layer_name  num_elements  sparsity
0  encoder.graph_layer_1.weight        250000  0.000000
1    encoder.graph_layer_1.bias           500  0.000000
2  encoder.graph_layer_2.weight         64000  0.001563
3    encoder.graph_layer_2.bias           128  1.562500
4      encoder.decoder_1.weight        250000  0.000000
5        encoder.decoder_1.bias           500  0.000000
6      encoder.decoder_2.weight        250000  0.047200
7        encoder.decoder_2.bias           500  0.200000
8         encoder.linear.weight           384  0.000000
9           encoder.linear.bias             3  0.000000
Saved forward timing report to outputs_eager/tran/pubmed/GCN/seed_0/forward_times.csv
               layer_name  avg_forward_time_ms  num_calls
0         encoder.dropout             0.000207       1001
1   encoder.graph_layer_1             0.000247       1001
2   encoder.graph_layer_2             0.000241       1001
3       encoder.decoder_1             0.000218       1001
4       encoder.decoder_2             0.000225       1001
5          encoder.linear             0.000209       1001
6   encoder.vq.project_in             0.000182       1001
7  encoder.vq.project_out             0.000231       1001
8    encoder.vq._codebook             0.000235       1001
CPU Memory Usage: 1418.34 MB
Max GPU Memory Used: 11611.09 MB
