/work2/09808/mp46753/frontera/ML_Project/VQGraph/vq.py:283: FutureWarning: `torch.cuda.amp.autocast(args...)` is deprecated. Please use `torch.amp.autocast('cuda', args...)` instead.
  @autocast(enabled=False)
/work2/09808/mp46753/frontera/ML_Project/VQGraph/vq.py:418: FutureWarning: `torch.cuda.amp.autocast(args...)` is deprecated. Please use `torch.amp.autocast('cuda', args...)` instead.
  @autocast(enabled=False)
Saved sparsity snapshot to outputs_eager/tran/a-computer/GCN/seed_2/sparsity_before.csv
                     layer_name  num_elements   sparsity
0  encoder.graph_layer_1.weight        588289    0.00000
1    encoder.graph_layer_1.bias           767  100.00000
2  encoder.graph_layer_2.weight         98176    0.00000
3    encoder.graph_layer_2.bias           128  100.00000
4      encoder.decoder_1.weight        588289    0.00000
5        encoder.decoder_1.bias           767    0.00000
6      encoder.decoder_2.weight        588289    0.00017
7        encoder.decoder_2.bias           767    0.00000
8         encoder.linear.weight          1280    0.00000
9           encoder.linear.bias            10    0.00000
Saved sparsity snapshot to outputs_eager/tran/a-computer/GCN/seed_2/sparsity_after.csv
                     layer_name  num_elements  sparsity
0  encoder.graph_layer_1.weight        588289  0.000340
1    encoder.graph_layer_1.bias           767  0.000000
2  encoder.graph_layer_2.weight         98176  2.453757
3    encoder.graph_layer_2.bias           128  5.468750
4      encoder.decoder_1.weight        588289  0.000170
5        encoder.decoder_1.bias           767  0.000000
6      encoder.decoder_2.weight        588289  1.370925
7        encoder.decoder_2.bias           767  0.000000
8         encoder.linear.weight          1280  2.265625
9           encoder.linear.bias            10  0.000000
Saved forward timing report to outputs_eager/tran/a-computer/GCN/seed_2/forward_times.csv
               layer_name  avg_forward_time_ms  num_calls
0         encoder.dropout             0.000235       1001
1   encoder.graph_layer_1             0.000303       1001
2   encoder.graph_layer_2             0.000282       1001
3       encoder.decoder_1             0.000253       1001
4       encoder.decoder_2             0.000244       1001
5          encoder.linear             0.000239       1001
6   encoder.vq.project_in             0.000214       1001
7  encoder.vq.project_out             0.000273       1001
8    encoder.vq._codebook             0.000304       1001
CPU Memory Usage: 1337.75 MB
Max GPU Memory Used: 5835.44 MB
