/work2/09808/mp46753/frontera/ML_Project/VQGraph/vq.py:283: FutureWarning: `torch.cuda.amp.autocast(args...)` is deprecated. Please use `torch.amp.autocast('cuda', args...)` instead.
  @autocast(enabled=False)
/work2/09808/mp46753/frontera/ML_Project/VQGraph/vq.py:418: FutureWarning: `torch.cuda.amp.autocast(args...)` is deprecated. Please use `torch.amp.autocast('cuda', args...)` instead.
  @autocast(enabled=False)
/work2/09808/mp46753/frontera/ML_Project/miniconda3/envs/txgnn_env/lib/python3.8/site-packages/torch/_dynamo/variables/functions.py:663: UserWarning: Graph break due to unsupported builtin torch._C._to_dlpack. This function is either a Python builtin (e.g. _warnings.warn) or a third-party C/C++ Python extension (perhaps created with pybind). If it is a Python builtin, please file an issue on GitHub so the PyTorch team can add support for it and see the next case for a workaround. If it is a third-party C/C++ Python extension, please either wrap it into a PyTorch-understood custom operator (see https://pytorch.org/tutorials/advanced/custom_ops_landing_page.html for more details) or, if it is traceable, use torch.compiler.allow_in_graph.
  torch._dynamo.utils.warn_once(msg)
W0421 02:53:17.691443 47766409377024 torch/_dynamo/variables/tensor.py:715] [27/0] Graph break from `Tensor.item()`, consider setting:
W0421 02:53:17.691443 47766409377024 torch/_dynamo/variables/tensor.py:715] [27/0]     torch._dynamo.config.capture_scalar_outputs = True
W0421 02:53:17.691443 47766409377024 torch/_dynamo/variables/tensor.py:715] [27/0] or:
W0421 02:53:17.691443 47766409377024 torch/_dynamo/variables/tensor.py:715] [27/0]     env TORCHDYNAMO_CAPTURE_SCALAR_OUTPUTS=1
W0421 02:53:17.691443 47766409377024 torch/_dynamo/variables/tensor.py:715] [27/0] to include these operations in the captured graph.
W0421 02:53:17.691443 47766409377024 torch/_dynamo/variables/tensor.py:715] [27/0] 
V0421 02:53:18.958083 47766409377024 torch/_dynamo/guards.py:2611] [23/1] [__recompiles] Recompiling function zerocopy_to_dgl_ndarray in /work2/09808/mp46753/frontera/ML_Project/miniconda3/envs/txgnn_env/lib/python3.8/site-packages/dgl/backend/pytorch/tensor.py:432
V0421 02:53:18.958083 47766409377024 torch/_dynamo/guards.py:2611] [23/1] [__recompiles]     triggered by the following guard failure(s):
V0421 02:53:18.958083 47766409377024 torch/_dynamo/guards.py:2611] [23/1] [__recompiles]     - GLOBAL_STATE changed: grad_mode 
V0421 02:53:19.016338 47766409377024 torch/_dynamo/guards.py:2611] [24/1] [__recompiles] Recompiling function torch_dynamo_resume_in_zerocopy_to_dgl_ndarray_at_435 in /work2/09808/mp46753/frontera/ML_Project/miniconda3/envs/txgnn_env/lib/python3.8/site-packages/dgl/backend/pytorch/tensor.py:435
V0421 02:53:19.016338 47766409377024 torch/_dynamo/guards.py:2611] [24/1] [__recompiles]     triggered by the following guard failure(s):
V0421 02:53:19.016338 47766409377024 torch/_dynamo/guards.py:2611] [24/1] [__recompiles]     - GLOBAL_STATE changed: grad_mode 
/work2/09808/mp46753/frontera/ML_Project/miniconda3/envs/txgnn_env/lib/python3.8/site-packages/torch/_dynamo/variables/functions.py:663: UserWarning: Graph break due to unsupported builtin time.perf_counter. This function is either a Python builtin (e.g. _warnings.warn) or a third-party C/C++ Python extension (perhaps created with pybind). If it is a Python builtin, please file an issue on GitHub so the PyTorch team can add support for it and see the next case for a workaround. If it is a third-party C/C++ Python extension, please either wrap it into a PyTorch-understood custom operator (see https://pytorch.org/tutorials/advanced/custom_ops_landing_page.html for more details) or, if it is traceable, use torch.compiler.allow_in_graph.
  torch._dynamo.utils.warn_once(msg)
V0421 02:53:19.283159 47766409377024 torch/_dynamo/guards.py:2611] [60/1] [__recompiles] Recompiling function torch_dynamo_resume_in_hook_at_12 in /work2/09808/mp46753/frontera/ML_Project/VQGraph/benchmark_utils.py:12
V0421 02:53:19.283159 47766409377024 torch/_dynamo/guards.py:2611] [60/1] [__recompiles]     triggered by the following guard failure(s):
V0421 02:53:19.283159 47766409377024 torch/_dynamo/guards.py:2611] [60/1] [__recompiles]     - L['___stack0'] == 925440.702893882                          
V0421 02:53:19.420010 47766409377024 torch/_dynamo/guards.py:2611] [60/2] [__recompiles] Recompiling function torch_dynamo_resume_in_hook_at_12 in /work2/09808/mp46753/frontera/ML_Project/VQGraph/benchmark_utils.py:12
V0421 02:53:19.420010 47766409377024 torch/_dynamo/guards.py:2611] [60/2] [__recompiles]     triggered by the following guard failure(s):
V0421 02:53:19.420010 47766409377024 torch/_dynamo/guards.py:2611] [60/2] [__recompiles]     - L['___stack0'] == 925440.767939017                          
V0421 02:53:19.420010 47766409377024 torch/_dynamo/guards.py:2611] [60/2] [__recompiles]     - L['___stack0'] == 925440.702893882                          
V0421 02:53:21.032857 47766409377024 torch/_dynamo/guards.py:2611] [60/3] [__recompiles] Recompiling function torch_dynamo_resume_in_hook_at_12 in /work2/09808/mp46753/frontera/ML_Project/VQGraph/benchmark_utils.py:12
V0421 02:53:21.032857 47766409377024 torch/_dynamo/guards.py:2611] [60/3] [__recompiles]     triggered by the following guard failure(s):
V0421 02:53:21.032857 47766409377024 torch/_dynamo/guards.py:2611] [60/3] [__recompiles]     - L['___stack0'] == 925440.904877891                          
V0421 02:53:21.032857 47766409377024 torch/_dynamo/guards.py:2611] [60/3] [__recompiles]     - L['___stack0'] == 925440.767939017                          
V0421 02:53:21.032857 47766409377024 torch/_dynamo/guards.py:2611] [60/3] [__recompiles]     - L['___stack0'] == 925440.702893882                          
V0421 02:53:21.779014 47766409377024 torch/_dynamo/guards.py:2611] [60/4] [__recompiles] Recompiling function torch_dynamo_resume_in_hook_at_12 in /work2/09808/mp46753/frontera/ML_Project/VQGraph/benchmark_utils.py:12
V0421 02:53:21.779014 47766409377024 torch/_dynamo/guards.py:2611] [60/4] [__recompiles]     triggered by the following guard failure(s):
V0421 02:53:21.779014 47766409377024 torch/_dynamo/guards.py:2611] [60/4] [__recompiles]     - L['___stack0'] == 925442.517615594                          
V0421 02:53:21.779014 47766409377024 torch/_dynamo/guards.py:2611] [60/4] [__recompiles]     - L['___stack0'] == 925440.904877891                          
V0421 02:53:21.779014 47766409377024 torch/_dynamo/guards.py:2611] [60/4] [__recompiles]     - L['___stack0'] == 925440.767939017                          
V0421 02:53:21.779014 47766409377024 torch/_dynamo/guards.py:2611] [60/4] [__recompiles]     - L['___stack0'] == 925440.702893882                          
V0421 02:53:21.908212 47766409377024 torch/_dynamo/guards.py:2611] [60/5] [__recompiles] Recompiling function torch_dynamo_resume_in_hook_at_12 in /work2/09808/mp46753/frontera/ML_Project/VQGraph/benchmark_utils.py:12
V0421 02:53:21.908212 47766409377024 torch/_dynamo/guards.py:2611] [60/5] [__recompiles]     triggered by the following guard failure(s):
V0421 02:53:21.908212 47766409377024 torch/_dynamo/guards.py:2611] [60/5] [__recompiles]     - L['___stack0'] == 925443.263758434                          
V0421 02:53:21.908212 47766409377024 torch/_dynamo/guards.py:2611] [60/5] [__recompiles]     - L['___stack0'] == 925442.517615594                          
V0421 02:53:21.908212 47766409377024 torch/_dynamo/guards.py:2611] [60/5] [__recompiles]     - L['___stack0'] == 925440.904877891                          
V0421 02:53:21.908212 47766409377024 torch/_dynamo/guards.py:2611] [60/5] [__recompiles]     - L['___stack0'] == 925440.767939017                          
V0421 02:53:21.908212 47766409377024 torch/_dynamo/guards.py:2611] [60/5] [__recompiles]     - L['___stack0'] == 925440.702893882                          
V0421 02:53:21.948657 47766409377024 torch/_dynamo/guards.py:2611] [60/6] [__recompiles] Recompiling function torch_dynamo_resume_in_hook_at_12 in /work2/09808/mp46753/frontera/ML_Project/VQGraph/benchmark_utils.py:12
V0421 02:53:21.948657 47766409377024 torch/_dynamo/guards.py:2611] [60/6] [__recompiles]     triggered by the following guard failure(s):
V0421 02:53:21.948657 47766409377024 torch/_dynamo/guards.py:2611] [60/6] [__recompiles]     - L['___stack0'] == 925443.393057689                          
V0421 02:53:21.948657 47766409377024 torch/_dynamo/guards.py:2611] [60/6] [__recompiles]     - L['___stack0'] == 925443.263758434                          
V0421 02:53:21.948657 47766409377024 torch/_dynamo/guards.py:2611] [60/6] [__recompiles]     - L['___stack0'] == 925442.517615594                          
V0421 02:53:21.948657 47766409377024 torch/_dynamo/guards.py:2611] [60/6] [__recompiles]     - L['___stack0'] == 925440.904877891                          
V0421 02:53:21.948657 47766409377024 torch/_dynamo/guards.py:2611] [60/6] [__recompiles]     - L['___stack0'] == 925440.767939017                          
V0421 02:53:21.948657 47766409377024 torch/_dynamo/guards.py:2611] [60/6] [__recompiles]     - L['___stack0'] == 925440.702893882                          
V0421 02:53:22.847761 47766409377024 torch/_dynamo/guards.py:2611] [34/1] [__recompiles] Recompiling function __setitem__ in /work2/09808/mp46753/frontera/ML_Project/miniconda3/envs/txgnn_env/lib/python3.8/site-packages/dgl/view.py:82
V0421 02:53:22.847761 47766409377024 torch/_dynamo/guards.py:2611] [34/1] [__recompiles]     triggered by the following guard failure(s):
V0421 02:53:22.847761 47766409377024 torch/_dynamo/guards.py:2611] [34/1] [__recompiles]     - tensor 'L['val']' requires_grad mismatch. expected requires_grad=0
V0421 02:53:22.869085 47766409377024 torch/_dynamo/guards.py:2611] [37/1] [__recompiles] Recompiling function __setitem__ in /work2/09808/mp46753/frontera/ML_Project/miniconda3/envs/txgnn_env/lib/python3.8/site-packages/dgl/frame.py:690
V0421 02:53:22.869085 47766409377024 torch/_dynamo/guards.py:2611] [37/1] [__recompiles]     triggered by the following guard failure(s):
V0421 02:53:22.869085 47766409377024 torch/_dynamo/guards.py:2611] [37/1] [__recompiles]     - tensor 'L['data']' requires_grad mismatch. expected requires_grad=0
V0421 02:53:22.888426 47766409377024 torch/_dynamo/guards.py:2611] [38/1] [__recompiles] Recompiling function update_column in /work2/09808/mp46753/frontera/ML_Project/miniconda3/envs/txgnn_env/lib/python3.8/site-packages/dgl/frame.py:772
V0421 02:53:22.888426 47766409377024 torch/_dynamo/guards.py:2611] [38/1] [__recompiles]     triggered by the following guard failure(s):
V0421 02:53:22.888426 47766409377024 torch/_dynamo/guards.py:2611] [38/1] [__recompiles]     - tensor 'L['data']' requires_grad mismatch. expected requires_grad=0
V0421 02:53:22.907928 47766409377024 torch/_dynamo/guards.py:2611] [39/1] [__recompiles] Recompiling function infer_scheme in /work2/09808/mp46753/frontera/ML_Project/miniconda3/envs/txgnn_env/lib/python3.8/site-packages/dgl/frame.py:151
V0421 02:53:22.907928 47766409377024 torch/_dynamo/guards.py:2611] [39/1] [__recompiles]     triggered by the following guard failure(s):
V0421 02:53:22.907928 47766409377024 torch/_dynamo/guards.py:2611] [39/1] [__recompiles]     - tensor 'L['tensor']' requires_grad mismatch. expected requires_grad=0
V0421 02:53:22.953808 47766409377024 torch/_dynamo/guards.py:2611] [42/1] [__recompiles] Recompiling function func in /work2/09808/mp46753/frontera/ML_Project/miniconda3/envs/txgnn_env/lib/python3.8/site-packages/dgl/ops/spmm.py:213
V0421 02:53:22.953808 47766409377024 torch/_dynamo/guards.py:2611] [42/1] [__recompiles]     triggered by the following guard failure(s):
V0421 02:53:22.953808 47766409377024 torch/_dynamo/guards.py:2611] [42/1] [__recompiles]     - tensor 'L['x']' requires_grad mismatch. expected requires_grad=0
V0421 02:53:22.967429 47766409377024 torch/_dynamo/guards.py:2611] [44/1] [__recompiles] Recompiling function torch_dynamo_resume_in_gspmm_at_75 in /work2/09808/mp46753/frontera/ML_Project/miniconda3/envs/txgnn_env/lib/python3.8/site-packages/dgl/ops/spmm.py:75
V0421 02:53:22.967429 47766409377024 torch/_dynamo/guards.py:2611] [44/1] [__recompiles]     triggered by the following guard failure(s):
V0421 02:53:22.967429 47766409377024 torch/_dynamo/guards.py:2611] [44/1] [__recompiles]     - tensor 'L['lhs_data']' requires_grad mismatch. expected requires_grad=0
V0421 02:53:22.985172 47766409377024 torch/_dynamo/guards.py:2611] [48/1] [__recompiles] Recompiling function forward in /work2/09808/mp46753/frontera/ML_Project/miniconda3/envs/txgnn_env/lib/python3.8/site-packages/dgl/backend/pytorch/sparse.py:163
V0421 02:53:22.985172 47766409377024 torch/_dynamo/guards.py:2611] [48/1] [__recompiles]     triggered by the following guard failure(s):
V0421 02:53:22.985172 47766409377024 torch/_dynamo/guards.py:2611] [48/1] [__recompiles]     - tensor 'L['X']' requires_grad mismatch. expected requires_grad=0
V0421 02:53:23.001192 47766409377024 torch/_dynamo/guards.py:2611] [51/1] [__recompiles] Recompiling function zeros in /work2/09808/mp46753/frontera/ML_Project/miniconda3/envs/txgnn_env/lib/python3.8/site-packages/dgl/backend/pytorch/tensor.py:287
V0421 02:53:23.001192 47766409377024 torch/_dynamo/guards.py:2611] [51/1] [__recompiles]     triggered by the following guard failure(s):
V0421 02:53:23.001192 47766409377024 torch/_dynamo/guards.py:2611] [51/1] [__recompiles]     - L['shape'][1] == 767                                        
V0421 02:53:23.268417 47766409377024 torch/_dynamo/guards.py:2611] [23/2] [__recompiles] Recompiling function zerocopy_to_dgl_ndarray in /work2/09808/mp46753/frontera/ML_Project/miniconda3/envs/txgnn_env/lib/python3.8/site-packages/dgl/backend/pytorch/tensor.py:432
V0421 02:53:23.268417 47766409377024 torch/_dynamo/guards.py:2611] [23/2] [__recompiles]     triggered by the following guard failure(s):
V0421 02:53:23.268417 47766409377024 torch/_dynamo/guards.py:2611] [23/2] [__recompiles]     - GLOBAL_STATE changed: grad_mode 
V0421 02:53:23.268417 47766409377024 torch/_dynamo/guards.py:2611] [23/2] [__recompiles]     - tensor 'L['data']' requires_grad mismatch. expected requires_grad=0
V0421 02:53:23.321922 47766409377024 torch/_dynamo/guards.py:2611] [53/1] [__recompiles] Recompiling function zerocopy_to_dgl_ndarray_for_write in /work2/09808/mp46753/frontera/ML_Project/miniconda3/envs/txgnn_env/lib/python3.8/site-packages/dgl/backend/pytorch/tensor.py:454
V0421 02:53:23.321922 47766409377024 torch/_dynamo/guards.py:2611] [53/1] [__recompiles]     triggered by the following guard failure(s):
V0421 02:53:23.321922 47766409377024 torch/_dynamo/guards.py:2611] [53/1] [__recompiles]     - tensor 'L['input']' stride mismatch at index 0. expected 767, actual 128
V0421 02:53:23.358238 47766409377024 torch/_dynamo/guards.py:2611] [54/1] [__recompiles] Recompiling function check_is_view in /work2/09808/mp46753/frontera/ML_Project/miniconda3/envs/txgnn_env/lib/python3.8/site-packages/dgl/backend/pytorch/tensor.py:441
V0421 02:53:23.358238 47766409377024 torch/_dynamo/guards.py:2611] [54/1] [__recompiles]     triggered by the following guard failure(s):
V0421 02:53:23.358238 47766409377024 torch/_dynamo/guards.py:2611] [54/1] [__recompiles]     - tensor 'L['input']' stride mismatch at index 0. expected 767, actual 128
V0421 02:53:23.368263 47766409377024 torch/_dynamo/guards.py:2611] [55/1] [__recompiles] Recompiling function torch_dynamo_resume_in_check_is_view_at_443 in /work2/09808/mp46753/frontera/ML_Project/miniconda3/envs/txgnn_env/lib/python3.8/site-packages/dgl/backend/pytorch/tensor.py:443
V0421 02:53:23.368263 47766409377024 torch/_dynamo/guards.py:2611] [55/1] [__recompiles]     triggered by the following guard failure(s):
V0421 02:53:23.368263 47766409377024 torch/_dynamo/guards.py:2611] [55/1] [__recompiles]     - tensor 'L['input']' stride mismatch at index 0. expected 767, actual 128
V0421 02:53:23.379572 47766409377024 torch/_dynamo/guards.py:2611] [56/1] [__recompiles] Recompiling function torch_dynamo_resume_in_zerocopy_to_dgl_ndarray_for_write_at_461 in /work2/09808/mp46753/frontera/ML_Project/miniconda3/envs/txgnn_env/lib/python3.8/site-packages/dgl/backend/pytorch/tensor.py:461
V0421 02:53:23.379572 47766409377024 torch/_dynamo/guards.py:2611] [56/1] [__recompiles]     triggered by the following guard failure(s):
V0421 02:53:23.379572 47766409377024 torch/_dynamo/guards.py:2611] [56/1] [__recompiles]     - tensor 'L['input']' stride mismatch at index 0. expected 767, actual 128
V0421 02:53:23.392963 47766409377024 torch/_dynamo/guards.py:2611] [57/1] [__recompiles] Recompiling function torch_dynamo_resume_in_forward_at_165 in /work2/09808/mp46753/frontera/ML_Project/miniconda3/envs/txgnn_env/lib/python3.8/site-packages/dgl/backend/pytorch/sparse.py:165
V0421 02:53:23.392963 47766409377024 torch/_dynamo/guards.py:2611] [57/1] [__recompiles]     triggered by the following guard failure(s):
V0421 02:53:23.392963 47766409377024 torch/_dynamo/guards.py:2611] [57/1] [__recompiles]     - tensor 'L['X']' requires_grad mismatch. expected requires_grad=0
V0421 02:53:23.437472 47766409377024 torch/_dynamo/guards.py:2611] [60/7] [__recompiles] Recompiling function torch_dynamo_resume_in_hook_at_12 in /work2/09808/mp46753/frontera/ML_Project/VQGraph/benchmark_utils.py:12
V0421 02:53:23.437472 47766409377024 torch/_dynamo/guards.py:2611] [60/7] [__recompiles]     triggered by the following guard failure(s):
V0421 02:53:23.437472 47766409377024 torch/_dynamo/guards.py:2611] [60/7] [__recompiles]     - L['___stack0'] == 925443.433489527                          
V0421 02:53:23.437472 47766409377024 torch/_dynamo/guards.py:2611] [60/7] [__recompiles]     - L['___stack0'] == 925443.393057689                          
V0421 02:53:23.437472 47766409377024 torch/_dynamo/guards.py:2611] [60/7] [__recompiles]     - L['___stack0'] == 925443.263758434                          
V0421 02:53:23.437472 47766409377024 torch/_dynamo/guards.py:2611] [60/7] [__recompiles]     - L['___stack0'] == 925442.517615594                          
V0421 02:53:23.437472 47766409377024 torch/_dynamo/guards.py:2611] [60/7] [__recompiles]     - L['___stack0'] == 925440.904877891                          
V0421 02:53:23.437472 47766409377024 torch/_dynamo/guards.py:2611] [60/7] [__recompiles]     - L['___stack0'] == 925440.767939017                          
V0421 02:53:23.437472 47766409377024 torch/_dynamo/guards.py:2611] [60/7] [__recompiles]     - L['___stack0'] == 925440.702893882                          
V0421 02:53:23.482270 47766409377024 torch/_dynamo/guards.py:2611] [60/8] [__recompiles] Recompiling function torch_dynamo_resume_in_hook_at_12 in /work2/09808/mp46753/frontera/ML_Project/VQGraph/benchmark_utils.py:12
V0421 02:53:23.482270 47766409377024 torch/_dynamo/guards.py:2611] [60/8] [__recompiles]     triggered by the following guard failure(s):
V0421 02:53:23.482270 47766409377024 torch/_dynamo/guards.py:2611] [60/8] [__recompiles]     - L['___stack0'] == 925444.922224961                          
V0421 02:53:23.482270 47766409377024 torch/_dynamo/guards.py:2611] [60/8] [__recompiles]     - L['___stack0'] == 925443.433489527                          
V0421 02:53:23.482270 47766409377024 torch/_dynamo/guards.py:2611] [60/8] [__recompiles]     - L['___stack0'] == 925443.393057689                          
V0421 02:53:23.482270 47766409377024 torch/_dynamo/guards.py:2611] [60/8] [__recompiles]     - L['___stack0'] == 925443.263758434                          
V0421 02:53:23.482270 47766409377024 torch/_dynamo/guards.py:2611] [60/8] [__recompiles]     - L['___stack0'] == 925442.517615594                          
V0421 02:53:23.482270 47766409377024 torch/_dynamo/guards.py:2611] [60/8] [__recompiles]     - L['___stack0'] == 925440.904877891                          
V0421 02:53:23.482270 47766409377024 torch/_dynamo/guards.py:2611] [60/8] [__recompiles]     - L['___stack0'] == 925440.767939017                          
V0421 02:53:23.482270 47766409377024 torch/_dynamo/guards.py:2611] [60/8] [__recompiles]     - L['___stack0'] == 925440.702893882                          
W0421 02:53:23.482407 47766409377024 torch/_dynamo/convert_frame.py:762] [60/8] torch._dynamo hit config.cache_size_limit (8)
W0421 02:53:23.482407 47766409377024 torch/_dynamo/convert_frame.py:762] [60/8]    function: 'torch_dynamo_resume_in_hook_at_12' (/work2/09808/mp46753/frontera/ML_Project/VQGraph/benchmark_utils.py:12)
W0421 02:53:23.482407 47766409377024 torch/_dynamo/convert_frame.py:762] [60/8]    last reason: L['___stack0'] == 925440.702893882                          
W0421 02:53:23.482407 47766409377024 torch/_dynamo/convert_frame.py:762] [60/8] To log all recompilation reasons, use TORCH_LOGS="recompiles".
W0421 02:53:23.482407 47766409377024 torch/_dynamo/convert_frame.py:762] [60/8] To diagnose recompilation issues, see https://pytorch.org/docs/main/torch.compiler_troubleshooting.html.
Compiling model with torch.compile()...
Saved sparsity snapshot to outputs_compiled/tran/a-computer/GCN/seed_2/sparsity_before.csv
                               layer_name  num_elements   sparsity
0  _orig_mod.encoder.graph_layer_1.weight        588289    0.00000
1    _orig_mod.encoder.graph_layer_1.bias           767  100.00000
2  _orig_mod.encoder.graph_layer_2.weight         98176    0.00000
3    _orig_mod.encoder.graph_layer_2.bias           128  100.00000
4      _orig_mod.encoder.decoder_1.weight        588289    0.00000
5        _orig_mod.encoder.decoder_1.bias           767    0.00000
6      _orig_mod.encoder.decoder_2.weight        588289    0.00017
7        _orig_mod.encoder.decoder_2.bias           767    0.00000
8         _orig_mod.encoder.linear.weight          1280    0.00000
9           _orig_mod.encoder.linear.bias            10    0.00000
Saved sparsity snapshot to outputs_compiled/tran/a-computer/GCN/seed_2/sparsity_after.csv
                               layer_name  num_elements  sparsity
0  _orig_mod.encoder.graph_layer_1.weight        588289  0.000850
1    _orig_mod.encoder.graph_layer_1.bias           767  0.000000
2  _orig_mod.encoder.graph_layer_2.weight         98176  2.096235
3    _orig_mod.encoder.graph_layer_2.bias           128  4.687500
4      _orig_mod.encoder.decoder_1.weight        588289  0.000510
5        _orig_mod.encoder.decoder_1.bias           767  0.000000
6      _orig_mod.encoder.decoder_2.weight        588289  1.635591
7        _orig_mod.encoder.decoder_2.bias           767  0.000000
8         _orig_mod.encoder.linear.weight          1280  2.031250
9           _orig_mod.encoder.linear.bias            10  0.000000
Saved forward timing report to outputs_compiled/tran/a-computer/GCN/seed_2/forward_times.csv
                         layer_name  avg_forward_time_ms  num_calls
0         _orig_mod.encoder.dropout             0.006673       1001
1   _orig_mod.encoder.graph_layer_1             0.008607       1001
2   _orig_mod.encoder.graph_layer_2             0.006499       1001
3       _orig_mod.encoder.decoder_1             0.006311       1001
4       _orig_mod.encoder.decoder_2             0.006377       1001
5          _orig_mod.encoder.linear             0.001381       1001
6   _orig_mod.encoder.vq.project_in             0.006617       1001
7  _orig_mod.encoder.vq.project_out             0.007192       1001
8    _orig_mod.encoder.vq._codebook             0.007189       1001
CPU Memory Usage: 1337.97 MB
Max GPU Memory Used: 3636.96 MB
