/work2/09808/mp46753/frontera/ML_Project/VQGraph/vq.py:283: FutureWarning: `torch.cuda.amp.autocast(args...)` is deprecated. Please use `torch.amp.autocast('cuda', args...)` instead.
  @autocast(enabled=False)
/work2/09808/mp46753/frontera/ML_Project/VQGraph/vq.py:418: FutureWarning: `torch.cuda.amp.autocast(args...)` is deprecated. Please use `torch.amp.autocast('cuda', args...)` instead.
  @autocast(enabled=False)
Saved sparsity snapshot to outputs_eager/tran/citeseer/GCN/seed_2/sparsity_before.csv
                     layer_name  num_elements    sparsity
0  encoder.graph_layer_1.weight      13712209    0.000029
1    encoder.graph_layer_1.bias          3703  100.000000
2  encoder.graph_layer_2.weight        473984    0.000000
3    encoder.graph_layer_2.bias           128  100.000000
4      encoder.decoder_1.weight      13712209    0.000051
5        encoder.decoder_1.bias          3703    0.000000
6      encoder.decoder_2.weight      13712209    0.000073
7        encoder.decoder_2.bias          3703    0.000000
8         encoder.linear.weight           768    0.000000
9           encoder.linear.bias             6    0.000000
Saved sparsity snapshot to outputs_eager/tran/citeseer/GCN/seed_2/sparsity_after.csv
                     layer_name  num_elements  sparsity
0  encoder.graph_layer_1.weight      13712209  0.000357
1    encoder.graph_layer_1.bias          3703  0.000000
2  encoder.graph_layer_2.weight        473984  0.000211
3    encoder.graph_layer_2.bias           128  3.125000
4      encoder.decoder_1.weight      13712209  0.000088
5        encoder.decoder_1.bias          3703  0.000000
6      encoder.decoder_2.weight      13712209  0.011916
7        encoder.decoder_2.bias          3703  0.000000
8         encoder.linear.weight           768  0.000000
9           encoder.linear.bias             6  0.000000
Saved forward timing report to outputs_eager/tran/citeseer/GCN/seed_2/forward_times.csv
               layer_name  avg_forward_time_ms  num_calls
0         encoder.dropout             0.000182       1001
1   encoder.graph_layer_1             0.000338       1001
2   encoder.graph_layer_2             0.000310       1001
3       encoder.decoder_1             0.000249       1001
4       encoder.decoder_2             0.000218       1001
5          encoder.linear             0.000222       1001
6   encoder.vq.project_in             0.000171       1001
7  encoder.vq.project_out             0.000244       1001
8    encoder.vq._codebook             0.000284       1001
CPU Memory Usage: 1264.47 MB
Max GPU Memory Used: 1691.96 MB
