/work2/09808/mp46753/frontera/ML_Project/VQGraph/vq.py:283: FutureWarning: `torch.cuda.amp.autocast(args...)` is deprecated. Please use `torch.amp.autocast('cuda', args...)` instead.
  @autocast(enabled=False)
/work2/09808/mp46753/frontera/ML_Project/VQGraph/vq.py:418: FutureWarning: `torch.cuda.amp.autocast(args...)` is deprecated. Please use `torch.amp.autocast('cuda', args...)` instead.
  @autocast(enabled=False)
/work2/09808/mp46753/frontera/ML_Project/miniconda3/envs/txgnn_env/lib/python3.8/site-packages/dgl/dataloading/dataloader.py:1144: DGLWarning: Dataloader CPU affinity opt is not enabled, consider switching it on (see enable_cpu_affinity() or CPU best practices for DGL [https://docs.dgl.ai/tutorials/cpu/cpu_best_practises.html])
  dgl_warning(
/work2/09808/mp46753/frontera/ML_Project/miniconda3/envs/txgnn_env/lib/python3.8/site-packages/dgl/heterograph.py:92: DGLWarning: Recommend creating graphs by `dgl.graph(data)` instead of `dgl.DGLGraph(data)`.
  dgl_warning(
/work2/09808/mp46753/frontera/ML_Project/miniconda3/envs/txgnn_env/lib/python3.8/site-packages/torch/_dynamo/variables/functions.py:663: UserWarning: Graph break due to unsupported builtin torch._C._to_dlpack. This function is either a Python builtin (e.g. _warnings.warn) or a third-party C/C++ Python extension (perhaps created with pybind). If it is a Python builtin, please file an issue on GitHub so the PyTorch team can add support for it and see the next case for a workaround. If it is a third-party C/C++ Python extension, please either wrap it into a PyTorch-understood custom operator (see https://pytorch.org/tutorials/advanced/custom_ops_landing_page.html for more details) or, if it is traceable, use torch.compiler.allow_in_graph.
  torch._dynamo.utils.warn_once(msg)
V0421 01:46:18.649908 47866623247616 torch/_dynamo/guards.py:2611] [4/1] [__recompiles] Recompiling function create_unitgraph_from_coo in /work2/09808/mp46753/frontera/ML_Project/miniconda3/envs/txgnn_env/lib/python3.8/site-packages/dgl/heterograph_index.py:1254
V0421 01:46:18.649908 47866623247616 torch/_dynamo/guards.py:2611] [4/1] [__recompiles]     triggered by the following guard failure(s):
V0421 01:46:18.649908 47866623247616 torch/_dynamo/guards.py:2611] [4/1] [__recompiles]     - tensor 'L['row']' dispatch key set mismatch. expected DispatchKeySet(CPU, BackendSelect, ADInplaceOrView, AutogradCPU), actual DispatchKeySet(CUDA, BackendSelect, ADInplaceOrView, AutogradCUDA)
V0421 01:46:18.669069 47866623247616 torch/_dynamo/guards.py:2611] [5/1] [__recompiles] Recompiling function to_dgl_nd in /work2/09808/mp46753/frontera/ML_Project/miniconda3/envs/txgnn_env/lib/python3.8/site-packages/dgl/backend/__init__.py:141
V0421 01:46:18.669069 47866623247616 torch/_dynamo/guards.py:2611] [5/1] [__recompiles]     triggered by the following guard failure(s):
V0421 01:46:18.669069 47866623247616 torch/_dynamo/guards.py:2611] [5/1] [__recompiles]     - tensor 'L['data']' dispatch key set mismatch. expected DispatchKeySet(CPU, BackendSelect, ADInplaceOrView, AutogradCPU), actual DispatchKeySet(CUDA, BackendSelect, ADInplaceOrView, AutogradCUDA)
V0421 01:46:18.680221 47866623247616 torch/_dynamo/guards.py:2611] [6/1] [__recompiles] Recompiling function zerocopy_to_dgl_ndarray in /work2/09808/mp46753/frontera/ML_Project/miniconda3/envs/txgnn_env/lib/python3.8/site-packages/dgl/backend/pytorch/tensor.py:432
V0421 01:46:18.680221 47866623247616 torch/_dynamo/guards.py:2611] [6/1] [__recompiles]     triggered by the following guard failure(s):
V0421 01:46:18.680221 47866623247616 torch/_dynamo/guards.py:2611] [6/1] [__recompiles]     - tensor 'L['data']' dispatch key set mismatch. expected DispatchKeySet(CPU, BackendSelect, ADInplaceOrView, AutogradCPU), actual DispatchKeySet(CUDA, BackendSelect, ADInplaceOrView, AutogradCUDA)
V0421 01:46:18.714375 47866623247616 torch/_dynamo/guards.py:2611] [8/1] [__recompiles] Recompiling function torch_dynamo_resume_in_create_unitgraph_from_coo_at_1296 in /work2/09808/mp46753/frontera/ML_Project/miniconda3/envs/txgnn_env/lib/python3.8/site-packages/dgl/heterograph_index.py:1296
V0421 01:46:18.714375 47866623247616 torch/_dynamo/guards.py:2611] [8/1] [__recompiles]     triggered by the following guard failure(s):
V0421 01:46:18.714375 47866623247616 torch/_dynamo/guards.py:2611] [8/1] [__recompiles]     - tensor 'L['col']' dispatch key set mismatch. expected DispatchKeySet(CPU, BackendSelect, ADInplaceOrView, AutogradCPU), actual DispatchKeySet(CUDA, BackendSelect, ADInplaceOrView, AutogradCUDA)
W0421 01:46:22.262892 47866623247616 torch/_dynamo/variables/tensor.py:715] [30/0] Graph break from `Tensor.item()`, consider setting:
W0421 01:46:22.262892 47866623247616 torch/_dynamo/variables/tensor.py:715] [30/0]     torch._dynamo.config.capture_scalar_outputs = True
W0421 01:46:22.262892 47866623247616 torch/_dynamo/variables/tensor.py:715] [30/0] or:
W0421 01:46:22.262892 47866623247616 torch/_dynamo/variables/tensor.py:715] [30/0]     env TORCHDYNAMO_CAPTURE_SCALAR_OUTPUTS=1
W0421 01:46:22.262892 47866623247616 torch/_dynamo/variables/tensor.py:715] [30/0] to include these operations in the captured graph.
W0421 01:46:22.262892 47866623247616 torch/_dynamo/variables/tensor.py:715] [30/0] 
V0421 01:46:25.498309 47866623247616 torch/_dynamo/guards.py:2611] [4/2] [__recompiles] Recompiling function create_unitgraph_from_coo in /work2/09808/mp46753/frontera/ML_Project/miniconda3/envs/txgnn_env/lib/python3.8/site-packages/dgl/heterograph_index.py:1254
V0421 01:46:25.498309 47866623247616 torch/_dynamo/guards.py:2611] [4/2] [__recompiles]     triggered by the following guard failure(s):
V0421 01:46:25.498309 47866623247616 torch/_dynamo/guards.py:2611] [4/2] [__recompiles]     - tensor 'L['row']' size mismatch at index 0. expected 0, actual 1561
V0421 01:46:25.498309 47866623247616 torch/_dynamo/guards.py:2611] [4/2] [__recompiles]     - tensor 'L['row']' dispatch key set mismatch. expected DispatchKeySet(CPU, BackendSelect, ADInplaceOrView, AutogradCPU), actual DispatchKeySet(CUDA, BackendSelect, ADInplaceOrView, AutogradCUDA)
V0421 01:46:25.525566 47866623247616 torch/_dynamo/guards.py:2611] [5/2] [__recompiles] Recompiling function to_dgl_nd in /work2/09808/mp46753/frontera/ML_Project/miniconda3/envs/txgnn_env/lib/python3.8/site-packages/dgl/backend/__init__.py:141
V0421 01:46:25.525566 47866623247616 torch/_dynamo/guards.py:2611] [5/2] [__recompiles]     triggered by the following guard failure(s):
V0421 01:46:25.525566 47866623247616 torch/_dynamo/guards.py:2611] [5/2] [__recompiles]     - tensor 'L['data']' size mismatch at index 0. expected 0, actual 1561
V0421 01:46:25.525566 47866623247616 torch/_dynamo/guards.py:2611] [5/2] [__recompiles]     - tensor 'L['data']' dispatch key set mismatch. expected DispatchKeySet(CPU, BackendSelect, ADInplaceOrView, AutogradCPU), actual DispatchKeySet(CUDA, BackendSelect, ADInplaceOrView, AutogradCUDA)
V0421 01:46:25.537393 47866623247616 torch/_dynamo/guards.py:2611] [6/2] [__recompiles] Recompiling function zerocopy_to_dgl_ndarray in /work2/09808/mp46753/frontera/ML_Project/miniconda3/envs/txgnn_env/lib/python3.8/site-packages/dgl/backend/pytorch/tensor.py:432
V0421 01:46:25.537393 47866623247616 torch/_dynamo/guards.py:2611] [6/2] [__recompiles]     triggered by the following guard failure(s):
V0421 01:46:25.537393 47866623247616 torch/_dynamo/guards.py:2611] [6/2] [__recompiles]     - tensor 'L['data']' size mismatch at index 0. expected 0, actual 1561
V0421 01:46:25.537393 47866623247616 torch/_dynamo/guards.py:2611] [6/2] [__recompiles]     - tensor 'L['data']' dispatch key set mismatch. expected DispatchKeySet(CPU, BackendSelect, ADInplaceOrView, AutogradCPU), actual DispatchKeySet(CUDA, BackendSelect, ADInplaceOrView, AutogradCUDA)
V0421 01:46:25.575463 47866623247616 torch/_dynamo/guards.py:2611] [8/2] [__recompiles] Recompiling function torch_dynamo_resume_in_create_unitgraph_from_coo_at_1296 in /work2/09808/mp46753/frontera/ML_Project/miniconda3/envs/txgnn_env/lib/python3.8/site-packages/dgl/heterograph_index.py:1296
V0421 01:46:25.575463 47866623247616 torch/_dynamo/guards.py:2611] [8/2] [__recompiles]     triggered by the following guard failure(s):
V0421 01:46:25.575463 47866623247616 torch/_dynamo/guards.py:2611] [8/2] [__recompiles]     - tensor 'L['col']' size mismatch at index 0. expected 0, actual 1561
V0421 01:46:25.575463 47866623247616 torch/_dynamo/guards.py:2611] [8/2] [__recompiles]     - tensor 'L['col']' dispatch key set mismatch. expected DispatchKeySet(CPU, BackendSelect, ADInplaceOrView, AutogradCPU), actual DispatchKeySet(CUDA, BackendSelect, ADInplaceOrView, AutogradCUDA)
V0421 01:46:25.592536 47866623247616 torch/_dynamo/guards.py:2611] [32/1] [__recompiles] Recompiling function torch_dynamo_resume_in_add_edges_at_574 in /work2/09808/mp46753/frontera/ML_Project/miniconda3/envs/txgnn_env/lib/python3.8/site-packages/dgl/heterograph.py:574
V0421 01:46:25.592536 47866623247616 torch/_dynamo/guards.py:2611] [32/1] [__recompiles]     triggered by the following guard failure(s):
V0421 01:46:25.592536 47866623247616 torch/_dynamo/guards.py:2611] [32/1] [__recompiles]     - L['___stack0'] == 778                                       
V0421 01:46:25.814754 47866623247616 torch/_dynamo/guards.py:2611] [34/1] [__recompiles] Recompiling function cat in /work2/09808/mp46753/frontera/ML_Project/miniconda3/envs/txgnn_env/lib/python3.8/site-packages/dgl/backend/pytorch/tensor.py:222
V0421 01:46:25.814754 47866623247616 torch/_dynamo/guards.py:2611] [34/1] [__recompiles]     triggered by the following guard failure(s):
V0421 01:46:25.814754 47866623247616 torch/_dynamo/guards.py:2611] [34/1] [__recompiles]     - tensor 'L['seq'][0]' size mismatch at index 0. expected 0, actual 1561
V0421 01:46:26.554621 47866623247616 torch/_dynamo/guards.py:2611] [20/1] [__recompiles] Recompiling function add_edges in /work2/09808/mp46753/frontera/ML_Project/miniconda3/envs/txgnn_env/lib/python3.8/site-packages/dgl/heterograph.py:435
V0421 01:46:26.554621 47866623247616 torch/_dynamo/guards.py:2611] [20/1] [__recompiles]     triggered by the following guard failure(s):
V0421 01:46:26.554621 47866623247616 torch/_dynamo/guards.py:2611] [20/1] [__recompiles]     - tensor 'L['u']' size mismatch at index 0. expected 1561, actual 427
V0421 01:46:26.575473 47866623247616 torch/_dynamo/guards.py:2611] [26/1] [__recompiles] Recompiling function torch_dynamo_resume_in_add_edges_at_541 in /work2/09808/mp46753/frontera/ML_Project/miniconda3/envs/txgnn_env/lib/python3.8/site-packages/dgl/heterograph.py:541
V0421 01:46:26.575473 47866623247616 torch/_dynamo/guards.py:2611] [26/1] [__recompiles]     triggered by the following guard failure(s):
V0421 01:46:26.575473 47866623247616 torch/_dynamo/guards.py:2611] [26/1] [__recompiles]     - tensor 'L['v']' size mismatch at index 0. expected 1561, actual 427
V0421 01:46:26.603263 47866623247616 torch/_dynamo/guards.py:2611] [27/1] [__recompiles] Recompiling function torch_dynamo_resume_in_add_edges_at_542 in /work2/09808/mp46753/frontera/ML_Project/miniconda3/envs/txgnn_env/lib/python3.8/site-packages/dgl/heterograph.py:542
V0421 01:46:26.603263 47866623247616 torch/_dynamo/guards.py:2611] [27/1] [__recompiles]     triggered by the following guard failure(s):
V0421 01:46:26.603263 47866623247616 torch/_dynamo/guards.py:2611] [27/1] [__recompiles]     - tensor 'L['___stack0']' size mismatch at index 0. expected 1561, actual 427
V0421 01:46:26.619506 47866623247616 torch/_dynamo/guards.py:2611] [28/1] [__recompiles] Recompiling function torch_dynamo_resume_in_add_edges_at_545 in /work2/09808/mp46753/frontera/ML_Project/miniconda3/envs/txgnn_env/lib/python3.8/site-packages/dgl/heterograph.py:545
V0421 01:46:26.619506 47866623247616 torch/_dynamo/guards.py:2611] [28/1] [__recompiles]     triggered by the following guard failure(s):
V0421 01:46:26.619506 47866623247616 torch/_dynamo/guards.py:2611] [28/1] [__recompiles]     - tensor 'L['u']' size mismatch at index 0. expected 1561, actual 427
V0421 01:46:26.684651 47866623247616 torch/_dynamo/guards.py:2611] [30/1] [__recompiles] Recompiling function torch_dynamo_resume_in_add_edges_at_573 in /work2/09808/mp46753/frontera/ML_Project/miniconda3/envs/txgnn_env/lib/python3.8/site-packages/dgl/heterograph.py:573
V0421 01:46:26.684651 47866623247616 torch/_dynamo/guards.py:2611] [30/1] [__recompiles]     triggered by the following guard failure(s):
V0421 01:46:26.684651 47866623247616 torch/_dynamo/guards.py:2611] [30/1] [__recompiles]     - tensor 'L['u']' size mismatch at index 0. expected 1561, actual 427
V0421 01:46:26.931321 47866623247616 torch/_dynamo/guards.py:2611] [32/2] [__recompiles] Recompiling function torch_dynamo_resume_in_add_edges_at_574 in /work2/09808/mp46753/frontera/ML_Project/miniconda3/envs/txgnn_env/lib/python3.8/site-packages/dgl/heterograph.py:574
V0421 01:46:26.931321 47866623247616 torch/_dynamo/guards.py:2611] [32/2] [__recompiles]     triggered by the following guard failure(s):
V0421 01:46:26.931321 47866623247616 torch/_dynamo/guards.py:2611] [32/2] [__recompiles]     - tensor 'L['v']' size mismatch at index 0. expected 1561, actual 427
V0421 01:46:26.931321 47866623247616 torch/_dynamo/guards.py:2611] [32/2] [__recompiles]     - L['___stack0'] == 778                                       
V0421 01:46:27.177167 47866623247616 torch/_dynamo/guards.py:2611] [34/2] [__recompiles] Recompiling function cat in /work2/09808/mp46753/frontera/ML_Project/miniconda3/envs/txgnn_env/lib/python3.8/site-packages/dgl/backend/pytorch/tensor.py:222
V0421 01:46:27.177167 47866623247616 torch/_dynamo/guards.py:2611] [34/2] [__recompiles]     triggered by the following guard failure(s):
V0421 01:46:27.177167 47866623247616 torch/_dynamo/guards.py:2611] [34/2] [__recompiles]     - tensor 'L['seq'][1]' size mismatch at index 0. expected 1561, actual 427
V0421 01:46:27.177167 47866623247616 torch/_dynamo/guards.py:2611] [34/2] [__recompiles]     - tensor 'L['seq'][0]' size mismatch at index 0. expected 0, actual 3122
/work2/09808/mp46753/frontera/ML_Project/miniconda3/envs/txgnn_env/lib/python3.8/site-packages/torch/_dynamo/variables/functions.py:663: UserWarning: Graph break due to unsupported builtin posix.stat. This function is either a Python builtin (e.g. _warnings.warn) or a third-party C/C++ Python extension (perhaps created with pybind). If it is a Python builtin, please file an issue on GitHub so the PyTorch team can add support for it and see the next case for a workaround. If it is a third-party C/C++ Python extension, please either wrap it into a PyTorch-understood custom operator (see https://pytorch.org/tutorials/advanced/custom_ops_landing_page.html for more details) or, if it is traceable, use torch.compiler.allow_in_graph.
  torch._dynamo.utils.warn_once(msg)
V0421 01:46:31.362595 47866623247616 torch/_dynamo/guards.py:2611] [6/3] [__recompiles] Recompiling function zerocopy_to_dgl_ndarray in /work2/09808/mp46753/frontera/ML_Project/miniconda3/envs/txgnn_env/lib/python3.8/site-packages/dgl/backend/pytorch/tensor.py:432
V0421 01:46:31.362595 47866623247616 torch/_dynamo/guards.py:2611] [6/3] [__recompiles]     triggered by the following guard failure(s):
V0421 01:46:31.362595 47866623247616 torch/_dynamo/guards.py:2611] [6/3] [__recompiles]     - GLOBAL_STATE changed: grad_mode 
V0421 01:46:31.362595 47866623247616 torch/_dynamo/guards.py:2611] [6/3] [__recompiles]     - GLOBAL_STATE changed: grad_mode 
V0421 01:46:31.362595 47866623247616 torch/_dynamo/guards.py:2611] [6/3] [__recompiles]     - GLOBAL_STATE changed: grad_mode 
V0421 01:46:31.409934 47866623247616 torch/_dynamo/guards.py:2611] [7/1] [__recompiles] Recompiling function torch_dynamo_resume_in_zerocopy_to_dgl_ndarray_at_435 in /work2/09808/mp46753/frontera/ML_Project/miniconda3/envs/txgnn_env/lib/python3.8/site-packages/dgl/backend/pytorch/tensor.py:435
V0421 01:46:31.409934 47866623247616 torch/_dynamo/guards.py:2611] [7/1] [__recompiles]     triggered by the following guard failure(s):
V0421 01:46:31.409934 47866623247616 torch/_dynamo/guards.py:2611] [7/1] [__recompiles]     - GLOBAL_STATE changed: grad_mode 
/work2/09808/mp46753/frontera/ML_Project/miniconda3/envs/txgnn_env/lib/python3.8/site-packages/torch/_dynamo/variables/functions.py:663: UserWarning: Graph break due to unsupported builtin time.perf_counter. This function is either a Python builtin (e.g. _warnings.warn) or a third-party C/C++ Python extension (perhaps created with pybind). If it is a Python builtin, please file an issue on GitHub so the PyTorch team can add support for it and see the next case for a workaround. If it is a third-party C/C++ Python extension, please either wrap it into a PyTorch-understood custom operator (see https://pytorch.org/tutorials/advanced/custom_ops_landing_page.html for more details) or, if it is traceable, use torch.compiler.allow_in_graph.
  torch._dynamo.utils.warn_once(msg)
V0421 01:46:31.949523 47866623247616 torch/_dynamo/guards.py:2611] [86/1] [__recompiles] Recompiling function torch_dynamo_resume_in_hook_at_12 in /work2/09808/mp46753/frontera/ML_Project/VQGraph/benchmark_utils.py:12
V0421 01:46:31.949523 47866623247616 torch/_dynamo/guards.py:2611] [86/1] [__recompiles]     triggered by the following guard failure(s):
V0421 01:46:31.949523 47866623247616 torch/_dynamo/guards.py:2611] [86/1] [__recompiles]     - L['___stack0'] == 921433.421502441                          
V0421 01:46:32.043986 47866623247616 torch/_dynamo/guards.py:2611] [86/2] [__recompiles] Recompiling function torch_dynamo_resume_in_hook_at_12 in /work2/09808/mp46753/frontera/ML_Project/VQGraph/benchmark_utils.py:12
V0421 01:46:32.043986 47866623247616 torch/_dynamo/guards.py:2611] [86/2] [__recompiles]     triggered by the following guard failure(s):
V0421 01:46:32.043986 47866623247616 torch/_dynamo/guards.py:2611] [86/2] [__recompiles]     - L['___stack0'] == 921433.434409308                          
V0421 01:46:32.043986 47866623247616 torch/_dynamo/guards.py:2611] [86/2] [__recompiles]     - L['___stack0'] == 921433.421502441                          
V0421 01:46:35.413339 47866623247616 torch/_dynamo/guards.py:2611] [86/3] [__recompiles] Recompiling function torch_dynamo_resume_in_hook_at_12 in /work2/09808/mp46753/frontera/ML_Project/VQGraph/benchmark_utils.py:12
V0421 01:46:35.413339 47866623247616 torch/_dynamo/guards.py:2611] [86/3] [__recompiles]     triggered by the following guard failure(s):
V0421 01:46:35.413339 47866623247616 torch/_dynamo/guards.py:2611] [86/3] [__recompiles]     - L['___stack0'] == 921433.528859089                          
V0421 01:46:35.413339 47866623247616 torch/_dynamo/guards.py:2611] [86/3] [__recompiles]     - L['___stack0'] == 921433.434409308                          
V0421 01:46:35.413339 47866623247616 torch/_dynamo/guards.py:2611] [86/3] [__recompiles]     - L['___stack0'] == 921433.421502441                          
V0421 01:46:37.037353 47866623247616 torch/_dynamo/guards.py:2611] [86/4] [__recompiles] Recompiling function torch_dynamo_resume_in_hook_at_12 in /work2/09808/mp46753/frontera/ML_Project/VQGraph/benchmark_utils.py:12
V0421 01:46:37.037353 47866623247616 torch/_dynamo/guards.py:2611] [86/4] [__recompiles]     triggered by the following guard failure(s):
V0421 01:46:37.037353 47866623247616 torch/_dynamo/guards.py:2611] [86/4] [__recompiles]     - L['___stack0'] == 921436.898098264                          
V0421 01:46:37.037353 47866623247616 torch/_dynamo/guards.py:2611] [86/4] [__recompiles]     - L['___stack0'] == 921433.528859089                          
V0421 01:46:37.037353 47866623247616 torch/_dynamo/guards.py:2611] [86/4] [__recompiles]     - L['___stack0'] == 921433.434409308                          
V0421 01:46:37.037353 47866623247616 torch/_dynamo/guards.py:2611] [86/4] [__recompiles]     - L['___stack0'] == 921433.421502441                          
V0421 01:46:37.108908 47866623247616 torch/_dynamo/guards.py:2611] [86/5] [__recompiles] Recompiling function torch_dynamo_resume_in_hook_at_12 in /work2/09808/mp46753/frontera/ML_Project/VQGraph/benchmark_utils.py:12
V0421 01:46:37.108908 47866623247616 torch/_dynamo/guards.py:2611] [86/5] [__recompiles]     triggered by the following guard failure(s):
V0421 01:46:37.108908 47866623247616 torch/_dynamo/guards.py:2611] [86/5] [__recompiles]     - L['___stack0'] == 921438.522078125                          
V0421 01:46:37.108908 47866623247616 torch/_dynamo/guards.py:2611] [86/5] [__recompiles]     - L['___stack0'] == 921436.898098264                          
V0421 01:46:37.108908 47866623247616 torch/_dynamo/guards.py:2611] [86/5] [__recompiles]     - L['___stack0'] == 921433.528859089                          
V0421 01:46:37.108908 47866623247616 torch/_dynamo/guards.py:2611] [86/5] [__recompiles]     - L['___stack0'] == 921433.434409308                          
V0421 01:46:37.108908 47866623247616 torch/_dynamo/guards.py:2611] [86/5] [__recompiles]     - L['___stack0'] == 921433.421502441                          
V0421 01:46:37.115214 47866623247616 torch/_dynamo/guards.py:2611] [86/6] [__recompiles] Recompiling function torch_dynamo_resume_in_hook_at_12 in /work2/09808/mp46753/frontera/ML_Project/VQGraph/benchmark_utils.py:12
V0421 01:46:37.115214 47866623247616 torch/_dynamo/guards.py:2611] [86/6] [__recompiles]     triggered by the following guard failure(s):
V0421 01:46:37.115214 47866623247616 torch/_dynamo/guards.py:2611] [86/6] [__recompiles]     - L['___stack0'] == 921438.593734633                          
V0421 01:46:37.115214 47866623247616 torch/_dynamo/guards.py:2611] [86/6] [__recompiles]     - L['___stack0'] == 921438.522078125                          
V0421 01:46:37.115214 47866623247616 torch/_dynamo/guards.py:2611] [86/6] [__recompiles]     - L['___stack0'] == 921436.898098264                          
V0421 01:46:37.115214 47866623247616 torch/_dynamo/guards.py:2611] [86/6] [__recompiles]     - L['___stack0'] == 921433.528859089                          
V0421 01:46:37.115214 47866623247616 torch/_dynamo/guards.py:2611] [86/6] [__recompiles]     - L['___stack0'] == 921433.434409308                          
V0421 01:46:37.115214 47866623247616 torch/_dynamo/guards.py:2611] [86/6] [__recompiles]     - L['___stack0'] == 921433.421502441                          
V0421 01:46:37.179263 47866623247616 torch/_dynamo/guards.py:2611] [57/1] [__recompiles] Recompiling function __setitem__ in /work2/09808/mp46753/frontera/ML_Project/miniconda3/envs/txgnn_env/lib/python3.8/site-packages/dgl/view.py:82
V0421 01:46:37.179263 47866623247616 torch/_dynamo/guards.py:2611] [57/1] [__recompiles]     triggered by the following guard failure(s):
V0421 01:46:37.179263 47866623247616 torch/_dynamo/guards.py:2611] [57/1] [__recompiles]     - tensor 'L['val']' requires_grad mismatch. expected requires_grad=0
V0421 01:46:37.202438 47866623247616 torch/_dynamo/guards.py:2611] [61/1] [__recompiles] Recompiling function __setitem__ in /work2/09808/mp46753/frontera/ML_Project/miniconda3/envs/txgnn_env/lib/python3.8/site-packages/dgl/frame.py:690
V0421 01:46:37.202438 47866623247616 torch/_dynamo/guards.py:2611] [61/1] [__recompiles]     triggered by the following guard failure(s):
V0421 01:46:37.202438 47866623247616 torch/_dynamo/guards.py:2611] [61/1] [__recompiles]     - tensor 'L['data']' requires_grad mismatch. expected requires_grad=0
V0421 01:46:37.221961 47866623247616 torch/_dynamo/guards.py:2611] [62/1] [__recompiles] Recompiling function update_column in /work2/09808/mp46753/frontera/ML_Project/miniconda3/envs/txgnn_env/lib/python3.8/site-packages/dgl/frame.py:772
V0421 01:46:37.221961 47866623247616 torch/_dynamo/guards.py:2611] [62/1] [__recompiles]     triggered by the following guard failure(s):
V0421 01:46:37.221961 47866623247616 torch/_dynamo/guards.py:2611] [62/1] [__recompiles]     - tensor 'L['data']' requires_grad mismatch. expected requires_grad=0
V0421 01:46:37.241877 47866623247616 torch/_dynamo/guards.py:2611] [63/1] [__recompiles] Recompiling function create in /work2/09808/mp46753/frontera/ML_Project/miniconda3/envs/txgnn_env/lib/python3.8/site-packages/dgl/frame.py:472
V0421 01:46:37.241877 47866623247616 torch/_dynamo/guards.py:2611] [63/1] [__recompiles]     triggered by the following guard failure(s):
V0421 01:46:37.241877 47866623247616 torch/_dynamo/guards.py:2611] [63/1] [__recompiles]     - tensor 'L['data']' requires_grad mismatch. expected requires_grad=0
V0421 01:46:37.260383 47866623247616 torch/_dynamo/guards.py:2611] [64/1] [__recompiles] Recompiling function __init__ in /work2/09808/mp46753/frontera/ML_Project/miniconda3/envs/txgnn_env/lib/python3.8/site-packages/dgl/frame.py:210
V0421 01:46:37.260383 47866623247616 torch/_dynamo/guards.py:2611] [64/1] [__recompiles]     triggered by the following guard failure(s):
V0421 01:46:37.260383 47866623247616 torch/_dynamo/guards.py:2611] [64/1] [__recompiles]     - tensor 'L['storage']' requires_grad mismatch. expected requires_grad=0
V0421 01:46:37.280141 47866623247616 torch/_dynamo/guards.py:2611] [65/1] [__recompiles] Recompiling function infer_scheme in /work2/09808/mp46753/frontera/ML_Project/miniconda3/envs/txgnn_env/lib/python3.8/site-packages/dgl/frame.py:151
V0421 01:46:37.280141 47866623247616 torch/_dynamo/guards.py:2611] [65/1] [__recompiles]     triggered by the following guard failure(s):
V0421 01:46:37.280141 47866623247616 torch/_dynamo/guards.py:2611] [65/1] [__recompiles]     - tensor 'L['tensor']' requires_grad mismatch. expected requires_grad=0
V0421 01:46:37.326553 47866623247616 torch/_dynamo/guards.py:2611] [68/1] [__recompiles] Recompiling function func in /work2/09808/mp46753/frontera/ML_Project/miniconda3/envs/txgnn_env/lib/python3.8/site-packages/dgl/ops/spmm.py:213
V0421 01:46:37.326553 47866623247616 torch/_dynamo/guards.py:2611] [68/1] [__recompiles]     triggered by the following guard failure(s):
V0421 01:46:37.326553 47866623247616 torch/_dynamo/guards.py:2611] [68/1] [__recompiles]     - tensor 'L['x']' requires_grad mismatch. expected requires_grad=0
V0421 01:46:37.340307 47866623247616 torch/_dynamo/guards.py:2611] [70/1] [__recompiles] Recompiling function torch_dynamo_resume_in_gspmm_at_75 in /work2/09808/mp46753/frontera/ML_Project/miniconda3/envs/txgnn_env/lib/python3.8/site-packages/dgl/ops/spmm.py:75
V0421 01:46:37.340307 47866623247616 torch/_dynamo/guards.py:2611] [70/1] [__recompiles]     triggered by the following guard failure(s):
V0421 01:46:37.340307 47866623247616 torch/_dynamo/guards.py:2611] [70/1] [__recompiles]     - tensor 'L['lhs_data']' requires_grad mismatch. expected requires_grad=0
V0421 01:46:37.358305 47866623247616 torch/_dynamo/guards.py:2611] [74/1] [__recompiles] Recompiling function forward in /work2/09808/mp46753/frontera/ML_Project/miniconda3/envs/txgnn_env/lib/python3.8/site-packages/dgl/backend/pytorch/sparse.py:163
V0421 01:46:37.358305 47866623247616 torch/_dynamo/guards.py:2611] [74/1] [__recompiles]     triggered by the following guard failure(s):
V0421 01:46:37.358305 47866623247616 torch/_dynamo/guards.py:2611] [74/1] [__recompiles]     - tensor 'L['X']' requires_grad mismatch. expected requires_grad=0
V0421 01:46:37.374590 47866623247616 torch/_dynamo/guards.py:2611] [77/1] [__recompiles] Recompiling function zeros in /work2/09808/mp46753/frontera/ML_Project/miniconda3/envs/txgnn_env/lib/python3.8/site-packages/dgl/backend/pytorch/tensor.py:287
V0421 01:46:37.374590 47866623247616 torch/_dynamo/guards.py:2611] [77/1] [__recompiles]     triggered by the following guard failure(s):
V0421 01:46:37.374590 47866623247616 torch/_dynamo/guards.py:2611] [77/1] [__recompiles]     - L['shape'][1] == 3703                                       
V0421 01:46:37.640009 47866623247616 torch/_dynamo/guards.py:2611] [6/4] [__recompiles] Recompiling function zerocopy_to_dgl_ndarray in /work2/09808/mp46753/frontera/ML_Project/miniconda3/envs/txgnn_env/lib/python3.8/site-packages/dgl/backend/pytorch/tensor.py:432
V0421 01:46:37.640009 47866623247616 torch/_dynamo/guards.py:2611] [6/4] [__recompiles]     triggered by the following guard failure(s):
V0421 01:46:37.640009 47866623247616 torch/_dynamo/guards.py:2611] [6/4] [__recompiles]     - GLOBAL_STATE changed: grad_mode 
V0421 01:46:37.640009 47866623247616 torch/_dynamo/guards.py:2611] [6/4] [__recompiles]     - tensor 'L['data']' requires_grad mismatch. expected requires_grad=0
V0421 01:46:37.640009 47866623247616 torch/_dynamo/guards.py:2611] [6/4] [__recompiles]     - GLOBAL_STATE changed: grad_mode 
V0421 01:46:37.640009 47866623247616 torch/_dynamo/guards.py:2611] [6/4] [__recompiles]     - GLOBAL_STATE changed: grad_mode 
V0421 01:46:37.690466 47866623247616 torch/_dynamo/guards.py:2611] [79/1] [__recompiles] Recompiling function zerocopy_to_dgl_ndarray_for_write in /work2/09808/mp46753/frontera/ML_Project/miniconda3/envs/txgnn_env/lib/python3.8/site-packages/dgl/backend/pytorch/tensor.py:454
V0421 01:46:37.690466 47866623247616 torch/_dynamo/guards.py:2611] [79/1] [__recompiles]     triggered by the following guard failure(s):
V0421 01:46:37.690466 47866623247616 torch/_dynamo/guards.py:2611] [79/1] [__recompiles]     - tensor 'L['input']' stride mismatch at index 0. expected 3703, actual 128
V0421 01:46:37.728294 47866623247616 torch/_dynamo/guards.py:2611] [80/1] [__recompiles] Recompiling function check_is_view in /work2/09808/mp46753/frontera/ML_Project/miniconda3/envs/txgnn_env/lib/python3.8/site-packages/dgl/backend/pytorch/tensor.py:441
V0421 01:46:37.728294 47866623247616 torch/_dynamo/guards.py:2611] [80/1] [__recompiles]     triggered by the following guard failure(s):
V0421 01:46:37.728294 47866623247616 torch/_dynamo/guards.py:2611] [80/1] [__recompiles]     - tensor 'L['input']' stride mismatch at index 0. expected 3703, actual 128
V0421 01:46:37.738499 47866623247616 torch/_dynamo/guards.py:2611] [81/1] [__recompiles] Recompiling function torch_dynamo_resume_in_check_is_view_at_443 in /work2/09808/mp46753/frontera/ML_Project/miniconda3/envs/txgnn_env/lib/python3.8/site-packages/dgl/backend/pytorch/tensor.py:443
V0421 01:46:37.738499 47866623247616 torch/_dynamo/guards.py:2611] [81/1] [__recompiles]     triggered by the following guard failure(s):
V0421 01:46:37.738499 47866623247616 torch/_dynamo/guards.py:2611] [81/1] [__recompiles]     - tensor 'L['input']' stride mismatch at index 0. expected 3703, actual 128
V0421 01:46:37.750022 47866623247616 torch/_dynamo/guards.py:2611] [82/1] [__recompiles] Recompiling function torch_dynamo_resume_in_zerocopy_to_dgl_ndarray_for_write_at_461 in /work2/09808/mp46753/frontera/ML_Project/miniconda3/envs/txgnn_env/lib/python3.8/site-packages/dgl/backend/pytorch/tensor.py:461
V0421 01:46:37.750022 47866623247616 torch/_dynamo/guards.py:2611] [82/1] [__recompiles]     triggered by the following guard failure(s):
V0421 01:46:37.750022 47866623247616 torch/_dynamo/guards.py:2611] [82/1] [__recompiles]     - tensor 'L['input']' stride mismatch at index 0. expected 3703, actual 128
V0421 01:46:37.763518 47866623247616 torch/_dynamo/guards.py:2611] [83/1] [__recompiles] Recompiling function torch_dynamo_resume_in_forward_at_165 in /work2/09808/mp46753/frontera/ML_Project/miniconda3/envs/txgnn_env/lib/python3.8/site-packages/dgl/backend/pytorch/sparse.py:165
V0421 01:46:37.763518 47866623247616 torch/_dynamo/guards.py:2611] [83/1] [__recompiles]     triggered by the following guard failure(s):
V0421 01:46:37.763518 47866623247616 torch/_dynamo/guards.py:2611] [83/1] [__recompiles]     - tensor 'L['X']' requires_grad mismatch. expected requires_grad=0
V0421 01:46:37.804482 47866623247616 torch/_dynamo/guards.py:2611] [86/7] [__recompiles] Recompiling function torch_dynamo_resume_in_hook_at_12 in /work2/09808/mp46753/frontera/ML_Project/VQGraph/benchmark_utils.py:12
V0421 01:46:37.804482 47866623247616 torch/_dynamo/guards.py:2611] [86/7] [__recompiles]     triggered by the following guard failure(s):
V0421 01:46:37.804482 47866623247616 torch/_dynamo/guards.py:2611] [86/7] [__recompiles]     - L['___stack0'] == 921438.60003961                           
V0421 01:46:37.804482 47866623247616 torch/_dynamo/guards.py:2611] [86/7] [__recompiles]     - L['___stack0'] == 921438.593734633                          
V0421 01:46:37.804482 47866623247616 torch/_dynamo/guards.py:2611] [86/7] [__recompiles]     - L['___stack0'] == 921438.522078125                          
V0421 01:46:37.804482 47866623247616 torch/_dynamo/guards.py:2611] [86/7] [__recompiles]     - L['___stack0'] == 921436.898098264                          
V0421 01:46:37.804482 47866623247616 torch/_dynamo/guards.py:2611] [86/7] [__recompiles]     - L['___stack0'] == 921433.528859089                          
V0421 01:46:37.804482 47866623247616 torch/_dynamo/guards.py:2611] [86/7] [__recompiles]     - L['___stack0'] == 921433.434409308                          
V0421 01:46:37.804482 47866623247616 torch/_dynamo/guards.py:2611] [86/7] [__recompiles]     - L['___stack0'] == 921433.421502441                          
V0421 01:46:37.811274 47866623247616 torch/_dynamo/guards.py:2611] [86/8] [__recompiles] Recompiling function torch_dynamo_resume_in_hook_at_12 in /work2/09808/mp46753/frontera/ML_Project/VQGraph/benchmark_utils.py:12
V0421 01:46:37.811274 47866623247616 torch/_dynamo/guards.py:2611] [86/8] [__recompiles]     triggered by the following guard failure(s):
V0421 01:46:37.811274 47866623247616 torch/_dynamo/guards.py:2611] [86/8] [__recompiles]     - L['___stack0'] == 921439.289271305                          
V0421 01:46:37.811274 47866623247616 torch/_dynamo/guards.py:2611] [86/8] [__recompiles]     - L['___stack0'] == 921438.60003961                           
V0421 01:46:37.811274 47866623247616 torch/_dynamo/guards.py:2611] [86/8] [__recompiles]     - L['___stack0'] == 921438.593734633                          
V0421 01:46:37.811274 47866623247616 torch/_dynamo/guards.py:2611] [86/8] [__recompiles]     - L['___stack0'] == 921438.522078125                          
V0421 01:46:37.811274 47866623247616 torch/_dynamo/guards.py:2611] [86/8] [__recompiles]     - L['___stack0'] == 921436.898098264                          
V0421 01:46:37.811274 47866623247616 torch/_dynamo/guards.py:2611] [86/8] [__recompiles]     - L['___stack0'] == 921433.528859089                          
V0421 01:46:37.811274 47866623247616 torch/_dynamo/guards.py:2611] [86/8] [__recompiles]     - L['___stack0'] == 921433.434409308                          
V0421 01:46:37.811274 47866623247616 torch/_dynamo/guards.py:2611] [86/8] [__recompiles]     - L['___stack0'] == 921433.421502441                          
W0421 01:46:37.811412 47866623247616 torch/_dynamo/convert_frame.py:762] [86/8] torch._dynamo hit config.cache_size_limit (8)
W0421 01:46:37.811412 47866623247616 torch/_dynamo/convert_frame.py:762] [86/8]    function: 'torch_dynamo_resume_in_hook_at_12' (/work2/09808/mp46753/frontera/ML_Project/VQGraph/benchmark_utils.py:12)
W0421 01:46:37.811412 47866623247616 torch/_dynamo/convert_frame.py:762] [86/8]    last reason: L['___stack0'] == 921433.421502441                          
W0421 01:46:37.811412 47866623247616 torch/_dynamo/convert_frame.py:762] [86/8] To log all recompilation reasons, use TORCH_LOGS="recompiles".
W0421 01:46:37.811412 47866623247616 torch/_dynamo/convert_frame.py:762] [86/8] To diagnose recompilation issues, see https://pytorch.org/docs/main/torch.compiler_troubleshooting.html.
/work2/09808/mp46753/frontera/ML_Project/miniconda3/envs/txgnn_env/lib/python3.8/site-packages/dgl/dataloading/dataloader.py:1144: DGLWarning: Dataloader CPU affinity opt is not enabled, consider switching it on (see enable_cpu_affinity() or CPU best practices for DGL [https://docs.dgl.ai/tutorials/cpu/cpu_best_practises.html])
  dgl_warning(
/work2/09808/mp46753/frontera/ML_Project/miniconda3/envs/txgnn_env/lib/python3.8/site-packages/dgl/heterograph.py:92: DGLWarning: Recommend creating graphs by `dgl.graph(data)` instead of `dgl.DGLGraph(data)`.
  dgl_warning(
V0421 01:46:38.778721 47866623247616 torch/_dynamo/guards.py:2611] [0/1] [__recompiles] Recompiling function forward in /work2/09808/mp46753/frontera/ML_Project/VQGraph/models.py:449
V0421 01:46:38.778721 47866623247616 torch/_dynamo/guards.py:2611] [0/1] [__recompiles]     triggered by the following guard failure(s):
V0421 01:46:38.778721 47866623247616 torch/_dynamo/guards.py:2611] [0/1] [__recompiles]     - tensor 'L['feats']' size mismatch at index 0. expected 779, actual 758
V0421 01:46:38.805511 47866623247616 torch/_dynamo/guards.py:2611] [1/1] [__recompiles] Recompiling function forward in /work2/09808/mp46753/frontera/ML_Project/VQGraph/models.py:154
V0421 01:46:38.805511 47866623247616 torch/_dynamo/guards.py:2611] [1/1] [__recompiles]     triggered by the following guard failure(s):
V0421 01:46:38.805511 47866623247616 torch/_dynamo/guards.py:2611] [1/1] [__recompiles]     - tensor 'L['feats']' size mismatch at index 0. expected 779, actual 758
/work2/09808/mp46753/frontera/ML_Project/miniconda3/envs/txgnn_env/lib/python3.8/site-packages/dgl/heterograph.py:92: DGLWarning: Recommend creating graphs by `dgl.graph(data)` instead of `dgl.DGLGraph(data)`.
  dgl_warning(
V0421 01:46:38.821404 47866623247616 torch/_dynamo/guards.py:2611] [9/1] [__recompiles] Recompiling function torch_dynamo_resume_in_forward_at_157 in /work2/09808/mp46753/frontera/ML_Project/VQGraph/models.py:157
V0421 01:46:38.821404 47866623247616 torch/_dynamo/guards.py:2611] [9/1] [__recompiles]     triggered by the following guard failure(s):
V0421 01:46:38.821404 47866623247616 torch/_dynamo/guards.py:2611] [9/1] [__recompiles]     - tensor 'L['h']' size mismatch at index 0. expected 779, actual 758
V0421 01:46:38.837460 47866623247616 torch/_dynamo/guards.py:2611] [13/1] [__recompiles] Recompiling function torch_dynamo_resume_in_forward_at_157 in /work2/09808/mp46753/frontera/ML_Project/VQGraph/models.py:157
V0421 01:46:38.837460 47866623247616 torch/_dynamo/guards.py:2611] [13/1] [__recompiles]     triggered by the following guard failure(s):
V0421 01:46:38.837460 47866623247616 torch/_dynamo/guards.py:2611] [13/1] [__recompiles]     - tensor 'L['h']' size mismatch at index 0. expected 779, actual 758
V0421 01:46:38.880809 47866623247616 torch/_dynamo/guards.py:2611] [4/3] [__recompiles] Recompiling function create_unitgraph_from_coo in /work2/09808/mp46753/frontera/ML_Project/miniconda3/envs/txgnn_env/lib/python3.8/site-packages/dgl/heterograph_index.py:1254
V0421 01:46:38.880809 47866623247616 torch/_dynamo/guards.py:2611] [4/3] [__recompiles]     triggered by the following guard failure(s):
V0421 01:46:38.880809 47866623247616 torch/_dynamo/guards.py:2611] [4/3] [__recompiles]     - tensor 'L['row']' dispatch key set mismatch. expected DispatchKeySet(CPU, BackendSelect, ADInplaceOrView, AutogradCPU), actual DispatchKeySet(CUDA, BackendSelect, ADInplaceOrView, AutogradCUDA)
V0421 01:46:38.880809 47866623247616 torch/_dynamo/guards.py:2611] [4/3] [__recompiles]     - L['num_dst'] == 779                                         
V0421 01:46:38.880809 47866623247616 torch/_dynamo/guards.py:2611] [4/3] [__recompiles]     - L['num_dst'] == 779                                         
V0421 01:46:38.913780 47866623247616 torch/_dynamo/guards.py:2611] [8/3] [__recompiles] Recompiling function torch_dynamo_resume_in_create_unitgraph_from_coo_at_1296 in /work2/09808/mp46753/frontera/ML_Project/miniconda3/envs/txgnn_env/lib/python3.8/site-packages/dgl/heterograph_index.py:1296
V0421 01:46:38.913780 47866623247616 torch/_dynamo/guards.py:2611] [8/3] [__recompiles]     triggered by the following guard failure(s):
V0421 01:46:38.913780 47866623247616 torch/_dynamo/guards.py:2611] [8/3] [__recompiles]     - tensor 'L['col']' dispatch key set mismatch. expected DispatchKeySet(CPU, BackendSelect, ADInplaceOrView, AutogradCPU), actual DispatchKeySet(CUDA, BackendSelect, ADInplaceOrView, AutogradCUDA)
V0421 01:46:38.913780 47866623247616 torch/_dynamo/guards.py:2611] [8/3] [__recompiles]     - L['___stack2'] == 779                                       
V0421 01:46:38.913780 47866623247616 torch/_dynamo/guards.py:2611] [8/3] [__recompiles]     - L['___stack2'] == 779                                       
V0421 01:46:38.927851 47866623247616 torch/_dynamo/guards.py:2611] [15/1] [__recompiles] Recompiling function _dispatch in /work2/09808/mp46753/frontera/ML_Project/miniconda3/envs/txgnn_env/lib/python3.8/site-packages/dgl/utils/internal.py:65
V0421 01:46:38.927851 47866623247616 torch/_dynamo/guards.py:2611] [15/1] [__recompiles]     triggered by the following guard failure(s):
V0421 01:46:38.927851 47866623247616 torch/_dynamo/guards.py:2611] [15/1] [__recompiles]     - L['data'][0] == 779                                         
V0421 01:46:42.177889 47866623247616 torch/_dynamo/guards.py:2611] [29/1] [__recompiles] Recompiling function torch_dynamo_resume_in_add_edges_at_572 in /work2/09808/mp46753/frontera/ML_Project/miniconda3/envs/txgnn_env/lib/python3.8/site-packages/dgl/heterograph.py:572
V0421 01:46:42.177889 47866623247616 torch/_dynamo/guards.py:2611] [29/1] [__recompiles]     triggered by the following guard failure(s):
V0421 01:46:42.177889 47866623247616 torch/_dynamo/guards.py:2611] [29/1] [__recompiles]     - L['___stack0'] == 779                                       
V0421 01:46:42.196399 47866623247616 torch/_dynamo/guards.py:2611] [30/2] [__recompiles] Recompiling function torch_dynamo_resume_in_add_edges_at_573 in /work2/09808/mp46753/frontera/ML_Project/miniconda3/envs/txgnn_env/lib/python3.8/site-packages/dgl/heterograph.py:573
V0421 01:46:42.196399 47866623247616 torch/_dynamo/guards.py:2611] [30/2] [__recompiles]     triggered by the following guard failure(s):
V0421 01:46:42.196399 47866623247616 torch/_dynamo/guards.py:2611] [30/2] [__recompiles]     - L['___stack0'] == 779                                       
V0421 01:46:42.196399 47866623247616 torch/_dynamo/guards.py:2611] [30/2] [__recompiles]     - tensor 'L['u']' size mismatch at index 0. expected 1561, actual 1563
V0421 01:46:42.441096 47866623247616 torch/_dynamo/guards.py:2611] [34/3] [__recompiles] Recompiling function cat in /work2/09808/mp46753/frontera/ML_Project/miniconda3/envs/txgnn_env/lib/python3.8/site-packages/dgl/backend/pytorch/tensor.py:222
V0421 01:46:42.441096 47866623247616 torch/_dynamo/guards.py:2611] [34/3] [__recompiles]     triggered by the following guard failure(s):
V0421 01:46:42.441096 47866623247616 torch/_dynamo/guards.py:2611] [34/3] [__recompiles]     - 2 <= L['seq'][0].size()[0] <= 2147483645                      # _dynamo/output_graph.py:452 in init_ambient_guards
V0421 01:46:42.441096 47866623247616 torch/_dynamo/guards.py:2611] [34/3] [__recompiles]     - tensor 'L['seq'][1]' size mismatch at index 0. expected 1561, actual 1563
V0421 01:46:42.441096 47866623247616 torch/_dynamo/guards.py:2611] [34/3] [__recompiles]     - tensor 'L['seq'][1]' size mismatch at index 0. expected 1561, actual 1563
V0421 01:46:42.674054 47866623247616 torch/_dynamo/guards.py:2611] [4/4] [__recompiles] Recompiling function create_unitgraph_from_coo in /work2/09808/mp46753/frontera/ML_Project/miniconda3/envs/txgnn_env/lib/python3.8/site-packages/dgl/heterograph_index.py:1254
V0421 01:46:42.674054 47866623247616 torch/_dynamo/guards.py:2611] [4/4] [__recompiles]     triggered by the following guard failure(s):
V0421 01:46:42.674054 47866623247616 torch/_dynamo/guards.py:2611] [4/4] [__recompiles]     - tensor 'L['row']' size mismatch at index 0. expected 0, actual 1563
V0421 01:46:42.674054 47866623247616 torch/_dynamo/guards.py:2611] [4/4] [__recompiles]     - tensor 'L['row']' dispatch key set mismatch. expected DispatchKeySet(CPU, BackendSelect, ADInplaceOrView, AutogradCPU), actual DispatchKeySet(CUDA, BackendSelect, ADInplaceOrView, AutogradCUDA)
V0421 01:46:42.674054 47866623247616 torch/_dynamo/guards.py:2611] [4/4] [__recompiles]     - L['num_dst'] == 779                                         
V0421 01:46:42.674054 47866623247616 torch/_dynamo/guards.py:2611] [4/4] [__recompiles]     - tensor 'L['row']' size mismatch at index 0. expected 0, actual 1563
V0421 01:46:42.714803 47866623247616 torch/_dynamo/guards.py:2611] [8/4] [__recompiles] Recompiling function torch_dynamo_resume_in_create_unitgraph_from_coo_at_1296 in /work2/09808/mp46753/frontera/ML_Project/miniconda3/envs/txgnn_env/lib/python3.8/site-packages/dgl/heterograph_index.py:1296
V0421 01:46:42.714803 47866623247616 torch/_dynamo/guards.py:2611] [8/4] [__recompiles]     triggered by the following guard failure(s):
V0421 01:46:42.714803 47866623247616 torch/_dynamo/guards.py:2611] [8/4] [__recompiles]     - tensor 'L['col']' size mismatch at index 0. expected 0, actual 1563
V0421 01:46:42.714803 47866623247616 torch/_dynamo/guards.py:2611] [8/4] [__recompiles]     - tensor 'L['col']' dispatch key set mismatch. expected DispatchKeySet(CPU, BackendSelect, ADInplaceOrView, AutogradCPU), actual DispatchKeySet(CUDA, BackendSelect, ADInplaceOrView, AutogradCUDA)
V0421 01:46:42.714803 47866623247616 torch/_dynamo/guards.py:2611] [8/4] [__recompiles]     - L['___stack2'] == 779                                       
V0421 01:46:42.714803 47866623247616 torch/_dynamo/guards.py:2611] [8/4] [__recompiles]     - tensor 'L['col']' size mismatch at index 0. expected 0, actual 1563
V0421 01:46:42.735598 47866623247616 torch/_dynamo/guards.py:2611] [41/1] [__recompiles] Recompiling function spmatrix in /work2/09808/mp46753/frontera/ML_Project/miniconda3/envs/txgnn_env/lib/python3.8/site-packages/dgl/sparse/sparse_matrix.py:763
V0421 01:46:42.735598 47866623247616 torch/_dynamo/guards.py:2611] [41/1] [__recompiles]     triggered by the following guard failure(s):
V0421 01:46:42.735598 47866623247616 torch/_dynamo/guards.py:2611] [41/1] [__recompiles]     - tensor 'L['indices']' stride mismatch at index 0. expected 3976, actual 3980
V0421 01:46:43.002613 47866623247616 torch/_dynamo/guards.py:2611] [47/1] [__recompiles] Recompiling function arange in /work2/09808/mp46753/frontera/ML_Project/miniconda3/envs/txgnn_env/lib/python3.8/site-packages/dgl/backend/pytorch/tensor.py:406
V0421 01:46:43.002613 47866623247616 torch/_dynamo/guards.py:2611] [47/1] [__recompiles]     triggered by the following guard failure(s):
V0421 01:46:43.002613 47866623247616 torch/_dynamo/guards.py:2611] [47/1] [__recompiles]     - L['stop'] == 779                                            
V0421 01:46:43.231029 47866623247616 torch/_dynamo/guards.py:2611] [48/1] [__recompiles] Recompiling function in_degrees in /work2/09808/mp46753/frontera/ML_Project/miniconda3/envs/txgnn_env/lib/python3.8/site-packages/dgl/heterograph_index.py:702
V0421 01:46:43.231029 47866623247616 torch/_dynamo/guards.py:2611] [48/1] [__recompiles]     triggered by the following guard failure(s):
V0421 01:46:43.231029 47866623247616 torch/_dynamo/guards.py:2611] [48/1] [__recompiles]     - tensor 'L['v']' size mismatch at index 0. expected 779, actual 758
V0421 01:46:43.249784 47866623247616 torch/_dynamo/guards.py:2611] [50/1] [__recompiles] Recompiling function has_nodes in /work2/09808/mp46753/frontera/ML_Project/miniconda3/envs/txgnn_env/lib/python3.8/site-packages/dgl/heterograph.py:2878
V0421 01:46:43.249784 47866623247616 torch/_dynamo/guards.py:2611] [50/1] [__recompiles]     triggered by the following guard failure(s):
V0421 01:46:43.249784 47866623247616 torch/_dynamo/guards.py:2611] [50/1] [__recompiles]     - tensor 'L['vid']' size mismatch at index 0. expected 779, actual 758
V0421 01:46:43.265773 47866623247616 torch/_dynamo/guards.py:2611] [51/1] [__recompiles] Recompiling function torch_dynamo_resume_in_has_nodes_at_2925 in /work2/09808/mp46753/frontera/ML_Project/miniconda3/envs/txgnn_env/lib/python3.8/site-packages/dgl/heterograph.py:2925
V0421 01:46:43.265773 47866623247616 torch/_dynamo/guards.py:2611] [51/1] [__recompiles]     triggered by the following guard failure(s):
V0421 01:46:43.265773 47866623247616 torch/_dynamo/guards.py:2611] [51/1] [__recompiles]     - tensor 'L['___stack0']' size mismatch at index 0. expected 779, actual 758
V0421 01:46:43.498628 47866623247616 torch/_dynamo/guards.py:2611] [52/1] [__recompiles] Recompiling function torch_dynamo_resume_in_has_nodes_at_2926 in /work2/09808/mp46753/frontera/ML_Project/miniconda3/envs/txgnn_env/lib/python3.8/site-packages/dgl/heterograph.py:2926
V0421 01:46:43.498628 47866623247616 torch/_dynamo/guards.py:2611] [52/1] [__recompiles]     triggered by the following guard failure(s):
V0421 01:46:43.498628 47866623247616 torch/_dynamo/guards.py:2611] [52/1] [__recompiles]     - tensor 'L['vid_tensor']' size mismatch at index 0. expected 779, actual 758
V0421 01:46:43.521130 47866623247616 torch/_dynamo/guards.py:2611] [53/1] [__recompiles] Recompiling function has_nodes in /work2/09808/mp46753/frontera/ML_Project/miniconda3/envs/txgnn_env/lib/python3.8/site-packages/dgl/heterograph_index.py:444
V0421 01:46:43.521130 47866623247616 torch/_dynamo/guards.py:2611] [53/1] [__recompiles]     triggered by the following guard failure(s):
V0421 01:46:43.521130 47866623247616 torch/_dynamo/guards.py:2611] [53/1] [__recompiles]     - tensor 'L['vids']' size mismatch at index 0. expected 779, actual 758
V0421 01:46:43.537591 47866623247616 torch/_dynamo/guards.py:2611] [54/1] [__recompiles] Recompiling function torch_dynamo_resume_in_has_nodes_at_2930 in /work2/09808/mp46753/frontera/ML_Project/miniconda3/envs/txgnn_env/lib/python3.8/site-packages/dgl/heterograph.py:2930
V0421 01:46:43.537591 47866623247616 torch/_dynamo/guards.py:2611] [54/1] [__recompiles]     triggered by the following guard failure(s):
V0421 01:46:43.537591 47866623247616 torch/_dynamo/guards.py:2611] [54/1] [__recompiles]     - tensor 'L['___stack0']' size mismatch at index 0. expected 779, actual 758
V0421 01:46:43.810793 47866623247616 torch/_dynamo/guards.py:2611] [55/1] [__recompiles] Recompiling function sum in /work2/09808/mp46753/frontera/ML_Project/miniconda3/envs/txgnn_env/lib/python3.8/site-packages/dgl/backend/pytorch/tensor.py:152
V0421 01:46:43.810793 47866623247616 torch/_dynamo/guards.py:2611] [55/1] [__recompiles]     triggered by the following guard failure(s):
V0421 01:46:43.810793 47866623247616 torch/_dynamo/guards.py:2611] [55/1] [__recompiles]     - tensor 'L['input']' size mismatch at index 0. expected 779, actual 758
V0421 01:46:43.890592 47866623247616 torch/_dynamo/guards.py:2611] [57/2] [__recompiles] Recompiling function __setitem__ in /work2/09808/mp46753/frontera/ML_Project/miniconda3/envs/txgnn_env/lib/python3.8/site-packages/dgl/view.py:82
V0421 01:46:43.890592 47866623247616 torch/_dynamo/guards.py:2611] [57/2] [__recompiles]     triggered by the following guard failure(s):
V0421 01:46:43.890592 47866623247616 torch/_dynamo/guards.py:2611] [57/2] [__recompiles]     - tensor 'L['val']' requires_grad mismatch. expected requires_grad=1
V0421 01:46:43.890592 47866623247616 torch/_dynamo/guards.py:2611] [57/2] [__recompiles]     - tensor 'L['val']' size mismatch at index 0. expected 779, actual 758
V0421 01:46:43.908535 47866623247616 torch/_dynamo/guards.py:2611] [61/2] [__recompiles] Recompiling function __setitem__ in /work2/09808/mp46753/frontera/ML_Project/miniconda3/envs/txgnn_env/lib/python3.8/site-packages/dgl/frame.py:690
V0421 01:46:43.908535 47866623247616 torch/_dynamo/guards.py:2611] [61/2] [__recompiles]     triggered by the following guard failure(s):
V0421 01:46:43.908535 47866623247616 torch/_dynamo/guards.py:2611] [61/2] [__recompiles]     - tensor 'L['data']' requires_grad mismatch. expected requires_grad=1
V0421 01:46:43.908535 47866623247616 torch/_dynamo/guards.py:2611] [61/2] [__recompiles]     - tensor 'L['data']' size mismatch at index 0. expected 779, actual 758
V0421 01:46:43.926650 47866623247616 torch/_dynamo/guards.py:2611] [62/2] [__recompiles] Recompiling function update_column in /work2/09808/mp46753/frontera/ML_Project/miniconda3/envs/txgnn_env/lib/python3.8/site-packages/dgl/frame.py:772
V0421 01:46:43.926650 47866623247616 torch/_dynamo/guards.py:2611] [62/2] [__recompiles]     triggered by the following guard failure(s):
V0421 01:46:43.926650 47866623247616 torch/_dynamo/guards.py:2611] [62/2] [__recompiles]     - tensor 'L['data']' requires_grad mismatch. expected requires_grad=1
V0421 01:46:43.926650 47866623247616 torch/_dynamo/guards.py:2611] [62/2] [__recompiles]     - tensor 'L['data']' size mismatch at index 0. expected 779, actual 758
V0421 01:46:43.945306 47866623247616 torch/_dynamo/guards.py:2611] [63/2] [__recompiles] Recompiling function create in /work2/09808/mp46753/frontera/ML_Project/miniconda3/envs/txgnn_env/lib/python3.8/site-packages/dgl/frame.py:472
V0421 01:46:43.945306 47866623247616 torch/_dynamo/guards.py:2611] [63/2] [__recompiles]     triggered by the following guard failure(s):
V0421 01:46:43.945306 47866623247616 torch/_dynamo/guards.py:2611] [63/2] [__recompiles]     - tensor 'L['data']' requires_grad mismatch. expected requires_grad=1
V0421 01:46:43.945306 47866623247616 torch/_dynamo/guards.py:2611] [63/2] [__recompiles]     - tensor 'L['data']' size mismatch at index 0. expected 779, actual 758
V0421 01:46:43.961719 47866623247616 torch/_dynamo/guards.py:2611] [64/2] [__recompiles] Recompiling function __init__ in /work2/09808/mp46753/frontera/ML_Project/miniconda3/envs/txgnn_env/lib/python3.8/site-packages/dgl/frame.py:210
V0421 01:46:43.961719 47866623247616 torch/_dynamo/guards.py:2611] [64/2] [__recompiles]     triggered by the following guard failure(s):
V0421 01:46:43.961719 47866623247616 torch/_dynamo/guards.py:2611] [64/2] [__recompiles]     - tensor 'L['storage']' requires_grad mismatch. expected requires_grad=1
V0421 01:46:43.961719 47866623247616 torch/_dynamo/guards.py:2611] [64/2] [__recompiles]     - tensor 'L['storage']' size mismatch at index 0. expected 779, actual 758
V0421 01:46:43.980257 47866623247616 torch/_dynamo/guards.py:2611] [65/2] [__recompiles] Recompiling function infer_scheme in /work2/09808/mp46753/frontera/ML_Project/miniconda3/envs/txgnn_env/lib/python3.8/site-packages/dgl/frame.py:151
V0421 01:46:43.980257 47866623247616 torch/_dynamo/guards.py:2611] [65/2] [__recompiles]     triggered by the following guard failure(s):
V0421 01:46:43.980257 47866623247616 torch/_dynamo/guards.py:2611] [65/2] [__recompiles]     - tensor 'L['tensor']' requires_grad mismatch. expected requires_grad=1
V0421 01:46:43.980257 47866623247616 torch/_dynamo/guards.py:2611] [65/2] [__recompiles]     - tensor 'L['tensor']' size mismatch at index 0. expected 779, actual 758
V0421 01:46:44.388539 47866623247616 torch/_dynamo/guards.py:2611] [68/2] [__recompiles] Recompiling function func in /work2/09808/mp46753/frontera/ML_Project/miniconda3/envs/txgnn_env/lib/python3.8/site-packages/dgl/ops/spmm.py:213
V0421 01:46:44.388539 47866623247616 torch/_dynamo/guards.py:2611] [68/2] [__recompiles]     triggered by the following guard failure(s):
V0421 01:46:44.388539 47866623247616 torch/_dynamo/guards.py:2611] [68/2] [__recompiles]     - tensor 'L['x']' requires_grad mismatch. expected requires_grad=1
V0421 01:46:44.388539 47866623247616 torch/_dynamo/guards.py:2611] [68/2] [__recompiles]     - tensor 'L['x']' size mismatch at index 0. expected 779, actual 758
V0421 01:46:44.402369 47866623247616 torch/_dynamo/guards.py:2611] [70/2] [__recompiles] Recompiling function torch_dynamo_resume_in_gspmm_at_75 in /work2/09808/mp46753/frontera/ML_Project/miniconda3/envs/txgnn_env/lib/python3.8/site-packages/dgl/ops/spmm.py:75
V0421 01:46:44.402369 47866623247616 torch/_dynamo/guards.py:2611] [70/2] [__recompiles]     triggered by the following guard failure(s):
V0421 01:46:44.402369 47866623247616 torch/_dynamo/guards.py:2611] [70/2] [__recompiles]     - tensor 'L['lhs_data']' requires_grad mismatch. expected requires_grad=1
V0421 01:46:44.402369 47866623247616 torch/_dynamo/guards.py:2611] [70/2] [__recompiles]     - tensor 'L['lhs_data']' size mismatch at index 0. expected 779, actual 758
V0421 01:46:44.419938 47866623247616 torch/_dynamo/guards.py:2611] [74/2] [__recompiles] Recompiling function forward in /work2/09808/mp46753/frontera/ML_Project/miniconda3/envs/txgnn_env/lib/python3.8/site-packages/dgl/backend/pytorch/sparse.py:163
V0421 01:46:44.419938 47866623247616 torch/_dynamo/guards.py:2611] [74/2] [__recompiles]     triggered by the following guard failure(s):
V0421 01:46:44.419938 47866623247616 torch/_dynamo/guards.py:2611] [74/2] [__recompiles]     - tensor 'L['X']' requires_grad mismatch. expected requires_grad=1
V0421 01:46:44.419938 47866623247616 torch/_dynamo/guards.py:2611] [74/2] [__recompiles]     - tensor 'L['X']' size mismatch at index 0. expected 779, actual 758
V0421 01:46:44.435977 47866623247616 torch/_dynamo/guards.py:2611] [77/2] [__recompiles] Recompiling function zeros in /work2/09808/mp46753/frontera/ML_Project/miniconda3/envs/txgnn_env/lib/python3.8/site-packages/dgl/backend/pytorch/tensor.py:287
V0421 01:46:44.435977 47866623247616 torch/_dynamo/guards.py:2611] [77/2] [__recompiles]     triggered by the following guard failure(s):
V0421 01:46:44.435977 47866623247616 torch/_dynamo/guards.py:2611] [77/2] [__recompiles]     - L['shape'][0] == 779                                        
V0421 01:46:44.435977 47866623247616 torch/_dynamo/guards.py:2611] [77/2] [__recompiles]     - L['shape'][0] == 779                                        
V0421 01:46:44.604793 47866623247616 torch/_dynamo/guards.py:2611] [79/2] [__recompiles] Recompiling function zerocopy_to_dgl_ndarray_for_write in /work2/09808/mp46753/frontera/ML_Project/miniconda3/envs/txgnn_env/lib/python3.8/site-packages/dgl/backend/pytorch/tensor.py:454
V0421 01:46:44.604793 47866623247616 torch/_dynamo/guards.py:2611] [79/2] [__recompiles]     triggered by the following guard failure(s):
V0421 01:46:44.604793 47866623247616 torch/_dynamo/guards.py:2611] [79/2] [__recompiles]     - tensor 'L['input']' size mismatch at index 0. expected 779, actual 758
V0421 01:46:44.604793 47866623247616 torch/_dynamo/guards.py:2611] [79/2] [__recompiles]     - tensor 'L['input']' size mismatch at index 0. expected 779, actual 758
V0421 01:46:44.646389 47866623247616 torch/_dynamo/guards.py:2611] [80/2] [__recompiles] Recompiling function check_is_view in /work2/09808/mp46753/frontera/ML_Project/miniconda3/envs/txgnn_env/lib/python3.8/site-packages/dgl/backend/pytorch/tensor.py:441
V0421 01:46:44.646389 47866623247616 torch/_dynamo/guards.py:2611] [80/2] [__recompiles]     triggered by the following guard failure(s):
V0421 01:46:44.646389 47866623247616 torch/_dynamo/guards.py:2611] [80/2] [__recompiles]     - tensor 'L['input']' size mismatch at index 0. expected 779, actual 758
V0421 01:46:44.646389 47866623247616 torch/_dynamo/guards.py:2611] [80/2] [__recompiles]     - tensor 'L['input']' size mismatch at index 0. expected 779, actual 758
V0421 01:46:44.657917 47866623247616 torch/_dynamo/guards.py:2611] [81/2] [__recompiles] Recompiling function torch_dynamo_resume_in_check_is_view_at_443 in /work2/09808/mp46753/frontera/ML_Project/miniconda3/envs/txgnn_env/lib/python3.8/site-packages/dgl/backend/pytorch/tensor.py:443
V0421 01:46:44.657917 47866623247616 torch/_dynamo/guards.py:2611] [81/2] [__recompiles]     triggered by the following guard failure(s):
V0421 01:46:44.657917 47866623247616 torch/_dynamo/guards.py:2611] [81/2] [__recompiles]     - tensor 'L['input']' size mismatch at index 0. expected 779, actual 758
V0421 01:46:44.657917 47866623247616 torch/_dynamo/guards.py:2611] [81/2] [__recompiles]     - tensor 'L['input']' size mismatch at index 0. expected 779, actual 758
V0421 01:46:44.678296 47866623247616 torch/_dynamo/guards.py:2611] [82/2] [__recompiles] Recompiling function torch_dynamo_resume_in_zerocopy_to_dgl_ndarray_for_write_at_461 in /work2/09808/mp46753/frontera/ML_Project/miniconda3/envs/txgnn_env/lib/python3.8/site-packages/dgl/backend/pytorch/tensor.py:461
V0421 01:46:44.678296 47866623247616 torch/_dynamo/guards.py:2611] [82/2] [__recompiles]     triggered by the following guard failure(s):
V0421 01:46:44.678296 47866623247616 torch/_dynamo/guards.py:2611] [82/2] [__recompiles]     - tensor 'L['input']' size mismatch at index 0. expected 779, actual 758
V0421 01:46:44.678296 47866623247616 torch/_dynamo/guards.py:2611] [82/2] [__recompiles]     - tensor 'L['input']' size mismatch at index 0. expected 779, actual 758
V0421 01:46:44.707838 47866623247616 torch/_dynamo/guards.py:2611] [88/1] [__recompiles] Recompiling function forward in /work2/09808/mp46753/frontera/ML_Project/VQGraph/vq.py:569
V0421 01:46:44.707838 47866623247616 torch/_dynamo/guards.py:2611] [88/1] [__recompiles]     triggered by the following guard failure(s):
V0421 01:46:44.707838 47866623247616 torch/_dynamo/guards.py:2611] [88/1] [__recompiles]     - tensor 'L['x']' size mismatch at index 0. expected 779, actual 758
V0421 01:46:44.814344 47866623247616 torch/_dynamo/guards.py:2611] [89/1] [__recompiles] Recompiling function torch_dynamo_resume_in_forward_at_590 in /work2/09808/mp46753/frontera/ML_Project/VQGraph/vq.py:590
V0421 01:46:44.814344 47866623247616 torch/_dynamo/guards.py:2611] [89/1] [__recompiles]     triggered by the following guard failure(s):
V0421 01:46:44.814344 47866623247616 torch/_dynamo/guards.py:2611] [89/1] [__recompiles]     - tensor 'L['___stack0']' size mismatch at index 0. expected 779, actual 758
V0421 01:46:44.876575 47866623247616 torch/_dynamo/guards.py:2611] [90/1] [__recompiles] Recompiling function forward in /work2/09808/mp46753/frontera/ML_Project/VQGraph/vq.py:418
V0421 01:46:44.876575 47866623247616 torch/_dynamo/guards.py:2611] [90/1] [__recompiles]     triggered by the following guard failure(s):
V0421 01:46:44.876575 47866623247616 torch/_dynamo/guards.py:2611] [90/1] [__recompiles]     - tensor 'L['x']' size mismatch at index 0. expected 779, actual 758
V0421 01:46:45.471189 47866623247616 torch/_dynamo/guards.py:2611] [93/1] [__recompiles] Recompiling function torch_dynamo_resume_in_forward_at_432 in /work2/09808/mp46753/frontera/ML_Project/VQGraph/vq.py:432
V0421 01:46:45.471189 47866623247616 torch/_dynamo/guards.py:2611] [93/1] [__recompiles]     triggered by the following guard failure(s):
V0421 01:46:45.471189 47866623247616 torch/_dynamo/guards.py:2611] [93/1] [__recompiles]     - L['shape'][1] == 779                                        
V0421 01:46:46.765921 47866623247616 torch/_dynamo/guards.py:2611] [94/1] [__recompiles] Recompiling function torch_dynamo_resume_in_forward_at_595 in /work2/09808/mp46753/frontera/ML_Project/VQGraph/vq.py:595
V0421 01:46:46.765921 47866623247616 torch/_dynamo/guards.py:2611] [94/1] [__recompiles]     triggered by the following guard failure(s):
V0421 01:46:46.765921 47866623247616 torch/_dynamo/guards.py:2611] [94/1] [__recompiles]     - tensor 'L['x']' size mismatch at index 0. expected 779, actual 758
V0421 01:46:47.023433 47866623247616 torch/_dynamo/guards.py:2611] [95/1] [__recompiles] Recompiling function torch_dynamo_resume_in_forward_at_604 in /work2/09808/mp46753/frontera/ML_Project/VQGraph/vq.py:604
V0421 01:46:47.023433 47866623247616 torch/_dynamo/guards.py:2611] [95/1] [__recompiles]     triggered by the following guard failure(s):
V0421 01:46:47.023433 47866623247616 torch/_dynamo/guards.py:2611] [95/1] [__recompiles]     - tensor 'L['x']' size mismatch at index 0. expected 779, actual 758
V0421 01:46:47.741773 47866623247616 torch/_dynamo/guards.py:2611] [96/1] [__recompiles] Recompiling function torch_dynamo_resume_in_forward_at_648 in /work2/09808/mp46753/frontera/ML_Project/VQGraph/vq.py:648
V0421 01:46:47.741773 47866623247616 torch/_dynamo/guards.py:2611] [96/1] [__recompiles]     triggered by the following guard failure(s):
V0421 01:46:47.741773 47866623247616 torch/_dynamo/guards.py:2611] [96/1] [__recompiles]     - tensor 'L['___stack0']' size mismatch at index 0. expected 779, actual 758
V0421 01:46:47.848447 47866623247616 torch/_dynamo/guards.py:2611] [57/3] [__recompiles] Recompiling function __setitem__ in /work2/09808/mp46753/frontera/ML_Project/miniconda3/envs/txgnn_env/lib/python3.8/site-packages/dgl/view.py:82
V0421 01:46:47.848447 47866623247616 torch/_dynamo/guards.py:2611] [57/3] [__recompiles]     triggered by the following guard failure(s):
V0421 01:46:47.848447 47866623247616 torch/_dynamo/guards.py:2611] [57/3] [__recompiles]     - tensor 'L['val']' requires_grad mismatch. expected requires_grad=0
V0421 01:46:47.848447 47866623247616 torch/_dynamo/guards.py:2611] [57/3] [__recompiles]     - tensor 'L['val']' size mismatch at index 0. expected 779, actual 758
V0421 01:46:47.848447 47866623247616 torch/_dynamo/guards.py:2611] [57/3] [__recompiles]     - tensor 'L['val']' requires_grad mismatch. expected requires_grad=0
V0421 01:46:47.869512 47866623247616 torch/_dynamo/guards.py:2611] [61/3] [__recompiles] Recompiling function __setitem__ in /work2/09808/mp46753/frontera/ML_Project/miniconda3/envs/txgnn_env/lib/python3.8/site-packages/dgl/frame.py:690
V0421 01:46:47.869512 47866623247616 torch/_dynamo/guards.py:2611] [61/3] [__recompiles]     triggered by the following guard failure(s):
V0421 01:46:47.869512 47866623247616 torch/_dynamo/guards.py:2611] [61/3] [__recompiles]     - tensor 'L['data']' requires_grad mismatch. expected requires_grad=0
V0421 01:46:47.869512 47866623247616 torch/_dynamo/guards.py:2611] [61/3] [__recompiles]     - tensor 'L['data']' size mismatch at index 0. expected 779, actual 758
V0421 01:46:47.869512 47866623247616 torch/_dynamo/guards.py:2611] [61/3] [__recompiles]     - tensor 'L['data']' requires_grad mismatch. expected requires_grad=0
V0421 01:46:47.890250 47866623247616 torch/_dynamo/guards.py:2611] [62/3] [__recompiles] Recompiling function update_column in /work2/09808/mp46753/frontera/ML_Project/miniconda3/envs/txgnn_env/lib/python3.8/site-packages/dgl/frame.py:772
V0421 01:46:47.890250 47866623247616 torch/_dynamo/guards.py:2611] [62/3] [__recompiles]     triggered by the following guard failure(s):
V0421 01:46:47.890250 47866623247616 torch/_dynamo/guards.py:2611] [62/3] [__recompiles]     - tensor 'L['data']' requires_grad mismatch. expected requires_grad=0
V0421 01:46:47.890250 47866623247616 torch/_dynamo/guards.py:2611] [62/3] [__recompiles]     - tensor 'L['data']' size mismatch at index 0. expected 779, actual 758
V0421 01:46:47.890250 47866623247616 torch/_dynamo/guards.py:2611] [62/3] [__recompiles]     - tensor 'L['data']' requires_grad mismatch. expected requires_grad=0
V0421 01:46:47.911042 47866623247616 torch/_dynamo/guards.py:2611] [63/3] [__recompiles] Recompiling function create in /work2/09808/mp46753/frontera/ML_Project/miniconda3/envs/txgnn_env/lib/python3.8/site-packages/dgl/frame.py:472
V0421 01:46:47.911042 47866623247616 torch/_dynamo/guards.py:2611] [63/3] [__recompiles]     triggered by the following guard failure(s):
V0421 01:46:47.911042 47866623247616 torch/_dynamo/guards.py:2611] [63/3] [__recompiles]     - tensor 'L['data']' requires_grad mismatch. expected requires_grad=0
V0421 01:46:47.911042 47866623247616 torch/_dynamo/guards.py:2611] [63/3] [__recompiles]     - tensor 'L['data']' size mismatch at index 0. expected 779, actual 758
V0421 01:46:47.911042 47866623247616 torch/_dynamo/guards.py:2611] [63/3] [__recompiles]     - tensor 'L['data']' requires_grad mismatch. expected requires_grad=0
V0421 01:46:47.929752 47866623247616 torch/_dynamo/guards.py:2611] [64/3] [__recompiles] Recompiling function __init__ in /work2/09808/mp46753/frontera/ML_Project/miniconda3/envs/txgnn_env/lib/python3.8/site-packages/dgl/frame.py:210
V0421 01:46:47.929752 47866623247616 torch/_dynamo/guards.py:2611] [64/3] [__recompiles]     triggered by the following guard failure(s):
V0421 01:46:47.929752 47866623247616 torch/_dynamo/guards.py:2611] [64/3] [__recompiles]     - tensor 'L['storage']' requires_grad mismatch. expected requires_grad=0
V0421 01:46:47.929752 47866623247616 torch/_dynamo/guards.py:2611] [64/3] [__recompiles]     - tensor 'L['storage']' size mismatch at index 0. expected 779, actual 758
V0421 01:46:47.929752 47866623247616 torch/_dynamo/guards.py:2611] [64/3] [__recompiles]     - tensor 'L['storage']' requires_grad mismatch. expected requires_grad=0
V0421 01:46:47.950601 47866623247616 torch/_dynamo/guards.py:2611] [65/3] [__recompiles] Recompiling function infer_scheme in /work2/09808/mp46753/frontera/ML_Project/miniconda3/envs/txgnn_env/lib/python3.8/site-packages/dgl/frame.py:151
V0421 01:46:47.950601 47866623247616 torch/_dynamo/guards.py:2611] [65/3] [__recompiles]     triggered by the following guard failure(s):
V0421 01:46:47.950601 47866623247616 torch/_dynamo/guards.py:2611] [65/3] [__recompiles]     - tensor 'L['tensor']' requires_grad mismatch. expected requires_grad=0
V0421 01:46:47.950601 47866623247616 torch/_dynamo/guards.py:2611] [65/3] [__recompiles]     - tensor 'L['tensor']' size mismatch at index 0. expected 779, actual 758
V0421 01:46:47.950601 47866623247616 torch/_dynamo/guards.py:2611] [65/3] [__recompiles]     - tensor 'L['tensor']' requires_grad mismatch. expected requires_grad=0
V0421 01:46:47.999049 47866623247616 torch/_dynamo/guards.py:2611] [68/3] [__recompiles] Recompiling function func in /work2/09808/mp46753/frontera/ML_Project/miniconda3/envs/txgnn_env/lib/python3.8/site-packages/dgl/ops/spmm.py:213
V0421 01:46:47.999049 47866623247616 torch/_dynamo/guards.py:2611] [68/3] [__recompiles]     triggered by the following guard failure(s):
V0421 01:46:47.999049 47866623247616 torch/_dynamo/guards.py:2611] [68/3] [__recompiles]     - tensor 'L['x']' requires_grad mismatch. expected requires_grad=0
V0421 01:46:47.999049 47866623247616 torch/_dynamo/guards.py:2611] [68/3] [__recompiles]     - tensor 'L['x']' size mismatch at index 0. expected 779, actual 758
V0421 01:46:47.999049 47866623247616 torch/_dynamo/guards.py:2611] [68/3] [__recompiles]     - tensor 'L['x']' requires_grad mismatch. expected requires_grad=0
V0421 01:46:48.013545 47866623247616 torch/_dynamo/guards.py:2611] [70/3] [__recompiles] Recompiling function torch_dynamo_resume_in_gspmm_at_75 in /work2/09808/mp46753/frontera/ML_Project/miniconda3/envs/txgnn_env/lib/python3.8/site-packages/dgl/ops/spmm.py:75
V0421 01:46:48.013545 47866623247616 torch/_dynamo/guards.py:2611] [70/3] [__recompiles]     triggered by the following guard failure(s):
V0421 01:46:48.013545 47866623247616 torch/_dynamo/guards.py:2611] [70/3] [__recompiles]     - tensor 'L['lhs_data']' requires_grad mismatch. expected requires_grad=0
V0421 01:46:48.013545 47866623247616 torch/_dynamo/guards.py:2611] [70/3] [__recompiles]     - tensor 'L['lhs_data']' size mismatch at index 0. expected 779, actual 758
V0421 01:46:48.013545 47866623247616 torch/_dynamo/guards.py:2611] [70/3] [__recompiles]     - tensor 'L['lhs_data']' requires_grad mismatch. expected requires_grad=0
V0421 01:46:48.032259 47866623247616 torch/_dynamo/guards.py:2611] [74/3] [__recompiles] Recompiling function forward in /work2/09808/mp46753/frontera/ML_Project/miniconda3/envs/txgnn_env/lib/python3.8/site-packages/dgl/backend/pytorch/sparse.py:163
V0421 01:46:48.032259 47866623247616 torch/_dynamo/guards.py:2611] [74/3] [__recompiles]     triggered by the following guard failure(s):
V0421 01:46:48.032259 47866623247616 torch/_dynamo/guards.py:2611] [74/3] [__recompiles]     - tensor 'L['X']' requires_grad mismatch. expected requires_grad=0
V0421 01:46:48.032259 47866623247616 torch/_dynamo/guards.py:2611] [74/3] [__recompiles]     - tensor 'L['X']' size mismatch at index 0. expected 779, actual 758
V0421 01:46:48.032259 47866623247616 torch/_dynamo/guards.py:2611] [74/3] [__recompiles]     - tensor 'L['X']' requires_grad mismatch. expected requires_grad=0
/work2/09808/mp46753/frontera/ML_Project/miniconda3/envs/txgnn_env/lib/python3.8/site-packages/dgl/dataloading/dataloader.py:1144: DGLWarning: Dataloader CPU affinity opt is not enabled, consider switching it on (see enable_cpu_affinity() or CPU best practices for DGL [https://docs.dgl.ai/tutorials/cpu/cpu_best_practises.html])
  dgl_warning(
/work2/09808/mp46753/frontera/ML_Project/miniconda3/envs/txgnn_env/lib/python3.8/site-packages/dgl/heterograph.py:92: DGLWarning: Recommend creating graphs by `dgl.graph(data)` instead of `dgl.DGLGraph(data)`.
  dgl_warning(
V0421 01:46:48.208972 47866623247616 torch/_dynamo/guards.py:2611] [15/2] [__recompiles] Recompiling function _dispatch in /work2/09808/mp46753/frontera/ML_Project/miniconda3/envs/txgnn_env/lib/python3.8/site-packages/dgl/utils/internal.py:65
V0421 01:46:48.208972 47866623247616 torch/_dynamo/guards.py:2611] [15/2] [__recompiles]     triggered by the following guard failure(s):
V0421 01:46:48.208972 47866623247616 torch/_dynamo/guards.py:2611] [15/2] [__recompiles]     - L['data'][0] == 758                                           # _dynamo/output_graph.py:452 in init_ambient_guards
V0421 01:46:48.208972 47866623247616 torch/_dynamo/guards.py:2611] [15/2] [__recompiles]     - L['data'][0] == 779                                         
/work2/09808/mp46753/frontera/ML_Project/miniconda3/envs/txgnn_env/lib/python3.8/site-packages/dgl/dataloading/dataloader.py:1144: DGLWarning: Dataloader CPU affinity opt is not enabled, consider switching it on (see enable_cpu_affinity() or CPU best practices for DGL [https://docs.dgl.ai/tutorials/cpu/cpu_best_practises.html])
  dgl_warning(
/work2/09808/mp46753/frontera/ML_Project/miniconda3/envs/txgnn_env/lib/python3.8/site-packages/dgl/heterograph.py:92: DGLWarning: Recommend creating graphs by `dgl.graph(data)` instead of `dgl.DGLGraph(data)`.
  dgl_warning(
V0421 01:46:51.802855 47866623247616 torch/_dynamo/guards.py:2611] [15/3] [__recompiles] Recompiling function _dispatch in /work2/09808/mp46753/frontera/ML_Project/miniconda3/envs/txgnn_env/lib/python3.8/site-packages/dgl/utils/internal.py:65
V0421 01:46:51.802855 47866623247616 torch/_dynamo/guards.py:2611] [15/3] [__recompiles]     triggered by the following guard failure(s):
V0421 01:46:51.802855 47866623247616 torch/_dynamo/guards.py:2611] [15/3] [__recompiles]     - L['data'][0] == 784                                           # _dynamo/output_graph.py:452 in init_ambient_guards
V0421 01:46:51.802855 47866623247616 torch/_dynamo/guards.py:2611] [15/3] [__recompiles]     - L['data'][0] == 758                                           # _dynamo/output_graph.py:452 in init_ambient_guards
V0421 01:46:51.802855 47866623247616 torch/_dynamo/guards.py:2611] [15/3] [__recompiles]     - L['data'][0] == 779                                         
/work2/09808/mp46753/frontera/ML_Project/miniconda3/envs/txgnn_env/lib/python3.8/site-packages/dgl/dataloading/dataloader.py:1144: DGLWarning: Dataloader CPU affinity opt is not enabled, consider switching it on (see enable_cpu_affinity() or CPU best practices for DGL [https://docs.dgl.ai/tutorials/cpu/cpu_best_practises.html])
  dgl_warning(
/work2/09808/mp46753/frontera/ML_Project/miniconda3/envs/txgnn_env/lib/python3.8/site-packages/dgl/heterograph.py:92: DGLWarning: Recommend creating graphs by `dgl.graph(data)` instead of `dgl.DGLGraph(data)`.
  dgl_warning(
V0421 01:46:52.220499 47866623247616 torch/_dynamo/guards.py:2611] [15/4] [__recompiles] Recompiling function _dispatch in /work2/09808/mp46753/frontera/ML_Project/miniconda3/envs/txgnn_env/lib/python3.8/site-packages/dgl/utils/internal.py:65
V0421 01:46:52.220499 47866623247616 torch/_dynamo/guards.py:2611] [15/4] [__recompiles]     triggered by the following guard failure(s):
V0421 01:46:52.220499 47866623247616 torch/_dynamo/guards.py:2611] [15/4] [__recompiles]     - L['data'][0] == 779                                         
V0421 01:46:52.220499 47866623247616 torch/_dynamo/guards.py:2611] [15/4] [__recompiles]     - L['data'][0] == 772                                           # _dynamo/output_graph.py:452 in init_ambient_guards
V0421 01:46:52.220499 47866623247616 torch/_dynamo/guards.py:2611] [15/4] [__recompiles]     - L['data'][0] == 784                                           # _dynamo/output_graph.py:452 in init_ambient_guards
V0421 01:46:52.220499 47866623247616 torch/_dynamo/guards.py:2611] [15/4] [__recompiles]     - L['data'][0] == 758                                           # _dynamo/output_graph.py:452 in init_ambient_guards
/work2/09808/mp46753/frontera/ML_Project/miniconda3/envs/txgnn_env/lib/python3.8/site-packages/dgl/dataloading/dataloader.py:1144: DGLWarning: Dataloader CPU affinity opt is not enabled, consider switching it on (see enable_cpu_affinity() or CPU best practices for DGL [https://docs.dgl.ai/tutorials/cpu/cpu_best_practises.html])
  dgl_warning(
/work2/09808/mp46753/frontera/ML_Project/miniconda3/envs/txgnn_env/lib/python3.8/site-packages/dgl/heterograph.py:92: DGLWarning: Recommend creating graphs by `dgl.graph(data)` instead of `dgl.DGLGraph(data)`.
  dgl_warning(
V0421 01:46:55.994423 47866623247616 torch/_dynamo/guards.py:2611] [15/5] [__recompiles] Recompiling function _dispatch in /work2/09808/mp46753/frontera/ML_Project/miniconda3/envs/txgnn_env/lib/python3.8/site-packages/dgl/utils/internal.py:65
V0421 01:46:55.994423 47866623247616 torch/_dynamo/guards.py:2611] [15/5] [__recompiles]     triggered by the following guard failure(s):
V0421 01:46:55.994423 47866623247616 torch/_dynamo/guards.py:2611] [15/5] [__recompiles]     - L['data'][0] == 772                                           # _dynamo/output_graph.py:452 in init_ambient_guards
V0421 01:46:55.994423 47866623247616 torch/_dynamo/guards.py:2611] [15/5] [__recompiles]     - L['data'][0] == 784                                           # _dynamo/output_graph.py:452 in init_ambient_guards
V0421 01:46:55.994423 47866623247616 torch/_dynamo/guards.py:2611] [15/5] [__recompiles]     - L['data'][0] == 765                                           # _dynamo/output_graph.py:452 in init_ambient_guards
V0421 01:46:55.994423 47866623247616 torch/_dynamo/guards.py:2611] [15/5] [__recompiles]     - L['data'][0] == 779                                         
V0421 01:46:55.994423 47866623247616 torch/_dynamo/guards.py:2611] [15/5] [__recompiles]     - L['data'][0] == 758                                           # _dynamo/output_graph.py:452 in init_ambient_guards
/work2/09808/mp46753/frontera/ML_Project/miniconda3/envs/txgnn_env/lib/python3.8/site-packages/dgl/dataloading/dataloader.py:1144: DGLWarning: Dataloader CPU affinity opt is not enabled, consider switching it on (see enable_cpu_affinity() or CPU best practices for DGL [https://docs.dgl.ai/tutorials/cpu/cpu_best_practises.html])
  dgl_warning(
/work2/09808/mp46753/frontera/ML_Project/miniconda3/envs/txgnn_env/lib/python3.8/site-packages/dgl/heterograph.py:92: DGLWarning: Recommend creating graphs by `dgl.graph(data)` instead of `dgl.DGLGraph(data)`.
  dgl_warning(
V0421 01:46:59.431391 47866623247616 torch/_dynamo/guards.py:2611] [15/6] [__recompiles] Recompiling function _dispatch in /work2/09808/mp46753/frontera/ML_Project/miniconda3/envs/txgnn_env/lib/python3.8/site-packages/dgl/utils/internal.py:65
V0421 01:46:59.431391 47866623247616 torch/_dynamo/guards.py:2611] [15/6] [__recompiles]     triggered by the following guard failure(s):
V0421 01:46:59.431391 47866623247616 torch/_dynamo/guards.py:2611] [15/6] [__recompiles]     - L['data'][0] == 783                                           # _dynamo/output_graph.py:452 in init_ambient_guards
V0421 01:46:59.431391 47866623247616 torch/_dynamo/guards.py:2611] [15/6] [__recompiles]     - L['data'][0] == 772                                           # _dynamo/output_graph.py:452 in init_ambient_guards
V0421 01:46:59.431391 47866623247616 torch/_dynamo/guards.py:2611] [15/6] [__recompiles]     - L['data'][0] == 784                                           # _dynamo/output_graph.py:452 in init_ambient_guards
V0421 01:46:59.431391 47866623247616 torch/_dynamo/guards.py:2611] [15/6] [__recompiles]     - L['data'][0] == 765                                           # _dynamo/output_graph.py:452 in init_ambient_guards
V0421 01:46:59.431391 47866623247616 torch/_dynamo/guards.py:2611] [15/6] [__recompiles]     - L['data'][0] == 779                                         
V0421 01:46:59.431391 47866623247616 torch/_dynamo/guards.py:2611] [15/6] [__recompiles]     - L['data'][0] == 758                                           # _dynamo/output_graph.py:452 in init_ambient_guards
/work2/09808/mp46753/frontera/ML_Project/miniconda3/envs/txgnn_env/lib/python3.8/site-packages/dgl/dataloading/dataloader.py:1144: DGLWarning: Dataloader CPU affinity opt is not enabled, consider switching it on (see enable_cpu_affinity() or CPU best practices for DGL [https://docs.dgl.ai/tutorials/cpu/cpu_best_practises.html])
  dgl_warning(
/work2/09808/mp46753/frontera/ML_Project/miniconda3/envs/txgnn_env/lib/python3.8/site-packages/dgl/heterograph.py:92: DGLWarning: Recommend creating graphs by `dgl.graph(data)` instead of `dgl.DGLGraph(data)`.
  dgl_warning(
V0421 01:47:02.832568 47866623247616 torch/_dynamo/guards.py:2611] [15/7] [__recompiles] Recompiling function _dispatch in /work2/09808/mp46753/frontera/ML_Project/miniconda3/envs/txgnn_env/lib/python3.8/site-packages/dgl/utils/internal.py:65
V0421 01:47:02.832568 47866623247616 torch/_dynamo/guards.py:2611] [15/7] [__recompiles]     triggered by the following guard failure(s):
V0421 01:47:02.832568 47866623247616 torch/_dynamo/guards.py:2611] [15/7] [__recompiles]     - L['data'][0] == 782                                           # _dynamo/output_graph.py:452 in init_ambient_guards
V0421 01:47:02.832568 47866623247616 torch/_dynamo/guards.py:2611] [15/7] [__recompiles]     - L['data'][0] == 783                                           # _dynamo/output_graph.py:452 in init_ambient_guards
V0421 01:47:02.832568 47866623247616 torch/_dynamo/guards.py:2611] [15/7] [__recompiles]     - L['data'][0] == 772                                           # _dynamo/output_graph.py:452 in init_ambient_guards
V0421 01:47:02.832568 47866623247616 torch/_dynamo/guards.py:2611] [15/7] [__recompiles]     - L['data'][0] == 784                                           # _dynamo/output_graph.py:452 in init_ambient_guards
V0421 01:47:02.832568 47866623247616 torch/_dynamo/guards.py:2611] [15/7] [__recompiles]     - L['data'][0] == 765                                           # _dynamo/output_graph.py:452 in init_ambient_guards
V0421 01:47:02.832568 47866623247616 torch/_dynamo/guards.py:2611] [15/7] [__recompiles]     - L['data'][0] == 779                                         
V0421 01:47:02.832568 47866623247616 torch/_dynamo/guards.py:2611] [15/7] [__recompiles]     - L['data'][0] == 758                                           # _dynamo/output_graph.py:452 in init_ambient_guards
/work2/09808/mp46753/frontera/ML_Project/miniconda3/envs/txgnn_env/lib/python3.8/site-packages/dgl/dataloading/dataloader.py:1144: DGLWarning: Dataloader CPU affinity opt is not enabled, consider switching it on (see enable_cpu_affinity() or CPU best practices for DGL [https://docs.dgl.ai/tutorials/cpu/cpu_best_practises.html])
  dgl_warning(
/work2/09808/mp46753/frontera/ML_Project/miniconda3/envs/txgnn_env/lib/python3.8/site-packages/dgl/heterograph.py:92: DGLWarning: Recommend creating graphs by `dgl.graph(data)` instead of `dgl.DGLGraph(data)`.
  dgl_warning(
V0421 01:47:06.756005 47866623247616 torch/_dynamo/guards.py:2611] [15/8] [__recompiles] Recompiling function _dispatch in /work2/09808/mp46753/frontera/ML_Project/miniconda3/envs/txgnn_env/lib/python3.8/site-packages/dgl/utils/internal.py:65
V0421 01:47:06.756005 47866623247616 torch/_dynamo/guards.py:2611] [15/8] [__recompiles]     triggered by the following guard failure(s):
V0421 01:47:06.756005 47866623247616 torch/_dynamo/guards.py:2611] [15/8] [__recompiles]     - L['data'][0] == 772                                           # _dynamo/output_graph.py:452 in init_ambient_guards
V0421 01:47:06.756005 47866623247616 torch/_dynamo/guards.py:2611] [15/8] [__recompiles]     - L['data'][0] == 783                                           # _dynamo/output_graph.py:452 in init_ambient_guards
V0421 01:47:06.756005 47866623247616 torch/_dynamo/guards.py:2611] [15/8] [__recompiles]     - L['data'][0] == 770                                           # _dynamo/output_graph.py:452 in init_ambient_guards
V0421 01:47:06.756005 47866623247616 torch/_dynamo/guards.py:2611] [15/8] [__recompiles]     - L['data'][0] == 782                                           # _dynamo/output_graph.py:452 in init_ambient_guards
V0421 01:47:06.756005 47866623247616 torch/_dynamo/guards.py:2611] [15/8] [__recompiles]     - L['data'][0] == 784                                           # _dynamo/output_graph.py:452 in init_ambient_guards
V0421 01:47:06.756005 47866623247616 torch/_dynamo/guards.py:2611] [15/8] [__recompiles]     - L['data'][0] == 765                                           # _dynamo/output_graph.py:452 in init_ambient_guards
V0421 01:47:06.756005 47866623247616 torch/_dynamo/guards.py:2611] [15/8] [__recompiles]     - L['data'][0] == 779                                         
V0421 01:47:06.756005 47866623247616 torch/_dynamo/guards.py:2611] [15/8] [__recompiles]     - L['data'][0] == 758                                           # _dynamo/output_graph.py:452 in init_ambient_guards
W0421 01:47:06.756224 47866623247616 torch/_dynamo/convert_frame.py:762] [15/8] torch._dynamo hit config.cache_size_limit (8)
W0421 01:47:06.756224 47866623247616 torch/_dynamo/convert_frame.py:762] [15/8]    function: '_dispatch' (/work2/09808/mp46753/frontera/ML_Project/miniconda3/envs/txgnn_env/lib/python3.8/site-packages/dgl/utils/internal.py:65)
W0421 01:47:06.756224 47866623247616 torch/_dynamo/convert_frame.py:762] [15/8]    last reason: L['data'][0] == 758                                           # _dynamo/output_graph.py:452 in init_ambient_guards
W0421 01:47:06.756224 47866623247616 torch/_dynamo/convert_frame.py:762] [15/8] To log all recompilation reasons, use TORCH_LOGS="recompiles".
W0421 01:47:06.756224 47866623247616 torch/_dynamo/convert_frame.py:762] [15/8] To diagnose recompilation issues, see https://pytorch.org/docs/main/torch.compiler_troubleshooting.html.
/work2/09808/mp46753/frontera/ML_Project/miniconda3/envs/txgnn_env/lib/python3.8/site-packages/dgl/dataloading/dataloader.py:1144: DGLWarning: Dataloader CPU affinity opt is not enabled, consider switching it on (see enable_cpu_affinity() or CPU best practices for DGL [https://docs.dgl.ai/tutorials/cpu/cpu_best_practises.html])
  dgl_warning(
/work2/09808/mp46753/frontera/ML_Project/miniconda3/envs/txgnn_env/lib/python3.8/site-packages/dgl/heterograph.py:92: DGLWarning: Recommend creating graphs by `dgl.graph(data)` instead of `dgl.DGLGraph(data)`.
  dgl_warning(
Compiling model with torch.compile()...
Saved sparsity snapshot to outputs_compiled/tran/citeseer/SAGE/seed_2/sparsity_before.csv
                               layer_name  num_elements    sparsity
0  _orig_mod.encoder.graph_layer_1.weight      13712209    0.000029
1    _orig_mod.encoder.graph_layer_1.bias          3703  100.000000
2  _orig_mod.encoder.graph_layer_2.weight        473984    0.000000
3    _orig_mod.encoder.graph_layer_2.bias           128  100.000000
4      _orig_mod.encoder.decoder_1.weight      13712209    0.000051
5        _orig_mod.encoder.decoder_1.bias          3703    0.000000
6      _orig_mod.encoder.decoder_2.weight      13712209    0.000073
7        _orig_mod.encoder.decoder_2.bias          3703    0.000000
8         _orig_mod.encoder.linear.weight           768    0.000000
9           _orig_mod.encoder.linear.bias             6    0.000000
Saved sparsity snapshot to outputs_compiled/tran/citeseer/SAGE/seed_2/sparsity_after.csv
                               layer_name  num_elements   sparsity
0  _orig_mod.encoder.graph_layer_1.weight      13712209  63.012845
1    _orig_mod.encoder.graph_layer_1.bias          3703   0.054010
2  _orig_mod.encoder.graph_layer_2.weight        473984   1.371143
3    _orig_mod.encoder.graph_layer_2.bias           128   0.000000
4      _orig_mod.encoder.decoder_1.weight      13712209  51.154821
5        _orig_mod.encoder.decoder_1.bias          3703   0.000000
6      _orig_mod.encoder.decoder_2.weight      13712209  87.509190
7        _orig_mod.encoder.decoder_2.bias          3703  54.415339
8         _orig_mod.encoder.linear.weight           768   0.000000
9           _orig_mod.encoder.linear.bias             6   0.000000
Saved forward timing report to outputs_compiled/tran/citeseer/SAGE/seed_2/forward_times.csv
                         layer_name  avg_forward_time_ms  num_calls
0         _orig_mod.encoder.dropout             0.002240       3005
1   _orig_mod.encoder.graph_layer_1             0.002965       3005
2   _orig_mod.encoder.graph_layer_2             0.002393       3005
3       _orig_mod.encoder.decoder_1             0.002340       3005
4       _orig_mod.encoder.decoder_2             0.002323       3005
5          _orig_mod.encoder.linear             0.000555       3005
6   _orig_mod.encoder.vq.project_in             0.002234       3005
7  _orig_mod.encoder.vq.project_out             0.002918       3005
8    _orig_mod.encoder.vq._codebook             0.002675       3005
CPU Memory Usage: 1281.95 MB
Max GPU Memory Used: 1362.76 MB
