/work2/09808/mp46753/frontera/ML_Project/VQGraph/vq.py:283: FutureWarning: `torch.cuda.amp.autocast(args...)` is deprecated. Please use `torch.amp.autocast('cuda', args...)` instead.
  @autocast(enabled=False)
/work2/09808/mp46753/frontera/ML_Project/VQGraph/vq.py:418: FutureWarning: `torch.cuda.amp.autocast(args...)` is deprecated. Please use `torch.amp.autocast('cuda', args...)` instead.
  @autocast(enabled=False)
/work2/09808/mp46753/frontera/ML_Project/miniconda3/envs/txgnn_env/lib/python3.8/site-packages/torch/_dynamo/variables/functions.py:663: UserWarning: Graph break due to unsupported builtin torch._C._to_dlpack. This function is either a Python builtin (e.g. _warnings.warn) or a third-party C/C++ Python extension (perhaps created with pybind). If it is a Python builtin, please file an issue on GitHub so the PyTorch team can add support for it and see the next case for a workaround. If it is a third-party C/C++ Python extension, please either wrap it into a PyTorch-understood custom operator (see https://pytorch.org/tutorials/advanced/custom_ops_landing_page.html for more details) or, if it is traceable, use torch.compiler.allow_in_graph.
  torch._dynamo.utils.warn_once(msg)
W0421 01:29:26.936132 47326469494016 torch/_dynamo/variables/tensor.py:715] [27/0] Graph break from `Tensor.item()`, consider setting:
W0421 01:29:26.936132 47326469494016 torch/_dynamo/variables/tensor.py:715] [27/0]     torch._dynamo.config.capture_scalar_outputs = True
W0421 01:29:26.936132 47326469494016 torch/_dynamo/variables/tensor.py:715] [27/0] or:
W0421 01:29:26.936132 47326469494016 torch/_dynamo/variables/tensor.py:715] [27/0]     env TORCHDYNAMO_CAPTURE_SCALAR_OUTPUTS=1
W0421 01:29:26.936132 47326469494016 torch/_dynamo/variables/tensor.py:715] [27/0] to include these operations in the captured graph.
W0421 01:29:26.936132 47326469494016 torch/_dynamo/variables/tensor.py:715] [27/0] 
V0421 01:29:29.313063 47326469494016 torch/_dynamo/guards.py:2611] [23/1] [__recompiles] Recompiling function zerocopy_to_dgl_ndarray in /work2/09808/mp46753/frontera/ML_Project/miniconda3/envs/txgnn_env/lib/python3.8/site-packages/dgl/backend/pytorch/tensor.py:432
V0421 01:29:29.313063 47326469494016 torch/_dynamo/guards.py:2611] [23/1] [__recompiles]     triggered by the following guard failure(s):
V0421 01:29:29.313063 47326469494016 torch/_dynamo/guards.py:2611] [23/1] [__recompiles]     - GLOBAL_STATE changed: grad_mode 
V0421 01:29:29.377161 47326469494016 torch/_dynamo/guards.py:2611] [24/1] [__recompiles] Recompiling function torch_dynamo_resume_in_zerocopy_to_dgl_ndarray_at_435 in /work2/09808/mp46753/frontera/ML_Project/miniconda3/envs/txgnn_env/lib/python3.8/site-packages/dgl/backend/pytorch/tensor.py:435
V0421 01:29:29.377161 47326469494016 torch/_dynamo/guards.py:2611] [24/1] [__recompiles]     triggered by the following guard failure(s):
V0421 01:29:29.377161 47326469494016 torch/_dynamo/guards.py:2611] [24/1] [__recompiles]     - GLOBAL_STATE changed: grad_mode 
/work2/09808/mp46753/frontera/ML_Project/miniconda3/envs/txgnn_env/lib/python3.8/site-packages/torch/_dynamo/variables/functions.py:663: UserWarning: Graph break due to unsupported builtin time.perf_counter. This function is either a Python builtin (e.g. _warnings.warn) or a third-party C/C++ Python extension (perhaps created with pybind). If it is a Python builtin, please file an issue on GitHub so the PyTorch team can add support for it and see the next case for a workaround. If it is a third-party C/C++ Python extension, please either wrap it into a PyTorch-understood custom operator (see https://pytorch.org/tutorials/advanced/custom_ops_landing_page.html for more details) or, if it is traceable, use torch.compiler.allow_in_graph.
  torch._dynamo.utils.warn_once(msg)
V0421 01:29:30.281833 47326469494016 torch/_dynamo/guards.py:2611] [60/1] [__recompiles] Recompiling function torch_dynamo_resume_in_hook_at_12 in /work2/09808/mp46753/frontera/ML_Project/VQGraph/benchmark_utils.py:12
V0421 01:29:30.281833 47326469494016 torch/_dynamo/guards.py:2611] [60/1] [__recompiles]     triggered by the following guard failure(s):
V0421 01:29:30.281833 47326469494016 torch/_dynamo/guards.py:2611] [60/1] [__recompiles]     - L['___stack0'] == 920411.391445045                          
V0421 01:29:30.417253 47326469494016 torch/_dynamo/guards.py:2611] [60/2] [__recompiles] Recompiling function torch_dynamo_resume_in_hook_at_12 in /work2/09808/mp46753/frontera/ML_Project/VQGraph/benchmark_utils.py:12
V0421 01:29:30.417253 47326469494016 torch/_dynamo/guards.py:2611] [60/2] [__recompiles]     triggered by the following guard failure(s):
V0421 01:29:30.417253 47326469494016 torch/_dynamo/guards.py:2611] [60/2] [__recompiles]     - L['___stack0'] == 920411.766670568                          
V0421 01:29:30.417253 47326469494016 torch/_dynamo/guards.py:2611] [60/2] [__recompiles]     - L['___stack0'] == 920411.391445045                          
V0421 01:29:35.876687 47326469494016 torch/_dynamo/guards.py:2611] [60/3] [__recompiles] Recompiling function torch_dynamo_resume_in_hook_at_12 in /work2/09808/mp46753/frontera/ML_Project/VQGraph/benchmark_utils.py:12
V0421 01:29:35.876687 47326469494016 torch/_dynamo/guards.py:2611] [60/3] [__recompiles]     triggered by the following guard failure(s):
V0421 01:29:35.876687 47326469494016 torch/_dynamo/guards.py:2611] [60/3] [__recompiles]     - L['___stack0'] == 920411.902137687                          
V0421 01:29:35.876687 47326469494016 torch/_dynamo/guards.py:2611] [60/3] [__recompiles]     - L['___stack0'] == 920411.766670568                          
V0421 01:29:35.876687 47326469494016 torch/_dynamo/guards.py:2611] [60/3] [__recompiles]     - L['___stack0'] == 920411.391445045                          
V0421 01:29:37.488266 47326469494016 torch/_dynamo/guards.py:2611] [60/4] [__recompiles] Recompiling function torch_dynamo_resume_in_hook_at_12 in /work2/09808/mp46753/frontera/ML_Project/VQGraph/benchmark_utils.py:12
V0421 01:29:37.488266 47326469494016 torch/_dynamo/guards.py:2611] [60/4] [__recompiles]     triggered by the following guard failure(s):
V0421 01:29:37.488266 47326469494016 torch/_dynamo/guards.py:2611] [60/4] [__recompiles]     - L['___stack0'] == 920417.361393651                          
V0421 01:29:37.488266 47326469494016 torch/_dynamo/guards.py:2611] [60/4] [__recompiles]     - L['___stack0'] == 920411.902137687                          
V0421 01:29:37.488266 47326469494016 torch/_dynamo/guards.py:2611] [60/4] [__recompiles]     - L['___stack0'] == 920411.766670568                          
V0421 01:29:37.488266 47326469494016 torch/_dynamo/guards.py:2611] [60/4] [__recompiles]     - L['___stack0'] == 920411.391445045                          
V0421 01:29:37.622043 47326469494016 torch/_dynamo/guards.py:2611] [60/5] [__recompiles] Recompiling function torch_dynamo_resume_in_hook_at_12 in /work2/09808/mp46753/frontera/ML_Project/VQGraph/benchmark_utils.py:12
V0421 01:29:37.622043 47326469494016 torch/_dynamo/guards.py:2611] [60/5] [__recompiles]     triggered by the following guard failure(s):
V0421 01:29:37.622043 47326469494016 torch/_dynamo/guards.py:2611] [60/5] [__recompiles]     - L['___stack0'] == 920418.973049401                          
V0421 01:29:37.622043 47326469494016 torch/_dynamo/guards.py:2611] [60/5] [__recompiles]     - L['___stack0'] == 920417.361393651                          
V0421 01:29:37.622043 47326469494016 torch/_dynamo/guards.py:2611] [60/5] [__recompiles]     - L['___stack0'] == 920411.902137687                          
V0421 01:29:37.622043 47326469494016 torch/_dynamo/guards.py:2611] [60/5] [__recompiles]     - L['___stack0'] == 920411.766670568                          
V0421 01:29:37.622043 47326469494016 torch/_dynamo/guards.py:2611] [60/5] [__recompiles]     - L['___stack0'] == 920411.391445045                          
V0421 01:29:37.666572 47326469494016 torch/_dynamo/guards.py:2611] [60/6] [__recompiles] Recompiling function torch_dynamo_resume_in_hook_at_12 in /work2/09808/mp46753/frontera/ML_Project/VQGraph/benchmark_utils.py:12
V0421 01:29:37.666572 47326469494016 torch/_dynamo/guards.py:2611] [60/6] [__recompiles]     triggered by the following guard failure(s):
V0421 01:29:37.666572 47326469494016 torch/_dynamo/guards.py:2611] [60/6] [__recompiles]     - L['___stack0'] == 920419.106874082                          
V0421 01:29:37.666572 47326469494016 torch/_dynamo/guards.py:2611] [60/6] [__recompiles]     - L['___stack0'] == 920418.973049401                          
V0421 01:29:37.666572 47326469494016 torch/_dynamo/guards.py:2611] [60/6] [__recompiles]     - L['___stack0'] == 920417.361393651                          
V0421 01:29:37.666572 47326469494016 torch/_dynamo/guards.py:2611] [60/6] [__recompiles]     - L['___stack0'] == 920411.902137687                          
V0421 01:29:37.666572 47326469494016 torch/_dynamo/guards.py:2611] [60/6] [__recompiles]     - L['___stack0'] == 920411.766670568                          
V0421 01:29:37.666572 47326469494016 torch/_dynamo/guards.py:2611] [60/6] [__recompiles]     - L['___stack0'] == 920411.391445045                          
V0421 01:29:39.621292 47326469494016 torch/_dynamo/guards.py:2611] [34/1] [__recompiles] Recompiling function __setitem__ in /work2/09808/mp46753/frontera/ML_Project/miniconda3/envs/txgnn_env/lib/python3.8/site-packages/dgl/view.py:82
V0421 01:29:39.621292 47326469494016 torch/_dynamo/guards.py:2611] [34/1] [__recompiles]     triggered by the following guard failure(s):
V0421 01:29:39.621292 47326469494016 torch/_dynamo/guards.py:2611] [34/1] [__recompiles]     - tensor 'L['val']' requires_grad mismatch. expected requires_grad=0
V0421 01:29:39.641996 47326469494016 torch/_dynamo/guards.py:2611] [37/1] [__recompiles] Recompiling function __setitem__ in /work2/09808/mp46753/frontera/ML_Project/miniconda3/envs/txgnn_env/lib/python3.8/site-packages/dgl/frame.py:690
V0421 01:29:39.641996 47326469494016 torch/_dynamo/guards.py:2611] [37/1] [__recompiles]     triggered by the following guard failure(s):
V0421 01:29:39.641996 47326469494016 torch/_dynamo/guards.py:2611] [37/1] [__recompiles]     - tensor 'L['data']' requires_grad mismatch. expected requires_grad=0
V0421 01:29:39.661313 47326469494016 torch/_dynamo/guards.py:2611] [38/1] [__recompiles] Recompiling function update_column in /work2/09808/mp46753/frontera/ML_Project/miniconda3/envs/txgnn_env/lib/python3.8/site-packages/dgl/frame.py:772
V0421 01:29:39.661313 47326469494016 torch/_dynamo/guards.py:2611] [38/1] [__recompiles]     triggered by the following guard failure(s):
V0421 01:29:39.661313 47326469494016 torch/_dynamo/guards.py:2611] [38/1] [__recompiles]     - tensor 'L['data']' requires_grad mismatch. expected requires_grad=0
V0421 01:29:39.681000 47326469494016 torch/_dynamo/guards.py:2611] [39/1] [__recompiles] Recompiling function infer_scheme in /work2/09808/mp46753/frontera/ML_Project/miniconda3/envs/txgnn_env/lib/python3.8/site-packages/dgl/frame.py:151
V0421 01:29:39.681000 47326469494016 torch/_dynamo/guards.py:2611] [39/1] [__recompiles]     triggered by the following guard failure(s):
V0421 01:29:39.681000 47326469494016 torch/_dynamo/guards.py:2611] [39/1] [__recompiles]     - tensor 'L['tensor']' requires_grad mismatch. expected requires_grad=0
V0421 01:29:39.727003 47326469494016 torch/_dynamo/guards.py:2611] [42/1] [__recompiles] Recompiling function func in /work2/09808/mp46753/frontera/ML_Project/miniconda3/envs/txgnn_env/lib/python3.8/site-packages/dgl/ops/spmm.py:213
V0421 01:29:39.727003 47326469494016 torch/_dynamo/guards.py:2611] [42/1] [__recompiles]     triggered by the following guard failure(s):
V0421 01:29:39.727003 47326469494016 torch/_dynamo/guards.py:2611] [42/1] [__recompiles]     - tensor 'L['x']' requires_grad mismatch. expected requires_grad=0
V0421 01:29:39.740655 47326469494016 torch/_dynamo/guards.py:2611] [44/1] [__recompiles] Recompiling function torch_dynamo_resume_in_gspmm_at_75 in /work2/09808/mp46753/frontera/ML_Project/miniconda3/envs/txgnn_env/lib/python3.8/site-packages/dgl/ops/spmm.py:75
V0421 01:29:39.740655 47326469494016 torch/_dynamo/guards.py:2611] [44/1] [__recompiles]     triggered by the following guard failure(s):
V0421 01:29:39.740655 47326469494016 torch/_dynamo/guards.py:2611] [44/1] [__recompiles]     - tensor 'L['lhs_data']' requires_grad mismatch. expected requires_grad=0
V0421 01:29:39.759306 47326469494016 torch/_dynamo/guards.py:2611] [48/1] [__recompiles] Recompiling function forward in /work2/09808/mp46753/frontera/ML_Project/miniconda3/envs/txgnn_env/lib/python3.8/site-packages/dgl/backend/pytorch/sparse.py:163
V0421 01:29:39.759306 47326469494016 torch/_dynamo/guards.py:2611] [48/1] [__recompiles]     triggered by the following guard failure(s):
V0421 01:29:39.759306 47326469494016 torch/_dynamo/guards.py:2611] [48/1] [__recompiles]     - tensor 'L['X']' requires_grad mismatch. expected requires_grad=0
V0421 01:29:39.776153 47326469494016 torch/_dynamo/guards.py:2611] [51/1] [__recompiles] Recompiling function zeros in /work2/09808/mp46753/frontera/ML_Project/miniconda3/envs/txgnn_env/lib/python3.8/site-packages/dgl/backend/pytorch/tensor.py:287
V0421 01:29:39.776153 47326469494016 torch/_dynamo/guards.py:2611] [51/1] [__recompiles]     triggered by the following guard failure(s):
V0421 01:29:39.776153 47326469494016 torch/_dynamo/guards.py:2611] [51/1] [__recompiles]     - L['shape'][1] == 3703                                       
V0421 01:29:40.137692 47326469494016 torch/_dynamo/guards.py:2611] [23/2] [__recompiles] Recompiling function zerocopy_to_dgl_ndarray in /work2/09808/mp46753/frontera/ML_Project/miniconda3/envs/txgnn_env/lib/python3.8/site-packages/dgl/backend/pytorch/tensor.py:432
V0421 01:29:40.137692 47326469494016 torch/_dynamo/guards.py:2611] [23/2] [__recompiles]     triggered by the following guard failure(s):
V0421 01:29:40.137692 47326469494016 torch/_dynamo/guards.py:2611] [23/2] [__recompiles]     - GLOBAL_STATE changed: grad_mode 
V0421 01:29:40.137692 47326469494016 torch/_dynamo/guards.py:2611] [23/2] [__recompiles]     - tensor 'L['data']' requires_grad mismatch. expected requires_grad=0
V0421 01:29:40.191138 47326469494016 torch/_dynamo/guards.py:2611] [53/1] [__recompiles] Recompiling function zerocopy_to_dgl_ndarray_for_write in /work2/09808/mp46753/frontera/ML_Project/miniconda3/envs/txgnn_env/lib/python3.8/site-packages/dgl/backend/pytorch/tensor.py:454
V0421 01:29:40.191138 47326469494016 torch/_dynamo/guards.py:2611] [53/1] [__recompiles]     triggered by the following guard failure(s):
V0421 01:29:40.191138 47326469494016 torch/_dynamo/guards.py:2611] [53/1] [__recompiles]     - tensor 'L['input']' stride mismatch at index 0. expected 3703, actual 128
V0421 01:29:40.228013 47326469494016 torch/_dynamo/guards.py:2611] [54/1] [__recompiles] Recompiling function check_is_view in /work2/09808/mp46753/frontera/ML_Project/miniconda3/envs/txgnn_env/lib/python3.8/site-packages/dgl/backend/pytorch/tensor.py:441
V0421 01:29:40.228013 47326469494016 torch/_dynamo/guards.py:2611] [54/1] [__recompiles]     triggered by the following guard failure(s):
V0421 01:29:40.228013 47326469494016 torch/_dynamo/guards.py:2611] [54/1] [__recompiles]     - tensor 'L['input']' stride mismatch at index 0. expected 3703, actual 128
V0421 01:29:40.238106 47326469494016 torch/_dynamo/guards.py:2611] [55/1] [__recompiles] Recompiling function torch_dynamo_resume_in_check_is_view_at_443 in /work2/09808/mp46753/frontera/ML_Project/miniconda3/envs/txgnn_env/lib/python3.8/site-packages/dgl/backend/pytorch/tensor.py:443
V0421 01:29:40.238106 47326469494016 torch/_dynamo/guards.py:2611] [55/1] [__recompiles]     triggered by the following guard failure(s):
V0421 01:29:40.238106 47326469494016 torch/_dynamo/guards.py:2611] [55/1] [__recompiles]     - tensor 'L['input']' stride mismatch at index 0. expected 3703, actual 128
V0421 01:29:40.249546 47326469494016 torch/_dynamo/guards.py:2611] [56/1] [__recompiles] Recompiling function torch_dynamo_resume_in_zerocopy_to_dgl_ndarray_for_write_at_461 in /work2/09808/mp46753/frontera/ML_Project/miniconda3/envs/txgnn_env/lib/python3.8/site-packages/dgl/backend/pytorch/tensor.py:461
V0421 01:29:40.249546 47326469494016 torch/_dynamo/guards.py:2611] [56/1] [__recompiles]     triggered by the following guard failure(s):
V0421 01:29:40.249546 47326469494016 torch/_dynamo/guards.py:2611] [56/1] [__recompiles]     - tensor 'L['input']' stride mismatch at index 0. expected 3703, actual 128
V0421 01:29:40.262964 47326469494016 torch/_dynamo/guards.py:2611] [57/1] [__recompiles] Recompiling function torch_dynamo_resume_in_forward_at_165 in /work2/09808/mp46753/frontera/ML_Project/miniconda3/envs/txgnn_env/lib/python3.8/site-packages/dgl/backend/pytorch/sparse.py:165
V0421 01:29:40.262964 47326469494016 torch/_dynamo/guards.py:2611] [57/1] [__recompiles]     triggered by the following guard failure(s):
V0421 01:29:40.262964 47326469494016 torch/_dynamo/guards.py:2611] [57/1] [__recompiles]     - tensor 'L['X']' requires_grad mismatch. expected requires_grad=0
V0421 01:29:40.305930 47326469494016 torch/_dynamo/guards.py:2611] [60/7] [__recompiles] Recompiling function torch_dynamo_resume_in_hook_at_12 in /work2/09808/mp46753/frontera/ML_Project/VQGraph/benchmark_utils.py:12
V0421 01:29:40.305930 47326469494016 torch/_dynamo/guards.py:2611] [60/7] [__recompiles]     triggered by the following guard failure(s):
V0421 01:29:40.305930 47326469494016 torch/_dynamo/guards.py:2611] [60/7] [__recompiles]     - L['___stack0'] == 920419.151408198                          
V0421 01:29:40.305930 47326469494016 torch/_dynamo/guards.py:2611] [60/7] [__recompiles]     - L['___stack0'] == 920419.106874082                          
V0421 01:29:40.305930 47326469494016 torch/_dynamo/guards.py:2611] [60/7] [__recompiles]     - L['___stack0'] == 920418.973049401                          
V0421 01:29:40.305930 47326469494016 torch/_dynamo/guards.py:2611] [60/7] [__recompiles]     - L['___stack0'] == 920417.361393651                          
V0421 01:29:40.305930 47326469494016 torch/_dynamo/guards.py:2611] [60/7] [__recompiles]     - L['___stack0'] == 920411.902137687                          
V0421 01:29:40.305930 47326469494016 torch/_dynamo/guards.py:2611] [60/7] [__recompiles]     - L['___stack0'] == 920411.766670568                          
V0421 01:29:40.305930 47326469494016 torch/_dynamo/guards.py:2611] [60/7] [__recompiles]     - L['___stack0'] == 920411.391445045                          
V0421 01:29:40.351506 47326469494016 torch/_dynamo/guards.py:2611] [60/8] [__recompiles] Recompiling function torch_dynamo_resume_in_hook_at_12 in /work2/09808/mp46753/frontera/ML_Project/VQGraph/benchmark_utils.py:12
V0421 01:29:40.351506 47326469494016 torch/_dynamo/guards.py:2611] [60/8] [__recompiles]     triggered by the following guard failure(s):
V0421 01:29:40.351506 47326469494016 torch/_dynamo/guards.py:2611] [60/8] [__recompiles]     - L['___stack0'] == 920421.790723369                          
V0421 01:29:40.351506 47326469494016 torch/_dynamo/guards.py:2611] [60/8] [__recompiles]     - L['___stack0'] == 920419.151408198                          
V0421 01:29:40.351506 47326469494016 torch/_dynamo/guards.py:2611] [60/8] [__recompiles]     - L['___stack0'] == 920419.106874082                          
V0421 01:29:40.351506 47326469494016 torch/_dynamo/guards.py:2611] [60/8] [__recompiles]     - L['___stack0'] == 920418.973049401                          
V0421 01:29:40.351506 47326469494016 torch/_dynamo/guards.py:2611] [60/8] [__recompiles]     - L['___stack0'] == 920417.361393651                          
V0421 01:29:40.351506 47326469494016 torch/_dynamo/guards.py:2611] [60/8] [__recompiles]     - L['___stack0'] == 920411.902137687                          
V0421 01:29:40.351506 47326469494016 torch/_dynamo/guards.py:2611] [60/8] [__recompiles]     - L['___stack0'] == 920411.766670568                          
V0421 01:29:40.351506 47326469494016 torch/_dynamo/guards.py:2611] [60/8] [__recompiles]     - L['___stack0'] == 920411.391445045                          
W0421 01:29:40.351642 47326469494016 torch/_dynamo/convert_frame.py:762] [60/8] torch._dynamo hit config.cache_size_limit (8)
W0421 01:29:40.351642 47326469494016 torch/_dynamo/convert_frame.py:762] [60/8]    function: 'torch_dynamo_resume_in_hook_at_12' (/work2/09808/mp46753/frontera/ML_Project/VQGraph/benchmark_utils.py:12)
W0421 01:29:40.351642 47326469494016 torch/_dynamo/convert_frame.py:762] [60/8]    last reason: L['___stack0'] == 920411.391445045                          
W0421 01:29:40.351642 47326469494016 torch/_dynamo/convert_frame.py:762] [60/8] To log all recompilation reasons, use TORCH_LOGS="recompiles".
W0421 01:29:40.351642 47326469494016 torch/_dynamo/convert_frame.py:762] [60/8] To diagnose recompilation issues, see https://pytorch.org/docs/main/torch.compiler_troubleshooting.html.
Compiling model with torch.compile()...
Saved sparsity snapshot to outputs_compiled/tran/citeseer/GCN/seed_0/sparsity_before.csv
                               layer_name  num_elements    sparsity
0  _orig_mod.encoder.graph_layer_1.weight      13712209    0.000015
1    _orig_mod.encoder.graph_layer_1.bias          3703  100.000000
2  _orig_mod.encoder.graph_layer_2.weight        473984    0.000000
3    _orig_mod.encoder.graph_layer_2.bias           128  100.000000
4      _orig_mod.encoder.decoder_1.weight      13712209    0.000058
5        _orig_mod.encoder.decoder_1.bias          3703    0.000000
6      _orig_mod.encoder.decoder_2.weight      13712209    0.000073
7        _orig_mod.encoder.decoder_2.bias          3703    0.000000
8         _orig_mod.encoder.linear.weight           768    0.000000
9           _orig_mod.encoder.linear.bias             6    0.000000
Saved sparsity snapshot to outputs_compiled/tran/citeseer/GCN/seed_0/sparsity_after.csv
                               layer_name  num_elements  sparsity
0  _orig_mod.encoder.graph_layer_1.weight      13712209  0.000335
1    _orig_mod.encoder.graph_layer_1.bias          3703  0.000000
2  _orig_mod.encoder.graph_layer_2.weight        473984  0.000633
3    _orig_mod.encoder.graph_layer_2.bias           128  1.562500
4      _orig_mod.encoder.decoder_1.weight      13712209  0.000088
5        _orig_mod.encoder.decoder_1.bias          3703  0.000000
6      _orig_mod.encoder.decoder_2.weight      13712209  0.014556
7        _orig_mod.encoder.decoder_2.bias          3703  0.000000
8         _orig_mod.encoder.linear.weight           768  0.000000
9           _orig_mod.encoder.linear.bias             6  0.000000
Saved forward timing report to outputs_compiled/tran/citeseer/GCN/seed_0/forward_times.csv
                         layer_name  avg_forward_time_ms  num_calls
0         _orig_mod.encoder.dropout             0.006546       1001
1   _orig_mod.encoder.graph_layer_1             0.008195       1001
2   _orig_mod.encoder.graph_layer_2             0.006472       1001
3       _orig_mod.encoder.decoder_1             0.006453       1001
4       _orig_mod.encoder.decoder_2             0.007056       1001
5          _orig_mod.encoder.linear             0.001316       1001
6   _orig_mod.encoder.vq.project_in             0.006518       1001
7  _orig_mod.encoder.vq.project_out             0.009256       1001
8    _orig_mod.encoder.vq._codebook             0.007774       1001
CPU Memory Usage: 1332.71 MB
Max GPU Memory Used: 1511.74 MB
