/work2/09808/mp46753/frontera/ML_Project/VQGraph/vq.py:283: FutureWarning: `torch.cuda.amp.autocast(args...)` is deprecated. Please use `torch.amp.autocast('cuda', args...)` instead.
  @autocast(enabled=False)
/work2/09808/mp46753/frontera/ML_Project/VQGraph/vq.py:418: FutureWarning: `torch.cuda.amp.autocast(args...)` is deprecated. Please use `torch.amp.autocast('cuda', args...)` instead.
  @autocast(enabled=False)
/work2/09808/mp46753/frontera/ML_Project/miniconda3/envs/txgnn_env/lib/python3.8/site-packages/dgl/dataloading/dataloader.py:1144: DGLWarning: Dataloader CPU affinity opt is not enabled, consider switching it on (see enable_cpu_affinity() or CPU best practices for DGL [https://docs.dgl.ai/tutorials/cpu/cpu_best_practises.html])
  dgl_warning(
/work2/09808/mp46753/frontera/ML_Project/miniconda3/envs/txgnn_env/lib/python3.8/site-packages/dgl/heterograph.py:92: DGLWarning: Recommend creating graphs by `dgl.graph(data)` instead of `dgl.DGLGraph(data)`.
  dgl_warning(
Saved sparsity snapshot to outputs_eager/tran/a-photo/SAGE/seed_1/sparsity_before.csv
                     layer_name  num_elements   sparsity
0  encoder.graph_layer_1.weight        555025    0.00018
1    encoder.graph_layer_1.bias           745  100.00000
2  encoder.graph_layer_2.weight         95360    0.00000
3    encoder.graph_layer_2.bias           128  100.00000
4      encoder.decoder_1.weight        555025    0.00000
5        encoder.decoder_1.bias           745    0.00000
6      encoder.decoder_2.weight        555025    0.00000
7        encoder.decoder_2.bias           745    0.00000
8         encoder.linear.weight          1024    0.00000
9           encoder.linear.bias             8    0.00000
Saved sparsity snapshot to outputs_eager/tran/a-photo/SAGE/seed_1/sparsity_after.csv
                     layer_name  num_elements   sparsity
0  encoder.graph_layer_1.weight        555025  20.625017
1    encoder.graph_layer_1.bias           745  11.140940
2  encoder.graph_layer_2.weight         95360  45.022022
3    encoder.graph_layer_2.bias           128   0.000000
4      encoder.decoder_1.weight        555025  67.711905
5        encoder.decoder_1.bias           745   0.000000
6      encoder.decoder_2.weight        555025  92.787892
7        encoder.decoder_2.bias           745  64.832215
8         encoder.linear.weight          1024   1.562500
9           encoder.linear.bias             8   0.000000
Saved forward timing report to outputs_eager/tran/a-photo/SAGE/seed_1/forward_times.csv
               layer_name  avg_forward_time_ms  num_calls
0         encoder.dropout             0.000182       8015
1   encoder.graph_layer_1             0.000283       8015
2   encoder.graph_layer_2             0.000300       8015
3       encoder.decoder_1             0.000252       8015
4       encoder.decoder_2             0.000240       8015
5          encoder.linear             0.000236       8015
6   encoder.vq.project_in             0.000177       8015
7  encoder.vq.project_out             0.000229       8015
8    encoder.vq._codebook             0.000283       8015
CPU Memory Usage: 1273.05 MB
Max GPU Memory Used: 1282.35 MB
