/work2/09808/mp46753/frontera/ML_Project/VQGraph/vq.py:283: FutureWarning: `torch.cuda.amp.autocast(args...)` is deprecated. Please use `torch.amp.autocast('cuda', args...)` instead.
  @autocast(enabled=False)
/work2/09808/mp46753/frontera/ML_Project/VQGraph/vq.py:418: FutureWarning: `torch.cuda.amp.autocast(args...)` is deprecated. Please use `torch.amp.autocast('cuda', args...)` instead.
  @autocast(enabled=False)
/work2/09808/mp46753/frontera/ML_Project/miniconda3/envs/txgnn_env/lib/python3.8/site-packages/torch/_dynamo/variables/functions.py:663: UserWarning: Graph break due to unsupported builtin torch._C._to_dlpack. This function is either a Python builtin (e.g. _warnings.warn) or a third-party C/C++ Python extension (perhaps created with pybind). If it is a Python builtin, please file an issue on GitHub so the PyTorch team can add support for it and see the next case for a workaround. If it is a third-party C/C++ Python extension, please either wrap it into a PyTorch-understood custom operator (see https://pytorch.org/tutorials/advanced/custom_ops_landing_page.html for more details) or, if it is traceable, use torch.compiler.allow_in_graph.
  torch._dynamo.utils.warn_once(msg)
W0421 02:47:47.947304 47846028657920 torch/_dynamo/variables/tensor.py:715] [27/0] Graph break from `Tensor.item()`, consider setting:
W0421 02:47:47.947304 47846028657920 torch/_dynamo/variables/tensor.py:715] [27/0]     torch._dynamo.config.capture_scalar_outputs = True
W0421 02:47:47.947304 47846028657920 torch/_dynamo/variables/tensor.py:715] [27/0] or:
W0421 02:47:47.947304 47846028657920 torch/_dynamo/variables/tensor.py:715] [27/0]     env TORCHDYNAMO_CAPTURE_SCALAR_OUTPUTS=1
W0421 02:47:47.947304 47846028657920 torch/_dynamo/variables/tensor.py:715] [27/0] to include these operations in the captured graph.
W0421 02:47:47.947304 47846028657920 torch/_dynamo/variables/tensor.py:715] [27/0] 
V0421 02:47:49.215462 47846028657920 torch/_dynamo/guards.py:2611] [23/1] [__recompiles] Recompiling function zerocopy_to_dgl_ndarray in /work2/09808/mp46753/frontera/ML_Project/miniconda3/envs/txgnn_env/lib/python3.8/site-packages/dgl/backend/pytorch/tensor.py:432
V0421 02:47:49.215462 47846028657920 torch/_dynamo/guards.py:2611] [23/1] [__recompiles]     triggered by the following guard failure(s):
V0421 02:47:49.215462 47846028657920 torch/_dynamo/guards.py:2611] [23/1] [__recompiles]     - GLOBAL_STATE changed: grad_mode 
V0421 02:47:49.274124 47846028657920 torch/_dynamo/guards.py:2611] [24/1] [__recompiles] Recompiling function torch_dynamo_resume_in_zerocopy_to_dgl_ndarray_at_435 in /work2/09808/mp46753/frontera/ML_Project/miniconda3/envs/txgnn_env/lib/python3.8/site-packages/dgl/backend/pytorch/tensor.py:435
V0421 02:47:49.274124 47846028657920 torch/_dynamo/guards.py:2611] [24/1] [__recompiles]     triggered by the following guard failure(s):
V0421 02:47:49.274124 47846028657920 torch/_dynamo/guards.py:2611] [24/1] [__recompiles]     - GLOBAL_STATE changed: grad_mode 
/work2/09808/mp46753/frontera/ML_Project/miniconda3/envs/txgnn_env/lib/python3.8/site-packages/torch/_dynamo/variables/functions.py:663: UserWarning: Graph break due to unsupported builtin time.perf_counter. This function is either a Python builtin (e.g. _warnings.warn) or a third-party C/C++ Python extension (perhaps created with pybind). If it is a Python builtin, please file an issue on GitHub so the PyTorch team can add support for it and see the next case for a workaround. If it is a third-party C/C++ Python extension, please either wrap it into a PyTorch-understood custom operator (see https://pytorch.org/tutorials/advanced/custom_ops_landing_page.html for more details) or, if it is traceable, use torch.compiler.allow_in_graph.
  torch._dynamo.utils.warn_once(msg)
V0421 02:47:49.871318 47846028657920 torch/_dynamo/guards.py:2611] [60/1] [__recompiles] Recompiling function torch_dynamo_resume_in_hook_at_12 in /work2/09808/mp46753/frontera/ML_Project/VQGraph/benchmark_utils.py:12
V0421 02:47:49.871318 47846028657920 torch/_dynamo/guards.py:2611] [60/1] [__recompiles]     triggered by the following guard failure(s):
V0421 02:47:49.871318 47846028657920 torch/_dynamo/guards.py:2611] [60/1] [__recompiles]     - L['___stack0'] == 925111.296205065                          
V0421 02:47:50.005239 47846028657920 torch/_dynamo/guards.py:2611] [60/2] [__recompiles] Recompiling function torch_dynamo_resume_in_hook_at_12 in /work2/09808/mp46753/frontera/ML_Project/VQGraph/benchmark_utils.py:12
V0421 02:47:50.005239 47846028657920 torch/_dynamo/guards.py:2611] [60/2] [__recompiles]     triggered by the following guard failure(s):
V0421 02:47:50.005239 47846028657920 torch/_dynamo/guards.py:2611] [60/2] [__recompiles]     - L['___stack0'] == 925111.356169773                          
V0421 02:47:50.005239 47846028657920 torch/_dynamo/guards.py:2611] [60/2] [__recompiles]     - L['___stack0'] == 925111.296205065                          
V0421 02:47:51.621098 47846028657920 torch/_dynamo/guards.py:2611] [60/3] [__recompiles] Recompiling function torch_dynamo_resume_in_hook_at_12 in /work2/09808/mp46753/frontera/ML_Project/VQGraph/benchmark_utils.py:12
V0421 02:47:51.621098 47846028657920 torch/_dynamo/guards.py:2611] [60/3] [__recompiles]     triggered by the following guard failure(s):
V0421 02:47:51.621098 47846028657920 torch/_dynamo/guards.py:2611] [60/3] [__recompiles]     - L['___stack0'] == 925111.490122177                          
V0421 02:47:51.621098 47846028657920 torch/_dynamo/guards.py:2611] [60/3] [__recompiles]     - L['___stack0'] == 925111.356169773                          
V0421 02:47:51.621098 47846028657920 torch/_dynamo/guards.py:2611] [60/3] [__recompiles]     - L['___stack0'] == 925111.296205065                          
V0421 02:47:52.368148 47846028657920 torch/_dynamo/guards.py:2611] [60/4] [__recompiles] Recompiling function torch_dynamo_resume_in_hook_at_12 in /work2/09808/mp46753/frontera/ML_Project/VQGraph/benchmark_utils.py:12
V0421 02:47:52.368148 47846028657920 torch/_dynamo/guards.py:2611] [60/4] [__recompiles]     triggered by the following guard failure(s):
V0421 02:47:52.368148 47846028657920 torch/_dynamo/guards.py:2611] [60/4] [__recompiles]     - L['___stack0'] == 925113.105900092                          
V0421 02:47:52.368148 47846028657920 torch/_dynamo/guards.py:2611] [60/4] [__recompiles]     - L['___stack0'] == 925111.490122177                          
V0421 02:47:52.368148 47846028657920 torch/_dynamo/guards.py:2611] [60/4] [__recompiles]     - L['___stack0'] == 925111.356169773                          
V0421 02:47:52.368148 47846028657920 torch/_dynamo/guards.py:2611] [60/4] [__recompiles]     - L['___stack0'] == 925111.296205065                          
V0421 02:47:52.497140 47846028657920 torch/_dynamo/guards.py:2611] [60/5] [__recompiles] Recompiling function torch_dynamo_resume_in_hook_at_12 in /work2/09808/mp46753/frontera/ML_Project/VQGraph/benchmark_utils.py:12
V0421 02:47:52.497140 47846028657920 torch/_dynamo/guards.py:2611] [60/5] [__recompiles]     triggered by the following guard failure(s):
V0421 02:47:52.497140 47846028657920 torch/_dynamo/guards.py:2611] [60/5] [__recompiles]     - L['___stack0'] == 925113.852897033                          
V0421 02:47:52.497140 47846028657920 torch/_dynamo/guards.py:2611] [60/5] [__recompiles]     - L['___stack0'] == 925113.105900092                          
V0421 02:47:52.497140 47846028657920 torch/_dynamo/guards.py:2611] [60/5] [__recompiles]     - L['___stack0'] == 925111.490122177                          
V0421 02:47:52.497140 47846028657920 torch/_dynamo/guards.py:2611] [60/5] [__recompiles]     - L['___stack0'] == 925111.356169773                          
V0421 02:47:52.497140 47846028657920 torch/_dynamo/guards.py:2611] [60/5] [__recompiles]     - L['___stack0'] == 925111.296205065                          
V0421 02:47:52.537812 47846028657920 torch/_dynamo/guards.py:2611] [60/6] [__recompiles] Recompiling function torch_dynamo_resume_in_hook_at_12 in /work2/09808/mp46753/frontera/ML_Project/VQGraph/benchmark_utils.py:12
V0421 02:47:52.537812 47846028657920 torch/_dynamo/guards.py:2611] [60/6] [__recompiles]     triggered by the following guard failure(s):
V0421 02:47:52.537812 47846028657920 torch/_dynamo/guards.py:2611] [60/6] [__recompiles]     - L['___stack0'] == 925113.981971038                          
V0421 02:47:52.537812 47846028657920 torch/_dynamo/guards.py:2611] [60/6] [__recompiles]     - L['___stack0'] == 925113.852897033                          
V0421 02:47:52.537812 47846028657920 torch/_dynamo/guards.py:2611] [60/6] [__recompiles]     - L['___stack0'] == 925113.105900092                          
V0421 02:47:52.537812 47846028657920 torch/_dynamo/guards.py:2611] [60/6] [__recompiles]     - L['___stack0'] == 925111.490122177                          
V0421 02:47:52.537812 47846028657920 torch/_dynamo/guards.py:2611] [60/6] [__recompiles]     - L['___stack0'] == 925111.356169773                          
V0421 02:47:52.537812 47846028657920 torch/_dynamo/guards.py:2611] [60/6] [__recompiles]     - L['___stack0'] == 925111.296205065                          
V0421 02:47:53.425630 47846028657920 torch/_dynamo/guards.py:2611] [34/1] [__recompiles] Recompiling function __setitem__ in /work2/09808/mp46753/frontera/ML_Project/miniconda3/envs/txgnn_env/lib/python3.8/site-packages/dgl/view.py:82
V0421 02:47:53.425630 47846028657920 torch/_dynamo/guards.py:2611] [34/1] [__recompiles]     triggered by the following guard failure(s):
V0421 02:47:53.425630 47846028657920 torch/_dynamo/guards.py:2611] [34/1] [__recompiles]     - tensor 'L['val']' requires_grad mismatch. expected requires_grad=0
V0421 02:47:53.446299 47846028657920 torch/_dynamo/guards.py:2611] [37/1] [__recompiles] Recompiling function __setitem__ in /work2/09808/mp46753/frontera/ML_Project/miniconda3/envs/txgnn_env/lib/python3.8/site-packages/dgl/frame.py:690
V0421 02:47:53.446299 47846028657920 torch/_dynamo/guards.py:2611] [37/1] [__recompiles]     triggered by the following guard failure(s):
V0421 02:47:53.446299 47846028657920 torch/_dynamo/guards.py:2611] [37/1] [__recompiles]     - tensor 'L['data']' requires_grad mismatch. expected requires_grad=0
V0421 02:47:53.465403 47846028657920 torch/_dynamo/guards.py:2611] [38/1] [__recompiles] Recompiling function update_column in /work2/09808/mp46753/frontera/ML_Project/miniconda3/envs/txgnn_env/lib/python3.8/site-packages/dgl/frame.py:772
V0421 02:47:53.465403 47846028657920 torch/_dynamo/guards.py:2611] [38/1] [__recompiles]     triggered by the following guard failure(s):
V0421 02:47:53.465403 47846028657920 torch/_dynamo/guards.py:2611] [38/1] [__recompiles]     - tensor 'L['data']' requires_grad mismatch. expected requires_grad=0
V0421 02:47:53.484867 47846028657920 torch/_dynamo/guards.py:2611] [39/1] [__recompiles] Recompiling function infer_scheme in /work2/09808/mp46753/frontera/ML_Project/miniconda3/envs/txgnn_env/lib/python3.8/site-packages/dgl/frame.py:151
V0421 02:47:53.484867 47846028657920 torch/_dynamo/guards.py:2611] [39/1] [__recompiles]     triggered by the following guard failure(s):
V0421 02:47:53.484867 47846028657920 torch/_dynamo/guards.py:2611] [39/1] [__recompiles]     - tensor 'L['tensor']' requires_grad mismatch. expected requires_grad=0
V0421 02:47:53.530738 47846028657920 torch/_dynamo/guards.py:2611] [42/1] [__recompiles] Recompiling function func in /work2/09808/mp46753/frontera/ML_Project/miniconda3/envs/txgnn_env/lib/python3.8/site-packages/dgl/ops/spmm.py:213
V0421 02:47:53.530738 47846028657920 torch/_dynamo/guards.py:2611] [42/1] [__recompiles]     triggered by the following guard failure(s):
V0421 02:47:53.530738 47846028657920 torch/_dynamo/guards.py:2611] [42/1] [__recompiles]     - tensor 'L['x']' requires_grad mismatch. expected requires_grad=0
V0421 02:47:53.544182 47846028657920 torch/_dynamo/guards.py:2611] [44/1] [__recompiles] Recompiling function torch_dynamo_resume_in_gspmm_at_75 in /work2/09808/mp46753/frontera/ML_Project/miniconda3/envs/txgnn_env/lib/python3.8/site-packages/dgl/ops/spmm.py:75
V0421 02:47:53.544182 47846028657920 torch/_dynamo/guards.py:2611] [44/1] [__recompiles]     triggered by the following guard failure(s):
V0421 02:47:53.544182 47846028657920 torch/_dynamo/guards.py:2611] [44/1] [__recompiles]     - tensor 'L['lhs_data']' requires_grad mismatch. expected requires_grad=0
V0421 02:47:53.561895 47846028657920 torch/_dynamo/guards.py:2611] [48/1] [__recompiles] Recompiling function forward in /work2/09808/mp46753/frontera/ML_Project/miniconda3/envs/txgnn_env/lib/python3.8/site-packages/dgl/backend/pytorch/sparse.py:163
V0421 02:47:53.561895 47846028657920 torch/_dynamo/guards.py:2611] [48/1] [__recompiles]     triggered by the following guard failure(s):
V0421 02:47:53.561895 47846028657920 torch/_dynamo/guards.py:2611] [48/1] [__recompiles]     - tensor 'L['X']' requires_grad mismatch. expected requires_grad=0
V0421 02:47:53.577906 47846028657920 torch/_dynamo/guards.py:2611] [51/1] [__recompiles] Recompiling function zeros in /work2/09808/mp46753/frontera/ML_Project/miniconda3/envs/txgnn_env/lib/python3.8/site-packages/dgl/backend/pytorch/tensor.py:287
V0421 02:47:53.577906 47846028657920 torch/_dynamo/guards.py:2611] [51/1] [__recompiles]     triggered by the following guard failure(s):
V0421 02:47:53.577906 47846028657920 torch/_dynamo/guards.py:2611] [51/1] [__recompiles]     - L['shape'][1] == 767                                        
V0421 02:47:53.864065 47846028657920 torch/_dynamo/guards.py:2611] [23/2] [__recompiles] Recompiling function zerocopy_to_dgl_ndarray in /work2/09808/mp46753/frontera/ML_Project/miniconda3/envs/txgnn_env/lib/python3.8/site-packages/dgl/backend/pytorch/tensor.py:432
V0421 02:47:53.864065 47846028657920 torch/_dynamo/guards.py:2611] [23/2] [__recompiles]     triggered by the following guard failure(s):
V0421 02:47:53.864065 47846028657920 torch/_dynamo/guards.py:2611] [23/2] [__recompiles]     - GLOBAL_STATE changed: grad_mode 
V0421 02:47:53.864065 47846028657920 torch/_dynamo/guards.py:2611] [23/2] [__recompiles]     - tensor 'L['data']' requires_grad mismatch. expected requires_grad=0
V0421 02:47:53.921708 47846028657920 torch/_dynamo/guards.py:2611] [53/1] [__recompiles] Recompiling function zerocopy_to_dgl_ndarray_for_write in /work2/09808/mp46753/frontera/ML_Project/miniconda3/envs/txgnn_env/lib/python3.8/site-packages/dgl/backend/pytorch/tensor.py:454
V0421 02:47:53.921708 47846028657920 torch/_dynamo/guards.py:2611] [53/1] [__recompiles]     triggered by the following guard failure(s):
V0421 02:47:53.921708 47846028657920 torch/_dynamo/guards.py:2611] [53/1] [__recompiles]     - tensor 'L['input']' stride mismatch at index 0. expected 767, actual 128
V0421 02:47:53.958131 47846028657920 torch/_dynamo/guards.py:2611] [54/1] [__recompiles] Recompiling function check_is_view in /work2/09808/mp46753/frontera/ML_Project/miniconda3/envs/txgnn_env/lib/python3.8/site-packages/dgl/backend/pytorch/tensor.py:441
V0421 02:47:53.958131 47846028657920 torch/_dynamo/guards.py:2611] [54/1] [__recompiles]     triggered by the following guard failure(s):
V0421 02:47:53.958131 47846028657920 torch/_dynamo/guards.py:2611] [54/1] [__recompiles]     - tensor 'L['input']' stride mismatch at index 0. expected 767, actual 128
V0421 02:47:53.968099 47846028657920 torch/_dynamo/guards.py:2611] [55/1] [__recompiles] Recompiling function torch_dynamo_resume_in_check_is_view_at_443 in /work2/09808/mp46753/frontera/ML_Project/miniconda3/envs/txgnn_env/lib/python3.8/site-packages/dgl/backend/pytorch/tensor.py:443
V0421 02:47:53.968099 47846028657920 torch/_dynamo/guards.py:2611] [55/1] [__recompiles]     triggered by the following guard failure(s):
V0421 02:47:53.968099 47846028657920 torch/_dynamo/guards.py:2611] [55/1] [__recompiles]     - tensor 'L['input']' stride mismatch at index 0. expected 767, actual 128
V0421 02:47:53.979586 47846028657920 torch/_dynamo/guards.py:2611] [56/1] [__recompiles] Recompiling function torch_dynamo_resume_in_zerocopy_to_dgl_ndarray_for_write_at_461 in /work2/09808/mp46753/frontera/ML_Project/miniconda3/envs/txgnn_env/lib/python3.8/site-packages/dgl/backend/pytorch/tensor.py:461
V0421 02:47:53.979586 47846028657920 torch/_dynamo/guards.py:2611] [56/1] [__recompiles]     triggered by the following guard failure(s):
V0421 02:47:53.979586 47846028657920 torch/_dynamo/guards.py:2611] [56/1] [__recompiles]     - tensor 'L['input']' stride mismatch at index 0. expected 767, actual 128
V0421 02:47:53.993088 47846028657920 torch/_dynamo/guards.py:2611] [57/1] [__recompiles] Recompiling function torch_dynamo_resume_in_forward_at_165 in /work2/09808/mp46753/frontera/ML_Project/miniconda3/envs/txgnn_env/lib/python3.8/site-packages/dgl/backend/pytorch/sparse.py:165
V0421 02:47:53.993088 47846028657920 torch/_dynamo/guards.py:2611] [57/1] [__recompiles]     triggered by the following guard failure(s):
V0421 02:47:53.993088 47846028657920 torch/_dynamo/guards.py:2611] [57/1] [__recompiles]     - tensor 'L['X']' requires_grad mismatch. expected requires_grad=0
V0421 02:47:54.036965 47846028657920 torch/_dynamo/guards.py:2611] [60/7] [__recompiles] Recompiling function torch_dynamo_resume_in_hook_at_12 in /work2/09808/mp46753/frontera/ML_Project/VQGraph/benchmark_utils.py:12
V0421 02:47:54.036965 47846028657920 torch/_dynamo/guards.py:2611] [60/7] [__recompiles]     triggered by the following guard failure(s):
V0421 02:47:54.036965 47846028657920 torch/_dynamo/guards.py:2611] [60/7] [__recompiles]     - L['___stack0'] == 925114.022641852                          
V0421 02:47:54.036965 47846028657920 torch/_dynamo/guards.py:2611] [60/7] [__recompiles]     - L['___stack0'] == 925113.981971038                          
V0421 02:47:54.036965 47846028657920 torch/_dynamo/guards.py:2611] [60/7] [__recompiles]     - L['___stack0'] == 925113.852897033                          
V0421 02:47:54.036965 47846028657920 torch/_dynamo/guards.py:2611] [60/7] [__recompiles]     - L['___stack0'] == 925113.105900092                          
V0421 02:47:54.036965 47846028657920 torch/_dynamo/guards.py:2611] [60/7] [__recompiles]     - L['___stack0'] == 925111.490122177                          
V0421 02:47:54.036965 47846028657920 torch/_dynamo/guards.py:2611] [60/7] [__recompiles]     - L['___stack0'] == 925111.356169773                          
V0421 02:47:54.036965 47846028657920 torch/_dynamo/guards.py:2611] [60/7] [__recompiles]     - L['___stack0'] == 925111.296205065                          
V0421 02:47:54.082079 47846028657920 torch/_dynamo/guards.py:2611] [60/8] [__recompiles] Recompiling function torch_dynamo_resume_in_hook_at_12 in /work2/09808/mp46753/frontera/ML_Project/VQGraph/benchmark_utils.py:12
V0421 02:47:54.082079 47846028657920 torch/_dynamo/guards.py:2611] [60/8] [__recompiles]     triggered by the following guard failure(s):
V0421 02:47:54.082079 47846028657920 torch/_dynamo/guards.py:2611] [60/8] [__recompiles]     - L['___stack0'] == 925115.521747176                          
V0421 02:47:54.082079 47846028657920 torch/_dynamo/guards.py:2611] [60/8] [__recompiles]     - L['___stack0'] == 925114.022641852                          
V0421 02:47:54.082079 47846028657920 torch/_dynamo/guards.py:2611] [60/8] [__recompiles]     - L['___stack0'] == 925113.981971038                          
V0421 02:47:54.082079 47846028657920 torch/_dynamo/guards.py:2611] [60/8] [__recompiles]     - L['___stack0'] == 925113.852897033                          
V0421 02:47:54.082079 47846028657920 torch/_dynamo/guards.py:2611] [60/8] [__recompiles]     - L['___stack0'] == 925113.105900092                          
V0421 02:47:54.082079 47846028657920 torch/_dynamo/guards.py:2611] [60/8] [__recompiles]     - L['___stack0'] == 925111.490122177                          
V0421 02:47:54.082079 47846028657920 torch/_dynamo/guards.py:2611] [60/8] [__recompiles]     - L['___stack0'] == 925111.356169773                          
V0421 02:47:54.082079 47846028657920 torch/_dynamo/guards.py:2611] [60/8] [__recompiles]     - L['___stack0'] == 925111.296205065                          
W0421 02:47:54.082224 47846028657920 torch/_dynamo/convert_frame.py:762] [60/8] torch._dynamo hit config.cache_size_limit (8)
W0421 02:47:54.082224 47846028657920 torch/_dynamo/convert_frame.py:762] [60/8]    function: 'torch_dynamo_resume_in_hook_at_12' (/work2/09808/mp46753/frontera/ML_Project/VQGraph/benchmark_utils.py:12)
W0421 02:47:54.082224 47846028657920 torch/_dynamo/convert_frame.py:762] [60/8]    last reason: L['___stack0'] == 925111.296205065                          
W0421 02:47:54.082224 47846028657920 torch/_dynamo/convert_frame.py:762] [60/8] To log all recompilation reasons, use TORCH_LOGS="recompiles".
W0421 02:47:54.082224 47846028657920 torch/_dynamo/convert_frame.py:762] [60/8] To diagnose recompilation issues, see https://pytorch.org/docs/main/torch.compiler_troubleshooting.html.
Compiling model with torch.compile()...
Saved sparsity snapshot to outputs_compiled/tran/a-computer/GCN/seed_1/sparsity_before.csv
                               layer_name  num_elements   sparsity
0  _orig_mod.encoder.graph_layer_1.weight        588289    0.00017
1    _orig_mod.encoder.graph_layer_1.bias           767  100.00000
2  _orig_mod.encoder.graph_layer_2.weight         98176    0.00000
3    _orig_mod.encoder.graph_layer_2.bias           128  100.00000
4      _orig_mod.encoder.decoder_1.weight        588289    0.00000
5        _orig_mod.encoder.decoder_1.bias           767    0.00000
6      _orig_mod.encoder.decoder_2.weight        588289    0.00000
7        _orig_mod.encoder.decoder_2.bias           767    0.00000
8         _orig_mod.encoder.linear.weight          1280    0.00000
9           _orig_mod.encoder.linear.bias            10    0.00000
Saved sparsity snapshot to outputs_compiled/tran/a-computer/GCN/seed_1/sparsity_after.csv
                               layer_name  num_elements  sparsity
0  _orig_mod.encoder.graph_layer_1.weight        588289  0.001190
1    _orig_mod.encoder.graph_layer_1.bias           767  0.000000
2  _orig_mod.encoder.graph_layer_2.weight         98176  1.218220
3    _orig_mod.encoder.graph_layer_2.bias           128  3.125000
4      _orig_mod.encoder.decoder_1.weight        588289  0.001530
5        _orig_mod.encoder.decoder_1.bias           767  0.000000
6      _orig_mod.encoder.decoder_2.weight        588289  1.335738
7        _orig_mod.encoder.decoder_2.bias           767  0.000000
8         _orig_mod.encoder.linear.weight          1280  0.546875
9           _orig_mod.encoder.linear.bias            10  0.000000
Saved forward timing report to outputs_compiled/tran/a-computer/GCN/seed_1/forward_times.csv
                         layer_name  avg_forward_time_ms  num_calls
0         _orig_mod.encoder.dropout             0.006594       1001
1   _orig_mod.encoder.graph_layer_1             0.008196       1001
2   _orig_mod.encoder.graph_layer_2             0.006478       1001
3       _orig_mod.encoder.decoder_1             0.006389       1001
4       _orig_mod.encoder.decoder_2             0.006365       1001
5          _orig_mod.encoder.linear             0.001397       1001
6   _orig_mod.encoder.vq.project_in             0.006308       1001
7  _orig_mod.encoder.vq.project_out             0.007180       1001
8    _orig_mod.encoder.vq._codebook             0.006977       1001
CPU Memory Usage: 1348.33 MB
Max GPU Memory Used: 3636.79 MB
