/work2/09808/mp46753/frontera/ML_Project/VQGraph/vq.py:283: FutureWarning: `torch.cuda.amp.autocast(args...)` is deprecated. Please use `torch.amp.autocast('cuda', args...)` instead.
  @autocast(enabled=False)
/work2/09808/mp46753/frontera/ML_Project/VQGraph/vq.py:418: FutureWarning: `torch.cuda.amp.autocast(args...)` is deprecated. Please use `torch.amp.autocast('cuda', args...)` instead.
  @autocast(enabled=False)
/work2/09808/mp46753/frontera/ML_Project/miniconda3/envs/txgnn_env/lib/python3.8/site-packages/torch/_dynamo/variables/functions.py:663: UserWarning: Graph break due to unsupported builtin torch._C._to_dlpack. This function is either a Python builtin (e.g. _warnings.warn) or a third-party C/C++ Python extension (perhaps created with pybind). If it is a Python builtin, please file an issue on GitHub so the PyTorch team can add support for it and see the next case for a workaround. If it is a third-party C/C++ Python extension, please either wrap it into a PyTorch-understood custom operator (see https://pytorch.org/tutorials/advanced/custom_ops_landing_page.html for more details) or, if it is traceable, use torch.compiler.allow_in_graph.
  torch._dynamo.utils.warn_once(msg)
W0421 01:17:12.790414 47461133141248 torch/_dynamo/variables/tensor.py:715] [27/0] Graph break from `Tensor.item()`, consider setting:
W0421 01:17:12.790414 47461133141248 torch/_dynamo/variables/tensor.py:715] [27/0]     torch._dynamo.config.capture_scalar_outputs = True
W0421 01:17:12.790414 47461133141248 torch/_dynamo/variables/tensor.py:715] [27/0] or:
W0421 01:17:12.790414 47461133141248 torch/_dynamo/variables/tensor.py:715] [27/0]     env TORCHDYNAMO_CAPTURE_SCALAR_OUTPUTS=1
W0421 01:17:12.790414 47461133141248 torch/_dynamo/variables/tensor.py:715] [27/0] to include these operations in the captured graph.
W0421 01:17:12.790414 47461133141248 torch/_dynamo/variables/tensor.py:715] [27/0] 
V0421 01:17:14.037004 47461133141248 torch/_dynamo/guards.py:2611] [23/1] [__recompiles] Recompiling function zerocopy_to_dgl_ndarray in /work2/09808/mp46753/frontera/ML_Project/miniconda3/envs/txgnn_env/lib/python3.8/site-packages/dgl/backend/pytorch/tensor.py:432
V0421 01:17:14.037004 47461133141248 torch/_dynamo/guards.py:2611] [23/1] [__recompiles]     triggered by the following guard failure(s):
V0421 01:17:14.037004 47461133141248 torch/_dynamo/guards.py:2611] [23/1] [__recompiles]     - GLOBAL_STATE changed: grad_mode 
V0421 01:17:14.097065 47461133141248 torch/_dynamo/guards.py:2611] [24/1] [__recompiles] Recompiling function torch_dynamo_resume_in_zerocopy_to_dgl_ndarray_at_435 in /work2/09808/mp46753/frontera/ML_Project/miniconda3/envs/txgnn_env/lib/python3.8/site-packages/dgl/backend/pytorch/tensor.py:435
V0421 01:17:14.097065 47461133141248 torch/_dynamo/guards.py:2611] [24/1] [__recompiles]     triggered by the following guard failure(s):
V0421 01:17:14.097065 47461133141248 torch/_dynamo/guards.py:2611] [24/1] [__recompiles]     - GLOBAL_STATE changed: grad_mode 
/work2/09808/mp46753/frontera/ML_Project/miniconda3/envs/txgnn_env/lib/python3.8/site-packages/torch/_dynamo/variables/functions.py:663: UserWarning: Graph break due to unsupported builtin time.perf_counter. This function is either a Python builtin (e.g. _warnings.warn) or a third-party C/C++ Python extension (perhaps created with pybind). If it is a Python builtin, please file an issue on GitHub so the PyTorch team can add support for it and see the next case for a workaround. If it is a third-party C/C++ Python extension, please either wrap it into a PyTorch-understood custom operator (see https://pytorch.org/tutorials/advanced/custom_ops_landing_page.html for more details) or, if it is traceable, use torch.compiler.allow_in_graph.
  torch._dynamo.utils.warn_once(msg)
V0421 01:17:14.949103 47461133141248 torch/_dynamo/guards.py:2611] [60/1] [__recompiles] Recompiling function torch_dynamo_resume_in_hook_at_12 in /work2/09808/mp46753/frontera/ML_Project/VQGraph/benchmark_utils.py:12
V0421 01:17:14.949103 47461133141248 torch/_dynamo/guards.py:2611] [60/1] [__recompiles]     triggered by the following guard failure(s):
V0421 01:17:14.949103 47461133141248 torch/_dynamo/guards.py:2611] [60/1] [__recompiles]     - L['___stack0'] == 919676.109068645                          
V0421 01:17:15.083142 47461133141248 torch/_dynamo/guards.py:2611] [60/2] [__recompiles] Recompiling function torch_dynamo_resume_in_hook_at_12 in /work2/09808/mp46753/frontera/ML_Project/VQGraph/benchmark_utils.py:12
V0421 01:17:15.083142 47461133141248 torch/_dynamo/guards.py:2611] [60/2] [__recompiles]     triggered by the following guard failure(s):
V0421 01:17:15.083142 47461133141248 torch/_dynamo/guards.py:2611] [60/2] [__recompiles]     - L['___stack0'] == 919676.43391801                           
V0421 01:17:15.083142 47461133141248 torch/_dynamo/guards.py:2611] [60/2] [__recompiles]     - L['___stack0'] == 919676.109068645                          
V0421 01:17:16.686359 47461133141248 torch/_dynamo/guards.py:2611] [60/3] [__recompiles] Recompiling function torch_dynamo_resume_in_hook_at_12 in /work2/09808/mp46753/frontera/ML_Project/VQGraph/benchmark_utils.py:12
V0421 01:17:16.686359 47461133141248 torch/_dynamo/guards.py:2611] [60/3] [__recompiles]     triggered by the following guard failure(s):
V0421 01:17:16.686359 47461133141248 torch/_dynamo/guards.py:2611] [60/3] [__recompiles]     - L['___stack0'] == 919676.568023206                          
V0421 01:17:16.686359 47461133141248 torch/_dynamo/guards.py:2611] [60/3] [__recompiles]     - L['___stack0'] == 919676.43391801                           
V0421 01:17:16.686359 47461133141248 torch/_dynamo/guards.py:2611] [60/3] [__recompiles]     - L['___stack0'] == 919676.109068645                          
V0421 01:17:17.438262 47461133141248 torch/_dynamo/guards.py:2611] [60/4] [__recompiles] Recompiling function torch_dynamo_resume_in_hook_at_12 in /work2/09808/mp46753/frontera/ML_Project/VQGraph/benchmark_utils.py:12
V0421 01:17:17.438262 47461133141248 torch/_dynamo/guards.py:2611] [60/4] [__recompiles]     triggered by the following guard failure(s):
V0421 01:17:17.438262 47461133141248 torch/_dynamo/guards.py:2611] [60/4] [__recompiles]     - L['___stack0'] == 919678.171091876                          
V0421 01:17:17.438262 47461133141248 torch/_dynamo/guards.py:2611] [60/4] [__recompiles]     - L['___stack0'] == 919676.568023206                          
V0421 01:17:17.438262 47461133141248 torch/_dynamo/guards.py:2611] [60/4] [__recompiles]     - L['___stack0'] == 919676.43391801                           
V0421 01:17:17.438262 47461133141248 torch/_dynamo/guards.py:2611] [60/4] [__recompiles]     - L['___stack0'] == 919676.109068645                          
V0421 01:17:17.571383 47461133141248 torch/_dynamo/guards.py:2611] [60/5] [__recompiles] Recompiling function torch_dynamo_resume_in_hook_at_12 in /work2/09808/mp46753/frontera/ML_Project/VQGraph/benchmark_utils.py:12
V0421 01:17:17.571383 47461133141248 torch/_dynamo/guards.py:2611] [60/5] [__recompiles]     triggered by the following guard failure(s):
V0421 01:17:17.571383 47461133141248 torch/_dynamo/guards.py:2611] [60/5] [__recompiles]     - L['___stack0'] == 919678.923037106                          
V0421 01:17:17.571383 47461133141248 torch/_dynamo/guards.py:2611] [60/5] [__recompiles]     - L['___stack0'] == 919678.171091876                          
V0421 01:17:17.571383 47461133141248 torch/_dynamo/guards.py:2611] [60/5] [__recompiles]     - L['___stack0'] == 919676.568023206                          
V0421 01:17:17.571383 47461133141248 torch/_dynamo/guards.py:2611] [60/5] [__recompiles]     - L['___stack0'] == 919676.43391801                           
V0421 01:17:17.571383 47461133141248 torch/_dynamo/guards.py:2611] [60/5] [__recompiles]     - L['___stack0'] == 919676.109068645                          
V0421 01:17:17.613609 47461133141248 torch/_dynamo/guards.py:2611] [60/6] [__recompiles] Recompiling function torch_dynamo_resume_in_hook_at_12 in /work2/09808/mp46753/frontera/ML_Project/VQGraph/benchmark_utils.py:12
V0421 01:17:17.613609 47461133141248 torch/_dynamo/guards.py:2611] [60/6] [__recompiles]     triggered by the following guard failure(s):
V0421 01:17:17.613609 47461133141248 torch/_dynamo/guards.py:2611] [60/6] [__recompiles]     - L['___stack0'] == 919679.056121944                          
V0421 01:17:17.613609 47461133141248 torch/_dynamo/guards.py:2611] [60/6] [__recompiles]     - L['___stack0'] == 919678.923037106                          
V0421 01:17:17.613609 47461133141248 torch/_dynamo/guards.py:2611] [60/6] [__recompiles]     - L['___stack0'] == 919678.171091876                          
V0421 01:17:17.613609 47461133141248 torch/_dynamo/guards.py:2611] [60/6] [__recompiles]     - L['___stack0'] == 919676.568023206                          
V0421 01:17:17.613609 47461133141248 torch/_dynamo/guards.py:2611] [60/6] [__recompiles]     - L['___stack0'] == 919676.43391801                           
V0421 01:17:17.613609 47461133141248 torch/_dynamo/guards.py:2611] [60/6] [__recompiles]     - L['___stack0'] == 919676.109068645                          
V0421 01:17:18.643987 47461133141248 torch/_dynamo/guards.py:2611] [34/1] [__recompiles] Recompiling function __setitem__ in /work2/09808/mp46753/frontera/ML_Project/miniconda3/envs/txgnn_env/lib/python3.8/site-packages/dgl/view.py:82
V0421 01:17:18.643987 47461133141248 torch/_dynamo/guards.py:2611] [34/1] [__recompiles]     triggered by the following guard failure(s):
V0421 01:17:18.643987 47461133141248 torch/_dynamo/guards.py:2611] [34/1] [__recompiles]     - tensor 'L['val']' requires_grad mismatch. expected requires_grad=0
V0421 01:17:18.667562 47461133141248 torch/_dynamo/guards.py:2611] [37/1] [__recompiles] Recompiling function __setitem__ in /work2/09808/mp46753/frontera/ML_Project/miniconda3/envs/txgnn_env/lib/python3.8/site-packages/dgl/frame.py:690
V0421 01:17:18.667562 47461133141248 torch/_dynamo/guards.py:2611] [37/1] [__recompiles]     triggered by the following guard failure(s):
V0421 01:17:18.667562 47461133141248 torch/_dynamo/guards.py:2611] [37/1] [__recompiles]     - tensor 'L['data']' requires_grad mismatch. expected requires_grad=0
V0421 01:17:18.687990 47461133141248 torch/_dynamo/guards.py:2611] [38/1] [__recompiles] Recompiling function update_column in /work2/09808/mp46753/frontera/ML_Project/miniconda3/envs/txgnn_env/lib/python3.8/site-packages/dgl/frame.py:772
V0421 01:17:18.687990 47461133141248 torch/_dynamo/guards.py:2611] [38/1] [__recompiles]     triggered by the following guard failure(s):
V0421 01:17:18.687990 47461133141248 torch/_dynamo/guards.py:2611] [38/1] [__recompiles]     - tensor 'L['data']' requires_grad mismatch. expected requires_grad=0
V0421 01:17:18.708046 47461133141248 torch/_dynamo/guards.py:2611] [39/1] [__recompiles] Recompiling function infer_scheme in /work2/09808/mp46753/frontera/ML_Project/miniconda3/envs/txgnn_env/lib/python3.8/site-packages/dgl/frame.py:151
V0421 01:17:18.708046 47461133141248 torch/_dynamo/guards.py:2611] [39/1] [__recompiles]     triggered by the following guard failure(s):
V0421 01:17:18.708046 47461133141248 torch/_dynamo/guards.py:2611] [39/1] [__recompiles]     - tensor 'L['tensor']' requires_grad mismatch. expected requires_grad=0
V0421 01:17:18.755522 47461133141248 torch/_dynamo/guards.py:2611] [42/1] [__recompiles] Recompiling function func in /work2/09808/mp46753/frontera/ML_Project/miniconda3/envs/txgnn_env/lib/python3.8/site-packages/dgl/ops/spmm.py:213
V0421 01:17:18.755522 47461133141248 torch/_dynamo/guards.py:2611] [42/1] [__recompiles]     triggered by the following guard failure(s):
V0421 01:17:18.755522 47461133141248 torch/_dynamo/guards.py:2611] [42/1] [__recompiles]     - tensor 'L['x']' requires_grad mismatch. expected requires_grad=0
V0421 01:17:18.769271 47461133141248 torch/_dynamo/guards.py:2611] [44/1] [__recompiles] Recompiling function torch_dynamo_resume_in_gspmm_at_75 in /work2/09808/mp46753/frontera/ML_Project/miniconda3/envs/txgnn_env/lib/python3.8/site-packages/dgl/ops/spmm.py:75
V0421 01:17:18.769271 47461133141248 torch/_dynamo/guards.py:2611] [44/1] [__recompiles]     triggered by the following guard failure(s):
V0421 01:17:18.769271 47461133141248 torch/_dynamo/guards.py:2611] [44/1] [__recompiles]     - tensor 'L['lhs_data']' requires_grad mismatch. expected requires_grad=0
V0421 01:17:18.787238 47461133141248 torch/_dynamo/guards.py:2611] [48/1] [__recompiles] Recompiling function forward in /work2/09808/mp46753/frontera/ML_Project/miniconda3/envs/txgnn_env/lib/python3.8/site-packages/dgl/backend/pytorch/sparse.py:163
V0421 01:17:18.787238 47461133141248 torch/_dynamo/guards.py:2611] [48/1] [__recompiles]     triggered by the following guard failure(s):
V0421 01:17:18.787238 47461133141248 torch/_dynamo/guards.py:2611] [48/1] [__recompiles]     - tensor 'L['X']' requires_grad mismatch. expected requires_grad=0
V0421 01:17:18.803516 47461133141248 torch/_dynamo/guards.py:2611] [51/1] [__recompiles] Recompiling function zeros in /work2/09808/mp46753/frontera/ML_Project/miniconda3/envs/txgnn_env/lib/python3.8/site-packages/dgl/backend/pytorch/tensor.py:287
V0421 01:17:18.803516 47461133141248 torch/_dynamo/guards.py:2611] [51/1] [__recompiles]     triggered by the following guard failure(s):
V0421 01:17:18.803516 47461133141248 torch/_dynamo/guards.py:2611] [51/1] [__recompiles]     - L['shape'][1] == 1433                                       
V0421 01:17:19.075500 47461133141248 torch/_dynamo/guards.py:2611] [23/2] [__recompiles] Recompiling function zerocopy_to_dgl_ndarray in /work2/09808/mp46753/frontera/ML_Project/miniconda3/envs/txgnn_env/lib/python3.8/site-packages/dgl/backend/pytorch/tensor.py:432
V0421 01:17:19.075500 47461133141248 torch/_dynamo/guards.py:2611] [23/2] [__recompiles]     triggered by the following guard failure(s):
V0421 01:17:19.075500 47461133141248 torch/_dynamo/guards.py:2611] [23/2] [__recompiles]     - GLOBAL_STATE changed: grad_mode 
V0421 01:17:19.075500 47461133141248 torch/_dynamo/guards.py:2611] [23/2] [__recompiles]     - tensor 'L['data']' requires_grad mismatch. expected requires_grad=0
V0421 01:17:19.130577 47461133141248 torch/_dynamo/guards.py:2611] [53/1] [__recompiles] Recompiling function zerocopy_to_dgl_ndarray_for_write in /work2/09808/mp46753/frontera/ML_Project/miniconda3/envs/txgnn_env/lib/python3.8/site-packages/dgl/backend/pytorch/tensor.py:454
V0421 01:17:19.130577 47461133141248 torch/_dynamo/guards.py:2611] [53/1] [__recompiles]     triggered by the following guard failure(s):
V0421 01:17:19.130577 47461133141248 torch/_dynamo/guards.py:2611] [53/1] [__recompiles]     - tensor 'L['input']' stride mismatch at index 0. expected 1433, actual 64
V0421 01:17:19.168113 47461133141248 torch/_dynamo/guards.py:2611] [54/1] [__recompiles] Recompiling function check_is_view in /work2/09808/mp46753/frontera/ML_Project/miniconda3/envs/txgnn_env/lib/python3.8/site-packages/dgl/backend/pytorch/tensor.py:441
V0421 01:17:19.168113 47461133141248 torch/_dynamo/guards.py:2611] [54/1] [__recompiles]     triggered by the following guard failure(s):
V0421 01:17:19.168113 47461133141248 torch/_dynamo/guards.py:2611] [54/1] [__recompiles]     - tensor 'L['input']' stride mismatch at index 0. expected 1433, actual 64
V0421 01:17:19.179399 47461133141248 torch/_dynamo/guards.py:2611] [55/1] [__recompiles] Recompiling function torch_dynamo_resume_in_check_is_view_at_443 in /work2/09808/mp46753/frontera/ML_Project/miniconda3/envs/txgnn_env/lib/python3.8/site-packages/dgl/backend/pytorch/tensor.py:443
V0421 01:17:19.179399 47461133141248 torch/_dynamo/guards.py:2611] [55/1] [__recompiles]     triggered by the following guard failure(s):
V0421 01:17:19.179399 47461133141248 torch/_dynamo/guards.py:2611] [55/1] [__recompiles]     - tensor 'L['input']' stride mismatch at index 0. expected 1433, actual 64
V0421 01:17:19.190967 47461133141248 torch/_dynamo/guards.py:2611] [56/1] [__recompiles] Recompiling function torch_dynamo_resume_in_zerocopy_to_dgl_ndarray_for_write_at_461 in /work2/09808/mp46753/frontera/ML_Project/miniconda3/envs/txgnn_env/lib/python3.8/site-packages/dgl/backend/pytorch/tensor.py:461
V0421 01:17:19.190967 47461133141248 torch/_dynamo/guards.py:2611] [56/1] [__recompiles]     triggered by the following guard failure(s):
V0421 01:17:19.190967 47461133141248 torch/_dynamo/guards.py:2611] [56/1] [__recompiles]     - tensor 'L['input']' stride mismatch at index 0. expected 1433, actual 64
V0421 01:17:19.205062 47461133141248 torch/_dynamo/guards.py:2611] [57/1] [__recompiles] Recompiling function torch_dynamo_resume_in_forward_at_165 in /work2/09808/mp46753/frontera/ML_Project/miniconda3/envs/txgnn_env/lib/python3.8/site-packages/dgl/backend/pytorch/sparse.py:165
V0421 01:17:19.205062 47461133141248 torch/_dynamo/guards.py:2611] [57/1] [__recompiles]     triggered by the following guard failure(s):
V0421 01:17:19.205062 47461133141248 torch/_dynamo/guards.py:2611] [57/1] [__recompiles]     - tensor 'L['X']' requires_grad mismatch. expected requires_grad=0
V0421 01:17:19.250137 47461133141248 torch/_dynamo/guards.py:2611] [60/7] [__recompiles] Recompiling function torch_dynamo_resume_in_hook_at_12 in /work2/09808/mp46753/frontera/ML_Project/VQGraph/benchmark_utils.py:12
V0421 01:17:19.250137 47461133141248 torch/_dynamo/guards.py:2611] [60/7] [__recompiles]     triggered by the following guard failure(s):
V0421 01:17:19.250137 47461133141248 torch/_dynamo/guards.py:2611] [60/7] [__recompiles]     - L['___stack0'] == 919679.098445762                          
V0421 01:17:19.250137 47461133141248 torch/_dynamo/guards.py:2611] [60/7] [__recompiles]     - L['___stack0'] == 919679.056121944                          
V0421 01:17:19.250137 47461133141248 torch/_dynamo/guards.py:2611] [60/7] [__recompiles]     - L['___stack0'] == 919678.923037106                          
V0421 01:17:19.250137 47461133141248 torch/_dynamo/guards.py:2611] [60/7] [__recompiles]     - L['___stack0'] == 919678.171091876                          
V0421 01:17:19.250137 47461133141248 torch/_dynamo/guards.py:2611] [60/7] [__recompiles]     - L['___stack0'] == 919676.568023206                          
V0421 01:17:19.250137 47461133141248 torch/_dynamo/guards.py:2611] [60/7] [__recompiles]     - L['___stack0'] == 919676.43391801                           
V0421 01:17:19.250137 47461133141248 torch/_dynamo/guards.py:2611] [60/7] [__recompiles]     - L['___stack0'] == 919676.109068645                          
V0421 01:17:19.294310 47461133141248 torch/_dynamo/guards.py:2611] [60/8] [__recompiles] Recompiling function torch_dynamo_resume_in_hook_at_12 in /work2/09808/mp46753/frontera/ML_Project/VQGraph/benchmark_utils.py:12
V0421 01:17:19.294310 47461133141248 torch/_dynamo/guards.py:2611] [60/8] [__recompiles]     triggered by the following guard failure(s):
V0421 01:17:19.294310 47461133141248 torch/_dynamo/guards.py:2611] [60/8] [__recompiles]     - L['___stack0'] == 919680.734917089                          
V0421 01:17:19.294310 47461133141248 torch/_dynamo/guards.py:2611] [60/8] [__recompiles]     - L['___stack0'] == 919679.098445762                          
V0421 01:17:19.294310 47461133141248 torch/_dynamo/guards.py:2611] [60/8] [__recompiles]     - L['___stack0'] == 919679.056121944                          
V0421 01:17:19.294310 47461133141248 torch/_dynamo/guards.py:2611] [60/8] [__recompiles]     - L['___stack0'] == 919678.923037106                          
V0421 01:17:19.294310 47461133141248 torch/_dynamo/guards.py:2611] [60/8] [__recompiles]     - L['___stack0'] == 919678.171091876                          
V0421 01:17:19.294310 47461133141248 torch/_dynamo/guards.py:2611] [60/8] [__recompiles]     - L['___stack0'] == 919676.568023206                          
V0421 01:17:19.294310 47461133141248 torch/_dynamo/guards.py:2611] [60/8] [__recompiles]     - L['___stack0'] == 919676.43391801                           
V0421 01:17:19.294310 47461133141248 torch/_dynamo/guards.py:2611] [60/8] [__recompiles]     - L['___stack0'] == 919676.109068645                          
W0421 01:17:19.294446 47461133141248 torch/_dynamo/convert_frame.py:762] [60/8] torch._dynamo hit config.cache_size_limit (8)
W0421 01:17:19.294446 47461133141248 torch/_dynamo/convert_frame.py:762] [60/8]    function: 'torch_dynamo_resume_in_hook_at_12' (/work2/09808/mp46753/frontera/ML_Project/VQGraph/benchmark_utils.py:12)
W0421 01:17:19.294446 47461133141248 torch/_dynamo/convert_frame.py:762] [60/8]    last reason: L['___stack0'] == 919676.109068645                          
W0421 01:17:19.294446 47461133141248 torch/_dynamo/convert_frame.py:762] [60/8] To log all recompilation reasons, use TORCH_LOGS="recompiles".
W0421 01:17:19.294446 47461133141248 torch/_dynamo/convert_frame.py:762] [60/8] To diagnose recompilation issues, see https://pytorch.org/docs/main/torch.compiler_troubleshooting.html.
Compiling model with torch.compile()...
Saved sparsity snapshot to outputs_compiled/tran/cora/GCN/seed_1/sparsity_before.csv
                               layer_name  num_elements    sparsity
0  _orig_mod.encoder.graph_layer_1.weight       2053489    0.000049
1    _orig_mod.encoder.graph_layer_1.bias          1433  100.000000
2  _orig_mod.encoder.graph_layer_2.weight         91712    0.000000
3    _orig_mod.encoder.graph_layer_2.bias            64  100.000000
4      _orig_mod.encoder.decoder_1.weight       2053489    0.000049
5        _orig_mod.encoder.decoder_1.bias          1433    0.000000
6      _orig_mod.encoder.decoder_2.weight       2053489    0.000000
7        _orig_mod.encoder.decoder_2.bias          1433    0.000000
8         _orig_mod.encoder.linear.weight           448    0.000000
9           _orig_mod.encoder.linear.bias             7    0.000000
Saved sparsity snapshot to outputs_compiled/tran/cora/GCN/seed_1/sparsity_after.csv
                               layer_name  num_elements  sparsity
0  _orig_mod.encoder.graph_layer_1.weight       2053489  0.074166
1    _orig_mod.encoder.graph_layer_1.bias          1433  0.000000
2  _orig_mod.encoder.graph_layer_2.weight         91712  0.852669
3    _orig_mod.encoder.graph_layer_2.bias            64  0.000000
4      _orig_mod.encoder.decoder_1.weight       2053489  0.000000
5        _orig_mod.encoder.decoder_1.bias          1433  0.000000
6      _orig_mod.encoder.decoder_2.weight       2053489  0.006818
7        _orig_mod.encoder.decoder_2.bias          1433  0.000000
8         _orig_mod.encoder.linear.weight           448  0.000000
9           _orig_mod.encoder.linear.bias             7  0.000000
Saved forward timing report to outputs_compiled/tran/cora/GCN/seed_1/forward_times.csv
                         layer_name  avg_forward_time_ms  num_calls
0         _orig_mod.encoder.dropout             0.006937       1001
1   _orig_mod.encoder.graph_layer_1             0.008219       1001
2   _orig_mod.encoder.graph_layer_2             0.006474       1001
3       _orig_mod.encoder.decoder_1             0.007054       1001
4       _orig_mod.encoder.decoder_2             0.006367       1001
5          _orig_mod.encoder.linear             0.001274       1001
6   _orig_mod.encoder.vq.project_in             0.006480       1001
7  _orig_mod.encoder.vq.project_out             0.007119       1001
8    _orig_mod.encoder.vq._codebook             0.007318       1001
CPU Memory Usage: 1312.80 MB
Max GPU Memory Used: 553.27 MB
