/work2/09808/mp46753/frontera/ML_Project/VQGraph/vq.py:283: FutureWarning: `torch.cuda.amp.autocast(args...)` is deprecated. Please use `torch.amp.autocast('cuda', args...)` instead.
  @autocast(enabled=False)
/work2/09808/mp46753/frontera/ML_Project/VQGraph/vq.py:418: FutureWarning: `torch.cuda.amp.autocast(args...)` is deprecated. Please use `torch.amp.autocast('cuda', args...)` instead.
  @autocast(enabled=False)
Saved sparsity snapshot to outputs_eager/tran/a-photo/GCN/seed_1/sparsity_before.csv
                     layer_name  num_elements   sparsity
0  encoder.graph_layer_1.weight        555025    0.00018
1    encoder.graph_layer_1.bias           745  100.00000
2  encoder.graph_layer_2.weight         47680    0.00000
3    encoder.graph_layer_2.bias            64  100.00000
4      encoder.decoder_1.weight        555025    0.00000
5        encoder.decoder_1.bias           745    0.00000
6      encoder.decoder_2.weight        555025    0.00000
7        encoder.decoder_2.bias           745    0.00000
8         encoder.linear.weight           512    0.00000
9           encoder.linear.bias             8    0.00000
Saved sparsity snapshot to outputs_eager/tran/a-photo/GCN/seed_1/sparsity_after.csv
                     layer_name  num_elements  sparsity
0  encoder.graph_layer_1.weight        555025  0.004865
1    encoder.graph_layer_1.bias           745  0.000000
2  encoder.graph_layer_2.weight         47680  1.428272
3    encoder.graph_layer_2.bias            64  4.687500
4      encoder.decoder_1.weight        555025  0.000721
5        encoder.decoder_1.bias           745  0.000000
6      encoder.decoder_2.weight        555025  1.698662
7        encoder.decoder_2.bias           745  0.000000
8         encoder.linear.weight           512  0.585938
9           encoder.linear.bias             8  0.000000
Saved forward timing report to outputs_eager/tran/a-photo/GCN/seed_1/forward_times.csv
               layer_name  avg_forward_time_ms  num_calls
0         encoder.dropout             0.000205       1001
1   encoder.graph_layer_1             0.000276       1001
2   encoder.graph_layer_2             0.000271       1001
3       encoder.decoder_1             0.000236       1001
4       encoder.decoder_2             0.000204       1001
5          encoder.linear             0.000230       1001
6   encoder.vq.project_in             0.000201       1001
7  encoder.vq.project_out             0.000233       1001
8    encoder.vq._codebook             0.000261       1001
CPU Memory Usage: 1291.09 MB
Max GPU Memory Used: 2107.19 MB
