/work2/09808/mp46753/frontera/ML_Project/VQGraph/vq.py:283: FutureWarning: `torch.cuda.amp.autocast(args...)` is deprecated. Please use `torch.amp.autocast('cuda', args...)` instead.
  @autocast(enabled=False)
/work2/09808/mp46753/frontera/ML_Project/VQGraph/vq.py:418: FutureWarning: `torch.cuda.amp.autocast(args...)` is deprecated. Please use `torch.amp.autocast('cuda', args...)` instead.
  @autocast(enabled=False)
Saved sparsity snapshot to outputs_eager/tran/cora/GCN/seed_1/sparsity_before.csv
                     layer_name  num_elements    sparsity
0  encoder.graph_layer_1.weight       2053489    0.000049
1    encoder.graph_layer_1.bias          1433  100.000000
2  encoder.graph_layer_2.weight         91712    0.000000
3    encoder.graph_layer_2.bias            64  100.000000
4      encoder.decoder_1.weight       2053489    0.000049
5        encoder.decoder_1.bias          1433    0.000000
6      encoder.decoder_2.weight       2053489    0.000000
7        encoder.decoder_2.bias          1433    0.000000
8         encoder.linear.weight           448    0.000000
9           encoder.linear.bias             7    0.000000
Saved sparsity snapshot to outputs_eager/tran/cora/GCN/seed_1/sparsity_after.csv
                     layer_name  num_elements  sparsity
0  encoder.graph_layer_1.weight       2053489  0.000730
1    encoder.graph_layer_1.bias          1433  0.000000
2  encoder.graph_layer_2.weight         91712  0.001090
3    encoder.graph_layer_2.bias            64  0.000000
4      encoder.decoder_1.weight       2053489  0.000049
5        encoder.decoder_1.bias          1433  0.000000
6      encoder.decoder_2.weight       2053489  0.026491
7        encoder.decoder_2.bias          1433  0.000000
8         encoder.linear.weight           448  0.000000
9           encoder.linear.bias             7  0.000000
Saved forward timing report to outputs_eager/tran/cora/GCN/seed_1/forward_times.csv
               layer_name  avg_forward_time_ms  num_calls
0         encoder.dropout             0.000181       1001
1   encoder.graph_layer_1             0.000248       1001
2   encoder.graph_layer_2             0.000235       1001
3       encoder.decoder_1             0.000206       1001
4       encoder.decoder_2             0.000192       1001
5          encoder.linear             0.000202       1001
6   encoder.vq.project_in             0.000165       1001
7  encoder.vq.project_out             0.000212       1001
8    encoder.vq._codebook             0.000251       1001
CPU Memory Usage: 1248.81 MB
Max GPU Memory Used: 613.73 MB
