/work2/09808/mp46753/frontera/ML_Project/VQGraph/vq.py:283: FutureWarning: `torch.cuda.amp.autocast(args...)` is deprecated. Please use `torch.amp.autocast('cuda', args...)` instead.
  @autocast(enabled=False)
/work2/09808/mp46753/frontera/ML_Project/VQGraph/vq.py:418: FutureWarning: `torch.cuda.amp.autocast(args...)` is deprecated. Please use `torch.amp.autocast('cuda', args...)` instead.
  @autocast(enabled=False)
/work2/09808/mp46753/frontera/ML_Project/miniconda3/envs/txgnn_env/lib/python3.8/site-packages/dgl/dataloading/dataloader.py:1144: DGLWarning: Dataloader CPU affinity opt is not enabled, consider switching it on (see enable_cpu_affinity() or CPU best practices for DGL [https://docs.dgl.ai/tutorials/cpu/cpu_best_practises.html])
  dgl_warning(
/work2/09808/mp46753/frontera/ML_Project/miniconda3/envs/txgnn_env/lib/python3.8/site-packages/dgl/heterograph.py:92: DGLWarning: Recommend creating graphs by `dgl.graph(data)` instead of `dgl.DGLGraph(data)`.
  dgl_warning(
/work2/09808/mp46753/frontera/ML_Project/miniconda3/envs/txgnn_env/lib/python3.8/site-packages/torch/_dynamo/variables/functions.py:663: UserWarning: Graph break due to unsupported builtin torch._C._to_dlpack. This function is either a Python builtin (e.g. _warnings.warn) or a third-party C/C++ Python extension (perhaps created with pybind). If it is a Python builtin, please file an issue on GitHub so the PyTorch team can add support for it and see the next case for a workaround. If it is a third-party C/C++ Python extension, please either wrap it into a PyTorch-understood custom operator (see https://pytorch.org/tutorials/advanced/custom_ops_landing_page.html for more details) or, if it is traceable, use torch.compiler.allow_in_graph.
  torch._dynamo.utils.warn_once(msg)
V0421 01:38:14.534482 47748469585152 torch/_dynamo/guards.py:2611] [4/1] [__recompiles] Recompiling function create_unitgraph_from_coo in /work2/09808/mp46753/frontera/ML_Project/miniconda3/envs/txgnn_env/lib/python3.8/site-packages/dgl/heterograph_index.py:1254
V0421 01:38:14.534482 47748469585152 torch/_dynamo/guards.py:2611] [4/1] [__recompiles]     triggered by the following guard failure(s):
V0421 01:38:14.534482 47748469585152 torch/_dynamo/guards.py:2611] [4/1] [__recompiles]     - tensor 'L['row']' dispatch key set mismatch. expected DispatchKeySet(CPU, BackendSelect, ADInplaceOrView, AutogradCPU), actual DispatchKeySet(CUDA, BackendSelect, ADInplaceOrView, AutogradCUDA)
V0421 01:38:14.550853 47748469585152 torch/_dynamo/guards.py:2611] [5/1] [__recompiles] Recompiling function to_dgl_nd in /work2/09808/mp46753/frontera/ML_Project/miniconda3/envs/txgnn_env/lib/python3.8/site-packages/dgl/backend/__init__.py:141
V0421 01:38:14.550853 47748469585152 torch/_dynamo/guards.py:2611] [5/1] [__recompiles]     triggered by the following guard failure(s):
V0421 01:38:14.550853 47748469585152 torch/_dynamo/guards.py:2611] [5/1] [__recompiles]     - tensor 'L['data']' dispatch key set mismatch. expected DispatchKeySet(CPU, BackendSelect, ADInplaceOrView, AutogradCPU), actual DispatchKeySet(CUDA, BackendSelect, ADInplaceOrView, AutogradCUDA)
V0421 01:38:14.560009 47748469585152 torch/_dynamo/guards.py:2611] [6/1] [__recompiles] Recompiling function zerocopy_to_dgl_ndarray in /work2/09808/mp46753/frontera/ML_Project/miniconda3/envs/txgnn_env/lib/python3.8/site-packages/dgl/backend/pytorch/tensor.py:432
V0421 01:38:14.560009 47748469585152 torch/_dynamo/guards.py:2611] [6/1] [__recompiles]     triggered by the following guard failure(s):
V0421 01:38:14.560009 47748469585152 torch/_dynamo/guards.py:2611] [6/1] [__recompiles]     - tensor 'L['data']' dispatch key set mismatch. expected DispatchKeySet(CPU, BackendSelect, ADInplaceOrView, AutogradCPU), actual DispatchKeySet(CUDA, BackendSelect, ADInplaceOrView, AutogradCUDA)
V0421 01:38:14.591963 47748469585152 torch/_dynamo/guards.py:2611] [8/1] [__recompiles] Recompiling function torch_dynamo_resume_in_create_unitgraph_from_coo_at_1296 in /work2/09808/mp46753/frontera/ML_Project/miniconda3/envs/txgnn_env/lib/python3.8/site-packages/dgl/heterograph_index.py:1296
V0421 01:38:14.591963 47748469585152 torch/_dynamo/guards.py:2611] [8/1] [__recompiles]     triggered by the following guard failure(s):
V0421 01:38:14.591963 47748469585152 torch/_dynamo/guards.py:2611] [8/1] [__recompiles]     - tensor 'L['col']' dispatch key set mismatch. expected DispatchKeySet(CPU, BackendSelect, ADInplaceOrView, AutogradCPU), actual DispatchKeySet(CUDA, BackendSelect, ADInplaceOrView, AutogradCUDA)
W0421 01:38:21.696547 47748469585152 torch/_dynamo/variables/tensor.py:715] [30/0] Graph break from `Tensor.item()`, consider setting:
W0421 01:38:21.696547 47748469585152 torch/_dynamo/variables/tensor.py:715] [30/0]     torch._dynamo.config.capture_scalar_outputs = True
W0421 01:38:21.696547 47748469585152 torch/_dynamo/variables/tensor.py:715] [30/0] or:
W0421 01:38:21.696547 47748469585152 torch/_dynamo/variables/tensor.py:715] [30/0]     env TORCHDYNAMO_CAPTURE_SCALAR_OUTPUTS=1
W0421 01:38:21.696547 47748469585152 torch/_dynamo/variables/tensor.py:715] [30/0] to include these operations in the captured graph.
W0421 01:38:21.696547 47748469585152 torch/_dynamo/variables/tensor.py:715] [30/0] 
V0421 01:38:24.953196 47748469585152 torch/_dynamo/guards.py:2611] [4/2] [__recompiles] Recompiling function create_unitgraph_from_coo in /work2/09808/mp46753/frontera/ML_Project/miniconda3/envs/txgnn_env/lib/python3.8/site-packages/dgl/heterograph_index.py:1254
V0421 01:38:24.953196 47748469585152 torch/_dynamo/guards.py:2611] [4/2] [__recompiles]     triggered by the following guard failure(s):
V0421 01:38:24.953196 47748469585152 torch/_dynamo/guards.py:2611] [4/2] [__recompiles]     - tensor 'L['row']' size mismatch at index 0. expected 0, actual 1509
V0421 01:38:24.953196 47748469585152 torch/_dynamo/guards.py:2611] [4/2] [__recompiles]     - tensor 'L['row']' dispatch key set mismatch. expected DispatchKeySet(CPU, BackendSelect, ADInplaceOrView, AutogradCPU), actual DispatchKeySet(CUDA, BackendSelect, ADInplaceOrView, AutogradCUDA)
V0421 01:38:24.981128 47748469585152 torch/_dynamo/guards.py:2611] [5/2] [__recompiles] Recompiling function to_dgl_nd in /work2/09808/mp46753/frontera/ML_Project/miniconda3/envs/txgnn_env/lib/python3.8/site-packages/dgl/backend/__init__.py:141
V0421 01:38:24.981128 47748469585152 torch/_dynamo/guards.py:2611] [5/2] [__recompiles]     triggered by the following guard failure(s):
V0421 01:38:24.981128 47748469585152 torch/_dynamo/guards.py:2611] [5/2] [__recompiles]     - tensor 'L['data']' size mismatch at index 0. expected 0, actual 1509
V0421 01:38:24.981128 47748469585152 torch/_dynamo/guards.py:2611] [5/2] [__recompiles]     - tensor 'L['data']' dispatch key set mismatch. expected DispatchKeySet(CPU, BackendSelect, ADInplaceOrView, AutogradCPU), actual DispatchKeySet(CUDA, BackendSelect, ADInplaceOrView, AutogradCUDA)
V0421 01:38:24.993000 47748469585152 torch/_dynamo/guards.py:2611] [6/2] [__recompiles] Recompiling function zerocopy_to_dgl_ndarray in /work2/09808/mp46753/frontera/ML_Project/miniconda3/envs/txgnn_env/lib/python3.8/site-packages/dgl/backend/pytorch/tensor.py:432
V0421 01:38:24.993000 47748469585152 torch/_dynamo/guards.py:2611] [6/2] [__recompiles]     triggered by the following guard failure(s):
V0421 01:38:24.993000 47748469585152 torch/_dynamo/guards.py:2611] [6/2] [__recompiles]     - tensor 'L['data']' size mismatch at index 0. expected 0, actual 1509
V0421 01:38:24.993000 47748469585152 torch/_dynamo/guards.py:2611] [6/2] [__recompiles]     - tensor 'L['data']' dispatch key set mismatch. expected DispatchKeySet(CPU, BackendSelect, ADInplaceOrView, AutogradCPU), actual DispatchKeySet(CUDA, BackendSelect, ADInplaceOrView, AutogradCUDA)
V0421 01:38:25.031428 47748469585152 torch/_dynamo/guards.py:2611] [8/2] [__recompiles] Recompiling function torch_dynamo_resume_in_create_unitgraph_from_coo_at_1296 in /work2/09808/mp46753/frontera/ML_Project/miniconda3/envs/txgnn_env/lib/python3.8/site-packages/dgl/heterograph_index.py:1296
V0421 01:38:25.031428 47748469585152 torch/_dynamo/guards.py:2611] [8/2] [__recompiles]     triggered by the following guard failure(s):
V0421 01:38:25.031428 47748469585152 torch/_dynamo/guards.py:2611] [8/2] [__recompiles]     - tensor 'L['col']' size mismatch at index 0. expected 0, actual 1509
V0421 01:38:25.031428 47748469585152 torch/_dynamo/guards.py:2611] [8/2] [__recompiles]     - tensor 'L['col']' dispatch key set mismatch. expected DispatchKeySet(CPU, BackendSelect, ADInplaceOrView, AutogradCPU), actual DispatchKeySet(CUDA, BackendSelect, ADInplaceOrView, AutogradCUDA)
V0421 01:38:25.049113 47748469585152 torch/_dynamo/guards.py:2611] [32/1] [__recompiles] Recompiling function torch_dynamo_resume_in_add_edges_at_574 in /work2/09808/mp46753/frontera/ML_Project/miniconda3/envs/txgnn_env/lib/python3.8/site-packages/dgl/heterograph.py:574
V0421 01:38:25.049113 47748469585152 torch/_dynamo/guards.py:2611] [32/1] [__recompiles]     triggered by the following guard failure(s):
V0421 01:38:25.049113 47748469585152 torch/_dynamo/guards.py:2611] [32/1] [__recompiles]     - L['___stack0'] == 771                                       
V0421 01:38:25.271271 47748469585152 torch/_dynamo/guards.py:2611] [34/1] [__recompiles] Recompiling function cat in /work2/09808/mp46753/frontera/ML_Project/miniconda3/envs/txgnn_env/lib/python3.8/site-packages/dgl/backend/pytorch/tensor.py:222
V0421 01:38:25.271271 47748469585152 torch/_dynamo/guards.py:2611] [34/1] [__recompiles]     triggered by the following guard failure(s):
V0421 01:38:25.271271 47748469585152 torch/_dynamo/guards.py:2611] [34/1] [__recompiles]     - tensor 'L['seq'][0]' size mismatch at index 0. expected 0, actual 1509
V0421 01:38:26.009660 47748469585152 torch/_dynamo/guards.py:2611] [20/1] [__recompiles] Recompiling function add_edges in /work2/09808/mp46753/frontera/ML_Project/miniconda3/envs/txgnn_env/lib/python3.8/site-packages/dgl/heterograph.py:435
V0421 01:38:26.009660 47748469585152 torch/_dynamo/guards.py:2611] [20/1] [__recompiles]     triggered by the following guard failure(s):
V0421 01:38:26.009660 47748469585152 torch/_dynamo/guards.py:2611] [20/1] [__recompiles]     - tensor 'L['u']' size mismatch at index 0. expected 1509, actual 412
V0421 01:38:26.030331 47748469585152 torch/_dynamo/guards.py:2611] [26/1] [__recompiles] Recompiling function torch_dynamo_resume_in_add_edges_at_541 in /work2/09808/mp46753/frontera/ML_Project/miniconda3/envs/txgnn_env/lib/python3.8/site-packages/dgl/heterograph.py:541
V0421 01:38:26.030331 47748469585152 torch/_dynamo/guards.py:2611] [26/1] [__recompiles]     triggered by the following guard failure(s):
V0421 01:38:26.030331 47748469585152 torch/_dynamo/guards.py:2611] [26/1] [__recompiles]     - tensor 'L['v']' size mismatch at index 0. expected 1509, actual 412
V0421 01:38:26.058392 47748469585152 torch/_dynamo/guards.py:2611] [27/1] [__recompiles] Recompiling function torch_dynamo_resume_in_add_edges_at_542 in /work2/09808/mp46753/frontera/ML_Project/miniconda3/envs/txgnn_env/lib/python3.8/site-packages/dgl/heterograph.py:542
V0421 01:38:26.058392 47748469585152 torch/_dynamo/guards.py:2611] [27/1] [__recompiles]     triggered by the following guard failure(s):
V0421 01:38:26.058392 47748469585152 torch/_dynamo/guards.py:2611] [27/1] [__recompiles]     - tensor 'L['___stack0']' size mismatch at index 0. expected 1509, actual 412
V0421 01:38:26.074732 47748469585152 torch/_dynamo/guards.py:2611] [28/1] [__recompiles] Recompiling function torch_dynamo_resume_in_add_edges_at_545 in /work2/09808/mp46753/frontera/ML_Project/miniconda3/envs/txgnn_env/lib/python3.8/site-packages/dgl/heterograph.py:545
V0421 01:38:26.074732 47748469585152 torch/_dynamo/guards.py:2611] [28/1] [__recompiles]     triggered by the following guard failure(s):
V0421 01:38:26.074732 47748469585152 torch/_dynamo/guards.py:2611] [28/1] [__recompiles]     - tensor 'L['u']' size mismatch at index 0. expected 1509, actual 412
V0421 01:38:26.139485 47748469585152 torch/_dynamo/guards.py:2611] [30/1] [__recompiles] Recompiling function torch_dynamo_resume_in_add_edges_at_573 in /work2/09808/mp46753/frontera/ML_Project/miniconda3/envs/txgnn_env/lib/python3.8/site-packages/dgl/heterograph.py:573
V0421 01:38:26.139485 47748469585152 torch/_dynamo/guards.py:2611] [30/1] [__recompiles]     triggered by the following guard failure(s):
V0421 01:38:26.139485 47748469585152 torch/_dynamo/guards.py:2611] [30/1] [__recompiles]     - tensor 'L['u']' size mismatch at index 0. expected 1509, actual 412
V0421 01:38:26.601684 47748469585152 torch/_dynamo/guards.py:2611] [32/2] [__recompiles] Recompiling function torch_dynamo_resume_in_add_edges_at_574 in /work2/09808/mp46753/frontera/ML_Project/miniconda3/envs/txgnn_env/lib/python3.8/site-packages/dgl/heterograph.py:574
V0421 01:38:26.601684 47748469585152 torch/_dynamo/guards.py:2611] [32/2] [__recompiles]     triggered by the following guard failure(s):
V0421 01:38:26.601684 47748469585152 torch/_dynamo/guards.py:2611] [32/2] [__recompiles]     - tensor 'L['v']' size mismatch at index 0. expected 1509, actual 412
V0421 01:38:26.601684 47748469585152 torch/_dynamo/guards.py:2611] [32/2] [__recompiles]     - L['___stack0'] == 771                                       
V0421 01:38:26.858160 47748469585152 torch/_dynamo/guards.py:2611] [34/2] [__recompiles] Recompiling function cat in /work2/09808/mp46753/frontera/ML_Project/miniconda3/envs/txgnn_env/lib/python3.8/site-packages/dgl/backend/pytorch/tensor.py:222
V0421 01:38:26.858160 47748469585152 torch/_dynamo/guards.py:2611] [34/2] [__recompiles]     triggered by the following guard failure(s):
V0421 01:38:26.858160 47748469585152 torch/_dynamo/guards.py:2611] [34/2] [__recompiles]     - tensor 'L['seq'][1]' size mismatch at index 0. expected 1509, actual 412
V0421 01:38:26.858160 47748469585152 torch/_dynamo/guards.py:2611] [34/2] [__recompiles]     - tensor 'L['seq'][0]' size mismatch at index 0. expected 0, actual 3018
/work2/09808/mp46753/frontera/ML_Project/miniconda3/envs/txgnn_env/lib/python3.8/site-packages/torch/_dynamo/variables/functions.py:663: UserWarning: Graph break due to unsupported builtin posix.stat. This function is either a Python builtin (e.g. _warnings.warn) or a third-party C/C++ Python extension (perhaps created with pybind). If it is a Python builtin, please file an issue on GitHub so the PyTorch team can add support for it and see the next case for a workaround. If it is a third-party C/C++ Python extension, please either wrap it into a PyTorch-understood custom operator (see https://pytorch.org/tutorials/advanced/custom_ops_landing_page.html for more details) or, if it is traceable, use torch.compiler.allow_in_graph.
  torch._dynamo.utils.warn_once(msg)
V0421 01:38:31.083791 47748469585152 torch/_dynamo/guards.py:2611] [6/3] [__recompiles] Recompiling function zerocopy_to_dgl_ndarray in /work2/09808/mp46753/frontera/ML_Project/miniconda3/envs/txgnn_env/lib/python3.8/site-packages/dgl/backend/pytorch/tensor.py:432
V0421 01:38:31.083791 47748469585152 torch/_dynamo/guards.py:2611] [6/3] [__recompiles]     triggered by the following guard failure(s):
V0421 01:38:31.083791 47748469585152 torch/_dynamo/guards.py:2611] [6/3] [__recompiles]     - GLOBAL_STATE changed: grad_mode 
V0421 01:38:31.083791 47748469585152 torch/_dynamo/guards.py:2611] [6/3] [__recompiles]     - GLOBAL_STATE changed: grad_mode 
V0421 01:38:31.083791 47748469585152 torch/_dynamo/guards.py:2611] [6/3] [__recompiles]     - GLOBAL_STATE changed: grad_mode 
V0421 01:38:31.128916 47748469585152 torch/_dynamo/guards.py:2611] [7/1] [__recompiles] Recompiling function torch_dynamo_resume_in_zerocopy_to_dgl_ndarray_at_435 in /work2/09808/mp46753/frontera/ML_Project/miniconda3/envs/txgnn_env/lib/python3.8/site-packages/dgl/backend/pytorch/tensor.py:435
V0421 01:38:31.128916 47748469585152 torch/_dynamo/guards.py:2611] [7/1] [__recompiles]     triggered by the following guard failure(s):
V0421 01:38:31.128916 47748469585152 torch/_dynamo/guards.py:2611] [7/1] [__recompiles]     - GLOBAL_STATE changed: grad_mode 
/work2/09808/mp46753/frontera/ML_Project/miniconda3/envs/txgnn_env/lib/python3.8/site-packages/torch/_dynamo/variables/functions.py:663: UserWarning: Graph break due to unsupported builtin time.perf_counter. This function is either a Python builtin (e.g. _warnings.warn) or a third-party C/C++ Python extension (perhaps created with pybind). If it is a Python builtin, please file an issue on GitHub so the PyTorch team can add support for it and see the next case for a workaround. If it is a third-party C/C++ Python extension, please either wrap it into a PyTorch-understood custom operator (see https://pytorch.org/tutorials/advanced/custom_ops_landing_page.html for more details) or, if it is traceable, use torch.compiler.allow_in_graph.
  torch._dynamo.utils.warn_once(msg)
V0421 01:38:31.342615 47748469585152 torch/_dynamo/guards.py:2611] [86/1] [__recompiles] Recompiling function torch_dynamo_resume_in_hook_at_12 in /work2/09808/mp46753/frontera/ML_Project/VQGraph/benchmark_utils.py:12
V0421 01:38:31.342615 47748469585152 torch/_dynamo/guards.py:2611] [86/1] [__recompiles]     triggered by the following guard failure(s):
V0421 01:38:31.342615 47748469585152 torch/_dynamo/guards.py:2611] [86/1] [__recompiles]     - L['___stack0'] == 920952.814830287                          
V0421 01:38:31.435442 47748469585152 torch/_dynamo/guards.py:2611] [86/2] [__recompiles] Recompiling function torch_dynamo_resume_in_hook_at_12 in /work2/09808/mp46753/frontera/ML_Project/VQGraph/benchmark_utils.py:12
V0421 01:38:31.435442 47748469585152 torch/_dynamo/guards.py:2611] [86/2] [__recompiles]     triggered by the following guard failure(s):
V0421 01:38:31.435442 47748469585152 torch/_dynamo/guards.py:2611] [86/2] [__recompiles]     - L['___stack0'] == 920952.827509461                          
V0421 01:38:31.435442 47748469585152 torch/_dynamo/guards.py:2611] [86/2] [__recompiles]     - L['___stack0'] == 920952.814830287                          
V0421 01:38:34.662144 47748469585152 torch/_dynamo/guards.py:2611] [86/3] [__recompiles] Recompiling function torch_dynamo_resume_in_hook_at_12 in /work2/09808/mp46753/frontera/ML_Project/VQGraph/benchmark_utils.py:12
V0421 01:38:34.662144 47748469585152 torch/_dynamo/guards.py:2611] [86/3] [__recompiles]     triggered by the following guard failure(s):
V0421 01:38:34.662144 47748469585152 torch/_dynamo/guards.py:2611] [86/3] [__recompiles]     - L['___stack0'] == 920952.920332121                          
V0421 01:38:34.662144 47748469585152 torch/_dynamo/guards.py:2611] [86/3] [__recompiles]     - L['___stack0'] == 920952.827509461                          
V0421 01:38:34.662144 47748469585152 torch/_dynamo/guards.py:2611] [86/3] [__recompiles]     - L['___stack0'] == 920952.814830287                          
V0421 01:38:36.256268 47748469585152 torch/_dynamo/guards.py:2611] [86/4] [__recompiles] Recompiling function torch_dynamo_resume_in_hook_at_12 in /work2/09808/mp46753/frontera/ML_Project/VQGraph/benchmark_utils.py:12
V0421 01:38:36.256268 47748469585152 torch/_dynamo/guards.py:2611] [86/4] [__recompiles]     triggered by the following guard failure(s):
V0421 01:38:36.256268 47748469585152 torch/_dynamo/guards.py:2611] [86/4] [__recompiles]     - L['___stack0'] == 920956.146873421                          
V0421 01:38:36.256268 47748469585152 torch/_dynamo/guards.py:2611] [86/4] [__recompiles]     - L['___stack0'] == 920952.920332121                          
V0421 01:38:36.256268 47748469585152 torch/_dynamo/guards.py:2611] [86/4] [__recompiles]     - L['___stack0'] == 920952.827509461                          
V0421 01:38:36.256268 47748469585152 torch/_dynamo/guards.py:2611] [86/4] [__recompiles]     - L['___stack0'] == 920952.814830287                          
V0421 01:38:36.323286 47748469585152 torch/_dynamo/guards.py:2611] [86/5] [__recompiles] Recompiling function torch_dynamo_resume_in_hook_at_12 in /work2/09808/mp46753/frontera/ML_Project/VQGraph/benchmark_utils.py:12
V0421 01:38:36.323286 47748469585152 torch/_dynamo/guards.py:2611] [86/5] [__recompiles]     triggered by the following guard failure(s):
V0421 01:38:36.323286 47748469585152 torch/_dynamo/guards.py:2611] [86/5] [__recompiles]     - L['___stack0'] == 920957.741043003                          
V0421 01:38:36.323286 47748469585152 torch/_dynamo/guards.py:2611] [86/5] [__recompiles]     - L['___stack0'] == 920956.146873421                          
V0421 01:38:36.323286 47748469585152 torch/_dynamo/guards.py:2611] [86/5] [__recompiles]     - L['___stack0'] == 920952.920332121                          
V0421 01:38:36.323286 47748469585152 torch/_dynamo/guards.py:2611] [86/5] [__recompiles]     - L['___stack0'] == 920952.827509461                          
V0421 01:38:36.323286 47748469585152 torch/_dynamo/guards.py:2611] [86/5] [__recompiles]     - L['___stack0'] == 920952.814830287                          
V0421 01:38:36.329447 47748469585152 torch/_dynamo/guards.py:2611] [86/6] [__recompiles] Recompiling function torch_dynamo_resume_in_hook_at_12 in /work2/09808/mp46753/frontera/ML_Project/VQGraph/benchmark_utils.py:12
V0421 01:38:36.329447 47748469585152 torch/_dynamo/guards.py:2611] [86/6] [__recompiles]     triggered by the following guard failure(s):
V0421 01:38:36.329447 47748469585152 torch/_dynamo/guards.py:2611] [86/6] [__recompiles]     - L['___stack0'] == 920957.808131372                          
V0421 01:38:36.329447 47748469585152 torch/_dynamo/guards.py:2611] [86/6] [__recompiles]     - L['___stack0'] == 920957.741043003                          
V0421 01:38:36.329447 47748469585152 torch/_dynamo/guards.py:2611] [86/6] [__recompiles]     - L['___stack0'] == 920956.146873421                          
V0421 01:38:36.329447 47748469585152 torch/_dynamo/guards.py:2611] [86/6] [__recompiles]     - L['___stack0'] == 920952.920332121                          
V0421 01:38:36.329447 47748469585152 torch/_dynamo/guards.py:2611] [86/6] [__recompiles]     - L['___stack0'] == 920952.827509461                          
V0421 01:38:36.329447 47748469585152 torch/_dynamo/guards.py:2611] [86/6] [__recompiles]     - L['___stack0'] == 920952.814830287                          
V0421 01:38:36.391787 47748469585152 torch/_dynamo/guards.py:2611] [57/1] [__recompiles] Recompiling function __setitem__ in /work2/09808/mp46753/frontera/ML_Project/miniconda3/envs/txgnn_env/lib/python3.8/site-packages/dgl/view.py:82
V0421 01:38:36.391787 47748469585152 torch/_dynamo/guards.py:2611] [57/1] [__recompiles]     triggered by the following guard failure(s):
V0421 01:38:36.391787 47748469585152 torch/_dynamo/guards.py:2611] [57/1] [__recompiles]     - tensor 'L['val']' requires_grad mismatch. expected requires_grad=0
V0421 01:38:36.413350 47748469585152 torch/_dynamo/guards.py:2611] [61/1] [__recompiles] Recompiling function __setitem__ in /work2/09808/mp46753/frontera/ML_Project/miniconda3/envs/txgnn_env/lib/python3.8/site-packages/dgl/frame.py:690
V0421 01:38:36.413350 47748469585152 torch/_dynamo/guards.py:2611] [61/1] [__recompiles]     triggered by the following guard failure(s):
V0421 01:38:36.413350 47748469585152 torch/_dynamo/guards.py:2611] [61/1] [__recompiles]     - tensor 'L['data']' requires_grad mismatch. expected requires_grad=0
V0421 01:38:36.432445 47748469585152 torch/_dynamo/guards.py:2611] [62/1] [__recompiles] Recompiling function update_column in /work2/09808/mp46753/frontera/ML_Project/miniconda3/envs/txgnn_env/lib/python3.8/site-packages/dgl/frame.py:772
V0421 01:38:36.432445 47748469585152 torch/_dynamo/guards.py:2611] [62/1] [__recompiles]     triggered by the following guard failure(s):
V0421 01:38:36.432445 47748469585152 torch/_dynamo/guards.py:2611] [62/1] [__recompiles]     - tensor 'L['data']' requires_grad mismatch. expected requires_grad=0
V0421 01:38:36.451931 47748469585152 torch/_dynamo/guards.py:2611] [63/1] [__recompiles] Recompiling function create in /work2/09808/mp46753/frontera/ML_Project/miniconda3/envs/txgnn_env/lib/python3.8/site-packages/dgl/frame.py:472
V0421 01:38:36.451931 47748469585152 torch/_dynamo/guards.py:2611] [63/1] [__recompiles]     triggered by the following guard failure(s):
V0421 01:38:36.451931 47748469585152 torch/_dynamo/guards.py:2611] [63/1] [__recompiles]     - tensor 'L['data']' requires_grad mismatch. expected requires_grad=0
V0421 01:38:36.470099 47748469585152 torch/_dynamo/guards.py:2611] [64/1] [__recompiles] Recompiling function __init__ in /work2/09808/mp46753/frontera/ML_Project/miniconda3/envs/txgnn_env/lib/python3.8/site-packages/dgl/frame.py:210
V0421 01:38:36.470099 47748469585152 torch/_dynamo/guards.py:2611] [64/1] [__recompiles]     triggered by the following guard failure(s):
V0421 01:38:36.470099 47748469585152 torch/_dynamo/guards.py:2611] [64/1] [__recompiles]     - tensor 'L['storage']' requires_grad mismatch. expected requires_grad=0
V0421 01:38:36.489362 47748469585152 torch/_dynamo/guards.py:2611] [65/1] [__recompiles] Recompiling function infer_scheme in /work2/09808/mp46753/frontera/ML_Project/miniconda3/envs/txgnn_env/lib/python3.8/site-packages/dgl/frame.py:151
V0421 01:38:36.489362 47748469585152 torch/_dynamo/guards.py:2611] [65/1] [__recompiles]     triggered by the following guard failure(s):
V0421 01:38:36.489362 47748469585152 torch/_dynamo/guards.py:2611] [65/1] [__recompiles]     - tensor 'L['tensor']' requires_grad mismatch. expected requires_grad=0
V0421 01:38:36.533849 47748469585152 torch/_dynamo/guards.py:2611] [68/1] [__recompiles] Recompiling function func in /work2/09808/mp46753/frontera/ML_Project/miniconda3/envs/txgnn_env/lib/python3.8/site-packages/dgl/ops/spmm.py:213
V0421 01:38:36.533849 47748469585152 torch/_dynamo/guards.py:2611] [68/1] [__recompiles]     triggered by the following guard failure(s):
V0421 01:38:36.533849 47748469585152 torch/_dynamo/guards.py:2611] [68/1] [__recompiles]     - tensor 'L['x']' requires_grad mismatch. expected requires_grad=0
V0421 01:38:36.547283 47748469585152 torch/_dynamo/guards.py:2611] [70/1] [__recompiles] Recompiling function torch_dynamo_resume_in_gspmm_at_75 in /work2/09808/mp46753/frontera/ML_Project/miniconda3/envs/txgnn_env/lib/python3.8/site-packages/dgl/ops/spmm.py:75
V0421 01:38:36.547283 47748469585152 torch/_dynamo/guards.py:2611] [70/1] [__recompiles]     triggered by the following guard failure(s):
V0421 01:38:36.547283 47748469585152 torch/_dynamo/guards.py:2611] [70/1] [__recompiles]     - tensor 'L['lhs_data']' requires_grad mismatch. expected requires_grad=0
V0421 01:38:36.565522 47748469585152 torch/_dynamo/guards.py:2611] [74/1] [__recompiles] Recompiling function forward in /work2/09808/mp46753/frontera/ML_Project/miniconda3/envs/txgnn_env/lib/python3.8/site-packages/dgl/backend/pytorch/sparse.py:163
V0421 01:38:36.565522 47748469585152 torch/_dynamo/guards.py:2611] [74/1] [__recompiles]     triggered by the following guard failure(s):
V0421 01:38:36.565522 47748469585152 torch/_dynamo/guards.py:2611] [74/1] [__recompiles]     - tensor 'L['X']' requires_grad mismatch. expected requires_grad=0
V0421 01:38:36.583224 47748469585152 torch/_dynamo/guards.py:2611] [77/1] [__recompiles] Recompiling function zeros in /work2/09808/mp46753/frontera/ML_Project/miniconda3/envs/txgnn_env/lib/python3.8/site-packages/dgl/backend/pytorch/tensor.py:287
V0421 01:38:36.583224 47748469585152 torch/_dynamo/guards.py:2611] [77/1] [__recompiles]     triggered by the following guard failure(s):
V0421 01:38:36.583224 47748469585152 torch/_dynamo/guards.py:2611] [77/1] [__recompiles]     - L['shape'][1] == 3703                                       
V0421 01:38:36.848835 47748469585152 torch/_dynamo/guards.py:2611] [6/4] [__recompiles] Recompiling function zerocopy_to_dgl_ndarray in /work2/09808/mp46753/frontera/ML_Project/miniconda3/envs/txgnn_env/lib/python3.8/site-packages/dgl/backend/pytorch/tensor.py:432
V0421 01:38:36.848835 47748469585152 torch/_dynamo/guards.py:2611] [6/4] [__recompiles]     triggered by the following guard failure(s):
V0421 01:38:36.848835 47748469585152 torch/_dynamo/guards.py:2611] [6/4] [__recompiles]     - GLOBAL_STATE changed: grad_mode 
V0421 01:38:36.848835 47748469585152 torch/_dynamo/guards.py:2611] [6/4] [__recompiles]     - tensor 'L['data']' requires_grad mismatch. expected requires_grad=0
V0421 01:38:36.848835 47748469585152 torch/_dynamo/guards.py:2611] [6/4] [__recompiles]     - GLOBAL_STATE changed: grad_mode 
V0421 01:38:36.848835 47748469585152 torch/_dynamo/guards.py:2611] [6/4] [__recompiles]     - GLOBAL_STATE changed: grad_mode 
V0421 01:38:36.895895 47748469585152 torch/_dynamo/guards.py:2611] [79/1] [__recompiles] Recompiling function zerocopy_to_dgl_ndarray_for_write in /work2/09808/mp46753/frontera/ML_Project/miniconda3/envs/txgnn_env/lib/python3.8/site-packages/dgl/backend/pytorch/tensor.py:454
V0421 01:38:36.895895 47748469585152 torch/_dynamo/guards.py:2611] [79/1] [__recompiles]     triggered by the following guard failure(s):
V0421 01:38:36.895895 47748469585152 torch/_dynamo/guards.py:2611] [79/1] [__recompiles]     - tensor 'L['input']' stride mismatch at index 0. expected 3703, actual 128
V0421 01:38:36.932046 47748469585152 torch/_dynamo/guards.py:2611] [80/1] [__recompiles] Recompiling function check_is_view in /work2/09808/mp46753/frontera/ML_Project/miniconda3/envs/txgnn_env/lib/python3.8/site-packages/dgl/backend/pytorch/tensor.py:441
V0421 01:38:36.932046 47748469585152 torch/_dynamo/guards.py:2611] [80/1] [__recompiles]     triggered by the following guard failure(s):
V0421 01:38:36.932046 47748469585152 torch/_dynamo/guards.py:2611] [80/1] [__recompiles]     - tensor 'L['input']' stride mismatch at index 0. expected 3703, actual 128
V0421 01:38:36.942033 47748469585152 torch/_dynamo/guards.py:2611] [81/1] [__recompiles] Recompiling function torch_dynamo_resume_in_check_is_view_at_443 in /work2/09808/mp46753/frontera/ML_Project/miniconda3/envs/txgnn_env/lib/python3.8/site-packages/dgl/backend/pytorch/tensor.py:443
V0421 01:38:36.942033 47748469585152 torch/_dynamo/guards.py:2611] [81/1] [__recompiles]     triggered by the following guard failure(s):
V0421 01:38:36.942033 47748469585152 torch/_dynamo/guards.py:2611] [81/1] [__recompiles]     - tensor 'L['input']' stride mismatch at index 0. expected 3703, actual 128
V0421 01:38:36.953324 47748469585152 torch/_dynamo/guards.py:2611] [82/1] [__recompiles] Recompiling function torch_dynamo_resume_in_zerocopy_to_dgl_ndarray_for_write_at_461 in /work2/09808/mp46753/frontera/ML_Project/miniconda3/envs/txgnn_env/lib/python3.8/site-packages/dgl/backend/pytorch/tensor.py:461
V0421 01:38:36.953324 47748469585152 torch/_dynamo/guards.py:2611] [82/1] [__recompiles]     triggered by the following guard failure(s):
V0421 01:38:36.953324 47748469585152 torch/_dynamo/guards.py:2611] [82/1] [__recompiles]     - tensor 'L['input']' stride mismatch at index 0. expected 3703, actual 128
V0421 01:38:36.966595 47748469585152 torch/_dynamo/guards.py:2611] [83/1] [__recompiles] Recompiling function torch_dynamo_resume_in_forward_at_165 in /work2/09808/mp46753/frontera/ML_Project/miniconda3/envs/txgnn_env/lib/python3.8/site-packages/dgl/backend/pytorch/sparse.py:165
V0421 01:38:36.966595 47748469585152 torch/_dynamo/guards.py:2611] [83/1] [__recompiles]     triggered by the following guard failure(s):
V0421 01:38:36.966595 47748469585152 torch/_dynamo/guards.py:2611] [83/1] [__recompiles]     - tensor 'L['X']' requires_grad mismatch. expected requires_grad=0
V0421 01:38:37.006078 47748469585152 torch/_dynamo/guards.py:2611] [86/7] [__recompiles] Recompiling function torch_dynamo_resume_in_hook_at_12 in /work2/09808/mp46753/frontera/ML_Project/VQGraph/benchmark_utils.py:12
V0421 01:38:37.006078 47748469585152 torch/_dynamo/guards.py:2611] [86/7] [__recompiles]     triggered by the following guard failure(s):
V0421 01:38:37.006078 47748469585152 torch/_dynamo/guards.py:2611] [86/7] [__recompiles]     - L['___stack0'] == 920957.81428979                           
V0421 01:38:37.006078 47748469585152 torch/_dynamo/guards.py:2611] [86/7] [__recompiles]     - L['___stack0'] == 920957.808131372                          
V0421 01:38:37.006078 47748469585152 torch/_dynamo/guards.py:2611] [86/7] [__recompiles]     - L['___stack0'] == 920957.741043003                          
V0421 01:38:37.006078 47748469585152 torch/_dynamo/guards.py:2611] [86/7] [__recompiles]     - L['___stack0'] == 920956.146873421                          
V0421 01:38:37.006078 47748469585152 torch/_dynamo/guards.py:2611] [86/7] [__recompiles]     - L['___stack0'] == 920952.920332121                          
V0421 01:38:37.006078 47748469585152 torch/_dynamo/guards.py:2611] [86/7] [__recompiles]     - L['___stack0'] == 920952.827509461                          
V0421 01:38:37.006078 47748469585152 torch/_dynamo/guards.py:2611] [86/7] [__recompiles]     - L['___stack0'] == 920952.814830287                          
V0421 01:38:37.012640 47748469585152 torch/_dynamo/guards.py:2611] [86/8] [__recompiles] Recompiling function torch_dynamo_resume_in_hook_at_12 in /work2/09808/mp46753/frontera/ML_Project/VQGraph/benchmark_utils.py:12
V0421 01:38:37.012640 47748469585152 torch/_dynamo/guards.py:2611] [86/8] [__recompiles]     triggered by the following guard failure(s):
V0421 01:38:37.012640 47748469585152 torch/_dynamo/guards.py:2611] [86/8] [__recompiles]     - L['___stack0'] == 920958.490831565                          
V0421 01:38:37.012640 47748469585152 torch/_dynamo/guards.py:2611] [86/8] [__recompiles]     - L['___stack0'] == 920957.81428979                           
V0421 01:38:37.012640 47748469585152 torch/_dynamo/guards.py:2611] [86/8] [__recompiles]     - L['___stack0'] == 920957.808131372                          
V0421 01:38:37.012640 47748469585152 torch/_dynamo/guards.py:2611] [86/8] [__recompiles]     - L['___stack0'] == 920957.741043003                          
V0421 01:38:37.012640 47748469585152 torch/_dynamo/guards.py:2611] [86/8] [__recompiles]     - L['___stack0'] == 920956.146873421                          
V0421 01:38:37.012640 47748469585152 torch/_dynamo/guards.py:2611] [86/8] [__recompiles]     - L['___stack0'] == 920952.920332121                          
V0421 01:38:37.012640 47748469585152 torch/_dynamo/guards.py:2611] [86/8] [__recompiles]     - L['___stack0'] == 920952.827509461                          
V0421 01:38:37.012640 47748469585152 torch/_dynamo/guards.py:2611] [86/8] [__recompiles]     - L['___stack0'] == 920952.814830287                          
W0421 01:38:37.012781 47748469585152 torch/_dynamo/convert_frame.py:762] [86/8] torch._dynamo hit config.cache_size_limit (8)
W0421 01:38:37.012781 47748469585152 torch/_dynamo/convert_frame.py:762] [86/8]    function: 'torch_dynamo_resume_in_hook_at_12' (/work2/09808/mp46753/frontera/ML_Project/VQGraph/benchmark_utils.py:12)
W0421 01:38:37.012781 47748469585152 torch/_dynamo/convert_frame.py:762] [86/8]    last reason: L['___stack0'] == 920952.814830287                          
W0421 01:38:37.012781 47748469585152 torch/_dynamo/convert_frame.py:762] [86/8] To log all recompilation reasons, use TORCH_LOGS="recompiles".
W0421 01:38:37.012781 47748469585152 torch/_dynamo/convert_frame.py:762] [86/8] To diagnose recompilation issues, see https://pytorch.org/docs/main/torch.compiler_troubleshooting.html.
/work2/09808/mp46753/frontera/ML_Project/miniconda3/envs/txgnn_env/lib/python3.8/site-packages/dgl/dataloading/dataloader.py:1144: DGLWarning: Dataloader CPU affinity opt is not enabled, consider switching it on (see enable_cpu_affinity() or CPU best practices for DGL [https://docs.dgl.ai/tutorials/cpu/cpu_best_practises.html])
  dgl_warning(
/work2/09808/mp46753/frontera/ML_Project/miniconda3/envs/txgnn_env/lib/python3.8/site-packages/dgl/heterograph.py:92: DGLWarning: Recommend creating graphs by `dgl.graph(data)` instead of `dgl.DGLGraph(data)`.
  dgl_warning(
V0421 01:38:37.965676 47748469585152 torch/_dynamo/guards.py:2611] [0/1] [__recompiles] Recompiling function forward in /work2/09808/mp46753/frontera/ML_Project/VQGraph/models.py:449
V0421 01:38:37.965676 47748469585152 torch/_dynamo/guards.py:2611] [0/1] [__recompiles]     triggered by the following guard failure(s):
V0421 01:38:37.965676 47748469585152 torch/_dynamo/guards.py:2611] [0/1] [__recompiles]     - tensor 'L['feats']' size mismatch at index 0. expected 772, actual 775
V0421 01:38:37.991466 47748469585152 torch/_dynamo/guards.py:2611] [1/1] [__recompiles] Recompiling function forward in /work2/09808/mp46753/frontera/ML_Project/VQGraph/models.py:154
V0421 01:38:37.991466 47748469585152 torch/_dynamo/guards.py:2611] [1/1] [__recompiles]     triggered by the following guard failure(s):
V0421 01:38:37.991466 47748469585152 torch/_dynamo/guards.py:2611] [1/1] [__recompiles]     - tensor 'L['feats']' size mismatch at index 0. expected 772, actual 775
/work2/09808/mp46753/frontera/ML_Project/miniconda3/envs/txgnn_env/lib/python3.8/site-packages/dgl/heterograph.py:92: DGLWarning: Recommend creating graphs by `dgl.graph(data)` instead of `dgl.DGLGraph(data)`.
  dgl_warning(
V0421 01:38:38.007079 47748469585152 torch/_dynamo/guards.py:2611] [9/1] [__recompiles] Recompiling function torch_dynamo_resume_in_forward_at_157 in /work2/09808/mp46753/frontera/ML_Project/VQGraph/models.py:157
V0421 01:38:38.007079 47748469585152 torch/_dynamo/guards.py:2611] [9/1] [__recompiles]     triggered by the following guard failure(s):
V0421 01:38:38.007079 47748469585152 torch/_dynamo/guards.py:2611] [9/1] [__recompiles]     - tensor 'L['h']' size mismatch at index 0. expected 772, actual 775
V0421 01:38:38.022506 47748469585152 torch/_dynamo/guards.py:2611] [13/1] [__recompiles] Recompiling function torch_dynamo_resume_in_forward_at_157 in /work2/09808/mp46753/frontera/ML_Project/VQGraph/models.py:157
V0421 01:38:38.022506 47748469585152 torch/_dynamo/guards.py:2611] [13/1] [__recompiles]     triggered by the following guard failure(s):
V0421 01:38:38.022506 47748469585152 torch/_dynamo/guards.py:2611] [13/1] [__recompiles]     - tensor 'L['h']' size mismatch at index 0. expected 772, actual 775
V0421 01:38:38.062532 47748469585152 torch/_dynamo/guards.py:2611] [4/3] [__recompiles] Recompiling function create_unitgraph_from_coo in /work2/09808/mp46753/frontera/ML_Project/miniconda3/envs/txgnn_env/lib/python3.8/site-packages/dgl/heterograph_index.py:1254
V0421 01:38:38.062532 47748469585152 torch/_dynamo/guards.py:2611] [4/3] [__recompiles]     triggered by the following guard failure(s):
V0421 01:38:38.062532 47748469585152 torch/_dynamo/guards.py:2611] [4/3] [__recompiles]     - tensor 'L['row']' dispatch key set mismatch. expected DispatchKeySet(CPU, BackendSelect, ADInplaceOrView, AutogradCPU), actual DispatchKeySet(CUDA, BackendSelect, ADInplaceOrView, AutogradCUDA)
V0421 01:38:38.062532 47748469585152 torch/_dynamo/guards.py:2611] [4/3] [__recompiles]     - L['num_dst'] == 772                                         
V0421 01:38:38.062532 47748469585152 torch/_dynamo/guards.py:2611] [4/3] [__recompiles]     - L['num_dst'] == 772                                         
V0421 01:38:38.093986 47748469585152 torch/_dynamo/guards.py:2611] [8/3] [__recompiles] Recompiling function torch_dynamo_resume_in_create_unitgraph_from_coo_at_1296 in /work2/09808/mp46753/frontera/ML_Project/miniconda3/envs/txgnn_env/lib/python3.8/site-packages/dgl/heterograph_index.py:1296
V0421 01:38:38.093986 47748469585152 torch/_dynamo/guards.py:2611] [8/3] [__recompiles]     triggered by the following guard failure(s):
V0421 01:38:38.093986 47748469585152 torch/_dynamo/guards.py:2611] [8/3] [__recompiles]     - tensor 'L['col']' dispatch key set mismatch. expected DispatchKeySet(CPU, BackendSelect, ADInplaceOrView, AutogradCPU), actual DispatchKeySet(CUDA, BackendSelect, ADInplaceOrView, AutogradCUDA)
V0421 01:38:38.093986 47748469585152 torch/_dynamo/guards.py:2611] [8/3] [__recompiles]     - L['___stack2'] == 772                                       
V0421 01:38:38.093986 47748469585152 torch/_dynamo/guards.py:2611] [8/3] [__recompiles]     - L['___stack2'] == 772                                       
V0421 01:38:38.107761 47748469585152 torch/_dynamo/guards.py:2611] [15/1] [__recompiles] Recompiling function _dispatch in /work2/09808/mp46753/frontera/ML_Project/miniconda3/envs/txgnn_env/lib/python3.8/site-packages/dgl/utils/internal.py:65
V0421 01:38:38.107761 47748469585152 torch/_dynamo/guards.py:2611] [15/1] [__recompiles]     triggered by the following guard failure(s):
V0421 01:38:38.107761 47748469585152 torch/_dynamo/guards.py:2611] [15/1] [__recompiles]     - L['data'][0] == 772                                         
V0421 01:38:41.337151 47748469585152 torch/_dynamo/guards.py:2611] [29/1] [__recompiles] Recompiling function torch_dynamo_resume_in_add_edges_at_572 in /work2/09808/mp46753/frontera/ML_Project/miniconda3/envs/txgnn_env/lib/python3.8/site-packages/dgl/heterograph.py:572
V0421 01:38:41.337151 47748469585152 torch/_dynamo/guards.py:2611] [29/1] [__recompiles]     triggered by the following guard failure(s):
V0421 01:38:41.337151 47748469585152 torch/_dynamo/guards.py:2611] [29/1] [__recompiles]     - L['___stack0'] == 772                                       
V0421 01:38:41.355043 47748469585152 torch/_dynamo/guards.py:2611] [30/2] [__recompiles] Recompiling function torch_dynamo_resume_in_add_edges_at_573 in /work2/09808/mp46753/frontera/ML_Project/miniconda3/envs/txgnn_env/lib/python3.8/site-packages/dgl/heterograph.py:573
V0421 01:38:41.355043 47748469585152 torch/_dynamo/guards.py:2611] [30/2] [__recompiles]     triggered by the following guard failure(s):
V0421 01:38:41.355043 47748469585152 torch/_dynamo/guards.py:2611] [30/2] [__recompiles]     - L['___stack0'] == 772                                       
V0421 01:38:41.355043 47748469585152 torch/_dynamo/guards.py:2611] [30/2] [__recompiles]     - tensor 'L['u']' size mismatch at index 0. expected 1509, actual 1507
V0421 01:38:41.607230 47748469585152 torch/_dynamo/guards.py:2611] [34/3] [__recompiles] Recompiling function cat in /work2/09808/mp46753/frontera/ML_Project/miniconda3/envs/txgnn_env/lib/python3.8/site-packages/dgl/backend/pytorch/tensor.py:222
V0421 01:38:41.607230 47748469585152 torch/_dynamo/guards.py:2611] [34/3] [__recompiles]     triggered by the following guard failure(s):
V0421 01:38:41.607230 47748469585152 torch/_dynamo/guards.py:2611] [34/3] [__recompiles]     - 2 <= L['seq'][0].size()[0] <= 2147483645                      # _dynamo/output_graph.py:452 in init_ambient_guards
V0421 01:38:41.607230 47748469585152 torch/_dynamo/guards.py:2611] [34/3] [__recompiles]     - tensor 'L['seq'][1]' size mismatch at index 0. expected 1509, actual 1507
V0421 01:38:41.607230 47748469585152 torch/_dynamo/guards.py:2611] [34/3] [__recompiles]     - tensor 'L['seq'][1]' size mismatch at index 0. expected 1509, actual 1507
V0421 01:38:41.839984 47748469585152 torch/_dynamo/guards.py:2611] [4/4] [__recompiles] Recompiling function create_unitgraph_from_coo in /work2/09808/mp46753/frontera/ML_Project/miniconda3/envs/txgnn_env/lib/python3.8/site-packages/dgl/heterograph_index.py:1254
V0421 01:38:41.839984 47748469585152 torch/_dynamo/guards.py:2611] [4/4] [__recompiles]     triggered by the following guard failure(s):
V0421 01:38:41.839984 47748469585152 torch/_dynamo/guards.py:2611] [4/4] [__recompiles]     - tensor 'L['row']' size mismatch at index 0. expected 0, actual 1507
V0421 01:38:41.839984 47748469585152 torch/_dynamo/guards.py:2611] [4/4] [__recompiles]     - tensor 'L['row']' dispatch key set mismatch. expected DispatchKeySet(CPU, BackendSelect, ADInplaceOrView, AutogradCPU), actual DispatchKeySet(CUDA, BackendSelect, ADInplaceOrView, AutogradCUDA)
V0421 01:38:41.839984 47748469585152 torch/_dynamo/guards.py:2611] [4/4] [__recompiles]     - L['num_dst'] == 772                                         
V0421 01:38:41.839984 47748469585152 torch/_dynamo/guards.py:2611] [4/4] [__recompiles]     - tensor 'L['row']' size mismatch at index 0. expected 0, actual 1507
V0421 01:38:41.878342 47748469585152 torch/_dynamo/guards.py:2611] [8/4] [__recompiles] Recompiling function torch_dynamo_resume_in_create_unitgraph_from_coo_at_1296 in /work2/09808/mp46753/frontera/ML_Project/miniconda3/envs/txgnn_env/lib/python3.8/site-packages/dgl/heterograph_index.py:1296
V0421 01:38:41.878342 47748469585152 torch/_dynamo/guards.py:2611] [8/4] [__recompiles]     triggered by the following guard failure(s):
V0421 01:38:41.878342 47748469585152 torch/_dynamo/guards.py:2611] [8/4] [__recompiles]     - tensor 'L['col']' size mismatch at index 0. expected 0, actual 1507
V0421 01:38:41.878342 47748469585152 torch/_dynamo/guards.py:2611] [8/4] [__recompiles]     - tensor 'L['col']' dispatch key set mismatch. expected DispatchKeySet(CPU, BackendSelect, ADInplaceOrView, AutogradCPU), actual DispatchKeySet(CUDA, BackendSelect, ADInplaceOrView, AutogradCUDA)
V0421 01:38:41.878342 47748469585152 torch/_dynamo/guards.py:2611] [8/4] [__recompiles]     - L['___stack2'] == 772                                       
V0421 01:38:41.878342 47748469585152 torch/_dynamo/guards.py:2611] [8/4] [__recompiles]     - tensor 'L['col']' size mismatch at index 0. expected 0, actual 1507
V0421 01:38:41.898841 47748469585152 torch/_dynamo/guards.py:2611] [41/1] [__recompiles] Recompiling function spmatrix in /work2/09808/mp46753/frontera/ML_Project/miniconda3/envs/txgnn_env/lib/python3.8/site-packages/dgl/sparse/sparse_matrix.py:763
V0421 01:38:41.898841 47748469585152 torch/_dynamo/guards.py:2611] [41/1] [__recompiles]     triggered by the following guard failure(s):
V0421 01:38:41.898841 47748469585152 torch/_dynamo/guards.py:2611] [41/1] [__recompiles]     - tensor 'L['indices']' stride mismatch at index 0. expected 3842, actual 3838
V0421 01:38:42.257742 47748469585152 torch/_dynamo/guards.py:2611] [47/1] [__recompiles] Recompiling function arange in /work2/09808/mp46753/frontera/ML_Project/miniconda3/envs/txgnn_env/lib/python3.8/site-packages/dgl/backend/pytorch/tensor.py:406
V0421 01:38:42.257742 47748469585152 torch/_dynamo/guards.py:2611] [47/1] [__recompiles]     triggered by the following guard failure(s):
V0421 01:38:42.257742 47748469585152 torch/_dynamo/guards.py:2611] [47/1] [__recompiles]     - L['stop'] == 772                                            
V0421 01:38:42.476138 47748469585152 torch/_dynamo/guards.py:2611] [48/1] [__recompiles] Recompiling function in_degrees in /work2/09808/mp46753/frontera/ML_Project/miniconda3/envs/txgnn_env/lib/python3.8/site-packages/dgl/heterograph_index.py:702
V0421 01:38:42.476138 47748469585152 torch/_dynamo/guards.py:2611] [48/1] [__recompiles]     triggered by the following guard failure(s):
V0421 01:38:42.476138 47748469585152 torch/_dynamo/guards.py:2611] [48/1] [__recompiles]     - tensor 'L['v']' size mismatch at index 0. expected 772, actual 775
V0421 01:38:42.493275 47748469585152 torch/_dynamo/guards.py:2611] [50/1] [__recompiles] Recompiling function has_nodes in /work2/09808/mp46753/frontera/ML_Project/miniconda3/envs/txgnn_env/lib/python3.8/site-packages/dgl/heterograph.py:2878
V0421 01:38:42.493275 47748469585152 torch/_dynamo/guards.py:2611] [50/1] [__recompiles]     triggered by the following guard failure(s):
V0421 01:38:42.493275 47748469585152 torch/_dynamo/guards.py:2611] [50/1] [__recompiles]     - tensor 'L['vid']' size mismatch at index 0. expected 772, actual 775
V0421 01:38:42.509206 47748469585152 torch/_dynamo/guards.py:2611] [51/1] [__recompiles] Recompiling function torch_dynamo_resume_in_has_nodes_at_2925 in /work2/09808/mp46753/frontera/ML_Project/miniconda3/envs/txgnn_env/lib/python3.8/site-packages/dgl/heterograph.py:2925
V0421 01:38:42.509206 47748469585152 torch/_dynamo/guards.py:2611] [51/1] [__recompiles]     triggered by the following guard failure(s):
V0421 01:38:42.509206 47748469585152 torch/_dynamo/guards.py:2611] [51/1] [__recompiles]     - tensor 'L['___stack0']' size mismatch at index 0. expected 772, actual 775
V0421 01:38:42.743102 47748469585152 torch/_dynamo/guards.py:2611] [52/1] [__recompiles] Recompiling function torch_dynamo_resume_in_has_nodes_at_2926 in /work2/09808/mp46753/frontera/ML_Project/miniconda3/envs/txgnn_env/lib/python3.8/site-packages/dgl/heterograph.py:2926
V0421 01:38:42.743102 47748469585152 torch/_dynamo/guards.py:2611] [52/1] [__recompiles]     triggered by the following guard failure(s):
V0421 01:38:42.743102 47748469585152 torch/_dynamo/guards.py:2611] [52/1] [__recompiles]     - tensor 'L['vid_tensor']' size mismatch at index 0. expected 772, actual 775
V0421 01:38:42.766069 47748469585152 torch/_dynamo/guards.py:2611] [53/1] [__recompiles] Recompiling function has_nodes in /work2/09808/mp46753/frontera/ML_Project/miniconda3/envs/txgnn_env/lib/python3.8/site-packages/dgl/heterograph_index.py:444
V0421 01:38:42.766069 47748469585152 torch/_dynamo/guards.py:2611] [53/1] [__recompiles]     triggered by the following guard failure(s):
V0421 01:38:42.766069 47748469585152 torch/_dynamo/guards.py:2611] [53/1] [__recompiles]     - tensor 'L['vids']' size mismatch at index 0. expected 772, actual 775
V0421 01:38:42.782600 47748469585152 torch/_dynamo/guards.py:2611] [54/1] [__recompiles] Recompiling function torch_dynamo_resume_in_has_nodes_at_2930 in /work2/09808/mp46753/frontera/ML_Project/miniconda3/envs/txgnn_env/lib/python3.8/site-packages/dgl/heterograph.py:2930
V0421 01:38:42.782600 47748469585152 torch/_dynamo/guards.py:2611] [54/1] [__recompiles]     triggered by the following guard failure(s):
V0421 01:38:42.782600 47748469585152 torch/_dynamo/guards.py:2611] [54/1] [__recompiles]     - tensor 'L['___stack0']' size mismatch at index 0. expected 772, actual 775
V0421 01:38:43.004567 47748469585152 torch/_dynamo/guards.py:2611] [55/1] [__recompiles] Recompiling function sum in /work2/09808/mp46753/frontera/ML_Project/miniconda3/envs/txgnn_env/lib/python3.8/site-packages/dgl/backend/pytorch/tensor.py:152
V0421 01:38:43.004567 47748469585152 torch/_dynamo/guards.py:2611] [55/1] [__recompiles]     triggered by the following guard failure(s):
V0421 01:38:43.004567 47748469585152 torch/_dynamo/guards.py:2611] [55/1] [__recompiles]     - tensor 'L['input']' size mismatch at index 0. expected 772, actual 775
V0421 01:38:43.081786 47748469585152 torch/_dynamo/guards.py:2611] [57/2] [__recompiles] Recompiling function __setitem__ in /work2/09808/mp46753/frontera/ML_Project/miniconda3/envs/txgnn_env/lib/python3.8/site-packages/dgl/view.py:82
V0421 01:38:43.081786 47748469585152 torch/_dynamo/guards.py:2611] [57/2] [__recompiles]     triggered by the following guard failure(s):
V0421 01:38:43.081786 47748469585152 torch/_dynamo/guards.py:2611] [57/2] [__recompiles]     - tensor 'L['val']' requires_grad mismatch. expected requires_grad=1
V0421 01:38:43.081786 47748469585152 torch/_dynamo/guards.py:2611] [57/2] [__recompiles]     - tensor 'L['val']' size mismatch at index 0. expected 772, actual 775
V0421 01:38:43.099463 47748469585152 torch/_dynamo/guards.py:2611] [61/2] [__recompiles] Recompiling function __setitem__ in /work2/09808/mp46753/frontera/ML_Project/miniconda3/envs/txgnn_env/lib/python3.8/site-packages/dgl/frame.py:690
V0421 01:38:43.099463 47748469585152 torch/_dynamo/guards.py:2611] [61/2] [__recompiles]     triggered by the following guard failure(s):
V0421 01:38:43.099463 47748469585152 torch/_dynamo/guards.py:2611] [61/2] [__recompiles]     - tensor 'L['data']' requires_grad mismatch. expected requires_grad=1
V0421 01:38:43.099463 47748469585152 torch/_dynamo/guards.py:2611] [61/2] [__recompiles]     - tensor 'L['data']' size mismatch at index 0. expected 772, actual 775
V0421 01:38:43.117394 47748469585152 torch/_dynamo/guards.py:2611] [62/2] [__recompiles] Recompiling function update_column in /work2/09808/mp46753/frontera/ML_Project/miniconda3/envs/txgnn_env/lib/python3.8/site-packages/dgl/frame.py:772
V0421 01:38:43.117394 47748469585152 torch/_dynamo/guards.py:2611] [62/2] [__recompiles]     triggered by the following guard failure(s):
V0421 01:38:43.117394 47748469585152 torch/_dynamo/guards.py:2611] [62/2] [__recompiles]     - tensor 'L['data']' requires_grad mismatch. expected requires_grad=1
V0421 01:38:43.117394 47748469585152 torch/_dynamo/guards.py:2611] [62/2] [__recompiles]     - tensor 'L['data']' size mismatch at index 0. expected 772, actual 775
V0421 01:38:43.136081 47748469585152 torch/_dynamo/guards.py:2611] [63/2] [__recompiles] Recompiling function create in /work2/09808/mp46753/frontera/ML_Project/miniconda3/envs/txgnn_env/lib/python3.8/site-packages/dgl/frame.py:472
V0421 01:38:43.136081 47748469585152 torch/_dynamo/guards.py:2611] [63/2] [__recompiles]     triggered by the following guard failure(s):
V0421 01:38:43.136081 47748469585152 torch/_dynamo/guards.py:2611] [63/2] [__recompiles]     - tensor 'L['data']' requires_grad mismatch. expected requires_grad=1
V0421 01:38:43.136081 47748469585152 torch/_dynamo/guards.py:2611] [63/2] [__recompiles]     - tensor 'L['data']' size mismatch at index 0. expected 772, actual 775
V0421 01:38:43.152505 47748469585152 torch/_dynamo/guards.py:2611] [64/2] [__recompiles] Recompiling function __init__ in /work2/09808/mp46753/frontera/ML_Project/miniconda3/envs/txgnn_env/lib/python3.8/site-packages/dgl/frame.py:210
V0421 01:38:43.152505 47748469585152 torch/_dynamo/guards.py:2611] [64/2] [__recompiles]     triggered by the following guard failure(s):
V0421 01:38:43.152505 47748469585152 torch/_dynamo/guards.py:2611] [64/2] [__recompiles]     - tensor 'L['storage']' requires_grad mismatch. expected requires_grad=1
V0421 01:38:43.152505 47748469585152 torch/_dynamo/guards.py:2611] [64/2] [__recompiles]     - tensor 'L['storage']' size mismatch at index 0. expected 772, actual 775
V0421 01:38:43.174718 47748469585152 torch/_dynamo/guards.py:2611] [65/2] [__recompiles] Recompiling function infer_scheme in /work2/09808/mp46753/frontera/ML_Project/miniconda3/envs/txgnn_env/lib/python3.8/site-packages/dgl/frame.py:151
V0421 01:38:43.174718 47748469585152 torch/_dynamo/guards.py:2611] [65/2] [__recompiles]     triggered by the following guard failure(s):
V0421 01:38:43.174718 47748469585152 torch/_dynamo/guards.py:2611] [65/2] [__recompiles]     - tensor 'L['tensor']' requires_grad mismatch. expected requires_grad=1
V0421 01:38:43.174718 47748469585152 torch/_dynamo/guards.py:2611] [65/2] [__recompiles]     - tensor 'L['tensor']' size mismatch at index 0. expected 772, actual 775
V0421 01:38:43.478855 47748469585152 torch/_dynamo/guards.py:2611] [68/2] [__recompiles] Recompiling function func in /work2/09808/mp46753/frontera/ML_Project/miniconda3/envs/txgnn_env/lib/python3.8/site-packages/dgl/ops/spmm.py:213
V0421 01:38:43.478855 47748469585152 torch/_dynamo/guards.py:2611] [68/2] [__recompiles]     triggered by the following guard failure(s):
V0421 01:38:43.478855 47748469585152 torch/_dynamo/guards.py:2611] [68/2] [__recompiles]     - tensor 'L['x']' requires_grad mismatch. expected requires_grad=1
V0421 01:38:43.478855 47748469585152 torch/_dynamo/guards.py:2611] [68/2] [__recompiles]     - tensor 'L['x']' size mismatch at index 0. expected 772, actual 775
V0421 01:38:43.492274 47748469585152 torch/_dynamo/guards.py:2611] [70/2] [__recompiles] Recompiling function torch_dynamo_resume_in_gspmm_at_75 in /work2/09808/mp46753/frontera/ML_Project/miniconda3/envs/txgnn_env/lib/python3.8/site-packages/dgl/ops/spmm.py:75
V0421 01:38:43.492274 47748469585152 torch/_dynamo/guards.py:2611] [70/2] [__recompiles]     triggered by the following guard failure(s):
V0421 01:38:43.492274 47748469585152 torch/_dynamo/guards.py:2611] [70/2] [__recompiles]     - tensor 'L['lhs_data']' requires_grad mismatch. expected requires_grad=1
V0421 01:38:43.492274 47748469585152 torch/_dynamo/guards.py:2611] [70/2] [__recompiles]     - tensor 'L['lhs_data']' size mismatch at index 0. expected 772, actual 775
V0421 01:38:43.509835 47748469585152 torch/_dynamo/guards.py:2611] [74/2] [__recompiles] Recompiling function forward in /work2/09808/mp46753/frontera/ML_Project/miniconda3/envs/txgnn_env/lib/python3.8/site-packages/dgl/backend/pytorch/sparse.py:163
V0421 01:38:43.509835 47748469585152 torch/_dynamo/guards.py:2611] [74/2] [__recompiles]     triggered by the following guard failure(s):
V0421 01:38:43.509835 47748469585152 torch/_dynamo/guards.py:2611] [74/2] [__recompiles]     - tensor 'L['X']' requires_grad mismatch. expected requires_grad=1
V0421 01:38:43.509835 47748469585152 torch/_dynamo/guards.py:2611] [74/2] [__recompiles]     - tensor 'L['X']' size mismatch at index 0. expected 772, actual 775
V0421 01:38:43.525820 47748469585152 torch/_dynamo/guards.py:2611] [77/2] [__recompiles] Recompiling function zeros in /work2/09808/mp46753/frontera/ML_Project/miniconda3/envs/txgnn_env/lib/python3.8/site-packages/dgl/backend/pytorch/tensor.py:287
V0421 01:38:43.525820 47748469585152 torch/_dynamo/guards.py:2611] [77/2] [__recompiles]     triggered by the following guard failure(s):
V0421 01:38:43.525820 47748469585152 torch/_dynamo/guards.py:2611] [77/2] [__recompiles]     - L['shape'][0] == 772                                        
V0421 01:38:43.525820 47748469585152 torch/_dynamo/guards.py:2611] [77/2] [__recompiles]     - L['shape'][0] == 772                                        
V0421 01:38:43.781566 47748469585152 torch/_dynamo/guards.py:2611] [79/2] [__recompiles] Recompiling function zerocopy_to_dgl_ndarray_for_write in /work2/09808/mp46753/frontera/ML_Project/miniconda3/envs/txgnn_env/lib/python3.8/site-packages/dgl/backend/pytorch/tensor.py:454
V0421 01:38:43.781566 47748469585152 torch/_dynamo/guards.py:2611] [79/2] [__recompiles]     triggered by the following guard failure(s):
V0421 01:38:43.781566 47748469585152 torch/_dynamo/guards.py:2611] [79/2] [__recompiles]     - tensor 'L['input']' size mismatch at index 0. expected 772, actual 775
V0421 01:38:43.781566 47748469585152 torch/_dynamo/guards.py:2611] [79/2] [__recompiles]     - tensor 'L['input']' size mismatch at index 0. expected 772, actual 775
V0421 01:38:43.822308 47748469585152 torch/_dynamo/guards.py:2611] [80/2] [__recompiles] Recompiling function check_is_view in /work2/09808/mp46753/frontera/ML_Project/miniconda3/envs/txgnn_env/lib/python3.8/site-packages/dgl/backend/pytorch/tensor.py:441
V0421 01:38:43.822308 47748469585152 torch/_dynamo/guards.py:2611] [80/2] [__recompiles]     triggered by the following guard failure(s):
V0421 01:38:43.822308 47748469585152 torch/_dynamo/guards.py:2611] [80/2] [__recompiles]     - tensor 'L['input']' size mismatch at index 0. expected 772, actual 775
V0421 01:38:43.822308 47748469585152 torch/_dynamo/guards.py:2611] [80/2] [__recompiles]     - tensor 'L['input']' size mismatch at index 0. expected 772, actual 775
V0421 01:38:43.833724 47748469585152 torch/_dynamo/guards.py:2611] [81/2] [__recompiles] Recompiling function torch_dynamo_resume_in_check_is_view_at_443 in /work2/09808/mp46753/frontera/ML_Project/miniconda3/envs/txgnn_env/lib/python3.8/site-packages/dgl/backend/pytorch/tensor.py:443
V0421 01:38:43.833724 47748469585152 torch/_dynamo/guards.py:2611] [81/2] [__recompiles]     triggered by the following guard failure(s):
V0421 01:38:43.833724 47748469585152 torch/_dynamo/guards.py:2611] [81/2] [__recompiles]     - tensor 'L['input']' size mismatch at index 0. expected 772, actual 775
V0421 01:38:43.833724 47748469585152 torch/_dynamo/guards.py:2611] [81/2] [__recompiles]     - tensor 'L['input']' size mismatch at index 0. expected 772, actual 775
V0421 01:38:43.846374 47748469585152 torch/_dynamo/guards.py:2611] [82/2] [__recompiles] Recompiling function torch_dynamo_resume_in_zerocopy_to_dgl_ndarray_for_write_at_461 in /work2/09808/mp46753/frontera/ML_Project/miniconda3/envs/txgnn_env/lib/python3.8/site-packages/dgl/backend/pytorch/tensor.py:461
V0421 01:38:43.846374 47748469585152 torch/_dynamo/guards.py:2611] [82/2] [__recompiles]     triggered by the following guard failure(s):
V0421 01:38:43.846374 47748469585152 torch/_dynamo/guards.py:2611] [82/2] [__recompiles]     - tensor 'L['input']' size mismatch at index 0. expected 772, actual 775
V0421 01:38:43.846374 47748469585152 torch/_dynamo/guards.py:2611] [82/2] [__recompiles]     - tensor 'L['input']' size mismatch at index 0. expected 772, actual 775
V0421 01:38:43.862786 47748469585152 torch/_dynamo/guards.py:2611] [88/1] [__recompiles] Recompiling function forward in /work2/09808/mp46753/frontera/ML_Project/VQGraph/vq.py:569
V0421 01:38:43.862786 47748469585152 torch/_dynamo/guards.py:2611] [88/1] [__recompiles]     triggered by the following guard failure(s):
V0421 01:38:43.862786 47748469585152 torch/_dynamo/guards.py:2611] [88/1] [__recompiles]     - tensor 'L['x']' size mismatch at index 0. expected 772, actual 775
V0421 01:38:43.952037 47748469585152 torch/_dynamo/guards.py:2611] [89/1] [__recompiles] Recompiling function torch_dynamo_resume_in_forward_at_590 in /work2/09808/mp46753/frontera/ML_Project/VQGraph/vq.py:590
V0421 01:38:43.952037 47748469585152 torch/_dynamo/guards.py:2611] [89/1] [__recompiles]     triggered by the following guard failure(s):
V0421 01:38:43.952037 47748469585152 torch/_dynamo/guards.py:2611] [89/1] [__recompiles]     - tensor 'L['___stack0']' size mismatch at index 0. expected 772, actual 775
V0421 01:38:44.013389 47748469585152 torch/_dynamo/guards.py:2611] [90/1] [__recompiles] Recompiling function forward in /work2/09808/mp46753/frontera/ML_Project/VQGraph/vq.py:418
V0421 01:38:44.013389 47748469585152 torch/_dynamo/guards.py:2611] [90/1] [__recompiles]     triggered by the following guard failure(s):
V0421 01:38:44.013389 47748469585152 torch/_dynamo/guards.py:2611] [90/1] [__recompiles]     - tensor 'L['x']' size mismatch at index 0. expected 772, actual 775
V0421 01:38:45.070837 47748469585152 torch/_dynamo/guards.py:2611] [93/1] [__recompiles] Recompiling function torch_dynamo_resume_in_forward_at_432 in /work2/09808/mp46753/frontera/ML_Project/VQGraph/vq.py:432
V0421 01:38:45.070837 47748469585152 torch/_dynamo/guards.py:2611] [93/1] [__recompiles]     triggered by the following guard failure(s):
V0421 01:38:45.070837 47748469585152 torch/_dynamo/guards.py:2611] [93/1] [__recompiles]     - L['shape'][1] == 772                                        
V0421 01:38:47.718465 47748469585152 torch/_dynamo/guards.py:2611] [94/1] [__recompiles] Recompiling function torch_dynamo_resume_in_forward_at_595 in /work2/09808/mp46753/frontera/ML_Project/VQGraph/vq.py:595
V0421 01:38:47.718465 47748469585152 torch/_dynamo/guards.py:2611] [94/1] [__recompiles]     triggered by the following guard failure(s):
V0421 01:38:47.718465 47748469585152 torch/_dynamo/guards.py:2611] [94/1] [__recompiles]     - tensor 'L['x']' size mismatch at index 0. expected 772, actual 775
V0421 01:38:48.066059 47748469585152 torch/_dynamo/guards.py:2611] [95/1] [__recompiles] Recompiling function torch_dynamo_resume_in_forward_at_604 in /work2/09808/mp46753/frontera/ML_Project/VQGraph/vq.py:604
V0421 01:38:48.066059 47748469585152 torch/_dynamo/guards.py:2611] [95/1] [__recompiles]     triggered by the following guard failure(s):
V0421 01:38:48.066059 47748469585152 torch/_dynamo/guards.py:2611] [95/1] [__recompiles]     - tensor 'L['x']' size mismatch at index 0. expected 772, actual 775
V0421 01:38:49.172465 47748469585152 torch/_dynamo/guards.py:2611] [96/1] [__recompiles] Recompiling function torch_dynamo_resume_in_forward_at_648 in /work2/09808/mp46753/frontera/ML_Project/VQGraph/vq.py:648
V0421 01:38:49.172465 47748469585152 torch/_dynamo/guards.py:2611] [96/1] [__recompiles]     triggered by the following guard failure(s):
V0421 01:38:49.172465 47748469585152 torch/_dynamo/guards.py:2611] [96/1] [__recompiles]     - tensor 'L['___stack0']' size mismatch at index 0. expected 772, actual 775
V0421 01:38:49.283524 47748469585152 torch/_dynamo/guards.py:2611] [57/3] [__recompiles] Recompiling function __setitem__ in /work2/09808/mp46753/frontera/ML_Project/miniconda3/envs/txgnn_env/lib/python3.8/site-packages/dgl/view.py:82
V0421 01:38:49.283524 47748469585152 torch/_dynamo/guards.py:2611] [57/3] [__recompiles]     triggered by the following guard failure(s):
V0421 01:38:49.283524 47748469585152 torch/_dynamo/guards.py:2611] [57/3] [__recompiles]     - tensor 'L['val']' requires_grad mismatch. expected requires_grad=0
V0421 01:38:49.283524 47748469585152 torch/_dynamo/guards.py:2611] [57/3] [__recompiles]     - tensor 'L['val']' size mismatch at index 0. expected 772, actual 775
V0421 01:38:49.283524 47748469585152 torch/_dynamo/guards.py:2611] [57/3] [__recompiles]     - tensor 'L['val']' requires_grad mismatch. expected requires_grad=0
V0421 01:38:49.305129 47748469585152 torch/_dynamo/guards.py:2611] [61/3] [__recompiles] Recompiling function __setitem__ in /work2/09808/mp46753/frontera/ML_Project/miniconda3/envs/txgnn_env/lib/python3.8/site-packages/dgl/frame.py:690
V0421 01:38:49.305129 47748469585152 torch/_dynamo/guards.py:2611] [61/3] [__recompiles]     triggered by the following guard failure(s):
V0421 01:38:49.305129 47748469585152 torch/_dynamo/guards.py:2611] [61/3] [__recompiles]     - tensor 'L['data']' requires_grad mismatch. expected requires_grad=0
V0421 01:38:49.305129 47748469585152 torch/_dynamo/guards.py:2611] [61/3] [__recompiles]     - tensor 'L['data']' size mismatch at index 0. expected 772, actual 775
V0421 01:38:49.305129 47748469585152 torch/_dynamo/guards.py:2611] [61/3] [__recompiles]     - tensor 'L['data']' requires_grad mismatch. expected requires_grad=0
V0421 01:38:49.326640 47748469585152 torch/_dynamo/guards.py:2611] [62/3] [__recompiles] Recompiling function update_column in /work2/09808/mp46753/frontera/ML_Project/miniconda3/envs/txgnn_env/lib/python3.8/site-packages/dgl/frame.py:772
V0421 01:38:49.326640 47748469585152 torch/_dynamo/guards.py:2611] [62/3] [__recompiles]     triggered by the following guard failure(s):
V0421 01:38:49.326640 47748469585152 torch/_dynamo/guards.py:2611] [62/3] [__recompiles]     - tensor 'L['data']' requires_grad mismatch. expected requires_grad=0
V0421 01:38:49.326640 47748469585152 torch/_dynamo/guards.py:2611] [62/3] [__recompiles]     - tensor 'L['data']' size mismatch at index 0. expected 772, actual 775
V0421 01:38:49.326640 47748469585152 torch/_dynamo/guards.py:2611] [62/3] [__recompiles]     - tensor 'L['data']' requires_grad mismatch. expected requires_grad=0
V0421 01:38:49.348800 47748469585152 torch/_dynamo/guards.py:2611] [63/3] [__recompiles] Recompiling function create in /work2/09808/mp46753/frontera/ML_Project/miniconda3/envs/txgnn_env/lib/python3.8/site-packages/dgl/frame.py:472
V0421 01:38:49.348800 47748469585152 torch/_dynamo/guards.py:2611] [63/3] [__recompiles]     triggered by the following guard failure(s):
V0421 01:38:49.348800 47748469585152 torch/_dynamo/guards.py:2611] [63/3] [__recompiles]     - tensor 'L['data']' requires_grad mismatch. expected requires_grad=0
V0421 01:38:49.348800 47748469585152 torch/_dynamo/guards.py:2611] [63/3] [__recompiles]     - tensor 'L['data']' size mismatch at index 0. expected 772, actual 775
V0421 01:38:49.348800 47748469585152 torch/_dynamo/guards.py:2611] [63/3] [__recompiles]     - tensor 'L['data']' requires_grad mismatch. expected requires_grad=0
V0421 01:38:49.368712 47748469585152 torch/_dynamo/guards.py:2611] [64/3] [__recompiles] Recompiling function __init__ in /work2/09808/mp46753/frontera/ML_Project/miniconda3/envs/txgnn_env/lib/python3.8/site-packages/dgl/frame.py:210
V0421 01:38:49.368712 47748469585152 torch/_dynamo/guards.py:2611] [64/3] [__recompiles]     triggered by the following guard failure(s):
V0421 01:38:49.368712 47748469585152 torch/_dynamo/guards.py:2611] [64/3] [__recompiles]     - tensor 'L['storage']' requires_grad mismatch. expected requires_grad=0
V0421 01:38:49.368712 47748469585152 torch/_dynamo/guards.py:2611] [64/3] [__recompiles]     - tensor 'L['storage']' size mismatch at index 0. expected 772, actual 775
V0421 01:38:49.368712 47748469585152 torch/_dynamo/guards.py:2611] [64/3] [__recompiles]     - tensor 'L['storage']' requires_grad mismatch. expected requires_grad=0
V0421 01:38:49.390709 47748469585152 torch/_dynamo/guards.py:2611] [65/3] [__recompiles] Recompiling function infer_scheme in /work2/09808/mp46753/frontera/ML_Project/miniconda3/envs/txgnn_env/lib/python3.8/site-packages/dgl/frame.py:151
V0421 01:38:49.390709 47748469585152 torch/_dynamo/guards.py:2611] [65/3] [__recompiles]     triggered by the following guard failure(s):
V0421 01:38:49.390709 47748469585152 torch/_dynamo/guards.py:2611] [65/3] [__recompiles]     - tensor 'L['tensor']' requires_grad mismatch. expected requires_grad=0
V0421 01:38:49.390709 47748469585152 torch/_dynamo/guards.py:2611] [65/3] [__recompiles]     - tensor 'L['tensor']' size mismatch at index 0. expected 772, actual 775
V0421 01:38:49.390709 47748469585152 torch/_dynamo/guards.py:2611] [65/3] [__recompiles]     - tensor 'L['tensor']' requires_grad mismatch. expected requires_grad=0
V0421 01:38:49.441431 47748469585152 torch/_dynamo/guards.py:2611] [68/3] [__recompiles] Recompiling function func in /work2/09808/mp46753/frontera/ML_Project/miniconda3/envs/txgnn_env/lib/python3.8/site-packages/dgl/ops/spmm.py:213
V0421 01:38:49.441431 47748469585152 torch/_dynamo/guards.py:2611] [68/3] [__recompiles]     triggered by the following guard failure(s):
V0421 01:38:49.441431 47748469585152 torch/_dynamo/guards.py:2611] [68/3] [__recompiles]     - tensor 'L['x']' requires_grad mismatch. expected requires_grad=0
V0421 01:38:49.441431 47748469585152 torch/_dynamo/guards.py:2611] [68/3] [__recompiles]     - tensor 'L['x']' size mismatch at index 0. expected 772, actual 775
V0421 01:38:49.441431 47748469585152 torch/_dynamo/guards.py:2611] [68/3] [__recompiles]     - tensor 'L['x']' requires_grad mismatch. expected requires_grad=0
V0421 01:38:49.456508 47748469585152 torch/_dynamo/guards.py:2611] [70/3] [__recompiles] Recompiling function torch_dynamo_resume_in_gspmm_at_75 in /work2/09808/mp46753/frontera/ML_Project/miniconda3/envs/txgnn_env/lib/python3.8/site-packages/dgl/ops/spmm.py:75
V0421 01:38:49.456508 47748469585152 torch/_dynamo/guards.py:2611] [70/3] [__recompiles]     triggered by the following guard failure(s):
V0421 01:38:49.456508 47748469585152 torch/_dynamo/guards.py:2611] [70/3] [__recompiles]     - tensor 'L['lhs_data']' requires_grad mismatch. expected requires_grad=0
V0421 01:38:49.456508 47748469585152 torch/_dynamo/guards.py:2611] [70/3] [__recompiles]     - tensor 'L['lhs_data']' size mismatch at index 0. expected 772, actual 775
V0421 01:38:49.456508 47748469585152 torch/_dynamo/guards.py:2611] [70/3] [__recompiles]     - tensor 'L['lhs_data']' requires_grad mismatch. expected requires_grad=0
V0421 01:38:49.475676 47748469585152 torch/_dynamo/guards.py:2611] [74/3] [__recompiles] Recompiling function forward in /work2/09808/mp46753/frontera/ML_Project/miniconda3/envs/txgnn_env/lib/python3.8/site-packages/dgl/backend/pytorch/sparse.py:163
V0421 01:38:49.475676 47748469585152 torch/_dynamo/guards.py:2611] [74/3] [__recompiles]     triggered by the following guard failure(s):
V0421 01:38:49.475676 47748469585152 torch/_dynamo/guards.py:2611] [74/3] [__recompiles]     - tensor 'L['X']' requires_grad mismatch. expected requires_grad=0
V0421 01:38:49.475676 47748469585152 torch/_dynamo/guards.py:2611] [74/3] [__recompiles]     - tensor 'L['X']' size mismatch at index 0. expected 772, actual 775
V0421 01:38:49.475676 47748469585152 torch/_dynamo/guards.py:2611] [74/3] [__recompiles]     - tensor 'L['X']' requires_grad mismatch. expected requires_grad=0
/work2/09808/mp46753/frontera/ML_Project/miniconda3/envs/txgnn_env/lib/python3.8/site-packages/dgl/dataloading/dataloader.py:1144: DGLWarning: Dataloader CPU affinity opt is not enabled, consider switching it on (see enable_cpu_affinity() or CPU best practices for DGL [https://docs.dgl.ai/tutorials/cpu/cpu_best_practises.html])
  dgl_warning(
/work2/09808/mp46753/frontera/ML_Project/miniconda3/envs/txgnn_env/lib/python3.8/site-packages/dgl/heterograph.py:92: DGLWarning: Recommend creating graphs by `dgl.graph(data)` instead of `dgl.DGLGraph(data)`.
  dgl_warning(
V0421 01:38:49.731632 47748469585152 torch/_dynamo/guards.py:2611] [15/2] [__recompiles] Recompiling function _dispatch in /work2/09808/mp46753/frontera/ML_Project/miniconda3/envs/txgnn_env/lib/python3.8/site-packages/dgl/utils/internal.py:65
V0421 01:38:49.731632 47748469585152 torch/_dynamo/guards.py:2611] [15/2] [__recompiles]     triggered by the following guard failure(s):
V0421 01:38:49.731632 47748469585152 torch/_dynamo/guards.py:2611] [15/2] [__recompiles]     - L['data'][0] == 775                                           # _dynamo/output_graph.py:452 in init_ambient_guards
V0421 01:38:49.731632 47748469585152 torch/_dynamo/guards.py:2611] [15/2] [__recompiles]     - L['data'][0] == 772                                         
/work2/09808/mp46753/frontera/ML_Project/miniconda3/envs/txgnn_env/lib/python3.8/site-packages/dgl/dataloading/dataloader.py:1144: DGLWarning: Dataloader CPU affinity opt is not enabled, consider switching it on (see enable_cpu_affinity() or CPU best practices for DGL [https://docs.dgl.ai/tutorials/cpu/cpu_best_practises.html])
  dgl_warning(
/work2/09808/mp46753/frontera/ML_Project/miniconda3/envs/txgnn_env/lib/python3.8/site-packages/dgl/heterograph.py:92: DGLWarning: Recommend creating graphs by `dgl.graph(data)` instead of `dgl.DGLGraph(data)`.
  dgl_warning(
V0421 01:38:53.139961 47748469585152 torch/_dynamo/guards.py:2611] [15/3] [__recompiles] Recompiling function _dispatch in /work2/09808/mp46753/frontera/ML_Project/miniconda3/envs/txgnn_env/lib/python3.8/site-packages/dgl/utils/internal.py:65
V0421 01:38:53.139961 47748469585152 torch/_dynamo/guards.py:2611] [15/3] [__recompiles]     triggered by the following guard failure(s):
V0421 01:38:53.139961 47748469585152 torch/_dynamo/guards.py:2611] [15/3] [__recompiles]     - L['data'][0] == 779                                           # _dynamo/output_graph.py:452 in init_ambient_guards
V0421 01:38:53.139961 47748469585152 torch/_dynamo/guards.py:2611] [15/3] [__recompiles]     - L['data'][0] == 775                                           # _dynamo/output_graph.py:452 in init_ambient_guards
V0421 01:38:53.139961 47748469585152 torch/_dynamo/guards.py:2611] [15/3] [__recompiles]     - L['data'][0] == 772                                         
/work2/09808/mp46753/frontera/ML_Project/miniconda3/envs/txgnn_env/lib/python3.8/site-packages/dgl/dataloading/dataloader.py:1144: DGLWarning: Dataloader CPU affinity opt is not enabled, consider switching it on (see enable_cpu_affinity() or CPU best practices for DGL [https://docs.dgl.ai/tutorials/cpu/cpu_best_practises.html])
  dgl_warning(
/work2/09808/mp46753/frontera/ML_Project/miniconda3/envs/txgnn_env/lib/python3.8/site-packages/dgl/heterograph.py:92: DGLWarning: Recommend creating graphs by `dgl.graph(data)` instead of `dgl.DGLGraph(data)`.
  dgl_warning(
V0421 01:38:56.748497 47748469585152 torch/_dynamo/guards.py:2611] [15/4] [__recompiles] Recompiling function _dispatch in /work2/09808/mp46753/frontera/ML_Project/miniconda3/envs/txgnn_env/lib/python3.8/site-packages/dgl/utils/internal.py:65
V0421 01:38:56.748497 47748469585152 torch/_dynamo/guards.py:2611] [15/4] [__recompiles]     triggered by the following guard failure(s):
V0421 01:38:56.748497 47748469585152 torch/_dynamo/guards.py:2611] [15/4] [__recompiles]     - L['data'][0] == 779                                           # _dynamo/output_graph.py:452 in init_ambient_guards
V0421 01:38:56.748497 47748469585152 torch/_dynamo/guards.py:2611] [15/4] [__recompiles]     - L['data'][0] == 785                                           # _dynamo/output_graph.py:452 in init_ambient_guards
V0421 01:38:56.748497 47748469585152 torch/_dynamo/guards.py:2611] [15/4] [__recompiles]     - L['data'][0] == 775                                           # _dynamo/output_graph.py:452 in init_ambient_guards
V0421 01:38:56.748497 47748469585152 torch/_dynamo/guards.py:2611] [15/4] [__recompiles]     - L['data'][0] == 772                                         
/work2/09808/mp46753/frontera/ML_Project/miniconda3/envs/txgnn_env/lib/python3.8/site-packages/dgl/dataloading/dataloader.py:1144: DGLWarning: Dataloader CPU affinity opt is not enabled, consider switching it on (see enable_cpu_affinity() or CPU best practices for DGL [https://docs.dgl.ai/tutorials/cpu/cpu_best_practises.html])
  dgl_warning(
/work2/09808/mp46753/frontera/ML_Project/miniconda3/envs/txgnn_env/lib/python3.8/site-packages/dgl/heterograph.py:92: DGLWarning: Recommend creating graphs by `dgl.graph(data)` instead of `dgl.DGLGraph(data)`.
  dgl_warning(
V0421 01:39:00.181626 47748469585152 torch/_dynamo/guards.py:2611] [15/5] [__recompiles] Recompiling function _dispatch in /work2/09808/mp46753/frontera/ML_Project/miniconda3/envs/txgnn_env/lib/python3.8/site-packages/dgl/utils/internal.py:65
V0421 01:39:00.181626 47748469585152 torch/_dynamo/guards.py:2611] [15/5] [__recompiles]     triggered by the following guard failure(s):
V0421 01:39:00.181626 47748469585152 torch/_dynamo/guards.py:2611] [15/5] [__recompiles]     - L['data'][0] == 789                                           # _dynamo/output_graph.py:452 in init_ambient_guards
V0421 01:39:00.181626 47748469585152 torch/_dynamo/guards.py:2611] [15/5] [__recompiles]     - L['data'][0] == 779                                           # _dynamo/output_graph.py:452 in init_ambient_guards
V0421 01:39:00.181626 47748469585152 torch/_dynamo/guards.py:2611] [15/5] [__recompiles]     - L['data'][0] == 785                                           # _dynamo/output_graph.py:452 in init_ambient_guards
V0421 01:39:00.181626 47748469585152 torch/_dynamo/guards.py:2611] [15/5] [__recompiles]     - L['data'][0] == 775                                           # _dynamo/output_graph.py:452 in init_ambient_guards
V0421 01:39:00.181626 47748469585152 torch/_dynamo/guards.py:2611] [15/5] [__recompiles]     - L['data'][0] == 772                                         
/work2/09808/mp46753/frontera/ML_Project/miniconda3/envs/txgnn_env/lib/python3.8/site-packages/dgl/dataloading/dataloader.py:1144: DGLWarning: Dataloader CPU affinity opt is not enabled, consider switching it on (see enable_cpu_affinity() or CPU best practices for DGL [https://docs.dgl.ai/tutorials/cpu/cpu_best_practises.html])
  dgl_warning(
/work2/09808/mp46753/frontera/ML_Project/miniconda3/envs/txgnn_env/lib/python3.8/site-packages/dgl/heterograph.py:92: DGLWarning: Recommend creating graphs by `dgl.graph(data)` instead of `dgl.DGLGraph(data)`.
  dgl_warning(
V0421 01:39:03.624079 47748469585152 torch/_dynamo/guards.py:2611] [15/6] [__recompiles] Recompiling function _dispatch in /work2/09808/mp46753/frontera/ML_Project/miniconda3/envs/txgnn_env/lib/python3.8/site-packages/dgl/utils/internal.py:65
V0421 01:39:03.624079 47748469585152 torch/_dynamo/guards.py:2611] [15/6] [__recompiles]     triggered by the following guard failure(s):
V0421 01:39:03.624079 47748469585152 torch/_dynamo/guards.py:2611] [15/6] [__recompiles]     - L['data'][0] == 774                                           # _dynamo/output_graph.py:452 in init_ambient_guards
V0421 01:39:03.624079 47748469585152 torch/_dynamo/guards.py:2611] [15/6] [__recompiles]     - L['data'][0] == 789                                           # _dynamo/output_graph.py:452 in init_ambient_guards
V0421 01:39:03.624079 47748469585152 torch/_dynamo/guards.py:2611] [15/6] [__recompiles]     - L['data'][0] == 779                                           # _dynamo/output_graph.py:452 in init_ambient_guards
V0421 01:39:03.624079 47748469585152 torch/_dynamo/guards.py:2611] [15/6] [__recompiles]     - L['data'][0] == 785                                           # _dynamo/output_graph.py:452 in init_ambient_guards
V0421 01:39:03.624079 47748469585152 torch/_dynamo/guards.py:2611] [15/6] [__recompiles]     - L['data'][0] == 775                                           # _dynamo/output_graph.py:452 in init_ambient_guards
V0421 01:39:03.624079 47748469585152 torch/_dynamo/guards.py:2611] [15/6] [__recompiles]     - L['data'][0] == 772                                         
/work2/09808/mp46753/frontera/ML_Project/miniconda3/envs/txgnn_env/lib/python3.8/site-packages/dgl/dataloading/dataloader.py:1144: DGLWarning: Dataloader CPU affinity opt is not enabled, consider switching it on (see enable_cpu_affinity() or CPU best practices for DGL [https://docs.dgl.ai/tutorials/cpu/cpu_best_practises.html])
  dgl_warning(
/work2/09808/mp46753/frontera/ML_Project/miniconda3/envs/txgnn_env/lib/python3.8/site-packages/dgl/heterograph.py:92: DGLWarning: Recommend creating graphs by `dgl.graph(data)` instead of `dgl.DGLGraph(data)`.
  dgl_warning(
V0421 01:39:07.043670 47748469585152 torch/_dynamo/guards.py:2611] [15/7] [__recompiles] Recompiling function _dispatch in /work2/09808/mp46753/frontera/ML_Project/miniconda3/envs/txgnn_env/lib/python3.8/site-packages/dgl/utils/internal.py:65
V0421 01:39:07.043670 47748469585152 torch/_dynamo/guards.py:2611] [15/7] [__recompiles]     triggered by the following guard failure(s):
V0421 01:39:07.043670 47748469585152 torch/_dynamo/guards.py:2611] [15/7] [__recompiles]     - L['data'][0] == 786                                           # _dynamo/output_graph.py:452 in init_ambient_guards
V0421 01:39:07.043670 47748469585152 torch/_dynamo/guards.py:2611] [15/7] [__recompiles]     - L['data'][0] == 774                                           # _dynamo/output_graph.py:452 in init_ambient_guards
V0421 01:39:07.043670 47748469585152 torch/_dynamo/guards.py:2611] [15/7] [__recompiles]     - L['data'][0] == 789                                           # _dynamo/output_graph.py:452 in init_ambient_guards
V0421 01:39:07.043670 47748469585152 torch/_dynamo/guards.py:2611] [15/7] [__recompiles]     - L['data'][0] == 779                                           # _dynamo/output_graph.py:452 in init_ambient_guards
V0421 01:39:07.043670 47748469585152 torch/_dynamo/guards.py:2611] [15/7] [__recompiles]     - L['data'][0] == 785                                           # _dynamo/output_graph.py:452 in init_ambient_guards
V0421 01:39:07.043670 47748469585152 torch/_dynamo/guards.py:2611] [15/7] [__recompiles]     - L['data'][0] == 775                                           # _dynamo/output_graph.py:452 in init_ambient_guards
V0421 01:39:07.043670 47748469585152 torch/_dynamo/guards.py:2611] [15/7] [__recompiles]     - L['data'][0] == 772                                         
/work2/09808/mp46753/frontera/ML_Project/miniconda3/envs/txgnn_env/lib/python3.8/site-packages/dgl/dataloading/dataloader.py:1144: DGLWarning: Dataloader CPU affinity opt is not enabled, consider switching it on (see enable_cpu_affinity() or CPU best practices for DGL [https://docs.dgl.ai/tutorials/cpu/cpu_best_practises.html])
  dgl_warning(
/work2/09808/mp46753/frontera/ML_Project/miniconda3/envs/txgnn_env/lib/python3.8/site-packages/dgl/heterograph.py:92: DGLWarning: Recommend creating graphs by `dgl.graph(data)` instead of `dgl.DGLGraph(data)`.
  dgl_warning(
V0421 01:39:10.675408 47748469585152 torch/_dynamo/guards.py:2611] [15/8] [__recompiles] Recompiling function _dispatch in /work2/09808/mp46753/frontera/ML_Project/miniconda3/envs/txgnn_env/lib/python3.8/site-packages/dgl/utils/internal.py:65
V0421 01:39:10.675408 47748469585152 torch/_dynamo/guards.py:2611] [15/8] [__recompiles]     triggered by the following guard failure(s):
V0421 01:39:10.675408 47748469585152 torch/_dynamo/guards.py:2611] [15/8] [__recompiles]     - L['data'][0] == 763                                           # _dynamo/output_graph.py:452 in init_ambient_guards
V0421 01:39:10.675408 47748469585152 torch/_dynamo/guards.py:2611] [15/8] [__recompiles]     - L['data'][0] == 786                                           # _dynamo/output_graph.py:452 in init_ambient_guards
V0421 01:39:10.675408 47748469585152 torch/_dynamo/guards.py:2611] [15/8] [__recompiles]     - L['data'][0] == 774                                           # _dynamo/output_graph.py:452 in init_ambient_guards
V0421 01:39:10.675408 47748469585152 torch/_dynamo/guards.py:2611] [15/8] [__recompiles]     - L['data'][0] == 789                                           # _dynamo/output_graph.py:452 in init_ambient_guards
V0421 01:39:10.675408 47748469585152 torch/_dynamo/guards.py:2611] [15/8] [__recompiles]     - L['data'][0] == 779                                           # _dynamo/output_graph.py:452 in init_ambient_guards
V0421 01:39:10.675408 47748469585152 torch/_dynamo/guards.py:2611] [15/8] [__recompiles]     - L['data'][0] == 785                                           # _dynamo/output_graph.py:452 in init_ambient_guards
V0421 01:39:10.675408 47748469585152 torch/_dynamo/guards.py:2611] [15/8] [__recompiles]     - L['data'][0] == 775                                           # _dynamo/output_graph.py:452 in init_ambient_guards
V0421 01:39:10.675408 47748469585152 torch/_dynamo/guards.py:2611] [15/8] [__recompiles]     - L['data'][0] == 772                                         
W0421 01:39:10.675611 47748469585152 torch/_dynamo/convert_frame.py:762] [15/8] torch._dynamo hit config.cache_size_limit (8)
W0421 01:39:10.675611 47748469585152 torch/_dynamo/convert_frame.py:762] [15/8]    function: '_dispatch' (/work2/09808/mp46753/frontera/ML_Project/miniconda3/envs/txgnn_env/lib/python3.8/site-packages/dgl/utils/internal.py:65)
W0421 01:39:10.675611 47748469585152 torch/_dynamo/convert_frame.py:762] [15/8]    last reason: L['data'][0] == 772                                         
W0421 01:39:10.675611 47748469585152 torch/_dynamo/convert_frame.py:762] [15/8] To log all recompilation reasons, use TORCH_LOGS="recompiles".
W0421 01:39:10.675611 47748469585152 torch/_dynamo/convert_frame.py:762] [15/8] To diagnose recompilation issues, see https://pytorch.org/docs/main/torch.compiler_troubleshooting.html.
/work2/09808/mp46753/frontera/ML_Project/miniconda3/envs/txgnn_env/lib/python3.8/site-packages/dgl/dataloading/dataloader.py:1144: DGLWarning: Dataloader CPU affinity opt is not enabled, consider switching it on (see enable_cpu_affinity() or CPU best practices for DGL [https://docs.dgl.ai/tutorials/cpu/cpu_best_practises.html])
  dgl_warning(
/work2/09808/mp46753/frontera/ML_Project/miniconda3/envs/txgnn_env/lib/python3.8/site-packages/dgl/heterograph.py:92: DGLWarning: Recommend creating graphs by `dgl.graph(data)` instead of `dgl.DGLGraph(data)`.
  dgl_warning(
Compiling model with torch.compile()...
Saved sparsity snapshot to outputs_compiled/tran/citeseer/SAGE/seed_0/sparsity_before.csv
                               layer_name  num_elements    sparsity
0  _orig_mod.encoder.graph_layer_1.weight      13712209    0.000015
1    _orig_mod.encoder.graph_layer_1.bias          3703  100.000000
2  _orig_mod.encoder.graph_layer_2.weight        473984    0.000000
3    _orig_mod.encoder.graph_layer_2.bias           128  100.000000
4      _orig_mod.encoder.decoder_1.weight      13712209    0.000058
5        _orig_mod.encoder.decoder_1.bias          3703    0.000000
6      _orig_mod.encoder.decoder_2.weight      13712209    0.000073
7        _orig_mod.encoder.decoder_2.bias          3703    0.000000
8         _orig_mod.encoder.linear.weight           768    0.000000
9           _orig_mod.encoder.linear.bias             6    0.000000
Saved sparsity snapshot to outputs_compiled/tran/citeseer/SAGE/seed_0/sparsity_after.csv
                               layer_name  num_elements  sparsity
0  _orig_mod.encoder.graph_layer_1.weight      13712209  0.018881
1    _orig_mod.encoder.graph_layer_1.bias          3703  0.000000
2  _orig_mod.encoder.graph_layer_2.weight        473984  0.000211
3    _orig_mod.encoder.graph_layer_2.bias           128  0.000000
4      _orig_mod.encoder.decoder_1.weight      13712209  0.015621
5        _orig_mod.encoder.decoder_1.bias          3703  0.000000
6      _orig_mod.encoder.decoder_2.weight      13712209  0.082882
7        _orig_mod.encoder.decoder_2.bias          3703  0.054010
8         _orig_mod.encoder.linear.weight           768  0.000000
9           _orig_mod.encoder.linear.bias             6  0.000000
Saved forward timing report to outputs_compiled/tran/citeseer/SAGE/seed_0/forward_times.csv
                         layer_name  avg_forward_time_ms  num_calls
0         _orig_mod.encoder.dropout             0.002199       3005
1   _orig_mod.encoder.graph_layer_1             0.002937       3005
2   _orig_mod.encoder.graph_layer_2             0.002314       3005
3       _orig_mod.encoder.decoder_1             0.002300       3005
4       _orig_mod.encoder.decoder_2             0.002286       3005
5          _orig_mod.encoder.linear             0.000603       3005
6   _orig_mod.encoder.vq.project_in             0.002187       3005
7  _orig_mod.encoder.vq.project_out             0.002769       3005
8    _orig_mod.encoder.vq._codebook             0.002721       3005
CPU Memory Usage: 1263.98 MB
Max GPU Memory Used: 1494.62 MB
