/work2/09808/mp46753/frontera/ML_Project/VQGraph/vq.py:283: FutureWarning: `torch.cuda.amp.autocast(args...)` is deprecated. Please use `torch.amp.autocast('cuda', args...)` instead.
  @autocast(enabled=False)
/work2/09808/mp46753/frontera/ML_Project/VQGraph/vq.py:418: FutureWarning: `torch.cuda.amp.autocast(args...)` is deprecated. Please use `torch.amp.autocast('cuda', args...)` instead.
  @autocast(enabled=False)
Saved sparsity snapshot to outputs_eager/tran/a-photo/GCN/seed_0/sparsity_before.csv
                     layer_name  num_elements  sparsity
0  encoder.graph_layer_1.weight        555025       0.0
1    encoder.graph_layer_1.bias           745     100.0
2  encoder.graph_layer_2.weight         47680       0.0
3    encoder.graph_layer_2.bias            64     100.0
4      encoder.decoder_1.weight        555025       0.0
5        encoder.decoder_1.bias           745       0.0
6      encoder.decoder_2.weight        555025       0.0
7        encoder.decoder_2.bias           745       0.0
8         encoder.linear.weight           512       0.0
9           encoder.linear.bias             8       0.0
Saved sparsity snapshot to outputs_eager/tran/a-photo/GCN/seed_0/sparsity_after.csv
                     layer_name  num_elements  sparsity
0  encoder.graph_layer_1.weight        555025  0.023963
1    encoder.graph_layer_1.bias           745  0.000000
2  encoder.graph_layer_2.weight         47680  1.000419
3    encoder.graph_layer_2.bias            64  3.125000
4      encoder.decoder_1.weight        555025  0.000541
5        encoder.decoder_1.bias           745  0.000000
6      encoder.decoder_2.weight        555025  1.318139
7        encoder.decoder_2.bias           745  0.000000
8         encoder.linear.weight           512  0.585938
9           encoder.linear.bias             8  0.000000
Saved forward timing report to outputs_eager/tran/a-photo/GCN/seed_0/forward_times.csv
               layer_name  avg_forward_time_ms  num_calls
0         encoder.dropout             0.000190       1001
1   encoder.graph_layer_1             0.000314       1001
2   encoder.graph_layer_2             0.000302       1001
3       encoder.decoder_1             0.000214       1001
4       encoder.decoder_2             0.000185       1001
5          encoder.linear             0.000193       1001
6   encoder.vq.project_in             0.000171       1001
7  encoder.vq.project_out             0.000241       1001
8    encoder.vq._codebook             0.000284       1001
CPU Memory Usage: 1264.29 MB
Max GPU Memory Used: 2107.30 MB
